running egg_info
creating ../../../build/mycobot_280jn/mycobot_280jn.egg-info
writing ../../../build/mycobot_280jn/mycobot_280jn.egg-info/PKG-INFO
writing dependency_links to ../../../build/mycobot_280jn/mycobot_280jn.egg-info/dependency_links.txt
writing entry points to ../../../build/mycobot_280jn/mycobot_280jn.egg-info/entry_points.txt
writing requirements to ../../../build/mycobot_280jn/mycobot_280jn.egg-info/requires.txt
writing top-level names to ../../../build/mycobot_280jn/mycobot_280jn.egg-info/top_level.txt
writing manifest file '../../../build/mycobot_280jn/mycobot_280jn.egg-info/SOURCES.txt'
reading manifest file '../../../build/mycobot_280jn/mycobot_280jn.egg-info/SOURCES.txt'
adding license file 'LICENSE'
writing manifest file '../../../build/mycobot_280jn/mycobot_280jn.egg-info/SOURCES.txt'
running build
running build_py
creating /home/amira/mycobot_ros2/build/mycobot_280jn/build
creating /home/amira/mycobot_ros2/build/mycobot_280jn/build/lib
creating /home/amira/mycobot_ros2/build/mycobot_280jn/build/lib/mycobot_280jn
copying mycobot_280jn/slider_control.py -> /home/amira/mycobot_ros2/build/mycobot_280jn/build/lib/mycobot_280jn
copying mycobot_280jn/listen_real_of_topic.py -> /home/amira/mycobot_ros2/build/mycobot_280jn/build/lib/mycobot_280jn
copying mycobot_280jn/camera_display.py -> /home/amira/mycobot_ros2/build/mycobot_280jn/build/lib/mycobot_280jn
copying mycobot_280jn/follow_display.py -> /home/amira/mycobot_ros2/build/mycobot_280jn/build/lib/mycobot_280jn
copying mycobot_280jn/opencv_camera.py -> /home/amira/mycobot_ros2/build/mycobot_280jn/build/lib/mycobot_280jn
copying mycobot_280jn/listen_real.py -> /home/amira/mycobot_ros2/build/mycobot_280jn/build/lib/mycobot_280jn
copying mycobot_280jn/listen_real_service.py -> /home/amira/mycobot_ros2/build/mycobot_280jn/build/lib/mycobot_280jn
copying mycobot_280jn/slider_control_adaptive_gripper.py -> /home/amira/mycobot_ros2/build/mycobot_280jn/build/lib/mycobot_280jn
copying mycobot_280jn/simple_gui.py -> /home/amira/mycobot_ros2/build/mycobot_280jn/build/lib/mycobot_280jn
copying mycobot_280jn/teleop_keyboard.py -> /home/amira/mycobot_ros2/build/mycobot_280jn/build/lib/mycobot_280jn
copying mycobot_280jn/__init__.py -> /home/amira/mycobot_ros2/build/mycobot_280jn/build/lib/mycobot_280jn
running install
running install_lib
creating /home/amira/mycobot_ros2/install/mycobot_280jn/lib/python3.12/site-packages/mycobot_280jn
copying /home/amira/mycobot_ros2/build/mycobot_280jn/build/lib/mycobot_280jn/slider_control.py -> /home/amira/mycobot_ros2/install/mycobot_280jn/lib/python3.12/site-packages/mycobot_280jn
copying /home/amira/mycobot_ros2/build/mycobot_280jn/build/lib/mycobot_280jn/listen_real_of_topic.py -> /home/amira/mycobot_ros2/install/mycobot_280jn/lib/python3.12/site-packages/mycobot_280jn
copying /home/amira/mycobot_ros2/build/mycobot_280jn/build/lib/mycobot_280jn/camera_display.py -> /home/amira/mycobot_ros2/install/mycobot_280jn/lib/python3.12/site-packages/mycobot_280jn
copying /home/amira/mycobot_ros2/build/mycobot_280jn/build/lib/mycobot_280jn/follow_display.py -> /home/amira/mycobot_ros2/install/mycobot_280jn/lib/python3.12/site-packages/mycobot_280jn
copying /home/amira/mycobot_ros2/build/mycobot_280jn/build/lib/mycobot_280jn/opencv_camera.py -> /home/amira/mycobot_ros2/install/mycobot_280jn/lib/python3.12/site-packages/mycobot_280jn
copying /home/amira/mycobot_ros2/build/mycobot_280jn/build/lib/mycobot_280jn/listen_real.py -> /home/amira/mycobot_ros2/install/mycobot_280jn/lib/python3.12/site-packages/mycobot_280jn
copying /home/amira/mycobot_ros2/build/mycobot_280jn/build/lib/mycobot_280jn/listen_real_service.py -> /home/amira/mycobot_ros2/install/mycobot_280jn/lib/python3.12/site-packages/mycobot_280jn
copying /home/amira/mycobot_ros2/build/mycobot_280jn/build/lib/mycobot_280jn/slider_control_adaptive_gripper.py -> /home/amira/mycobot_ros2/install/mycobot_280jn/lib/python3.12/site-packages/mycobot_280jn
copying /home/amira/mycobot_ros2/build/mycobot_280jn/build/lib/mycobot_280jn/simple_gui.py -> /home/amira/mycobot_ros2/install/mycobot_280jn/lib/python3.12/site-packages/mycobot_280jn
copying /home/amira/mycobot_ros2/build/mycobot_280jn/build/lib/mycobot_280jn/teleop_keyboard.py -> /home/amira/mycobot_ros2/install/mycobot_280jn/lib/python3.12/site-packages/mycobot_280jn
copying /home/amira/mycobot_ros2/build/mycobot_280jn/build/lib/mycobot_280jn/__init__.py -> /home/amira/mycobot_ros2/install/mycobot_280jn/lib/python3.12/site-packages/mycobot_280jn
byte-compiling /home/amira/mycobot_ros2/install/mycobot_280jn/lib/python3.12/site-packages/mycobot_280jn/slider_control.py to slider_control.cpython-312.pyc
byte-compiling /home/amira/mycobot_ros2/install/mycobot_280jn/lib/python3.12/site-packages/mycobot_280jn/listen_real_of_topic.py to listen_real_of_topic.cpython-312.pyc
byte-compiling /home/amira/mycobot_ros2/install/mycobot_280jn/lib/python3.12/site-packages/mycobot_280jn/camera_display.py to camera_display.cpython-312.pyc
byte-compiling /home/amira/mycobot_ros2/install/mycobot_280jn/lib/python3.12/site-packages/mycobot_280jn/follow_display.py to follow_display.cpython-312.pyc
byte-compiling /home/amira/mycobot_ros2/install/mycobot_280jn/lib/python3.12/site-packages/mycobot_280jn/opencv_camera.py to opencv_camera.cpython-312.pyc
byte-compiling /home/amira/mycobot_ros2/install/mycobot_280jn/lib/python3.12/site-packages/mycobot_280jn/listen_real.py to listen_real.cpython-312.pyc
byte-compiling /home/amira/mycobot_ros2/install/mycobot_280jn/lib/python3.12/site-packages/mycobot_280jn/listen_real_service.py to listen_real_service.cpython-312.pyc
byte-compiling /home/amira/mycobot_ros2/install/mycobot_280jn/lib/python3.12/site-packages/mycobot_280jn/slider_control_adaptive_gripper.py to slider_control_adaptive_gripper.cpython-312.pyc
byte-compiling /home/amira/mycobot_ros2/install/mycobot_280jn/lib/python3.12/site-packages/mycobot_280jn/simple_gui.py to simple_gui.cpython-312.pyc
byte-compiling /home/amira/mycobot_ros2/install/mycobot_280jn/lib/python3.12/site-packages/mycobot_280jn/teleop_keyboard.py to teleop_keyboard.cpython-312.pyc
byte-compiling /home/amira/mycobot_ros2/install/mycobot_280jn/lib/python3.12/site-packages/mycobot_280jn/__init__.py to __init__.cpython-312.pyc
running install_data
creating /home/amira/mycobot_ros2/install/mycobot_280jn/share/ament_index
creating /home/amira/mycobot_ros2/install/mycobot_280jn/share/ament_index/resource_index
creating /home/amira/mycobot_ros2/install/mycobot_280jn/share/ament_index/resource_index/packages
copying resource/mycobot_280jn -> /home/amira/mycobot_ros2/install/mycobot_280jn/share/ament_index/resource_index/packages
copying package.xml -> /home/amira/mycobot_ros2/install/mycobot_280jn/share/mycobot_280jn
creating /home/amira/mycobot_ros2/install/mycobot_280jn/share/mycobot_280jn/launch
copying launch/slider_control.launch.py -> /home/amira/mycobot_ros2/install/mycobot_280jn/share/mycobot_280jn/launch
copying launch/slider_control_adaptive_gripper.launch.py -> /home/amira/mycobot_ros2/install/mycobot_280jn/share/mycobot_280jn/launch
copying launch/simple_gui.launch.py -> /home/amira/mycobot_ros2/install/mycobot_280jn/share/mycobot_280jn/launch
copying launch/mycobot_follow.launch.py -> /home/amira/mycobot_ros2/install/mycobot_280jn/share/mycobot_280jn/launch
copying launch/test_gripper.launch.py -> /home/amira/mycobot_ros2/install/mycobot_280jn/share/mycobot_280jn/launch
copying launch/teleop_keyboard.launch.py -> /home/amira/mycobot_ros2/install/mycobot_280jn/share/mycobot_280jn/launch
copying launch/test.launch.py -> /home/amira/mycobot_ros2/install/mycobot_280jn/share/mycobot_280jn/launch
creating /home/amira/mycobot_ros2/install/mycobot_280jn/share/mycobot_280jn/config
copying config/mycobot_jn.rviz -> /home/amira/mycobot_ros2/install/mycobot_280jn/share/mycobot_280jn/config
copying config/mycobot_with_marker.rviz -> /home/amira/mycobot_ros2/install/mycobot_280jn/share/mycobot_280jn/config
running install_egg_info
Copying ../../../build/mycobot_280jn/mycobot_280jn.egg-info to /home/amira/mycobot_ros2/install/mycobot_280jn/lib/python3.12/site-packages/mycobot_280jn-0.0.0-py3.12.egg-info
running install_scripts
Installing camera_display script to /home/amira/mycobot_ros2/install/mycobot_280jn/lib/mycobot_280jn
Installing follow_display script to /home/amira/mycobot_ros2/install/mycobot_280jn/lib/mycobot_280jn
Installing listen_real script to /home/amira/mycobot_ros2/install/mycobot_280jn/lib/mycobot_280jn
Installing listen_real_of_topic script to /home/amira/mycobot_ros2/install/mycobot_280jn/lib/mycobot_280jn
Installing listen_real_service script to /home/amira/mycobot_ros2/install/mycobot_280jn/lib/mycobot_280jn
Installing opencv_camera script to /home/amira/mycobot_ros2/install/mycobot_280jn/lib/mycobot_280jn
Installing simple_gui script to /home/amira/mycobot_ros2/install/mycobot_280jn/lib/mycobot_280jn
Installing slider_control script to /home/amira/mycobot_ros2/install/mycobot_280jn/lib/mycobot_280jn
Installing slider_control_adaptive_gripper script to /home/amira/mycobot_ros2/install/mycobot_280jn/lib/mycobot_280jn
Installing teleop_keyboard script to /home/amira/mycobot_ros2/install/mycobot_280jn/lib/mycobot_280jn
writing list of installed files to '/home/amira/mycobot_ros2/build/mycobot_280jn/install.log'
