[1.040s] DEBUG:colcon:Command line arguments: ['/usr/bin/colcon', 'build']
[1.040s] DEBUG:colcon:Parsed command line arguments: Namespace(log_base=None, log_level=None, verb_name='build', build_base='build', install_base='install', merge_install=False, symlink_install=False, test_result_base=None, continue_on_error=False, executor='parallel', parallel_workers=3, event_handlers=None, ignore_user_meta=False, metas=['./colcon.meta'], base_paths=['.'], packages_ignore=None, packages_ignore_regex=None, paths=None, packages_up_to=None, packages_up_to_regex=None, packages_above=None, packages_above_and_dependencies=None, packages_above_depth=None, packages_select_by_dep=None, packages_skip_by_dep=None, packages_skip_up_to=None, packages_select_build_failed=False, packages_skip_build_finished=False, packages_select_test_failures=False, packages_skip_test_passed=False, packages_select=None, packages_skip=None, packages_select_regex=None, packages_skip_regex=None, packages_start=None, packages_end=None, allow_overriding=[], cmake_args=None, cmake_target=None, cmake_target_skip_unavailable=False, cmake_clean_cache=False, cmake_clean_first=False, cmake_force_configure=False, ament_cmake_args=None, catkin_cmake_args=None, catkin_skip_building_tests=False, mixin_files=None, mixin=None, verb_parser=<colcon_mixin.mixin.mixin_argument.MixinArgumentDecorator object at 0x74d96d490680>, verb_extension=<colcon_core.verb.build.BuildVerb object at 0x74d96d46ffb0>, main=<bound method BuildVerb.main of <colcon_core.verb.build.BuildVerb object at 0x74d96d46ffb0>>, mixin_verb=('build',))
[1.356s] Level 1:colcon.colcon_core.package_discovery:discover_packages(colcon_meta) check parameters
[1.356s] Level 1:colcon.colcon_core.package_discovery:discover_packages(recursive) check parameters
[1.356s] Level 1:colcon.colcon_core.package_discovery:discover_packages(ignore) check parameters
[1.356s] Level 1:colcon.colcon_core.package_discovery:discover_packages(path) check parameters
[1.356s] Level 1:colcon.colcon_core.package_discovery:discover_packages(colcon_meta) discover
[1.356s] Level 1:colcon.colcon_core.package_discovery:discover_packages(recursive) discover
[1.356s] INFO:colcon.colcon_core.package_discovery:Crawling recursively for packages in '/home/amira/mycobot_ros2'
[1.356s] Level 1:colcon.colcon_core.package_identification:_identify(.) by extensions ['ignore', 'ignore_ament_install']
[1.356s] Level 1:colcon.colcon_core.package_identification:_identify(.) by extension 'ignore'
[1.356s] Level 1:colcon.colcon_core.package_identification:_identify(.) by extension 'ignore_ament_install'
[1.356s] Level 1:colcon.colcon_core.package_identification:_identify(.) by extensions ['colcon_pkg']
[1.356s] Level 1:colcon.colcon_core.package_identification:_identify(.) by extension 'colcon_pkg'
[1.356s] Level 1:colcon.colcon_core.package_identification:_identify(.) by extensions ['colcon_meta']
[1.357s] Level 1:colcon.colcon_core.package_identification:_identify(.) by extension 'colcon_meta'
[1.357s] Level 1:colcon.colcon_core.package_identification:_identify(.) by extensions ['ros']
[1.357s] Level 1:colcon.colcon_core.package_identification:_identify(.) by extension 'ros'
[1.493s] Level 1:colcon.colcon_core.package_identification:_identify(.) by extensions ['cmake', 'python']
[1.493s] Level 1:colcon.colcon_core.package_identification:_identify(.) by extension 'cmake'
[1.493s] Level 1:colcon.colcon_core.package_identification:_identify(.) by extension 'python'
[1.493s] Level 1:colcon.colcon_core.package_identification:_identify(.) by extensions ['python_setup_py']
[1.493s] Level 1:colcon.colcon_core.package_identification:_identify(.) by extension 'python_setup_py'
[1.493s] Level 1:colcon.colcon_core.package_identification:_identify(build) by extensions ['ignore', 'ignore_ament_install']
[1.493s] Level 1:colcon.colcon_core.package_identification:_identify(build) by extension 'ignore'
[1.494s] Level 1:colcon.colcon_core.package_identification:_identify(build) ignored
[1.494s] Level 1:colcon.colcon_core.package_identification:_identify(install) by extensions ['ignore', 'ignore_ament_install']
[1.494s] Level 1:colcon.colcon_core.package_identification:_identify(install) by extension 'ignore'
[1.494s] Level 1:colcon.colcon_core.package_identification:_identify(install) ignored
[1.494s] Level 1:colcon.colcon_core.package_identification:_identify(log) by extensions ['ignore', 'ignore_ament_install']
[1.494s] Level 1:colcon.colcon_core.package_identification:_identify(log) by extension 'ignore'
[1.494s] Level 1:colcon.colcon_core.package_identification:_identify(log) ignored
[1.494s] Level 1:colcon.colcon_core.package_identification:_identify(mycobot_bringup) by extensions ['ignore', 'ignore_ament_install']
[1.494s] Level 1:colcon.colcon_core.package_identification:_identify(mycobot_bringup) by extension 'ignore'
[1.494s] Level 1:colcon.colcon_core.package_identification:_identify(mycobot_bringup) by extension 'ignore_ament_install'
[1.494s] Level 1:colcon.colcon_core.package_identification:_identify(mycobot_bringup) by extensions ['colcon_pkg']
[1.495s] Level 1:colcon.colcon_core.package_identification:_identify(mycobot_bringup) by extension 'colcon_pkg'
[1.495s] Level 1:colcon.colcon_core.package_identification:_identify(mycobot_bringup) by extensions ['colcon_meta']
[1.495s] Level 1:colcon.colcon_core.package_identification:_identify(mycobot_bringup) by extension 'colcon_meta'
[1.495s] Level 1:colcon.colcon_core.package_identification:_identify(mycobot_bringup) by extensions ['ros']
[1.495s] Level 1:colcon.colcon_core.package_identification:_identify(mycobot_bringup) by extension 'ros'
[1.510s] DEBUG:colcon.colcon_core.package_identification:Package 'mycobot_bringup' with type 'ros.ament_cmake' and name 'mycobot_bringup'
[1.511s] Level 1:colcon.colcon_core.package_identification:_identify(mycobot_gazebo) by extensions ['ignore', 'ignore_ament_install']
[1.511s] Level 1:colcon.colcon_core.package_identification:_identify(mycobot_gazebo) by extension 'ignore'
[1.511s] Level 1:colcon.colcon_core.package_identification:_identify(mycobot_gazebo) by extension 'ignore_ament_install'
[1.511s] Level 1:colcon.colcon_core.package_identification:_identify(mycobot_gazebo) by extensions ['colcon_pkg']
[1.512s] Level 1:colcon.colcon_core.package_identification:_identify(mycobot_gazebo) by extension 'colcon_pkg'
[1.512s] Level 1:colcon.colcon_core.package_identification:_identify(mycobot_gazebo) by extensions ['colcon_meta']
[1.512s] Level 1:colcon.colcon_core.package_identification:_identify(mycobot_gazebo) by extension 'colcon_meta'
[1.512s] Level 1:colcon.colcon_core.package_identification:_identify(mycobot_gazebo) by extensions ['ros']
[1.512s] Level 1:colcon.colcon_core.package_identification:_identify(mycobot_gazebo) by extension 'ros'
[1.516s] DEBUG:colcon.colcon_core.package_identification:Package 'mycobot_gazebo' with type 'ros.ament_cmake' and name 'mycobot_gazebo'
[1.517s] Level 1:colcon.colcon_core.package_identification:_identify(mycobot_moveit_config) by extensions ['ignore', 'ignore_ament_install']
[1.517s] Level 1:colcon.colcon_core.package_identification:_identify(mycobot_moveit_config) by extension 'ignore'
[1.517s] Level 1:colcon.colcon_core.package_identification:_identify(mycobot_moveit_config) by extension 'ignore_ament_install'
[1.518s] Level 1:colcon.colcon_core.package_identification:_identify(mycobot_moveit_config) by extensions ['colcon_pkg']
[1.518s] Level 1:colcon.colcon_core.package_identification:_identify(mycobot_moveit_config) by extension 'colcon_pkg'
[1.518s] Level 1:colcon.colcon_core.package_identification:_identify(mycobot_moveit_config) by extensions ['colcon_meta']
[1.518s] Level 1:colcon.colcon_core.package_identification:_identify(mycobot_moveit_config) by extension 'colcon_meta'
[1.519s] Level 1:colcon.colcon_core.package_identification:_identify(mycobot_moveit_config) by extensions ['ros']
[1.519s] Level 1:colcon.colcon_core.package_identification:_identify(mycobot_moveit_config) by extension 'ros'
[1.522s] DEBUG:colcon.colcon_core.package_identification:Package 'mycobot_moveit_config' with type 'ros.ament_cmake' and name 'mycobot_moveit_config'
[1.522s] Level 1:colcon.colcon_core.package_identification:_identify(mycobot_system_tests) by extensions ['ignore', 'ignore_ament_install']
[1.523s] Level 1:colcon.colcon_core.package_identification:_identify(mycobot_system_tests) by extension 'ignore'
[1.523s] Level 1:colcon.colcon_core.package_identification:_identify(mycobot_system_tests) by extension 'ignore_ament_install'
[1.523s] Level 1:colcon.colcon_core.package_identification:_identify(mycobot_system_tests) by extensions ['colcon_pkg']
[1.523s] Level 1:colcon.colcon_core.package_identification:_identify(mycobot_system_tests) by extension 'colcon_pkg'
[1.523s] Level 1:colcon.colcon_core.package_identification:_identify(mycobot_system_tests) by extensions ['colcon_meta']
[1.523s] Level 1:colcon.colcon_core.package_identification:_identify(mycobot_system_tests) by extension 'colcon_meta'
[1.523s] Level 1:colcon.colcon_core.package_identification:_identify(mycobot_system_tests) by extensions ['ros']
[1.523s] Level 1:colcon.colcon_core.package_identification:_identify(mycobot_system_tests) by extension 'ros'
[1.525s] DEBUG:colcon.colcon_core.package_identification:Package 'mycobot_system_tests' with type 'ros.ament_cmake' and name 'mycobot_system_tests'
[1.526s] Level 1:colcon.colcon_core.package_identification:_identify(src) by extensions ['ignore', 'ignore_ament_install']
[1.526s] Level 1:colcon.colcon_core.package_identification:_identify(src) by extension 'ignore'
[1.526s] Level 1:colcon.colcon_core.package_identification:_identify(src) by extension 'ignore_ament_install'
[1.527s] Level 1:colcon.colcon_core.package_identification:_identify(src) by extensions ['colcon_pkg']
[1.527s] Level 1:colcon.colcon_core.package_identification:_identify(src) by extension 'colcon_pkg'
[1.527s] Level 1:colcon.colcon_core.package_identification:_identify(src) by extensions ['colcon_meta']
[1.527s] Level 1:colcon.colcon_core.package_identification:_identify(src) by extension 'colcon_meta'
[1.527s] Level 1:colcon.colcon_core.package_identification:_identify(src) by extensions ['ros']
[1.527s] Level 1:colcon.colcon_core.package_identification:_identify(src) by extension 'ros'
[1.527s] Level 1:colcon.colcon_core.package_identification:_identify(src) by extensions ['cmake', 'python']
[1.527s] Level 1:colcon.colcon_core.package_identification:_identify(src) by extension 'cmake'
[1.527s] Level 1:colcon.colcon_core.package_identification:_identify(src) by extension 'python'
[1.527s] Level 1:colcon.colcon_core.package_identification:_identify(src) by extensions ['python_setup_py']
[1.527s] Level 1:colcon.colcon_core.package_identification:_identify(src) by extension 'python_setup_py'
[1.527s] Level 1:colcon.colcon_core.package_discovery:discover_packages(recursive) using defaults
[1.527s] Level 1:colcon.colcon_core.package_discovery:discover_packages(ignore) discover
[1.527s] Level 1:colcon.colcon_core.package_discovery:discover_packages(ignore) using defaults
[1.527s] Level 1:colcon.colcon_core.package_discovery:discover_packages(path) discover
[1.527s] Level 1:colcon.colcon_core.package_discovery:discover_packages(path) using defaults
[1.621s] Level 1:colcon.colcon_core.package_discovery:discover_packages(prefix_path) check parameters
[1.621s] Level 1:colcon.colcon_core.package_discovery:discover_packages(prefix_path) discover
[1.644s] DEBUG:colcon.colcon_installed_package_information.package_discovery:Found 431 installed packages in /opt/ros/jazzy
[1.646s] Level 1:colcon.colcon_core.package_discovery:discover_packages(prefix_path) using defaults
[1.820s] Level 5:colcon.colcon_core.verb:set package 'mycobot_bringup' build argument 'cmake_args' from command line to 'None'
[1.820s] Level 5:colcon.colcon_core.verb:set package 'mycobot_bringup' build argument 'cmake_target' from command line to 'None'
[1.820s] Level 5:colcon.colcon_core.verb:set package 'mycobot_bringup' build argument 'cmake_target_skip_unavailable' from command line to 'False'
[1.820s] Level 5:colcon.colcon_core.verb:set package 'mycobot_bringup' build argument 'cmake_clean_cache' from command line to 'False'
[1.820s] Level 5:colcon.colcon_core.verb:set package 'mycobot_bringup' build argument 'cmake_clean_first' from command line to 'False'
[1.820s] Level 5:colcon.colcon_core.verb:set package 'mycobot_bringup' build argument 'cmake_force_configure' from command line to 'False'
[1.820s] Level 5:colcon.colcon_core.verb:set package 'mycobot_bringup' build argument 'ament_cmake_args' from command line to 'None'
[1.820s] Level 5:colcon.colcon_core.verb:set package 'mycobot_bringup' build argument 'catkin_cmake_args' from command line to 'None'
[1.821s] Level 5:colcon.colcon_core.verb:set package 'mycobot_bringup' build argument 'catkin_skip_building_tests' from command line to 'False'
[1.821s] DEBUG:colcon.colcon_core.verb:Building package 'mycobot_bringup' with the following arguments: {'ament_cmake_args': None, 'build_base': '/home/amira/mycobot_ros2/build/mycobot_bringup', 'catkin_cmake_args': None, 'catkin_skip_building_tests': False, 'cmake_args': None, 'cmake_clean_cache': False, 'cmake_clean_first': False, 'cmake_force_configure': False, 'cmake_target': None, 'cmake_target_skip_unavailable': False, 'install_base': '/home/amira/mycobot_ros2/install/mycobot_bringup', 'merge_install': False, 'path': '/home/amira/mycobot_ros2/mycobot_bringup', 'symlink_install': False, 'test_result_base': None}
[1.821s] Level 5:colcon.colcon_core.verb:set package 'mycobot_gazebo' build argument 'cmake_args' from command line to 'None'
[1.821s] Level 5:colcon.colcon_core.verb:set package 'mycobot_gazebo' build argument 'cmake_target' from command line to 'None'
[1.821s] Level 5:colcon.colcon_core.verb:set package 'mycobot_gazebo' build argument 'cmake_target_skip_unavailable' from command line to 'False'
[1.821s] Level 5:colcon.colcon_core.verb:set package 'mycobot_gazebo' build argument 'cmake_clean_cache' from command line to 'False'
[1.821s] Level 5:colcon.colcon_core.verb:set package 'mycobot_gazebo' build argument 'cmake_clean_first' from command line to 'False'
[1.821s] Level 5:colcon.colcon_core.verb:set package 'mycobot_gazebo' build argument 'cmake_force_configure' from command line to 'False'
[1.821s] Level 5:colcon.colcon_core.verb:set package 'mycobot_gazebo' build argument 'ament_cmake_args' from command line to 'None'
[1.821s] Level 5:colcon.colcon_core.verb:set package 'mycobot_gazebo' build argument 'catkin_cmake_args' from command line to 'None'
[1.821s] Level 5:colcon.colcon_core.verb:set package 'mycobot_gazebo' build argument 'catkin_skip_building_tests' from command line to 'False'
[1.821s] DEBUG:colcon.colcon_core.verb:Building package 'mycobot_gazebo' with the following arguments: {'ament_cmake_args': None, 'build_base': '/home/amira/mycobot_ros2/build/mycobot_gazebo', 'catkin_cmake_args': None, 'catkin_skip_building_tests': False, 'cmake_args': None, 'cmake_clean_cache': False, 'cmake_clean_first': False, 'cmake_force_configure': False, 'cmake_target': None, 'cmake_target_skip_unavailable': False, 'install_base': '/home/amira/mycobot_ros2/install/mycobot_gazebo', 'merge_install': False, 'path': '/home/amira/mycobot_ros2/mycobot_gazebo', 'symlink_install': False, 'test_result_base': None}
[1.821s] Level 5:colcon.colcon_core.verb:set package 'mycobot_moveit_config' build argument 'cmake_args' from command line to 'None'
[1.822s] Level 5:colcon.colcon_core.verb:set package 'mycobot_moveit_config' build argument 'cmake_target' from command line to 'None'
[1.822s] Level 5:colcon.colcon_core.verb:set package 'mycobot_moveit_config' build argument 'cmake_target_skip_unavailable' from command line to 'False'
[1.822s] Level 5:colcon.colcon_core.verb:set package 'mycobot_moveit_config' build argument 'cmake_clean_cache' from command line to 'False'
[1.822s] Level 5:colcon.colcon_core.verb:set package 'mycobot_moveit_config' build argument 'cmake_clean_first' from command line to 'False'
[1.822s] Level 5:colcon.colcon_core.verb:set package 'mycobot_moveit_config' build argument 'cmake_force_configure' from command line to 'False'
[1.822s] Level 5:colcon.colcon_core.verb:set package 'mycobot_moveit_config' build argument 'ament_cmake_args' from command line to 'None'
[1.822s] Level 5:colcon.colcon_core.verb:set package 'mycobot_moveit_config' build argument 'catkin_cmake_args' from command line to 'None'
[1.822s] Level 5:colcon.colcon_core.verb:set package 'mycobot_moveit_config' build argument 'catkin_skip_building_tests' from command line to 'False'
[1.822s] DEBUG:colcon.colcon_core.verb:Building package 'mycobot_moveit_config' with the following arguments: {'ament_cmake_args': None, 'build_base': '/home/amira/mycobot_ros2/build/mycobot_moveit_config', 'catkin_cmake_args': None, 'catkin_skip_building_tests': False, 'cmake_args': None, 'cmake_clean_cache': False, 'cmake_clean_first': False, 'cmake_force_configure': False, 'cmake_target': None, 'cmake_target_skip_unavailable': False, 'install_base': '/home/amira/mycobot_ros2/install/mycobot_moveit_config', 'merge_install': False, 'path': '/home/amira/mycobot_ros2/mycobot_moveit_config', 'symlink_install': False, 'test_result_base': None}
[1.822s] Level 5:colcon.colcon_core.verb:set package 'mycobot_system_tests' build argument 'cmake_args' from command line to 'None'
[1.822s] Level 5:colcon.colcon_core.verb:set package 'mycobot_system_tests' build argument 'cmake_target' from command line to 'None'
[1.822s] Level 5:colcon.colcon_core.verb:set package 'mycobot_system_tests' build argument 'cmake_target_skip_unavailable' from command line to 'False'
[1.822s] Level 5:colcon.colcon_core.verb:set package 'mycobot_system_tests' build argument 'cmake_clean_cache' from command line to 'False'
[1.822s] Level 5:colcon.colcon_core.verb:set package 'mycobot_system_tests' build argument 'cmake_clean_first' from command line to 'False'
[1.822s] Level 5:colcon.colcon_core.verb:set package 'mycobot_system_tests' build argument 'cmake_force_configure' from command line to 'False'
[1.822s] Level 5:colcon.colcon_core.verb:set package 'mycobot_system_tests' build argument 'ament_cmake_args' from command line to 'None'
[1.822s] Level 5:colcon.colcon_core.verb:set package 'mycobot_system_tests' build argument 'catkin_cmake_args' from command line to 'None'
[1.822s] Level 5:colcon.colcon_core.verb:set package 'mycobot_system_tests' build argument 'catkin_skip_building_tests' from command line to 'False'
[1.822s] DEBUG:colcon.colcon_core.verb:Building package 'mycobot_system_tests' with the following arguments: {'ament_cmake_args': None, 'build_base': '/home/amira/mycobot_ros2/build/mycobot_system_tests', 'catkin_cmake_args': None, 'catkin_skip_building_tests': False, 'cmake_args': None, 'cmake_clean_cache': False, 'cmake_clean_first': False, 'cmake_force_configure': False, 'cmake_target': None, 'cmake_target_skip_unavailable': False, 'install_base': '/home/amira/mycobot_ros2/install/mycobot_system_tests', 'merge_install': False, 'path': '/home/amira/mycobot_ros2/mycobot_system_tests', 'symlink_install': False, 'test_result_base': None}
[1.822s] INFO:colcon.colcon_core.executor:Executing jobs using 'parallel' executor
[1.825s] DEBUG:colcon.colcon_parallel_executor.executor.parallel:run_until_complete
[1.825s] INFO:colcon.colcon_ros.task.ament_cmake.build:Building ROS package in '/home/amira/mycobot_ros2/mycobot_bringup' with build type 'ament_cmake'
[1.826s] INFO:colcon.colcon_cmake.task.cmake.build:Building CMake package in '/home/amira/mycobot_ros2/mycobot_bringup'
[1.892s] INFO:colcon.colcon_core.plugin_system:Skipping extension 'colcon_core.shell.bat': Not used on non-Windows systems
[1.893s] INFO:colcon.colcon_core.shell:Skip shell extension 'powershell' for command environment: Not usable outside of PowerShell
[1.893s] DEBUG:colcon.colcon_core.shell:Skip shell extension 'dsv' for command environment
[1.920s] INFO:colcon.colcon_ros.task.ament_cmake.build:Building ROS package in '/home/amira/mycobot_ros2/mycobot_gazebo' with build type 'ament_cmake'
[1.921s] INFO:colcon.colcon_cmake.task.cmake.build:Building CMake package in '/home/amira/mycobot_ros2/mycobot_gazebo'
[1.924s] INFO:colcon.colcon_core.shell:Skip shell extension 'powershell' for command environment: Not usable outside of PowerShell
[1.925s] DEBUG:colcon.colcon_core.shell:Skip shell extension 'dsv' for command environment
[1.943s] INFO:colcon.colcon_ros.task.ament_cmake.build:Building ROS package in '/home/amira/mycobot_ros2/mycobot_moveit_config' with build type 'ament_cmake'
[1.944s] INFO:colcon.colcon_cmake.task.cmake.build:Building CMake package in '/home/amira/mycobot_ros2/mycobot_moveit_config'
[1.944s] INFO:colcon.colcon_core.shell:Skip shell extension 'powershell' for command environment: Not usable outside of PowerShell
[1.944s] DEBUG:colcon.colcon_core.shell:Skip shell extension 'dsv' for command environment
[2.009s] DEBUG:colcon.colcon_core.event_handler.log_command:Invoking command in '/home/amira/mycobot_ros2/build/mycobot_gazebo': CMAKE_PREFIX_PATH=${CMAKE_PREFIX_PATH}:/opt/ros/jazzy DEBUGINFOD_URLS=https://debuginfod.ubuntu.com /usr/bin/cmake /home/amira/mycobot_ros2/mycobot_gazebo -DCMAKE_INSTALL_PREFIX=/home/amira/mycobot_ros2/install/mycobot_gazebo
[2.209s] DEBUG:colcon.colcon_core.event_handler.log_command:Invoking command in '/home/amira/mycobot_ros2/build/mycobot_bringup': CMAKE_PREFIX_PATH=${CMAKE_PREFIX_PATH}:/opt/ros/jazzy DEBUGINFOD_URLS=https://debuginfod.ubuntu.com /usr/bin/cmake --build /home/amira/mycobot_ros2/build/mycobot_bringup -- -j3 -l3
[2.279s] DEBUG:colcon.colcon_core.event_handler.log_command:Invoking command in '/home/amira/mycobot_ros2/build/mycobot_moveit_config': CMAKE_PREFIX_PATH=${CMAKE_PREFIX_PATH}:/opt/ros/jazzy DEBUGINFOD_URLS=https://debuginfod.ubuntu.com /usr/bin/cmake --build /home/amira/mycobot_ros2/build/mycobot_moveit_config -- -j3 -l3
[2.683s] DEBUG:colcon.colcon_core.event_handler.log_command:Invoked command in '/home/amira/mycobot_ros2/build/mycobot_bringup' returned '0': CMAKE_PREFIX_PATH=${CMAKE_PREFIX_PATH}:/opt/ros/jazzy DEBUGINFOD_URLS=https://debuginfod.ubuntu.com /usr/bin/cmake --build /home/amira/mycobot_ros2/build/mycobot_bringup -- -j3 -l3
[2.853s] DEBUG:colcon.colcon_core.event_handler.log_command:Invoking command in '/home/amira/mycobot_ros2/build/mycobot_bringup': CMAKE_PREFIX_PATH=${CMAKE_PREFIX_PATH}:/opt/ros/jazzy DEBUGINFOD_URLS=https://debuginfod.ubuntu.com /usr/bin/cmake --install /home/amira/mycobot_ros2/build/mycobot_bringup
[2.923s] DEBUG:colcon.colcon_core.event_handler.log_command:Invoked command in '/home/amira/mycobot_ros2/build/mycobot_moveit_config' returned '0': CMAKE_PREFIX_PATH=${CMAKE_PREFIX_PATH}:/opt/ros/jazzy DEBUGINFOD_URLS=https://debuginfod.ubuntu.com /usr/bin/cmake --build /home/amira/mycobot_ros2/build/mycobot_moveit_config -- -j3 -l3
[2.939s] DEBUG:colcon.colcon_core.event_handler.log_command:Invoking command in '/home/amira/mycobot_ros2/build/mycobot_moveit_config': CMAKE_PREFIX_PATH=${CMAKE_PREFIX_PATH}:/opt/ros/jazzy DEBUGINFOD_URLS=https://debuginfod.ubuntu.com /usr/bin/cmake --install /home/amira/mycobot_ros2/build/mycobot_moveit_config
[3.115s] Level 1:colcon.colcon_core.environment:create_environment_scripts_only(mycobot_moveit_config)
[3.127s] DEBUG:colcon.colcon_core.event_handler.log_command:Invoked command in '/home/amira/mycobot_ros2/build/mycobot_moveit_config' returned '0': CMAKE_PREFIX_PATH=${CMAKE_PREFIX_PATH}:/opt/ros/jazzy DEBUGINFOD_URLS=https://debuginfod.ubuntu.com /usr/bin/cmake --install /home/amira/mycobot_ros2/build/mycobot_moveit_config
[3.177s] Level 1:colcon.colcon_core.environment:checking '/home/amira/mycobot_ros2/install/mycobot_moveit_config' for CMake module files
[3.187s] Level 1:colcon.colcon_core.environment:checking '/home/amira/mycobot_ros2/install/mycobot_moveit_config' for CMake config files
[3.190s] Level 1:colcon.colcon_core.shell:create_environment_hook('mycobot_moveit_config', 'cmake_prefix_path')
[3.192s] INFO:colcon.colcon_core.shell:Creating environment hook '/home/amira/mycobot_ros2/install/mycobot_moveit_config/share/mycobot_moveit_config/hook/cmake_prefix_path.ps1'
[3.199s] INFO:colcon.colcon_core.shell:Creating environment descriptor '/home/amira/mycobot_ros2/install/mycobot_moveit_config/share/mycobot_moveit_config/hook/cmake_prefix_path.dsv'
[3.204s] INFO:colcon.colcon_core.shell:Creating environment hook '/home/amira/mycobot_ros2/install/mycobot_moveit_config/share/mycobot_moveit_config/hook/cmake_prefix_path.sh'
[3.213s] Level 1:colcon.colcon_core.environment:checking '/home/amira/mycobot_ros2/install/mycobot_moveit_config/bin'
[3.213s] Level 1:colcon.colcon_core.environment:checking '/home/amira/mycobot_ros2/install/mycobot_moveit_config/lib/pkgconfig/mycobot_moveit_config.pc'
[3.214s] Level 1:colcon.colcon_core.environment:checking '/home/amira/mycobot_ros2/install/mycobot_moveit_config/lib/python3.12/site-packages'
[3.219s] Level 1:colcon.colcon_core.environment:checking '/home/amira/mycobot_ros2/install/mycobot_moveit_config/bin'
[3.220s] INFO:colcon.colcon_core.shell:Creating package script '/home/amira/mycobot_ros2/install/mycobot_moveit_config/share/mycobot_moveit_config/package.ps1'
[3.223s] INFO:colcon.colcon_core.shell:Creating package descriptor '/home/amira/mycobot_ros2/install/mycobot_moveit_config/share/mycobot_moveit_config/package.dsv'
[3.226s] INFO:colcon.colcon_core.shell:Creating package script '/home/amira/mycobot_ros2/install/mycobot_moveit_config/share/mycobot_moveit_config/package.sh'
[3.230s] INFO:colcon.colcon_core.shell:Creating package script '/home/amira/mycobot_ros2/install/mycobot_moveit_config/share/mycobot_moveit_config/package.bash'
[3.235s] INFO:colcon.colcon_core.shell:Creating package script '/home/amira/mycobot_ros2/install/mycobot_moveit_config/share/mycobot_moveit_config/package.zsh'
[3.239s] Level 1:colcon.colcon_core.environment:create_file_with_runtime_dependencies(/home/amira/mycobot_ros2/install/mycobot_moveit_config/share/colcon-core/packages/mycobot_moveit_config)
[3.240s] Level 1:colcon.colcon_core.environment:create_environment_scripts_only(mycobot_moveit_config)
[3.241s] Level 1:colcon.colcon_core.environment:checking '/home/amira/mycobot_ros2/install/mycobot_moveit_config' for CMake module files
[3.242s] Level 1:colcon.colcon_core.environment:checking '/home/amira/mycobot_ros2/install/mycobot_moveit_config' for CMake config files
[3.242s] Level 1:colcon.colcon_core.shell:create_environment_hook('mycobot_moveit_config', 'cmake_prefix_path')
[3.243s] INFO:colcon.colcon_core.shell:Creating environment hook '/home/amira/mycobot_ros2/install/mycobot_moveit_config/share/mycobot_moveit_config/hook/cmake_prefix_path.ps1'
[3.247s] INFO:colcon.colcon_core.shell:Creating environment descriptor '/home/amira/mycobot_ros2/install/mycobot_moveit_config/share/mycobot_moveit_config/hook/cmake_prefix_path.dsv'
[3.250s] INFO:colcon.colcon_core.shell:Creating environment hook '/home/amira/mycobot_ros2/install/mycobot_moveit_config/share/mycobot_moveit_config/hook/cmake_prefix_path.sh'
[3.253s] Level 1:colcon.colcon_core.environment:checking '/home/amira/mycobot_ros2/install/mycobot_moveit_config/bin'
[3.253s] Level 1:colcon.colcon_core.environment:checking '/home/amira/mycobot_ros2/install/mycobot_moveit_config/lib/pkgconfig/mycobot_moveit_config.pc'
[3.254s] Level 1:colcon.colcon_core.environment:checking '/home/amira/mycobot_ros2/install/mycobot_moveit_config/lib/python3.12/site-packages'
[3.254s] Level 1:colcon.colcon_core.environment:checking '/home/amira/mycobot_ros2/install/mycobot_moveit_config/bin'
[3.255s] INFO:colcon.colcon_core.shell:Creating package script '/home/amira/mycobot_ros2/install/mycobot_moveit_config/share/mycobot_moveit_config/package.ps1'
[3.258s] INFO:colcon.colcon_core.shell:Creating package descriptor '/home/amira/mycobot_ros2/install/mycobot_moveit_config/share/mycobot_moveit_config/package.dsv'
[3.260s] INFO:colcon.colcon_core.shell:Creating package script '/home/amira/mycobot_ros2/install/mycobot_moveit_config/share/mycobot_moveit_config/package.sh'
[3.262s] INFO:colcon.colcon_core.shell:Creating package script '/home/amira/mycobot_ros2/install/mycobot_moveit_config/share/mycobot_moveit_config/package.bash'
[3.264s] INFO:colcon.colcon_core.shell:Creating package script '/home/amira/mycobot_ros2/install/mycobot_moveit_config/share/mycobot_moveit_config/package.zsh'
[3.266s] Level 1:colcon.colcon_core.environment:create_file_with_runtime_dependencies(/home/amira/mycobot_ros2/install/mycobot_moveit_config/share/colcon-core/packages/mycobot_moveit_config)
[3.267s] INFO:colcon.colcon_ros.task.ament_cmake.build:Building ROS package in '/home/amira/mycobot_ros2/mycobot_system_tests' with build type 'ament_cmake'
[3.268s] INFO:colcon.colcon_cmake.task.cmake.build:Building CMake package in '/home/amira/mycobot_ros2/mycobot_system_tests'
[3.268s] INFO:colcon.colcon_core.shell:Skip shell extension 'powershell' for command environment: Not usable outside of PowerShell
[3.269s] DEBUG:colcon.colcon_core.shell:Skip shell extension 'dsv' for command environment
[3.291s] Level 1:colcon.colcon_core.environment:create_environment_scripts_only(mycobot_bringup)
[3.292s] Level 1:colcon.colcon_core.environment:checking '/home/amira/mycobot_ros2/install/mycobot_bringup' for CMake module files
[3.294s] Level 1:colcon.colcon_core.environment:checking '/home/amira/mycobot_ros2/install/mycobot_bringup' for CMake config files
[3.294s] Level 1:colcon.colcon_core.shell:create_environment_hook('mycobot_bringup', 'cmake_prefix_path')
[3.295s] INFO:colcon.colcon_core.shell:Creating environment hook '/home/amira/mycobot_ros2/install/mycobot_bringup/share/mycobot_bringup/hook/cmake_prefix_path.ps1'
[3.297s] DEBUG:colcon.colcon_core.event_handler.log_command:Invoked command in '/home/amira/mycobot_ros2/build/mycobot_bringup' returned '0': CMAKE_PREFIX_PATH=${CMAKE_PREFIX_PATH}:/opt/ros/jazzy DEBUGINFOD_URLS=https://debuginfod.ubuntu.com /usr/bin/cmake --install /home/amira/mycobot_ros2/build/mycobot_bringup
[3.298s] INFO:colcon.colcon_core.shell:Creating environment descriptor '/home/amira/mycobot_ros2/install/mycobot_bringup/share/mycobot_bringup/hook/cmake_prefix_path.dsv'
[3.300s] INFO:colcon.colcon_core.shell:Creating environment hook '/home/amira/mycobot_ros2/install/mycobot_bringup/share/mycobot_bringup/hook/cmake_prefix_path.sh'
[3.301s] Level 1:colcon.colcon_core.environment:checking '/home/amira/mycobot_ros2/install/mycobot_bringup/bin'
[3.302s] Level 1:colcon.colcon_core.environment:checking '/home/amira/mycobot_ros2/install/mycobot_bringup/lib/pkgconfig/mycobot_bringup.pc'
[3.302s] Level 1:colcon.colcon_core.environment:checking '/home/amira/mycobot_ros2/install/mycobot_bringup/lib/python3.12/site-packages'
[3.306s] Level 1:colcon.colcon_core.environment:checking '/home/amira/mycobot_ros2/install/mycobot_bringup/bin'
[3.307s] INFO:colcon.colcon_core.shell:Creating package script '/home/amira/mycobot_ros2/install/mycobot_bringup/share/mycobot_bringup/package.ps1'
[3.320s] INFO:colcon.colcon_core.shell:Creating package descriptor '/home/amira/mycobot_ros2/install/mycobot_bringup/share/mycobot_bringup/package.dsv'
[3.322s] INFO:colcon.colcon_core.shell:Creating package script '/home/amira/mycobot_ros2/install/mycobot_bringup/share/mycobot_bringup/package.sh'
[3.324s] INFO:colcon.colcon_core.shell:Creating package script '/home/amira/mycobot_ros2/install/mycobot_bringup/share/mycobot_bringup/package.bash'
[3.336s] INFO:colcon.colcon_core.shell:Creating package script '/home/amira/mycobot_ros2/install/mycobot_bringup/share/mycobot_bringup/package.zsh'
[3.338s] Level 1:colcon.colcon_core.environment:create_file_with_runtime_dependencies(/home/amira/mycobot_ros2/install/mycobot_bringup/share/colcon-core/packages/mycobot_bringup)
[3.340s] Level 1:colcon.colcon_core.environment:create_environment_scripts_only(mycobot_bringup)
[3.343s] Level 1:colcon.colcon_core.environment:checking '/home/amira/mycobot_ros2/install/mycobot_bringup' for CMake module files
[3.360s] Level 1:colcon.colcon_core.environment:checking '/home/amira/mycobot_ros2/install/mycobot_bringup' for CMake config files
[3.360s] Level 1:colcon.colcon_core.shell:create_environment_hook('mycobot_bringup', 'cmake_prefix_path')
[3.362s] INFO:colcon.colcon_core.shell:Creating environment hook '/home/amira/mycobot_ros2/install/mycobot_bringup/share/mycobot_bringup/hook/cmake_prefix_path.ps1'
[3.367s] INFO:colcon.colcon_core.shell:Creating environment descriptor '/home/amira/mycobot_ros2/install/mycobot_bringup/share/mycobot_bringup/hook/cmake_prefix_path.dsv'
[3.371s] INFO:colcon.colcon_core.shell:Creating environment hook '/home/amira/mycobot_ros2/install/mycobot_bringup/share/mycobot_bringup/hook/cmake_prefix_path.sh'
[3.373s] Level 1:colcon.colcon_core.environment:checking '/home/amira/mycobot_ros2/install/mycobot_bringup/bin'
[3.373s] Level 1:colcon.colcon_core.environment:checking '/home/amira/mycobot_ros2/install/mycobot_bringup/lib/pkgconfig/mycobot_bringup.pc'
[3.374s] Level 1:colcon.colcon_core.environment:checking '/home/amira/mycobot_ros2/install/mycobot_bringup/lib/python3.12/site-packages'
[3.377s] Level 1:colcon.colcon_core.environment:checking '/home/amira/mycobot_ros2/install/mycobot_bringup/bin'
[3.378s] INFO:colcon.colcon_core.shell:Creating package script '/home/amira/mycobot_ros2/install/mycobot_bringup/share/mycobot_bringup/package.ps1'
[3.381s] INFO:colcon.colcon_core.shell:Creating package descriptor '/home/amira/mycobot_ros2/install/mycobot_bringup/share/mycobot_bringup/package.dsv'
[3.383s] INFO:colcon.colcon_core.shell:Creating package script '/home/amira/mycobot_ros2/install/mycobot_bringup/share/mycobot_bringup/package.sh'
[3.385s] INFO:colcon.colcon_core.shell:Creating package script '/home/amira/mycobot_ros2/install/mycobot_bringup/share/mycobot_bringup/package.bash'
[3.386s] INFO:colcon.colcon_core.shell:Creating package script '/home/amira/mycobot_ros2/install/mycobot_bringup/share/mycobot_bringup/package.zsh'
[3.388s] Level 1:colcon.colcon_core.environment:create_file_with_runtime_dependencies(/home/amira/mycobot_ros2/install/mycobot_bringup/share/colcon-core/packages/mycobot_bringup)
[3.470s] DEBUG:colcon.colcon_core.event_handler.log_command:Invoking command in '/home/amira/mycobot_ros2/build/mycobot_system_tests': CMAKE_PREFIX_PATH=${CMAKE_PREFIX_PATH}:/opt/ros/jazzy DEBUGINFOD_URLS=https://debuginfod.ubuntu.com /usr/bin/cmake /home/amira/mycobot_ros2/mycobot_system_tests -DCMAKE_INSTALL_PREFIX=/home/amira/mycobot_ros2/install/mycobot_system_tests
[10.848s] DEBUG:colcon.colcon_core.event_handler.log_command:Invoked command in '/home/amira/mycobot_ros2/build/mycobot_system_tests' returned '0': CMAKE_PREFIX_PATH=${CMAKE_PREFIX_PATH}:/opt/ros/jazzy DEBUGINFOD_URLS=https://debuginfod.ubuntu.com /usr/bin/cmake /home/amira/mycobot_ros2/mycobot_system_tests -DCMAKE_INSTALL_PREFIX=/home/amira/mycobot_ros2/install/mycobot_system_tests
[10.953s] DEBUG:colcon.colcon_core.event_handler.log_command:Invoking command in '/home/amira/mycobot_ros2/build/mycobot_system_tests': CMAKE_PREFIX_PATH=${CMAKE_PREFIX_PATH}:/opt/ros/jazzy DEBUGINFOD_URLS=https://debuginfod.ubuntu.com /usr/bin/cmake --build /home/amira/mycobot_ros2/build/mycobot_system_tests -- -j3 -l3
[11.203s] DEBUG:colcon.colcon_core.event_handler.log_command:Invoked command in '/home/amira/mycobot_ros2/build/mycobot_system_tests' returned '0': CMAKE_PREFIX_PATH=${CMAKE_PREFIX_PATH}:/opt/ros/jazzy DEBUGINFOD_URLS=https://debuginfod.ubuntu.com /usr/bin/cmake --build /home/amira/mycobot_ros2/build/mycobot_system_tests -- -j3 -l3
[11.213s] DEBUG:colcon.colcon_core.event_handler.log_command:Invoking command in '/home/amira/mycobot_ros2/build/mycobot_system_tests': CMAKE_PREFIX_PATH=${CMAKE_PREFIX_PATH}:/opt/ros/jazzy DEBUGINFOD_URLS=https://debuginfod.ubuntu.com /usr/bin/cmake --install /home/amira/mycobot_ros2/build/mycobot_system_tests
[11.325s] Level 1:colcon.colcon_core.environment:create_environment_scripts_only(mycobot_system_tests)
[11.331s] Level 1:colcon.colcon_core.environment:checking '/home/amira/mycobot_ros2/install/mycobot_system_tests' for CMake module files
[11.340s] DEBUG:colcon.colcon_core.event_handler.log_command:Invoked command in '/home/amira/mycobot_ros2/build/mycobot_system_tests' returned '0': CMAKE_PREFIX_PATH=${CMAKE_PREFIX_PATH}:/opt/ros/jazzy DEBUGINFOD_URLS=https://debuginfod.ubuntu.com /usr/bin/cmake --install /home/amira/mycobot_ros2/build/mycobot_system_tests
[11.342s] Level 1:colcon.colcon_core.environment:checking '/home/amira/mycobot_ros2/install/mycobot_system_tests' for CMake config files
[11.342s] Level 1:colcon.colcon_core.shell:create_environment_hook('mycobot_system_tests', 'cmake_prefix_path')
[11.343s] INFO:colcon.colcon_core.shell:Creating environment hook '/home/amira/mycobot_ros2/install/mycobot_system_tests/share/mycobot_system_tests/hook/cmake_prefix_path.ps1'
[11.345s] INFO:colcon.colcon_core.shell:Creating environment descriptor '/home/amira/mycobot_ros2/install/mycobot_system_tests/share/mycobot_system_tests/hook/cmake_prefix_path.dsv'
[11.368s] INFO:colcon.colcon_core.shell:Creating environment hook '/home/amira/mycobot_ros2/install/mycobot_system_tests/share/mycobot_system_tests/hook/cmake_prefix_path.sh'
[11.374s] Level 1:colcon.colcon_core.environment:checking '/home/amira/mycobot_ros2/install/mycobot_system_tests/bin'
[11.374s] Level 1:colcon.colcon_core.environment:checking '/home/amira/mycobot_ros2/install/mycobot_system_tests/lib/pkgconfig/mycobot_system_tests.pc'
[11.377s] Level 1:colcon.colcon_core.environment:checking '/home/amira/mycobot_ros2/install/mycobot_system_tests/lib/python3.12/site-packages'
[11.382s] Level 1:colcon.colcon_core.environment:checking '/home/amira/mycobot_ros2/install/mycobot_system_tests/bin'
[11.383s] INFO:colcon.colcon_core.shell:Creating package script '/home/amira/mycobot_ros2/install/mycobot_system_tests/share/mycobot_system_tests/package.ps1'
[11.386s] INFO:colcon.colcon_core.shell:Creating package descriptor '/home/amira/mycobot_ros2/install/mycobot_system_tests/share/mycobot_system_tests/package.dsv'
[11.390s] INFO:colcon.colcon_core.shell:Creating package script '/home/amira/mycobot_ros2/install/mycobot_system_tests/share/mycobot_system_tests/package.sh'
[11.393s] INFO:colcon.colcon_core.shell:Creating package script '/home/amira/mycobot_ros2/install/mycobot_system_tests/share/mycobot_system_tests/package.bash'
[11.405s] INFO:colcon.colcon_core.shell:Creating package script '/home/amira/mycobot_ros2/install/mycobot_system_tests/share/mycobot_system_tests/package.zsh'
[11.406s] Level 1:colcon.colcon_core.environment:create_file_with_runtime_dependencies(/home/amira/mycobot_ros2/install/mycobot_system_tests/share/colcon-core/packages/mycobot_system_tests)
[11.414s] Level 1:colcon.colcon_core.environment:create_environment_scripts_only(mycobot_system_tests)
[11.415s] Level 1:colcon.colcon_core.environment:checking '/home/amira/mycobot_ros2/install/mycobot_system_tests' for CMake module files
[11.420s] Level 1:colcon.colcon_core.environment:checking '/home/amira/mycobot_ros2/install/mycobot_system_tests' for CMake config files
[11.421s] Level 1:colcon.colcon_core.shell:create_environment_hook('mycobot_system_tests', 'cmake_prefix_path')
[11.422s] INFO:colcon.colcon_core.shell:Creating environment hook '/home/amira/mycobot_ros2/install/mycobot_system_tests/share/mycobot_system_tests/hook/cmake_prefix_path.ps1'
[11.426s] INFO:colcon.colcon_core.shell:Creating environment descriptor '/home/amira/mycobot_ros2/install/mycobot_system_tests/share/mycobot_system_tests/hook/cmake_prefix_path.dsv'
[11.432s] INFO:colcon.colcon_core.shell:Creating environment hook '/home/amira/mycobot_ros2/install/mycobot_system_tests/share/mycobot_system_tests/hook/cmake_prefix_path.sh'
[11.438s] Level 1:colcon.colcon_core.environment:checking '/home/amira/mycobot_ros2/install/mycobot_system_tests/bin'
[11.438s] Level 1:colcon.colcon_core.environment:checking '/home/amira/mycobot_ros2/install/mycobot_system_tests/lib/pkgconfig/mycobot_system_tests.pc'
[11.440s] Level 1:colcon.colcon_core.environment:checking '/home/amira/mycobot_ros2/install/mycobot_system_tests/lib/python3.12/site-packages'
[11.441s] Level 1:colcon.colcon_core.environment:checking '/home/amira/mycobot_ros2/install/mycobot_system_tests/bin'
[11.442s] INFO:colcon.colcon_core.shell:Creating package script '/home/amira/mycobot_ros2/install/mycobot_system_tests/share/mycobot_system_tests/package.ps1'
[11.445s] INFO:colcon.colcon_core.shell:Creating package descriptor '/home/amira/mycobot_ros2/install/mycobot_system_tests/share/mycobot_system_tests/package.dsv'
[11.448s] INFO:colcon.colcon_core.shell:Creating package script '/home/amira/mycobot_ros2/install/mycobot_system_tests/share/mycobot_system_tests/package.sh'
[11.453s] INFO:colcon.colcon_core.shell:Creating package script '/home/amira/mycobot_ros2/install/mycobot_system_tests/share/mycobot_system_tests/package.bash'
[11.462s] INFO:colcon.colcon_core.shell:Creating package script '/home/amira/mycobot_ros2/install/mycobot_system_tests/share/mycobot_system_tests/package.zsh'
[11.465s] Level 1:colcon.colcon_core.environment:create_file_with_runtime_dependencies(/home/amira/mycobot_ros2/install/mycobot_system_tests/share/colcon-core/packages/mycobot_system_tests)
[18.299s] DEBUG:colcon.colcon_core.event_handler.log_command:Invoked command in '/home/amira/mycobot_ros2/build/mycobot_gazebo' returned '0': CMAKE_PREFIX_PATH=${CMAKE_PREFIX_PATH}:/opt/ros/jazzy DEBUGINFOD_URLS=https://debuginfod.ubuntu.com /usr/bin/cmake /home/amira/mycobot_ros2/mycobot_gazebo -DCMAKE_INSTALL_PREFIX=/home/amira/mycobot_ros2/install/mycobot_gazebo
[18.300s] DEBUG:colcon.colcon_core.event_handler.log_command:Invoking command in '/home/amira/mycobot_ros2/build/mycobot_gazebo': CMAKE_PREFIX_PATH=${CMAKE_PREFIX_PATH}:/opt/ros/jazzy DEBUGINFOD_URLS=https://debuginfod.ubuntu.com /usr/bin/cmake --build /home/amira/mycobot_ros2/build/mycobot_gazebo -- -j3 -l3
[18.590s] DEBUG:colcon.colcon_core.event_handler.log_command:Invoked command in '/home/amira/mycobot_ros2/build/mycobot_gazebo' returned '0': CMAKE_PREFIX_PATH=${CMAKE_PREFIX_PATH}:/opt/ros/jazzy DEBUGINFOD_URLS=https://debuginfod.ubuntu.com /usr/bin/cmake --build /home/amira/mycobot_ros2/build/mycobot_gazebo -- -j3 -l3
[18.611s] DEBUG:colcon.colcon_core.event_handler.log_command:Invoking command in '/home/amira/mycobot_ros2/build/mycobot_gazebo': CMAKE_PREFIX_PATH=${CMAKE_PREFIX_PATH}:/opt/ros/jazzy DEBUGINFOD_URLS=https://debuginfod.ubuntu.com /usr/bin/cmake --install /home/amira/mycobot_ros2/build/mycobot_gazebo
[18.695s] Level 1:colcon.colcon_core.environment:create_environment_scripts_only(mycobot_gazebo)
[18.710s] Level 1:colcon.colcon_core.environment:checking '/home/amira/mycobot_ros2/install/mycobot_gazebo' for CMake module files
[18.721s] DEBUG:colcon.colcon_core.event_handler.log_command:Invoked command in '/home/amira/mycobot_ros2/build/mycobot_gazebo' returned '0': CMAKE_PREFIX_PATH=${CMAKE_PREFIX_PATH}:/opt/ros/jazzy DEBUGINFOD_URLS=https://debuginfod.ubuntu.com /usr/bin/cmake --install /home/amira/mycobot_ros2/build/mycobot_gazebo
[18.723s] Level 1:colcon.colcon_core.environment:checking '/home/amira/mycobot_ros2/install/mycobot_gazebo' for CMake config files
[18.723s] Level 1:colcon.colcon_core.shell:create_environment_hook('mycobot_gazebo', 'cmake_prefix_path')
[18.741s] INFO:colcon.colcon_core.shell:Creating environment hook '/home/amira/mycobot_ros2/install/mycobot_gazebo/share/mycobot_gazebo/hook/cmake_prefix_path.ps1'
[18.742s] INFO:colcon.colcon_core.shell:Creating environment descriptor '/home/amira/mycobot_ros2/install/mycobot_gazebo/share/mycobot_gazebo/hook/cmake_prefix_path.dsv'
[18.742s] INFO:colcon.colcon_core.shell:Creating environment hook '/home/amira/mycobot_ros2/install/mycobot_gazebo/share/mycobot_gazebo/hook/cmake_prefix_path.sh'
[18.743s] Level 1:colcon.colcon_core.environment:checking '/home/amira/mycobot_ros2/install/mycobot_gazebo/bin'
[18.743s] Level 1:colcon.colcon_core.environment:checking '/home/amira/mycobot_ros2/install/mycobot_gazebo/lib/pkgconfig/mycobot_gazebo.pc'
[18.744s] Level 1:colcon.colcon_core.environment:checking '/home/amira/mycobot_ros2/install/mycobot_gazebo/lib/python3.12/site-packages'
[18.744s] Level 1:colcon.colcon_core.environment:checking '/home/amira/mycobot_ros2/install/mycobot_gazebo/bin'
[18.745s] INFO:colcon.colcon_core.shell:Creating package script '/home/amira/mycobot_ros2/install/mycobot_gazebo/share/mycobot_gazebo/package.ps1'
[18.765s] INFO:colcon.colcon_core.shell:Creating package descriptor '/home/amira/mycobot_ros2/install/mycobot_gazebo/share/mycobot_gazebo/package.dsv'
[18.770s] INFO:colcon.colcon_core.shell:Creating package script '/home/amira/mycobot_ros2/install/mycobot_gazebo/share/mycobot_gazebo/package.sh'
[18.773s] INFO:colcon.colcon_core.shell:Creating package script '/home/amira/mycobot_ros2/install/mycobot_gazebo/share/mycobot_gazebo/package.bash'
[18.775s] INFO:colcon.colcon_core.shell:Creating package script '/home/amira/mycobot_ros2/install/mycobot_gazebo/share/mycobot_gazebo/package.zsh'
[18.778s] Level 1:colcon.colcon_core.environment:create_file_with_runtime_dependencies(/home/amira/mycobot_ros2/install/mycobot_gazebo/share/colcon-core/packages/mycobot_gazebo)
[18.797s] Level 1:colcon.colcon_core.environment:create_environment_scripts_only(mycobot_gazebo)
[18.802s] Level 1:colcon.colcon_core.environment:checking '/home/amira/mycobot_ros2/install/mycobot_gazebo' for CMake module files
[18.810s] Level 1:colcon.colcon_core.environment:checking '/home/amira/mycobot_ros2/install/mycobot_gazebo' for CMake config files
[18.811s] Level 1:colcon.colcon_core.shell:create_environment_hook('mycobot_gazebo', 'cmake_prefix_path')
[18.811s] INFO:colcon.colcon_core.shell:Creating environment hook '/home/amira/mycobot_ros2/install/mycobot_gazebo/share/mycobot_gazebo/hook/cmake_prefix_path.ps1'
[18.814s] INFO:colcon.colcon_core.shell:Creating environment descriptor '/home/amira/mycobot_ros2/install/mycobot_gazebo/share/mycobot_gazebo/hook/cmake_prefix_path.dsv'
[18.830s] INFO:colcon.colcon_core.shell:Creating environment hook '/home/amira/mycobot_ros2/install/mycobot_gazebo/share/mycobot_gazebo/hook/cmake_prefix_path.sh'
[18.831s] Level 1:colcon.colcon_core.environment:checking '/home/amira/mycobot_ros2/install/mycobot_gazebo/bin'
[18.832s] Level 1:colcon.colcon_core.environment:checking '/home/amira/mycobot_ros2/install/mycobot_gazebo/lib/pkgconfig/mycobot_gazebo.pc'
[18.832s] Level 1:colcon.colcon_core.environment:checking '/home/amira/mycobot_ros2/install/mycobot_gazebo/lib/python3.12/site-packages'
[18.833s] Level 1:colcon.colcon_core.environment:checking '/home/amira/mycobot_ros2/install/mycobot_gazebo/bin'
[18.833s] INFO:colcon.colcon_core.shell:Creating package script '/home/amira/mycobot_ros2/install/mycobot_gazebo/share/mycobot_gazebo/package.ps1'
[18.835s] INFO:colcon.colcon_core.shell:Creating package descriptor '/home/amira/mycobot_ros2/install/mycobot_gazebo/share/mycobot_gazebo/package.dsv'
[18.859s] INFO:colcon.colcon_core.shell:Creating package script '/home/amira/mycobot_ros2/install/mycobot_gazebo/share/mycobot_gazebo/package.sh'
[18.863s] INFO:colcon.colcon_core.shell:Creating package script '/home/amira/mycobot_ros2/install/mycobot_gazebo/share/mycobot_gazebo/package.bash'
[18.873s] INFO:colcon.colcon_core.shell:Creating package script '/home/amira/mycobot_ros2/install/mycobot_gazebo/share/mycobot_gazebo/package.zsh'
[18.888s] Level 1:colcon.colcon_core.environment:create_file_with_runtime_dependencies(/home/amira/mycobot_ros2/install/mycobot_gazebo/share/colcon-core/packages/mycobot_gazebo)
[18.890s] DEBUG:colcon.colcon_parallel_executor.executor.parallel:closing loop
[18.896s] DEBUG:colcon.colcon_parallel_executor.executor.parallel:loop closed
[18.896s] DEBUG:colcon.colcon_parallel_executor.executor.parallel:run_until_complete finished with '0'
[18.896s] DEBUG:colcon.colcon_core.event_reactor:joining thread
[18.975s] INFO:colcon.colcon_core.plugin_system:Skipping extension 'colcon_notification.desktop_notification.terminal_notifier': Not used on non-Darwin systems
[18.975s] INFO:colcon.colcon_core.plugin_system:Skipping extension 'colcon_notification.desktop_notification.win32': Not used on non-Windows systems
[18.975s] INFO:colcon.colcon_notification.desktop_notification:Sending desktop notification using 'notify2'
[19.175s] DEBUG:colcon.colcon_core.event_reactor:joined thread
[19.176s] INFO:colcon.colcon_core.shell:Creating prefix script '/home/amira/mycobot_ros2/install/local_setup.ps1'
[19.193s] INFO:colcon.colcon_core.shell:Creating prefix util module '/home/amira/mycobot_ros2/install/_local_setup_util_ps1.py'
[19.202s] INFO:colcon.colcon_core.shell:Creating prefix chain script '/home/amira/mycobot_ros2/install/setup.ps1'
[19.212s] INFO:colcon.colcon_core.shell:Creating prefix script '/home/amira/mycobot_ros2/install/local_setup.sh'
[19.224s] INFO:colcon.colcon_core.shell:Creating prefix util module '/home/amira/mycobot_ros2/install/_local_setup_util_sh.py'
[19.227s] INFO:colcon.colcon_core.shell:Creating prefix chain script '/home/amira/mycobot_ros2/install/setup.sh'
[19.233s] INFO:colcon.colcon_core.shell:Creating prefix script '/home/amira/mycobot_ros2/install/local_setup.bash'
[19.242s] INFO:colcon.colcon_core.shell:Creating prefix chain script '/home/amira/mycobot_ros2/install/setup.bash'
[19.248s] INFO:colcon.colcon_core.shell:Creating prefix script '/home/amira/mycobot_ros2/install/local_setup.zsh'
[19.254s] INFO:colcon.colcon_core.shell:Creating prefix chain script '/home/amira/mycobot_ros2/install/setup.zsh'
