[3.645s] Invoking command in '/home/amira/mycobot_ros2/src/myArm/myarm_m750': AMENT_PREFIX_PATH=/home/amira/mycobot_ros2/install/mycobot_communication:/home/amira/mycobot_ros2/install/mycobot_interfaces:/home/amira/mycobot_ros2/install/mycobot_description:${AMENT_PREFIX_PATH} CMAKE_PREFIX_PATH=/home/amira/mycobot_ros2/install/mycobot_interfaces:${CMAKE_PREFIX_PATH} DEBUGINFOD_URLS=https://debuginfod.ubuntu.com LD_LIBRARY_PATH=/home/amira/mycobot_ros2/install/mycobot_interfaces/lib:${LD_LIBRARY_PATH} PYTHONPATH=/home/amira/mycobot_ros2/build/myarm_m750/prefix_override:/usr/lib/python3/dist-packages/colcon_core/task/python/colcon_distutils_commands:/home/amira/mycobot_ros2/install/myarm_m750/lib/python3.12/site-packages:/home/amira/mycobot_ros2/install/mycobot_communication/lib/python3.12/site-packages:/home/amira/mycobot_ros2/install/mycobot_interfaces/lib/python3.12/site-packages:/home/amira/mycobot_ros2/install/mycobot_description/lib/python3.12/site-packages:${PYTHONPATH} /usr/bin/python3 -W ignore:setup.py install is deprecated -W ignore:easy_install command is deprecated setup.py egg_info --egg-base ../../../build/myarm_m750 build --build-base /home/amira/mycobot_ros2/build/myarm_m750/build install --record /home/amira/mycobot_ros2/build/myarm_m750/install.log --single-version-externally-managed install_data
[4.703s] running egg_info
[4.719s] creating ../../../build/myarm_m750/myarm_m750.egg-info
[4.840s] writing ../../../build/myarm_m750/myarm_m750.egg-info/PKG-INFO
[4.841s] writing dependency_links to ../../../build/myarm_m750/myarm_m750.egg-info/dependency_links.txt
[4.844s] writing entry points to ../../../build/myarm_m750/myarm_m750.egg-info/entry_points.txt
[4.846s] writing requirements to ../../../build/myarm_m750/myarm_m750.egg-info/requires.txt
[4.850s] writing top-level names to ../../../build/myarm_m750/myarm_m750.egg-info/top_level.txt
[4.850s] writing manifest file '../../../build/myarm_m750/myarm_m750.egg-info/SOURCES.txt'
[5.081s] reading manifest file '../../../build/myarm_m750/myarm_m750.egg-info/SOURCES.txt'
[5.090s] adding license file 'LICENSE'
[5.092s] writing manifest file '../../../build/myarm_m750/myarm_m750.egg-info/SOURCES.txt'
[5.112s] running build
[5.112s] running build_py
[5.113s] creating /home/amira/mycobot_ros2/build/myarm_m750/build
[5.114s] creating /home/amira/mycobot_ros2/build/myarm_m750/build/lib
[5.115s] creating /home/amira/mycobot_ros2/build/myarm_m750/build/lib/myarm_m750
[5.115s] copying myarm_m750/slider_control.py -> /home/amira/mycobot_ros2/build/myarm_m750/build/lib/myarm_m750
[5.117s] copying myarm_m750/read_control.py -> /home/amira/mycobot_ros2/build/myarm_m750/build/lib/myarm_m750
[5.129s] copying myarm_m750/follow_display.py -> /home/amira/mycobot_ros2/build/myarm_m750/build/lib/myarm_m750
[5.141s] copying myarm_m750/combined_control.py -> /home/amira/mycobot_ros2/build/myarm_m750/build/lib/myarm_m750
[5.141s] copying myarm_m750/simple_gui.py -> /home/amira/mycobot_ros2/build/myarm_m750/build/lib/myarm_m750
[5.143s] copying myarm_m750/teleop_keyboard.py -> /home/amira/mycobot_ros2/build/myarm_m750/build/lib/myarm_m750
[5.202s] copying myarm_m750/__init__.py -> /home/amira/mycobot_ros2/build/myarm_m750/build/lib/myarm_m750
[5.205s] running install
[5.206s] running install_lib
[5.297s] creating /home/amira/mycobot_ros2/install/myarm_m750/lib/python3.12/site-packages/myarm_m750
[5.297s] copying /home/amira/mycobot_ros2/build/myarm_m750/build/lib/myarm_m750/slider_control.py -> /home/amira/mycobot_ros2/install/myarm_m750/lib/python3.12/site-packages/myarm_m750
[5.298s] copying /home/amira/mycobot_ros2/build/myarm_m750/build/lib/myarm_m750/read_control.py -> /home/amira/mycobot_ros2/install/myarm_m750/lib/python3.12/site-packages/myarm_m750
[5.299s] copying /home/amira/mycobot_ros2/build/myarm_m750/build/lib/myarm_m750/follow_display.py -> /home/amira/mycobot_ros2/install/myarm_m750/lib/python3.12/site-packages/myarm_m750
[5.299s] copying /home/amira/mycobot_ros2/build/myarm_m750/build/lib/myarm_m750/combined_control.py -> /home/amira/mycobot_ros2/install/myarm_m750/lib/python3.12/site-packages/myarm_m750
[5.305s] copying /home/amira/mycobot_ros2/build/myarm_m750/build/lib/myarm_m750/simple_gui.py -> /home/amira/mycobot_ros2/install/myarm_m750/lib/python3.12/site-packages/myarm_m750
[5.305s] copying /home/amira/mycobot_ros2/build/myarm_m750/build/lib/myarm_m750/teleop_keyboard.py -> /home/amira/mycobot_ros2/install/myarm_m750/lib/python3.12/site-packages/myarm_m750
[5.305s] copying /home/amira/mycobot_ros2/build/myarm_m750/build/lib/myarm_m750/__init__.py -> /home/amira/mycobot_ros2/install/myarm_m750/lib/python3.12/site-packages/myarm_m750
[5.306s] byte-compiling /home/amira/mycobot_ros2/install/myarm_m750/lib/python3.12/site-packages/myarm_m750/slider_control.py to slider_control.cpython-312.pyc
[5.306s] byte-compiling /home/amira/mycobot_ros2/install/myarm_m750/lib/python3.12/site-packages/myarm_m750/read_control.py to read_control.cpython-312.pyc
[5.318s] byte-compiling /home/amira/mycobot_ros2/install/myarm_m750/lib/python3.12/site-packages/myarm_m750/follow_display.py to follow_display.cpython-312.pyc
[5.331s] byte-compiling /home/amira/mycobot_ros2/install/myarm_m750/lib/python3.12/site-packages/myarm_m750/combined_control.py to combined_control.cpython-312.pyc
[5.334s] byte-compiling /home/amira/mycobot_ros2/install/myarm_m750/lib/python3.12/site-packages/myarm_m750/simple_gui.py to simple_gui.cpython-312.pyc
[5.358s] byte-compiling /home/amira/mycobot_ros2/install/myarm_m750/lib/python3.12/site-packages/myarm_m750/teleop_keyboard.py to teleop_keyboard.cpython-312.pyc
[5.363s] byte-compiling /home/amira/mycobot_ros2/install/myarm_m750/lib/python3.12/site-packages/myarm_m750/__init__.py to __init__.cpython-312.pyc
[5.364s] running install_data
[5.364s] creating /home/amira/mycobot_ros2/install/myarm_m750/share/ament_index
[5.371s] creating /home/amira/mycobot_ros2/install/myarm_m750/share/ament_index/resource_index
[5.371s] creating /home/amira/mycobot_ros2/install/myarm_m750/share/ament_index/resource_index/packages
[5.371s] copying resource/myarm_m750 -> /home/amira/mycobot_ros2/install/myarm_m750/share/ament_index/resource_index/packages
[5.371s] copying package.xml -> /home/amira/mycobot_ros2/install/myarm_m750/share/myarm_m750
[5.374s] creating /home/amira/mycobot_ros2/install/myarm_m750/share/myarm_m750/launch
[5.374s] copying launch/slider_control.launch.py -> /home/amira/mycobot_ros2/install/myarm_m750/share/myarm_m750/launch
[5.375s] copying launch/combined_control.launch.py -> /home/amira/mycobot_ros2/install/myarm_m750/share/myarm_m750/launch
[5.378s] copying launch/simple_gui.launch.py -> /home/amira/mycobot_ros2/install/myarm_m750/share/myarm_m750/launch
[5.379s] copying launch/mycobot_follow.launch.py -> /home/amira/mycobot_ros2/install/myarm_m750/share/myarm_m750/launch
[5.382s] copying launch/debug.launch.py -> /home/amira/mycobot_ros2/install/myarm_m750/share/myarm_m750/launch
[5.392s] copying launch/teleop_keyboard.launch.py -> /home/amira/mycobot_ros2/install/myarm_m750/share/myarm_m750/launch
[5.392s] copying launch/test.launch.py -> /home/amira/mycobot_ros2/install/myarm_m750/share/myarm_m750/launch
[5.393s] creating /home/amira/mycobot_ros2/install/myarm_m750/share/myarm_m750/config
[5.394s] copying config/myarm_m_with_myarm_c650.rviz -> /home/amira/mycobot_ros2/install/myarm_m750/share/myarm_m750/config
[5.396s] copying config/myarm_m750_with_myarm_c650.rviz -> /home/amira/mycobot_ros2/install/myarm_m750/share/myarm_m750/config
[5.400s] copying config/myarm_m750.rviz -> /home/amira/mycobot_ros2/install/myarm_m750/share/myarm_m750/config
[5.403s] copying config/mycobot_with_marker.rviz -> /home/amira/mycobot_ros2/install/myarm_m750/share/myarm_m750/config
[5.406s] running install_egg_info
[5.547s] Copying ../../../build/myarm_m750/myarm_m750.egg-info to /home/amira/mycobot_ros2/install/myarm_m750/lib/python3.12/site-packages/myarm_m750-0.0.0-py3.12.egg-info
[5.550s] running install_scripts
[6.013s] Installing combined_control script to /home/amira/mycobot_ros2/install/myarm_m750/lib/myarm_m750
[6.021s] Installing follow_display script to /home/amira/mycobot_ros2/install/myarm_m750/lib/myarm_m750
[6.021s] Installing read_control script to /home/amira/mycobot_ros2/install/myarm_m750/lib/myarm_m750
[6.021s] Installing simple_gui script to /home/amira/mycobot_ros2/install/myarm_m750/lib/myarm_m750
[6.021s] Installing slider_control script to /home/amira/mycobot_ros2/install/myarm_m750/lib/myarm_m750
[6.022s] Installing teleop_keyboard script to /home/amira/mycobot_ros2/install/myarm_m750/lib/myarm_m750
[6.105s] writing list of installed files to '/home/amira/mycobot_ros2/build/myarm_m750/install.log'
[6.127s] Invoked command in '/home/amira/mycobot_ros2/src/myArm/myarm_m750' returned '0': AMENT_PREFIX_PATH=/home/amira/mycobot_ros2/install/mycobot_communication:/home/amira/mycobot_ros2/install/mycobot_interfaces:/home/amira/mycobot_ros2/install/mycobot_description:${AMENT_PREFIX_PATH} CMAKE_PREFIX_PATH=/home/amira/mycobot_ros2/install/mycobot_interfaces:${CMAKE_PREFIX_PATH} DEBUGINFOD_URLS=https://debuginfod.ubuntu.com LD_LIBRARY_PATH=/home/amira/mycobot_ros2/install/mycobot_interfaces/lib:${LD_LIBRARY_PATH} PYTHONPATH=/home/amira/mycobot_ros2/build/myarm_m750/prefix_override:/usr/lib/python3/dist-packages/colcon_core/task/python/colcon_distutils_commands:/home/amira/mycobot_ros2/install/myarm_m750/lib/python3.12/site-packages:/home/amira/mycobot_ros2/install/mycobot_communication/lib/python3.12/site-packages:/home/amira/mycobot_ros2/install/mycobot_interfaces/lib/python3.12/site-packages:/home/amira/mycobot_ros2/install/mycobot_description/lib/python3.12/site-packages:${PYTHONPATH} /usr/bin/python3 -W ignore:setup.py install is deprecated -W ignore:easy_install command is deprecated setup.py egg_info --egg-base ../../../build/myarm_m750 build --build-base /home/amira/mycobot_ros2/build/myarm_m750/build install --record /home/amira/mycobot_ros2/build/myarm_m750/install.log --single-version-externally-managed install_data
