running egg_info
creating ../../../build/mypalletizer_260_pi/mypalletizer_260_pi.egg-info
writing ../../../build/mypalletizer_260_pi/mypalletizer_260_pi.egg-info/PKG-INFO
writing dependency_links to ../../../build/mypalletizer_260_pi/mypalletizer_260_pi.egg-info/dependency_links.txt
writing entry points to ../../../build/mypalletizer_260_pi/mypalletizer_260_pi.egg-info/entry_points.txt
writing requirements to ../../../build/mypalletizer_260_pi/mypalletizer_260_pi.egg-info/requires.txt
writing top-level names to ../../../build/mypalletizer_260_pi/mypalletizer_260_pi.egg-info/top_level.txt
writing manifest file '../../../build/mypalletizer_260_pi/mypalletizer_260_pi.egg-info/SOURCES.txt'
reading manifest file '../../../build/mypalletizer_260_pi/mypalletizer_260_pi.egg-info/SOURCES.txt'
adding license file 'LICENSE'
writing manifest file '../../../build/mypalletizer_260_pi/mypalletizer_260_pi.egg-info/SOURCES.txt'
running build
running build_py
creating /home/amira/mycobot_ros2/build/mypalletizer_260_pi/build
creating /home/amira/mycobot_ros2/build/mypalletizer_260_pi/build/lib
creating /home/amira/mycobot_ros2/build/mypalletizer_260_pi/build/lib/mypalletizer_260_pi
copying mypalletizer_260_pi/slider_control.py -> /home/amira/mycobot_ros2/build/mypalletizer_260_pi/build/lib/mypalletizer_260_pi
copying mypalletizer_260_pi/listen_real_of_topic.py -> /home/amira/mycobot_ros2/build/mypalletizer_260_pi/build/lib/mypalletizer_260_pi
copying mypalletizer_260_pi/follow_display.py -> /home/amira/mycobot_ros2/build/mypalletizer_260_pi/build/lib/mypalletizer_260_pi
copying mypalletizer_260_pi/listen_real.py -> /home/amira/mycobot_ros2/build/mypalletizer_260_pi/build/lib/mypalletizer_260_pi
copying mypalletizer_260_pi/listen_real_service.py -> /home/amira/mycobot_ros2/build/mypalletizer_260_pi/build/lib/mypalletizer_260_pi
copying mypalletizer_260_pi/slider_control_adaptive_gripper.py -> /home/amira/mycobot_ros2/build/mypalletizer_260_pi/build/lib/mypalletizer_260_pi
copying mypalletizer_260_pi/simple_gui.py -> /home/amira/mycobot_ros2/build/mypalletizer_260_pi/build/lib/mypalletizer_260_pi
copying mypalletizer_260_pi/teleop_keyboard.py -> /home/amira/mycobot_ros2/build/mypalletizer_260_pi/build/lib/mypalletizer_260_pi
copying mypalletizer_260_pi/__init__.py -> /home/amira/mycobot_ros2/build/mypalletizer_260_pi/build/lib/mypalletizer_260_pi
running install
running install_lib
creating /home/amira/mycobot_ros2/install/mypalletizer_260_pi/lib/python3.12/site-packages/mypalletizer_260_pi
copying /home/amira/mycobot_ros2/build/mypalletizer_260_pi/build/lib/mypalletizer_260_pi/slider_control.py -> /home/amira/mycobot_ros2/install/mypalletizer_260_pi/lib/python3.12/site-packages/mypalletizer_260_pi
copying /home/amira/mycobot_ros2/build/mypalletizer_260_pi/build/lib/mypalletizer_260_pi/listen_real_of_topic.py -> /home/amira/mycobot_ros2/install/mypalletizer_260_pi/lib/python3.12/site-packages/mypalletizer_260_pi
copying /home/amira/mycobot_ros2/build/mypalletizer_260_pi/build/lib/mypalletizer_260_pi/follow_display.py -> /home/amira/mycobot_ros2/install/mypalletizer_260_pi/lib/python3.12/site-packages/mypalletizer_260_pi
copying /home/amira/mycobot_ros2/build/mypalletizer_260_pi/build/lib/mypalletizer_260_pi/listen_real.py -> /home/amira/mycobot_ros2/install/mypalletizer_260_pi/lib/python3.12/site-packages/mypalletizer_260_pi
copying /home/amira/mycobot_ros2/build/mypalletizer_260_pi/build/lib/mypalletizer_260_pi/listen_real_service.py -> /home/amira/mycobot_ros2/install/mypalletizer_260_pi/lib/python3.12/site-packages/mypalletizer_260_pi
copying /home/amira/mycobot_ros2/build/mypalletizer_260_pi/build/lib/mypalletizer_260_pi/slider_control_adaptive_gripper.py -> /home/amira/mycobot_ros2/install/mypalletizer_260_pi/lib/python3.12/site-packages/mypalletizer_260_pi
copying /home/amira/mycobot_ros2/build/mypalletizer_260_pi/build/lib/mypalletizer_260_pi/simple_gui.py -> /home/amira/mycobot_ros2/install/mypalletizer_260_pi/lib/python3.12/site-packages/mypalletizer_260_pi
copying /home/amira/mycobot_ros2/build/mypalletizer_260_pi/build/lib/mypalletizer_260_pi/teleop_keyboard.py -> /home/amira/mycobot_ros2/install/mypalletizer_260_pi/lib/python3.12/site-packages/mypalletizer_260_pi
copying /home/amira/mycobot_ros2/build/mypalletizer_260_pi/build/lib/mypalletizer_260_pi/__init__.py -> /home/amira/mycobot_ros2/install/mypalletizer_260_pi/lib/python3.12/site-packages/mypalletizer_260_pi
byte-compiling /home/amira/mycobot_ros2/install/mypalletizer_260_pi/lib/python3.12/site-packages/mypalletizer_260_pi/slider_control.py to slider_control.cpython-312.pyc
byte-compiling /home/amira/mycobot_ros2/install/mypalletizer_260_pi/lib/python3.12/site-packages/mypalletizer_260_pi/listen_real_of_topic.py to listen_real_of_topic.cpython-312.pyc
byte-compiling /home/amira/mycobot_ros2/install/mypalletizer_260_pi/lib/python3.12/site-packages/mypalletizer_260_pi/follow_display.py to follow_display.cpython-312.pyc
byte-compiling /home/amira/mycobot_ros2/install/mypalletizer_260_pi/lib/python3.12/site-packages/mypalletizer_260_pi/listen_real.py to listen_real.cpython-312.pyc
byte-compiling /home/amira/mycobot_ros2/install/mypalletizer_260_pi/lib/python3.12/site-packages/mypalletizer_260_pi/listen_real_service.py to listen_real_service.cpython-312.pyc
byte-compiling /home/amira/mycobot_ros2/install/mypalletizer_260_pi/lib/python3.12/site-packages/mypalletizer_260_pi/slider_control_adaptive_gripper.py to slider_control_adaptive_gripper.cpython-312.pyc
byte-compiling /home/amira/mycobot_ros2/install/mypalletizer_260_pi/lib/python3.12/site-packages/mypalletizer_260_pi/simple_gui.py to simple_gui.cpython-312.pyc
byte-compiling /home/amira/mycobot_ros2/install/mypalletizer_260_pi/lib/python3.12/site-packages/mypalletizer_260_pi/teleop_keyboard.py to teleop_keyboard.cpython-312.pyc
byte-compiling /home/amira/mycobot_ros2/install/mypalletizer_260_pi/lib/python3.12/site-packages/mypalletizer_260_pi/__init__.py to __init__.cpython-312.pyc
running install_data
creating /home/amira/mycobot_ros2/install/mypalletizer_260_pi/share/ament_index
creating /home/amira/mycobot_ros2/install/mypalletizer_260_pi/share/ament_index/resource_index
creating /home/amira/mycobot_ros2/install/mypalletizer_260_pi/share/ament_index/resource_index/packages
copying resource/mypalletizer_260_pi -> /home/amira/mycobot_ros2/install/mypalletizer_260_pi/share/ament_index/resource_index/packages
copying package.xml -> /home/amira/mycobot_ros2/install/mypalletizer_260_pi/share/mypalletizer_260_pi
creating /home/amira/mycobot_ros2/install/mypalletizer_260_pi/share/mypalletizer_260_pi/launch
copying launch/slider_control.launch.py -> /home/amira/mycobot_ros2/install/mypalletizer_260_pi/share/mypalletizer_260_pi/launch
copying launch/slider_control_adaptive_gripper.launch.py -> /home/amira/mycobot_ros2/install/mypalletizer_260_pi/share/mypalletizer_260_pi/launch
copying launch/simple_gui.launch.py -> /home/amira/mycobot_ros2/install/mypalletizer_260_pi/share/mypalletizer_260_pi/launch
copying launch/test_gripper.launch.py -> /home/amira/mycobot_ros2/install/mypalletizer_260_pi/share/mypalletizer_260_pi/launch
copying launch/follow.launch.py -> /home/amira/mycobot_ros2/install/mypalletizer_260_pi/share/mypalletizer_260_pi/launch
copying launch/teleop_keyboard.launch.py -> /home/amira/mycobot_ros2/install/mypalletizer_260_pi/share/mypalletizer_260_pi/launch
copying launch/test.launch.py -> /home/amira/mycobot_ros2/install/mypalletizer_260_pi/share/mypalletizer_260_pi/launch
creating /home/amira/mycobot_ros2/install/mypalletizer_260_pi/share/mypalletizer_260_pi/config
copying config/mypalletizer_pi.rviz -> /home/amira/mycobot_ros2/install/mypalletizer_260_pi/share/mypalletizer_260_pi/config
copying config/mycobot_with_marker.rviz -> /home/amira/mycobot_ros2/install/mypalletizer_260_pi/share/mypalletizer_260_pi/config
running install_egg_info
Copying ../../../build/mypalletizer_260_pi/mypalletizer_260_pi.egg-info to /home/amira/mycobot_ros2/install/mypalletizer_260_pi/lib/python3.12/site-packages/mypalletizer_260_pi-0.0.0-py3.12.egg-info
running install_scripts
Installing detect_marker script to /home/amira/mycobot_ros2/install/mypalletizer_260_pi/lib/mypalletizer_260_pi
Installing follow_display script to /home/amira/mycobot_ros2/install/mypalletizer_260_pi/lib/mypalletizer_260_pi
Installing following_marker script to /home/amira/mycobot_ros2/install/mypalletizer_260_pi/lib/mypalletizer_260_pi
Installing listen_real script to /home/amira/mycobot_ros2/install/mypalletizer_260_pi/lib/mypalletizer_260_pi
Installing listen_real_of_topic script to /home/amira/mycobot_ros2/install/mypalletizer_260_pi/lib/mypalletizer_260_pi
Installing listen_real_service script to /home/amira/mycobot_ros2/install/mypalletizer_260_pi/lib/mypalletizer_260_pi
Installing simple_gui script to /home/amira/mycobot_ros2/install/mypalletizer_260_pi/lib/mypalletizer_260_pi
Installing slider_control script to /home/amira/mycobot_ros2/install/mypalletizer_260_pi/lib/mypalletizer_260_pi
Installing slider_control_adaptive_gripper script to /home/amira/mycobot_ros2/install/mypalletizer_260_pi/lib/mypalletizer_260_pi
Installing teleop_keyboard script to /home/amira/mycobot_ros2/install/mypalletizer_260_pi/lib/mypalletizer_260_pi
writing list of installed files to '/home/amira/mycobot_ros2/build/mypalletizer_260_pi/install.log'
