[3.060s] Invoking command in '/home/amira/mycobot_ros2/src/mypalletizer_260/mypalletizer_260_pi': AMENT_PREFIX_PATH=/home/amira/mycobot_ros2/install/mycobot_description:${AMENT_PREFIX_PATH} DEBUGINFOD_URLS=https://debuginfod.ubuntu.com PYTHONPATH=/home/amira/mycobot_ros2/build/mypalletizer_260_pi/prefix_override:/usr/lib/python3/dist-packages/colcon_core/task/python/colcon_distutils_commands:/home/amira/mycobot_ros2/install/mypalletizer_260_pi/lib/python3.12/site-packages:/home/amira/mycobot_ros2/install/mycobot_description/lib/python3.12/site-packages:${PYTHONPATH} /usr/bin/python3 -W ignore:setup.py install is deprecated -W ignore:easy_install command is deprecated setup.py egg_info --egg-base ../../../build/mypalletizer_260_pi build --build-base /home/amira/mycobot_ros2/build/mypalletizer_260_pi/build install --record /home/amira/mycobot_ros2/build/mypalletizer_260_pi/install.log --single-version-externally-managed install_data
[4.004s] running egg_info
[4.020s] creating ../../../build/mypalletizer_260_pi/mypalletizer_260_pi.egg-info
[4.148s] writing ../../../build/mypalletizer_260_pi/mypalletizer_260_pi.egg-info/PKG-INFO
[4.148s] writing dependency_links to ../../../build/mypalletizer_260_pi/mypalletizer_260_pi.egg-info/dependency_links.txt
[4.149s] writing entry points to ../../../build/mypalletizer_260_pi/mypalletizer_260_pi.egg-info/entry_points.txt
[4.173s] writing requirements to ../../../build/mypalletizer_260_pi/mypalletizer_260_pi.egg-info/requires.txt
[4.173s] writing top-level names to ../../../build/mypalletizer_260_pi/mypalletizer_260_pi.egg-info/top_level.txt
[4.173s] writing manifest file '../../../build/mypalletizer_260_pi/mypalletizer_260_pi.egg-info/SOURCES.txt'
[4.416s] reading manifest file '../../../build/mypalletizer_260_pi/mypalletizer_260_pi.egg-info/SOURCES.txt'
[4.420s] adding license file 'LICENSE'
[4.421s] writing manifest file '../../../build/mypalletizer_260_pi/mypalletizer_260_pi.egg-info/SOURCES.txt'
[4.423s] running build
[4.426s] running build_py
[4.431s] creating /home/amira/mycobot_ros2/build/mypalletizer_260_pi/build
[4.431s] creating /home/amira/mycobot_ros2/build/mypalletizer_260_pi/build/lib
[4.448s] creating /home/amira/mycobot_ros2/build/mypalletizer_260_pi/build/lib/mypalletizer_260_pi
[4.452s] copying mypalletizer_260_pi/slider_control.py -> /home/amira/mycobot_ros2/build/mypalletizer_260_pi/build/lib/mypalletizer_260_pi
[4.480s] copying mypalletizer_260_pi/listen_real_of_topic.py -> /home/amira/mycobot_ros2/build/mypalletizer_260_pi/build/lib/mypalletizer_260_pi
[4.480s] copying mypalletizer_260_pi/follow_display.py -> /home/amira/mycobot_ros2/build/mypalletizer_260_pi/build/lib/mypalletizer_260_pi
[4.481s] copying mypalletizer_260_pi/listen_real.py -> /home/amira/mycobot_ros2/build/mypalletizer_260_pi/build/lib/mypalletizer_260_pi
[4.483s] copying mypalletizer_260_pi/listen_real_service.py -> /home/amira/mycobot_ros2/build/mypalletizer_260_pi/build/lib/mypalletizer_260_pi
[4.485s] copying mypalletizer_260_pi/slider_control_adaptive_gripper.py -> /home/amira/mycobot_ros2/build/mypalletizer_260_pi/build/lib/mypalletizer_260_pi
[4.486s] copying mypalletizer_260_pi/simple_gui.py -> /home/amira/mycobot_ros2/build/mypalletizer_260_pi/build/lib/mypalletizer_260_pi
[4.490s] copying mypalletizer_260_pi/teleop_keyboard.py -> /home/amira/mycobot_ros2/build/mypalletizer_260_pi/build/lib/mypalletizer_260_pi
[4.494s] copying mypalletizer_260_pi/__init__.py -> /home/amira/mycobot_ros2/build/mypalletizer_260_pi/build/lib/mypalletizer_260_pi
[4.494s] running install
[4.514s] running install_lib
[4.602s] creating /home/amira/mycobot_ros2/install/mypalletizer_260_pi/lib/python3.12/site-packages/mypalletizer_260_pi
[4.604s] copying /home/amira/mycobot_ros2/build/mypalletizer_260_pi/build/lib/mypalletizer_260_pi/slider_control.py -> /home/amira/mycobot_ros2/install/mypalletizer_260_pi/lib/python3.12/site-packages/mypalletizer_260_pi
[4.622s] copying /home/amira/mycobot_ros2/build/mypalletizer_260_pi/build/lib/mypalletizer_260_pi/listen_real_of_topic.py -> /home/amira/mycobot_ros2/install/mypalletizer_260_pi/lib/python3.12/site-packages/mypalletizer_260_pi
[4.622s] copying /home/amira/mycobot_ros2/build/mypalletizer_260_pi/build/lib/mypalletizer_260_pi/follow_display.py -> /home/amira/mycobot_ros2/install/mypalletizer_260_pi/lib/python3.12/site-packages/mypalletizer_260_pi
[4.624s] copying /home/amira/mycobot_ros2/build/mypalletizer_260_pi/build/lib/mypalletizer_260_pi/listen_real.py -> /home/amira/mycobot_ros2/install/mypalletizer_260_pi/lib/python3.12/site-packages/mypalletizer_260_pi
[4.653s] copying /home/amira/mycobot_ros2/build/mypalletizer_260_pi/build/lib/mypalletizer_260_pi/listen_real_service.py -> /home/amira/mycobot_ros2/install/mypalletizer_260_pi/lib/python3.12/site-packages/mypalletizer_260_pi
[4.655s] copying /home/amira/mycobot_ros2/build/mypalletizer_260_pi/build/lib/mypalletizer_260_pi/slider_control_adaptive_gripper.py -> /home/amira/mycobot_ros2/install/mypalletizer_260_pi/lib/python3.12/site-packages/mypalletizer_260_pi
[4.656s] copying /home/amira/mycobot_ros2/build/mypalletizer_260_pi/build/lib/mypalletizer_260_pi/simple_gui.py -> /home/amira/mycobot_ros2/install/mypalletizer_260_pi/lib/python3.12/site-packages/mypalletizer_260_pi
[4.657s] copying /home/amira/mycobot_ros2/build/mypalletizer_260_pi/build/lib/mypalletizer_260_pi/teleop_keyboard.py -> /home/amira/mycobot_ros2/install/mypalletizer_260_pi/lib/python3.12/site-packages/mypalletizer_260_pi
[4.658s] copying /home/amira/mycobot_ros2/build/mypalletizer_260_pi/build/lib/mypalletizer_260_pi/__init__.py -> /home/amira/mycobot_ros2/install/mypalletizer_260_pi/lib/python3.12/site-packages/mypalletizer_260_pi
[4.663s] byte-compiling /home/amira/mycobot_ros2/install/mypalletizer_260_pi/lib/python3.12/site-packages/mypalletizer_260_pi/slider_control.py to slider_control.cpython-312.pyc
[4.670s] byte-compiling /home/amira/mycobot_ros2/install/mypalletizer_260_pi/lib/python3.12/site-packages/mypalletizer_260_pi/listen_real_of_topic.py to listen_real_of_topic.cpython-312.pyc
[4.680s] byte-compiling /home/amira/mycobot_ros2/install/mypalletizer_260_pi/lib/python3.12/site-packages/mypalletizer_260_pi/follow_display.py to follow_display.cpython-312.pyc
[4.680s] byte-compiling /home/amira/mycobot_ros2/install/mypalletizer_260_pi/lib/python3.12/site-packages/mypalletizer_260_pi/listen_real.py to listen_real.cpython-312.pyc
[4.684s] byte-compiling /home/amira/mycobot_ros2/install/mypalletizer_260_pi/lib/python3.12/site-packages/mypalletizer_260_pi/listen_real_service.py to listen_real_service.cpython-312.pyc
[4.696s] byte-compiling /home/amira/mycobot_ros2/install/mypalletizer_260_pi/lib/python3.12/site-packages/mypalletizer_260_pi/slider_control_adaptive_gripper.py to slider_control_adaptive_gripper.cpython-312.pyc
[4.698s] byte-compiling /home/amira/mycobot_ros2/install/mypalletizer_260_pi/lib/python3.12/site-packages/mypalletizer_260_pi/simple_gui.py to simple_gui.cpython-312.pyc
[4.712s] byte-compiling /home/amira/mycobot_ros2/install/mypalletizer_260_pi/lib/python3.12/site-packages/mypalletizer_260_pi/teleop_keyboard.py to teleop_keyboard.cpython-312.pyc
[4.717s] byte-compiling /home/amira/mycobot_ros2/install/mypalletizer_260_pi/lib/python3.12/site-packages/mypalletizer_260_pi/__init__.py to __init__.cpython-312.pyc
[4.718s] running install_data
[4.719s] creating /home/amira/mycobot_ros2/install/mypalletizer_260_pi/share/ament_index
[4.719s] creating /home/amira/mycobot_ros2/install/mypalletizer_260_pi/share/ament_index/resource_index
[4.725s] creating /home/amira/mycobot_ros2/install/mypalletizer_260_pi/share/ament_index/resource_index/packages
[4.729s] copying resource/mypalletizer_260_pi -> /home/amira/mycobot_ros2/install/mypalletizer_260_pi/share/ament_index/resource_index/packages
[4.729s] copying package.xml -> /home/amira/mycobot_ros2/install/mypalletizer_260_pi/share/mypalletizer_260_pi
[4.729s] creating /home/amira/mycobot_ros2/install/mypalletizer_260_pi/share/mypalletizer_260_pi/launch
[4.730s] copying launch/slider_control.launch.py -> /home/amira/mycobot_ros2/install/mypalletizer_260_pi/share/mypalletizer_260_pi/launch
[4.752s] copying launch/slider_control_adaptive_gripper.launch.py -> /home/amira/mycobot_ros2/install/mypalletizer_260_pi/share/mypalletizer_260_pi/launch
[4.753s] copying launch/simple_gui.launch.py -> /home/amira/mycobot_ros2/install/mypalletizer_260_pi/share/mypalletizer_260_pi/launch
[5.241s] copying launch/test_gripper.launch.py -> /home/amira/mycobot_ros2/install/mypalletizer_260_pi/share/mypalletizer_260_pi/launch
[5.245s] copying launch/follow.launch.py -> /home/amira/mycobot_ros2/install/mypalletizer_260_pi/share/mypalletizer_260_pi/launch
[5.245s] copying launch/teleop_keyboard.launch.py -> /home/amira/mycobot_ros2/install/mypalletizer_260_pi/share/mypalletizer_260_pi/launch
[5.246s] copying launch/test.launch.py -> /home/amira/mycobot_ros2/install/mypalletizer_260_pi/share/mypalletizer_260_pi/launch
[5.247s] creating /home/amira/mycobot_ros2/install/mypalletizer_260_pi/share/mypalletizer_260_pi/config
[5.248s] copying config/mypalletizer_pi.rviz -> /home/amira/mycobot_ros2/install/mypalletizer_260_pi/share/mypalletizer_260_pi/config
[5.248s] copying config/mycobot_with_marker.rviz -> /home/amira/mycobot_ros2/install/mypalletizer_260_pi/share/mypalletizer_260_pi/config
[5.249s] running install_egg_info
[5.250s] Copying ../../../build/mypalletizer_260_pi/mypalletizer_260_pi.egg-info to /home/amira/mycobot_ros2/install/mypalletizer_260_pi/lib/python3.12/site-packages/mypalletizer_260_pi-0.0.0-py3.12.egg-info
[5.251s] running install_scripts
[5.253s] Installing detect_marker script to /home/amira/mycobot_ros2/install/mypalletizer_260_pi/lib/mypalletizer_260_pi
[5.254s] Installing follow_display script to /home/amira/mycobot_ros2/install/mypalletizer_260_pi/lib/mypalletizer_260_pi
[5.254s] Installing following_marker script to /home/amira/mycobot_ros2/install/mypalletizer_260_pi/lib/mypalletizer_260_pi
[5.255s] Installing listen_real script to /home/amira/mycobot_ros2/install/mypalletizer_260_pi/lib/mypalletizer_260_pi
[5.255s] Installing listen_real_of_topic script to /home/amira/mycobot_ros2/install/mypalletizer_260_pi/lib/mypalletizer_260_pi
[5.256s] Installing listen_real_service script to /home/amira/mycobot_ros2/install/mypalletizer_260_pi/lib/mypalletizer_260_pi
[5.256s] Installing simple_gui script to /home/amira/mycobot_ros2/install/mypalletizer_260_pi/lib/mypalletizer_260_pi
[5.257s] Installing slider_control script to /home/amira/mycobot_ros2/install/mypalletizer_260_pi/lib/mypalletizer_260_pi
[5.257s] Installing slider_control_adaptive_gripper script to /home/amira/mycobot_ros2/install/mypalletizer_260_pi/lib/mypalletizer_260_pi
[5.258s] Installing teleop_keyboard script to /home/amira/mycobot_ros2/install/mypalletizer_260_pi/lib/mypalletizer_260_pi
[5.258s] writing list of installed files to '/home/amira/mycobot_ros2/build/mypalletizer_260_pi/install.log'
[5.298s] Invoked command in '/home/amira/mycobot_ros2/src/mypalletizer_260/mypalletizer_260_pi' returned '0': AMENT_PREFIX_PATH=/home/amira/mycobot_ros2/install/mycobot_description:${AMENT_PREFIX_PATH} DEBUGINFOD_URLS=https://debuginfod.ubuntu.com PYTHONPATH=/home/amira/mycobot_ros2/build/mypalletizer_260_pi/prefix_override:/usr/lib/python3/dist-packages/colcon_core/task/python/colcon_distutils_commands:/home/amira/mycobot_ros2/install/mypalletizer_260_pi/lib/python3.12/site-packages:/home/amira/mycobot_ros2/install/mycobot_description/lib/python3.12/site-packages:${PYTHONPATH} /usr/bin/python3 -W ignore:setup.py install is deprecated -W ignore:easy_install command is deprecated setup.py egg_info --egg-base ../../../build/mypalletizer_260_pi build --build-base /home/amira/mycobot_ros2/build/mypalletizer_260_pi/build install --record /home/amira/mycobot_ros2/build/mypalletizer_260_pi/install.log --single-version-externally-managed install_data
