/home/amira/mycobot_ros2/install/mycobot_280pi/lib/python3.12/site-packages/mycobot_280pi/slider_control.py
/home/amira/mycobot_ros2/install/mycobot_280pi/lib/python3.12/site-packages/mycobot_280pi/listen_real_of_topic.py
/home/amira/mycobot_ros2/install/mycobot_280pi/lib/python3.12/site-packages/mycobot_280pi/camera_display.py
/home/amira/mycobot_ros2/install/mycobot_280pi/lib/python3.12/site-packages/mycobot_280pi/follow_display.py
/home/amira/mycobot_ros2/install/mycobot_280pi/lib/python3.12/site-packages/mycobot_280pi/opencv_camera.py
/home/amira/mycobot_ros2/install/mycobot_280pi/lib/python3.12/site-packages/mycobot_280pi/listen_real.py
/home/amira/mycobot_ros2/install/mycobot_280pi/lib/python3.12/site-packages/mycobot_280pi/listen_real_service.py
/home/amira/mycobot_ros2/install/mycobot_280pi/lib/python3.12/site-packages/mycobot_280pi/slider_control_adaptive_gripper.py
/home/amira/mycobot_ros2/install/mycobot_280pi/lib/python3.12/site-packages/mycobot_280pi/simple_gui.py
/home/amira/mycobot_ros2/install/mycobot_280pi/lib/python3.12/site-packages/mycobot_280pi/teleop_keyboard.py
/home/amira/mycobot_ros2/install/mycobot_280pi/lib/python3.12/site-packages/mycobot_280pi/__init__.py
/home/amira/mycobot_ros2/install/mycobot_280pi/lib/python3.12/site-packages/mycobot_280pi/__pycache__/slider_control.cpython-312.pyc
/home/amira/mycobot_ros2/install/mycobot_280pi/lib/python3.12/site-packages/mycobot_280pi/__pycache__/listen_real_of_topic.cpython-312.pyc
/home/amira/mycobot_ros2/install/mycobot_280pi/lib/python3.12/site-packages/mycobot_280pi/__pycache__/camera_display.cpython-312.pyc
/home/amira/mycobot_ros2/install/mycobot_280pi/lib/python3.12/site-packages/mycobot_280pi/__pycache__/follow_display.cpython-312.pyc
/home/amira/mycobot_ros2/install/mycobot_280pi/lib/python3.12/site-packages/mycobot_280pi/__pycache__/opencv_camera.cpython-312.pyc
/home/amira/mycobot_ros2/install/mycobot_280pi/lib/python3.12/site-packages/mycobot_280pi/__pycache__/listen_real.cpython-312.pyc
/home/amira/mycobot_ros2/install/mycobot_280pi/lib/python3.12/site-packages/mycobot_280pi/__pycache__/listen_real_service.cpython-312.pyc
/home/amira/mycobot_ros2/install/mycobot_280pi/lib/python3.12/site-packages/mycobot_280pi/__pycache__/slider_control_adaptive_gripper.cpython-312.pyc
/home/amira/mycobot_ros2/install/mycobot_280pi/lib/python3.12/site-packages/mycobot_280pi/__pycache__/simple_gui.cpython-312.pyc
/home/amira/mycobot_ros2/install/mycobot_280pi/lib/python3.12/site-packages/mycobot_280pi/__pycache__/teleop_keyboard.cpython-312.pyc
/home/amira/mycobot_ros2/install/mycobot_280pi/lib/python3.12/site-packages/mycobot_280pi/__pycache__/__init__.cpython-312.pyc
/home/amira/mycobot_ros2/install/mycobot_280pi/share/ament_index/resource_index/packages/mycobot_280pi
/home/amira/mycobot_ros2/install/mycobot_280pi/share/mycobot_280pi/package.xml
/home/amira/mycobot_ros2/install/mycobot_280pi/share/mycobot_280pi/launch/slider_control.launch.py
/home/amira/mycobot_ros2/install/mycobot_280pi/share/mycobot_280pi/launch/slider_control_adaptive_gripper.launch.py
/home/amira/mycobot_ros2/install/mycobot_280pi/share/mycobot_280pi/launch/simple_gui.launch.py
/home/amira/mycobot_ros2/install/mycobot_280pi/share/mycobot_280pi/launch/mycobot_follow.launch.py
/home/amira/mycobot_ros2/install/mycobot_280pi/share/mycobot_280pi/launch/slider_control_pump.launch.py
/home/amira/mycobot_ros2/install/mycobot_280pi/share/mycobot_280pi/launch/test_camera_flange.launch.py
/home/amira/mycobot_ros2/install/mycobot_280pi/share/mycobot_280pi/launch/slider_control_camera_flange.launch.py
/home/amira/mycobot_ros2/install/mycobot_280pi/share/mycobot_280pi/launch/test_gripper.launch.py
/home/amira/mycobot_ros2/install/mycobot_280pi/share/mycobot_280pi/launch/test_camera_flange_pump.launch.py
/home/amira/mycobot_ros2/install/mycobot_280pi/share/mycobot_280pi/launch/test_pump.launch.py
/home/amira/mycobot_ros2/install/mycobot_280pi/share/mycobot_280pi/launch/teleop_keyboard.launch.py
/home/amira/mycobot_ros2/install/mycobot_280pi/share/mycobot_280pi/launch/test.launch.py
/home/amira/mycobot_ros2/install/mycobot_280pi/share/mycobot_280pi/config/mycobot_pi.rviz
/home/amira/mycobot_ros2/install/mycobot_280pi/share/mycobot_280pi/config/mycobot_with_marker.rviz
/home/amira/mycobot_ros2/install/mycobot_280pi/lib/python3.12/site-packages/mycobot_280pi-0.0.0-py3.12.egg-info/PKG-INFO
/home/amira/mycobot_ros2/install/mycobot_280pi/lib/python3.12/site-packages/mycobot_280pi-0.0.0-py3.12.egg-info/dependency_links.txt
/home/amira/mycobot_ros2/install/mycobot_280pi/lib/python3.12/site-packages/mycobot_280pi-0.0.0-py3.12.egg-info/zip-safe
/home/amira/mycobot_ros2/install/mycobot_280pi/lib/python3.12/site-packages/mycobot_280pi-0.0.0-py3.12.egg-info/SOURCES.txt
/home/amira/mycobot_ros2/install/mycobot_280pi/lib/python3.12/site-packages/mycobot_280pi-0.0.0-py3.12.egg-info/top_level.txt
/home/amira/mycobot_ros2/install/mycobot_280pi/lib/python3.12/site-packages/mycobot_280pi-0.0.0-py3.12.egg-info/entry_points.txt
/home/amira/mycobot_ros2/install/mycobot_280pi/lib/python3.12/site-packages/mycobot_280pi-0.0.0-py3.12.egg-info/requires.txt
/home/amira/mycobot_ros2/install/mycobot_280pi/lib/mycobot_280pi/camera_display
/home/amira/mycobot_ros2/install/mycobot_280pi/lib/mycobot_280pi/follow_display
/home/amira/mycobot_ros2/install/mycobot_280pi/lib/mycobot_280pi/listen_real
/home/amira/mycobot_ros2/install/mycobot_280pi/lib/mycobot_280pi/listen_real_of_topic
/home/amira/mycobot_ros2/install/mycobot_280pi/lib/mycobot_280pi/listen_real_service
/home/amira/mycobot_ros2/install/mycobot_280pi/lib/mycobot_280pi/opencv_camera
/home/amira/mycobot_ros2/install/mycobot_280pi/lib/mycobot_280pi/simple_gui
/home/amira/mycobot_ros2/install/mycobot_280pi/lib/mycobot_280pi/slider_control
/home/amira/mycobot_ros2/install/mycobot_280pi/lib/mycobot_280pi/slider_control_adaptive_gripper
/home/amira/mycobot_ros2/install/mycobot_280pi/lib/mycobot_280pi/teleop_keyboard
