running egg_info
creating ../../../build/mycobot_280_rdkx5/mycobot_280_rdkx5.egg-info
writing ../../../build/mycobot_280_rdkx5/mycobot_280_rdkx5.egg-info/PKG-INFO
writing dependency_links to ../../../build/mycobot_280_rdkx5/mycobot_280_rdkx5.egg-info/dependency_links.txt
writing entry points to ../../../build/mycobot_280_rdkx5/mycobot_280_rdkx5.egg-info/entry_points.txt
writing requirements to ../../../build/mycobot_280_rdkx5/mycobot_280_rdkx5.egg-info/requires.txt
writing top-level names to ../../../build/mycobot_280_rdkx5/mycobot_280_rdkx5.egg-info/top_level.txt
writing manifest file '../../../build/mycobot_280_rdkx5/mycobot_280_rdkx5.egg-info/SOURCES.txt'
reading manifest file '../../../build/mycobot_280_rdkx5/mycobot_280_rdkx5.egg-info/SOURCES.txt'
adding license file 'LICENSE'
writing manifest file '../../../build/mycobot_280_rdkx5/mycobot_280_rdkx5.egg-info/SOURCES.txt'
running build
running build_py
creating /home/amira/mycobot_ros2/build/mycobot_280_rdkx5/build
creating /home/amira/mycobot_ros2/build/mycobot_280_rdkx5/build/lib
creating /home/amira/mycobot_ros2/build/mycobot_280_rdkx5/build/lib/mycobot_280_rdkx5
copying mycobot_280_rdkx5/slider_control.py -> /home/amira/mycobot_ros2/build/mycobot_280_rdkx5/build/lib/mycobot_280_rdkx5
copying mycobot_280_rdkx5/follow_display.py -> /home/amira/mycobot_ros2/build/mycobot_280_rdkx5/build/lib/mycobot_280_rdkx5
copying mycobot_280_rdkx5/listen_real.py -> /home/amira/mycobot_ros2/build/mycobot_280_rdkx5/build/lib/mycobot_280_rdkx5
copying mycobot_280_rdkx5/slider_control_adaptive_gripper.py -> /home/amira/mycobot_ros2/build/mycobot_280_rdkx5/build/lib/mycobot_280_rdkx5
copying mycobot_280_rdkx5/simple_gui.py -> /home/amira/mycobot_ros2/build/mycobot_280_rdkx5/build/lib/mycobot_280_rdkx5
copying mycobot_280_rdkx5/teleop_keyboard.py -> /home/amira/mycobot_ros2/build/mycobot_280_rdkx5/build/lib/mycobot_280_rdkx5
copying mycobot_280_rdkx5/__init__.py -> /home/amira/mycobot_ros2/build/mycobot_280_rdkx5/build/lib/mycobot_280_rdkx5
running install
running install_lib
creating /home/amira/mycobot_ros2/install/mycobot_280_rdkx5/lib/python3.12/site-packages/mycobot_280_rdkx5
copying /home/amira/mycobot_ros2/build/mycobot_280_rdkx5/build/lib/mycobot_280_rdkx5/slider_control.py -> /home/amira/mycobot_ros2/install/mycobot_280_rdkx5/lib/python3.12/site-packages/mycobot_280_rdkx5
copying /home/amira/mycobot_ros2/build/mycobot_280_rdkx5/build/lib/mycobot_280_rdkx5/follow_display.py -> /home/amira/mycobot_ros2/install/mycobot_280_rdkx5/lib/python3.12/site-packages/mycobot_280_rdkx5
copying /home/amira/mycobot_ros2/build/mycobot_280_rdkx5/build/lib/mycobot_280_rdkx5/listen_real.py -> /home/amira/mycobot_ros2/install/mycobot_280_rdkx5/lib/python3.12/site-packages/mycobot_280_rdkx5
copying /home/amira/mycobot_ros2/build/mycobot_280_rdkx5/build/lib/mycobot_280_rdkx5/slider_control_adaptive_gripper.py -> /home/amira/mycobot_ros2/install/mycobot_280_rdkx5/lib/python3.12/site-packages/mycobot_280_rdkx5
copying /home/amira/mycobot_ros2/build/mycobot_280_rdkx5/build/lib/mycobot_280_rdkx5/simple_gui.py -> /home/amira/mycobot_ros2/install/mycobot_280_rdkx5/lib/python3.12/site-packages/mycobot_280_rdkx5
copying /home/amira/mycobot_ros2/build/mycobot_280_rdkx5/build/lib/mycobot_280_rdkx5/teleop_keyboard.py -> /home/amira/mycobot_ros2/install/mycobot_280_rdkx5/lib/python3.12/site-packages/mycobot_280_rdkx5
copying /home/amira/mycobot_ros2/build/mycobot_280_rdkx5/build/lib/mycobot_280_rdkx5/__init__.py -> /home/amira/mycobot_ros2/install/mycobot_280_rdkx5/lib/python3.12/site-packages/mycobot_280_rdkx5
byte-compiling /home/amira/mycobot_ros2/install/mycobot_280_rdkx5/lib/python3.12/site-packages/mycobot_280_rdkx5/slider_control.py to slider_control.cpython-312.pyc
byte-compiling /home/amira/mycobot_ros2/install/mycobot_280_rdkx5/lib/python3.12/site-packages/mycobot_280_rdkx5/follow_display.py to follow_display.cpython-312.pyc
byte-compiling /home/amira/mycobot_ros2/install/mycobot_280_rdkx5/lib/python3.12/site-packages/mycobot_280_rdkx5/listen_real.py to listen_real.cpython-312.pyc
byte-compiling /home/amira/mycobot_ros2/install/mycobot_280_rdkx5/lib/python3.12/site-packages/mycobot_280_rdkx5/slider_control_adaptive_gripper.py to slider_control_adaptive_gripper.cpython-312.pyc
byte-compiling /home/amira/mycobot_ros2/install/mycobot_280_rdkx5/lib/python3.12/site-packages/mycobot_280_rdkx5/simple_gui.py to simple_gui.cpython-312.pyc
byte-compiling /home/amira/mycobot_ros2/install/mycobot_280_rdkx5/lib/python3.12/site-packages/mycobot_280_rdkx5/teleop_keyboard.py to teleop_keyboard.cpython-312.pyc
byte-compiling /home/amira/mycobot_ros2/install/mycobot_280_rdkx5/lib/python3.12/site-packages/mycobot_280_rdkx5/__init__.py to __init__.cpython-312.pyc
running install_data
creating /home/amira/mycobot_ros2/install/mycobot_280_rdkx5/share/ament_index
creating /home/amira/mycobot_ros2/install/mycobot_280_rdkx5/share/ament_index/resource_index
creating /home/amira/mycobot_ros2/install/mycobot_280_rdkx5/share/ament_index/resource_index/packages
copying resource/mycobot_280_rdkx5 -> /home/amira/mycobot_ros2/install/mycobot_280_rdkx5/share/ament_index/resource_index/packages
copying package.xml -> /home/amira/mycobot_ros2/install/mycobot_280_rdkx5/share/mycobot_280_rdkx5
creating /home/amira/mycobot_ros2/install/mycobot_280_rdkx5/share/mycobot_280_rdkx5/launch
copying launch/slider_control.launch.py -> /home/amira/mycobot_ros2/install/mycobot_280_rdkx5/share/mycobot_280_rdkx5/launch
copying launch/slider_control_adaptive_gripper.launch.py -> /home/amira/mycobot_ros2/install/mycobot_280_rdkx5/share/mycobot_280_rdkx5/launch
copying launch/simple_gui.launch.py -> /home/amira/mycobot_ros2/install/mycobot_280_rdkx5/share/mycobot_280_rdkx5/launch
copying launch/mycobot_follow.launch.py -> /home/amira/mycobot_ros2/install/mycobot_280_rdkx5/share/mycobot_280_rdkx5/launch
copying launch/test_adaptive_gripper.launch.py -> /home/amira/mycobot_ros2/install/mycobot_280_rdkx5/share/mycobot_280_rdkx5/launch
copying launch/teleop_keyboard.launch.py -> /home/amira/mycobot_ros2/install/mycobot_280_rdkx5/share/mycobot_280_rdkx5/launch
copying launch/test.launch.py -> /home/amira/mycobot_ros2/install/mycobot_280_rdkx5/share/mycobot_280_rdkx5/launch
creating /home/amira/mycobot_ros2/install/mycobot_280_rdkx5/share/mycobot_280_rdkx5/config
copying config/mycobot_280_rdkx5.rviz -> /home/amira/mycobot_ros2/install/mycobot_280_rdkx5/share/mycobot_280_rdkx5/config
running install_egg_info
Copying ../../../build/mycobot_280_rdkx5/mycobot_280_rdkx5.egg-info to /home/amira/mycobot_ros2/install/mycobot_280_rdkx5/lib/python3.12/site-packages/mycobot_280_rdkx5-0.0.0-py3.12.egg-info
running install_scripts
Installing follow_display script to /home/amira/mycobot_ros2/install/mycobot_280_rdkx5/lib/mycobot_280_rdkx5
Installing listen_real script to /home/amira/mycobot_ros2/install/mycobot_280_rdkx5/lib/mycobot_280_rdkx5
Installing simple_gui script to /home/amira/mycobot_ros2/install/mycobot_280_rdkx5/lib/mycobot_280_rdkx5
Installing slider_control script to /home/amira/mycobot_ros2/install/mycobot_280_rdkx5/lib/mycobot_280_rdkx5
Installing slider_control_adaptive_gripper script to /home/amira/mycobot_ros2/install/mycobot_280_rdkx5/lib/mycobot_280_rdkx5
Installing teleop_keyboard script to /home/amira/mycobot_ros2/install/mycobot_280_rdkx5/lib/mycobot_280_rdkx5
writing list of installed files to '/home/amira/mycobot_ros2/build/mycobot_280_rdkx5/install.log'
