[3.226s] Invoking command in '/home/amira/mycobot_ros2/src/mycobot_280/mycobot_280_rdkx5': AMENT_PREFIX_PATH=/home/amira/mycobot_ros2/install/mycobot_communication:/home/amira/mycobot_ros2/install/mycobot_interfaces:/home/amira/mycobot_ros2/install/mycobot_description:${AMENT_PREFIX_PATH} CMAKE_PREFIX_PATH=/home/amira/mycobot_ros2/install/mycobot_interfaces:${CMAKE_PREFIX_PATH} DEBUGINFOD_URLS=https://debuginfod.ubuntu.com LD_LIBRARY_PATH=/home/amira/mycobot_ros2/install/mycobot_interfaces/lib:${LD_LIBRARY_PATH} PYTHONPATH=/home/amira/mycobot_ros2/build/mycobot_280_rdkx5/prefix_override:/usr/lib/python3/dist-packages/colcon_core/task/python/colcon_distutils_commands:/home/amira/mycobot_ros2/install/mycobot_280_rdkx5/lib/python3.12/site-packages:/home/amira/mycobot_ros2/install/mycobot_communication/lib/python3.12/site-packages:/home/amira/mycobot_ros2/install/mycobot_interfaces/lib/python3.12/site-packages:/home/amira/mycobot_ros2/install/mycobot_description/lib/python3.12/site-packages:${PYTHONPATH} /usr/bin/python3 -W ignore:setup.py install is deprecated -W ignore:easy_install command is deprecated setup.py egg_info --egg-base ../../../build/mycobot_280_rdkx5 build --build-base /home/amira/mycobot_ros2/build/mycobot_280_rdkx5/build install --record /home/amira/mycobot_ros2/build/mycobot_280_rdkx5/install.log --single-version-externally-managed install_data
[4.076s] running egg_info
[4.077s] creating ../../../build/mycobot_280_rdkx5/mycobot_280_rdkx5.egg-info
[4.151s] writing ../../../build/mycobot_280_rdkx5/mycobot_280_rdkx5.egg-info/PKG-INFO
[4.152s] writing dependency_links to ../../../build/mycobot_280_rdkx5/mycobot_280_rdkx5.egg-info/dependency_links.txt
[4.153s] writing entry points to ../../../build/mycobot_280_rdkx5/mycobot_280_rdkx5.egg-info/entry_points.txt
[4.154s] writing requirements to ../../../build/mycobot_280_rdkx5/mycobot_280_rdkx5.egg-info/requires.txt
[4.155s] writing top-level names to ../../../build/mycobot_280_rdkx5/mycobot_280_rdkx5.egg-info/top_level.txt
[4.155s] writing manifest file '../../../build/mycobot_280_rdkx5/mycobot_280_rdkx5.egg-info/SOURCES.txt'
[4.361s] reading manifest file '../../../build/mycobot_280_rdkx5/mycobot_280_rdkx5.egg-info/SOURCES.txt'
[4.362s] adding license file 'LICENSE'
[4.363s] writing manifest file '../../../build/mycobot_280_rdkx5/mycobot_280_rdkx5.egg-info/SOURCES.txt'
[4.366s] running build
[4.370s] running build_py
[4.371s] creating /home/amira/mycobot_ros2/build/mycobot_280_rdkx5/build
[4.379s] creating /home/amira/mycobot_ros2/build/mycobot_280_rdkx5/build/lib
[4.380s] creating /home/amira/mycobot_ros2/build/mycobot_280_rdkx5/build/lib/mycobot_280_rdkx5
[4.380s] copying mycobot_280_rdkx5/slider_control.py -> /home/amira/mycobot_ros2/build/mycobot_280_rdkx5/build/lib/mycobot_280_rdkx5
[4.381s] copying mycobot_280_rdkx5/follow_display.py -> /home/amira/mycobot_ros2/build/mycobot_280_rdkx5/build/lib/mycobot_280_rdkx5
[4.397s] copying mycobot_280_rdkx5/listen_real.py -> /home/amira/mycobot_ros2/build/mycobot_280_rdkx5/build/lib/mycobot_280_rdkx5
[4.400s] copying mycobot_280_rdkx5/slider_control_adaptive_gripper.py -> /home/amira/mycobot_ros2/build/mycobot_280_rdkx5/build/lib/mycobot_280_rdkx5
[4.414s] copying mycobot_280_rdkx5/simple_gui.py -> /home/amira/mycobot_ros2/build/mycobot_280_rdkx5/build/lib/mycobot_280_rdkx5
[4.415s] copying mycobot_280_rdkx5/teleop_keyboard.py -> /home/amira/mycobot_ros2/build/mycobot_280_rdkx5/build/lib/mycobot_280_rdkx5
[4.416s] copying mycobot_280_rdkx5/__init__.py -> /home/amira/mycobot_ros2/build/mycobot_280_rdkx5/build/lib/mycobot_280_rdkx5
[4.418s] running install
[4.443s] running install_lib
[4.554s] creating /home/amira/mycobot_ros2/install/mycobot_280_rdkx5/lib/python3.12/site-packages/mycobot_280_rdkx5
[4.555s] copying /home/amira/mycobot_ros2/build/mycobot_280_rdkx5/build/lib/mycobot_280_rdkx5/slider_control.py -> /home/amira/mycobot_ros2/install/mycobot_280_rdkx5/lib/python3.12/site-packages/mycobot_280_rdkx5
[4.557s] copying /home/amira/mycobot_ros2/build/mycobot_280_rdkx5/build/lib/mycobot_280_rdkx5/follow_display.py -> /home/amira/mycobot_ros2/install/mycobot_280_rdkx5/lib/python3.12/site-packages/mycobot_280_rdkx5
[4.557s] copying /home/amira/mycobot_ros2/build/mycobot_280_rdkx5/build/lib/mycobot_280_rdkx5/listen_real.py -> /home/amira/mycobot_ros2/install/mycobot_280_rdkx5/lib/python3.12/site-packages/mycobot_280_rdkx5
[4.557s] copying /home/amira/mycobot_ros2/build/mycobot_280_rdkx5/build/lib/mycobot_280_rdkx5/slider_control_adaptive_gripper.py -> /home/amira/mycobot_ros2/install/mycobot_280_rdkx5/lib/python3.12/site-packages/mycobot_280_rdkx5
[4.558s] copying /home/amira/mycobot_ros2/build/mycobot_280_rdkx5/build/lib/mycobot_280_rdkx5/simple_gui.py -> /home/amira/mycobot_ros2/install/mycobot_280_rdkx5/lib/python3.12/site-packages/mycobot_280_rdkx5
[4.558s] copying /home/amira/mycobot_ros2/build/mycobot_280_rdkx5/build/lib/mycobot_280_rdkx5/teleop_keyboard.py -> /home/amira/mycobot_ros2/install/mycobot_280_rdkx5/lib/python3.12/site-packages/mycobot_280_rdkx5
[4.558s] copying /home/amira/mycobot_ros2/build/mycobot_280_rdkx5/build/lib/mycobot_280_rdkx5/__init__.py -> /home/amira/mycobot_ros2/install/mycobot_280_rdkx5/lib/python3.12/site-packages/mycobot_280_rdkx5
[4.559s] byte-compiling /home/amira/mycobot_ros2/install/mycobot_280_rdkx5/lib/python3.12/site-packages/mycobot_280_rdkx5/slider_control.py to slider_control.cpython-312.pyc
[4.562s] byte-compiling /home/amira/mycobot_ros2/install/mycobot_280_rdkx5/lib/python3.12/site-packages/mycobot_280_rdkx5/follow_display.py to follow_display.cpython-312.pyc
[4.566s] byte-compiling /home/amira/mycobot_ros2/install/mycobot_280_rdkx5/lib/python3.12/site-packages/mycobot_280_rdkx5/listen_real.py to listen_real.cpython-312.pyc
[4.577s] byte-compiling /home/amira/mycobot_ros2/install/mycobot_280_rdkx5/lib/python3.12/site-packages/mycobot_280_rdkx5/slider_control_adaptive_gripper.py to slider_control_adaptive_gripper.cpython-312.pyc
[4.577s] byte-compiling /home/amira/mycobot_ros2/install/mycobot_280_rdkx5/lib/python3.12/site-packages/mycobot_280_rdkx5/simple_gui.py to simple_gui.cpython-312.pyc
[4.587s] byte-compiling /home/amira/mycobot_ros2/install/mycobot_280_rdkx5/lib/python3.12/site-packages/mycobot_280_rdkx5/teleop_keyboard.py to teleop_keyboard.cpython-312.pyc
[4.591s] byte-compiling /home/amira/mycobot_ros2/install/mycobot_280_rdkx5/lib/python3.12/site-packages/mycobot_280_rdkx5/__init__.py to __init__.cpython-312.pyc
[4.593s] running install_data
[4.593s] creating /home/amira/mycobot_ros2/install/mycobot_280_rdkx5/share/ament_index
[4.593s] creating /home/amira/mycobot_ros2/install/mycobot_280_rdkx5/share/ament_index/resource_index
[4.593s] creating /home/amira/mycobot_ros2/install/mycobot_280_rdkx5/share/ament_index/resource_index/packages
[4.594s] copying resource/mycobot_280_rdkx5 -> /home/amira/mycobot_ros2/install/mycobot_280_rdkx5/share/ament_index/resource_index/packages
[4.594s] copying package.xml -> /home/amira/mycobot_ros2/install/mycobot_280_rdkx5/share/mycobot_280_rdkx5
[4.596s] creating /home/amira/mycobot_ros2/install/mycobot_280_rdkx5/share/mycobot_280_rdkx5/launch
[4.597s] copying launch/slider_control.launch.py -> /home/amira/mycobot_ros2/install/mycobot_280_rdkx5/share/mycobot_280_rdkx5/launch
[4.598s] copying launch/slider_control_adaptive_gripper.launch.py -> /home/amira/mycobot_ros2/install/mycobot_280_rdkx5/share/mycobot_280_rdkx5/launch
[4.600s] copying launch/simple_gui.launch.py -> /home/amira/mycobot_ros2/install/mycobot_280_rdkx5/share/mycobot_280_rdkx5/launch
[4.602s] copying launch/mycobot_follow.launch.py -> /home/amira/mycobot_ros2/install/mycobot_280_rdkx5/share/mycobot_280_rdkx5/launch
[4.606s] copying launch/test_adaptive_gripper.launch.py -> /home/amira/mycobot_ros2/install/mycobot_280_rdkx5/share/mycobot_280_rdkx5/launch
[4.609s] copying launch/teleop_keyboard.launch.py -> /home/amira/mycobot_ros2/install/mycobot_280_rdkx5/share/mycobot_280_rdkx5/launch
[4.612s] copying launch/test.launch.py -> /home/amira/mycobot_ros2/install/mycobot_280_rdkx5/share/mycobot_280_rdkx5/launch
[4.615s] creating /home/amira/mycobot_ros2/install/mycobot_280_rdkx5/share/mycobot_280_rdkx5/config
[4.617s] copying config/mycobot_280_rdkx5.rviz -> /home/amira/mycobot_ros2/install/mycobot_280_rdkx5/share/mycobot_280_rdkx5/config
[4.619s] running install_egg_info
[4.694s] Copying ../../../build/mycobot_280_rdkx5/mycobot_280_rdkx5.egg-info to /home/amira/mycobot_ros2/install/mycobot_280_rdkx5/lib/python3.12/site-packages/mycobot_280_rdkx5-0.0.0-py3.12.egg-info
[4.697s] running install_scripts
[5.452s] Installing follow_display script to /home/amira/mycobot_ros2/install/mycobot_280_rdkx5/lib/mycobot_280_rdkx5
[5.452s] Installing listen_real script to /home/amira/mycobot_ros2/install/mycobot_280_rdkx5/lib/mycobot_280_rdkx5
[5.453s] Installing simple_gui script to /home/amira/mycobot_ros2/install/mycobot_280_rdkx5/lib/mycobot_280_rdkx5
[5.453s] Installing slider_control script to /home/amira/mycobot_ros2/install/mycobot_280_rdkx5/lib/mycobot_280_rdkx5
[5.454s] Installing slider_control_adaptive_gripper script to /home/amira/mycobot_ros2/install/mycobot_280_rdkx5/lib/mycobot_280_rdkx5
[5.456s] Installing teleop_keyboard script to /home/amira/mycobot_ros2/install/mycobot_280_rdkx5/lib/mycobot_280_rdkx5
[5.456s] writing list of installed files to '/home/amira/mycobot_ros2/build/mycobot_280_rdkx5/install.log'
[5.573s] Invoked command in '/home/amira/mycobot_ros2/src/mycobot_280/mycobot_280_rdkx5' returned '0': AMENT_PREFIX_PATH=/home/amira/mycobot_ros2/install/mycobot_communication:/home/amira/mycobot_ros2/install/mycobot_interfaces:/home/amira/mycobot_ros2/install/mycobot_description:${AMENT_PREFIX_PATH} CMAKE_PREFIX_PATH=/home/amira/mycobot_ros2/install/mycobot_interfaces:${CMAKE_PREFIX_PATH} DEBUGINFOD_URLS=https://debuginfod.ubuntu.com LD_LIBRARY_PATH=/home/amira/mycobot_ros2/install/mycobot_interfaces/lib:${LD_LIBRARY_PATH} PYTHONPATH=/home/amira/mycobot_ros2/build/mycobot_280_rdkx5/prefix_override:/usr/lib/python3/dist-packages/colcon_core/task/python/colcon_distutils_commands:/home/amira/mycobot_ros2/install/mycobot_280_rdkx5/lib/python3.12/site-packages:/home/amira/mycobot_ros2/install/mycobot_communication/lib/python3.12/site-packages:/home/amira/mycobot_ros2/install/mycobot_interfaces/lib/python3.12/site-packages:/home/amira/mycobot_ros2/install/mycobot_description/lib/python3.12/site-packages:${PYTHONPATH} /usr/bin/python3 -W ignore:setup.py install is deprecated -W ignore:easy_install command is deprecated setup.py egg_info --egg-base ../../../build/mycobot_280_rdkx5 build --build-base /home/amira/mycobot_ros2/build/mycobot_280_rdkx5/build install --record /home/amira/mycobot_ros2/build/mycobot_280_rdkx5/install.log --single-version-externally-managed install_data
