[0.098s] Invoking command in '/home/amira/mycobot_ros2/build/mycobot_bringup': CMAKE_PREFIX_PATH=${CMAKE_PREFIX_PATH}:/opt/ros/jazzy DEBUGINFOD_URLS=https://debuginfod.ubuntu.com /usr/bin/cmake /home/amira/mycobot_ros2/mycobot_bringup -DCMAKE_INSTALL_PREFIX=/home/amira/mycobot_ros2/install/mycobot_bringup
[1.161s] -- The C compiler identification is GNU 13.3.0
[1.762s] -- The CXX compiler identification is GNU 13.3.0
[1.966s] -- Detecting C compiler ABI info
[2.804s] -- Detecting C compiler ABI info - done
[2.881s] -- Check for working C compiler: /usr/bin/cc - skipped
[2.881s] -- Detecting C compile features
[2.881s] -- Detecting C compile features - done
[2.929s] -- Detecting CXX compiler ABI info
[3.639s] -- Detecting CXX compiler ABI info - done
[3.737s] -- Check for working CXX compiler: /usr/bin/c++ - skipped
[3.741s] -- Detecting CXX compile features
[3.755s] -- Detecting CXX compile features - done
[3.989s] -- Found ament_cmake: 2.5.6 (/opt/ros/jazzy/share/ament_cmake/cmake)
[4.689s] -- Found Python3: /usr/bin/python3 (found version "3.12.3") found components: Interpreter 
[5.519s] -- Found ament_lint_auto: 0.17.5 (/opt/ros/jazzy/share/ament_lint_auto/cmake)
[6.172s] -- Added test 'lint_cmake' to check CMake code style
[6.179s] -- Added test 'xmllint' to check XML markup files
[6.205s] -- Configuring done (5.8s)
[6.217s] -- Generating done (0.0s)
[6.223s] -- Build files have been written to: /home/amira/mycobot_ros2/build/mycobot_bringup
