[3.318s] Invoking command in '/home/amira/mycobot_ros2/src/Mybuddy/mybuddy': AMENT_PREFIX_PATH=/home/amira/mycobot_ros2/install/mycobot_description:${AMENT_PREFIX_PATH} DEBUGINFOD_URLS=https://debuginfod.ubuntu.com PYTHONPATH=/home/amira/mycobot_ros2/build/mybuddy/prefix_override:/usr/lib/python3/dist-packages/colcon_core/task/python/colcon_distutils_commands:/home/amira/mycobot_ros2/install/mybuddy/lib/python3.12/site-packages:/home/amira/mycobot_ros2/install/mycobot_description/lib/python3.12/site-packages:${PYTHONPATH} /usr/bin/python3 -W ignore:setup.py install is deprecated -W ignore:easy_install command is deprecated setup.py egg_info --egg-base ../../../build/mybuddy build --build-base /home/amira/mycobot_ros2/build/mybuddy/build install --record /home/amira/mycobot_ros2/build/mybuddy/install.log --single-version-externally-managed install_data
[4.335s] running egg_info
[4.355s] creating ../../../build/mybuddy/mybuddy.egg-info
[4.428s] writing ../../../build/mybuddy/mybuddy.egg-info/PKG-INFO
[4.431s] writing dependency_links to ../../../build/mybuddy/mybuddy.egg-info/dependency_links.txt
[4.432s] writing entry points to ../../../build/mybuddy/mybuddy.egg-info/entry_points.txt
[4.432s] writing requirements to ../../../build/mybuddy/mybuddy.egg-info/requires.txt
[4.432s] writing top-level names to ../../../build/mybuddy/mybuddy.egg-info/top_level.txt
[4.456s] writing manifest file '../../../build/mybuddy/mybuddy.egg-info/SOURCES.txt'
[4.591s] reading manifest file '../../../build/mybuddy/mybuddy.egg-info/SOURCES.txt'
[4.604s] writing manifest file '../../../build/mybuddy/mybuddy.egg-info/SOURCES.txt'
[4.604s] running build
[4.604s] running build_py
[4.604s] creating /home/amira/mycobot_ros2/build/mybuddy/build
[4.604s] creating /home/amira/mycobot_ros2/build/mybuddy/build/lib
[4.604s] creating /home/amira/mycobot_ros2/build/mybuddy/build/lib/mybuddy
[4.604s] copying mybuddy/slider_control.py -> /home/amira/mycobot_ros2/build/mybuddy/build/lib/mybuddy
[4.605s] copying mybuddy/listen_real_of_topic.py -> /home/amira/mycobot_ros2/build/mybuddy/build/lib/mybuddy
[4.605s] copying mybuddy/follow_display.py -> /home/amira/mycobot_ros2/build/mybuddy/build/lib/mybuddy
[4.606s] copying mybuddy/listen_real.py -> /home/amira/mycobot_ros2/build/mybuddy/build/lib/mybuddy
[4.607s] copying mybuddy/__init__.py -> /home/amira/mycobot_ros2/build/mybuddy/build/lib/mybuddy
[4.607s] running install
[4.616s] running install_lib
[4.711s] creating /home/amira/mycobot_ros2/install/mybuddy/lib/python3.12/site-packages/mybuddy
[4.715s] copying /home/amira/mycobot_ros2/build/mybuddy/build/lib/mybuddy/slider_control.py -> /home/amira/mycobot_ros2/install/mybuddy/lib/python3.12/site-packages/mybuddy
[4.723s] copying /home/amira/mycobot_ros2/build/mybuddy/build/lib/mybuddy/listen_real_of_topic.py -> /home/amira/mycobot_ros2/install/mybuddy/lib/python3.12/site-packages/mybuddy
[4.739s] copying /home/amira/mycobot_ros2/build/mybuddy/build/lib/mybuddy/follow_display.py -> /home/amira/mycobot_ros2/install/mybuddy/lib/python3.12/site-packages/mybuddy
[4.739s] copying /home/amira/mycobot_ros2/build/mybuddy/build/lib/mybuddy/listen_real.py -> /home/amira/mycobot_ros2/install/mybuddy/lib/python3.12/site-packages/mybuddy
[4.739s] copying /home/amira/mycobot_ros2/build/mybuddy/build/lib/mybuddy/__init__.py -> /home/amira/mycobot_ros2/install/mybuddy/lib/python3.12/site-packages/mybuddy
[4.739s] byte-compiling /home/amira/mycobot_ros2/install/mybuddy/lib/python3.12/site-packages/mybuddy/slider_control.py to slider_control.cpython-312.pyc
[4.739s] byte-compiling /home/amira/mycobot_ros2/install/mybuddy/lib/python3.12/site-packages/mybuddy/listen_real_of_topic.py to listen_real_of_topic.cpython-312.pyc
[4.755s] byte-compiling /home/amira/mycobot_ros2/install/mybuddy/lib/python3.12/site-packages/mybuddy/follow_display.py to follow_display.cpython-312.pyc
[4.758s] byte-compiling /home/amira/mycobot_ros2/install/mybuddy/lib/python3.12/site-packages/mybuddy/listen_real.py to listen_real.cpython-312.pyc
[4.761s] byte-compiling /home/amira/mycobot_ros2/install/mybuddy/lib/python3.12/site-packages/mybuddy/__init__.py to __init__.cpython-312.pyc
[4.783s] running install_data
[4.783s] creating /home/amira/mycobot_ros2/install/mybuddy/share/ament_index
[4.784s] creating /home/amira/mycobot_ros2/install/mybuddy/share/ament_index/resource_index
[4.784s] creating /home/amira/mycobot_ros2/install/mybuddy/share/ament_index/resource_index/packages
[4.784s] copying resource/mybuddy -> /home/amira/mycobot_ros2/install/mybuddy/share/ament_index/resource_index/packages
[4.785s] copying package.xml -> /home/amira/mycobot_ros2/install/mybuddy/share/mybuddy
[4.785s] creating /home/amira/mycobot_ros2/install/mybuddy/share/mybuddy/launch
[4.786s] copying launch/slider_control.launch.py -> /home/amira/mycobot_ros2/install/mybuddy/share/mybuddy/launch
[4.786s] copying launch/mybuddy_follow.launch.py -> /home/amira/mycobot_ros2/install/mybuddy/share/mybuddy/launch
[4.791s] copying launch/test.launch.py -> /home/amira/mycobot_ros2/install/mybuddy/share/mybuddy/launch
[4.794s] creating /home/amira/mycobot_ros2/install/mybuddy/share/mybuddy/config
[4.795s] copying config/dual_arm.rviz -> /home/amira/mycobot_ros2/install/mybuddy/share/mybuddy/config
[4.798s] running install_egg_info
[4.886s] Copying ../../../build/mybuddy/mybuddy.egg-info to /home/amira/mycobot_ros2/install/mybuddy/lib/python3.12/site-packages/mybuddy-0.0.0-py3.12.egg-info
[4.888s] running install_scripts
[5.527s] Installing follow_display script to /home/amira/mycobot_ros2/install/mybuddy/lib/mybuddy
[5.539s] Installing listen_real script to /home/amira/mycobot_ros2/install/mybuddy/lib/mybuddy
[5.540s] Installing listen_real_of_topic script to /home/amira/mycobot_ros2/install/mybuddy/lib/mybuddy
[5.544s] Installing slider_control script to /home/amira/mycobot_ros2/install/mybuddy/lib/mybuddy
[5.544s] writing list of installed files to '/home/amira/mycobot_ros2/build/mybuddy/install.log'
[5.703s] Invoked command in '/home/amira/mycobot_ros2/src/Mybuddy/mybuddy' returned '0': AMENT_PREFIX_PATH=/home/amira/mycobot_ros2/install/mycobot_description:${AMENT_PREFIX_PATH} DEBUGINFOD_URLS=https://debuginfod.ubuntu.com PYTHONPATH=/home/amira/mycobot_ros2/build/mybuddy/prefix_override:/usr/lib/python3/dist-packages/colcon_core/task/python/colcon_distutils_commands:/home/amira/mycobot_ros2/install/mybuddy/lib/python3.12/site-packages:/home/amira/mycobot_ros2/install/mycobot_description/lib/python3.12/site-packages:${PYTHONPATH} /usr/bin/python3 -W ignore:setup.py install is deprecated -W ignore:easy_install command is deprecated setup.py egg_info --egg-base ../../../build/mybuddy build --build-base /home/amira/mycobot_ros2/build/mybuddy/build install --record /home/amira/mycobot_ros2/build/mybuddy/install.log --single-version-externally-managed install_data
