/home/amira/mycobot_ros2/install/myarm_c650/lib/python3.12/site-packages/myarm_c650/slider_control.py
/home/amira/mycobot_ros2/install/myarm_c650/lib/python3.12/site-packages/myarm_c650/follow_display.py
/home/amira/mycobot_ros2/install/myarm_c650/lib/python3.12/site-packages/myarm_c650/debug.py
/home/amira/mycobot_ros2/install/myarm_c650/lib/python3.12/site-packages/myarm_c650/simple_gui.py
/home/amira/mycobot_ros2/install/myarm_c650/lib/python3.12/site-packages/myarm_c650/test.py
/home/amira/mycobot_ros2/install/myarm_c650/lib/python3.12/site-packages/myarm_c650/teleop_keyboard.py
/home/amira/mycobot_ros2/install/myarm_c650/lib/python3.12/site-packages/myarm_c650/__init__.py
/home/amira/mycobot_ros2/install/myarm_c650/lib/python3.12/site-packages/myarm_c650/__pycache__/slider_control.cpython-312.pyc
/home/amira/mycobot_ros2/install/myarm_c650/lib/python3.12/site-packages/myarm_c650/__pycache__/follow_display.cpython-312.pyc
/home/amira/mycobot_ros2/install/myarm_c650/lib/python3.12/site-packages/myarm_c650/__pycache__/debug.cpython-312.pyc
/home/amira/mycobot_ros2/install/myarm_c650/lib/python3.12/site-packages/myarm_c650/__pycache__/simple_gui.cpython-312.pyc
/home/amira/mycobot_ros2/install/myarm_c650/lib/python3.12/site-packages/myarm_c650/__pycache__/test.cpython-312.pyc
/home/amira/mycobot_ros2/install/myarm_c650/lib/python3.12/site-packages/myarm_c650/__pycache__/teleop_keyboard.cpython-312.pyc
/home/amira/mycobot_ros2/install/myarm_c650/lib/python3.12/site-packages/myarm_c650/__pycache__/__init__.cpython-312.pyc
/home/amira/mycobot_ros2/install/myarm_c650/share/ament_index/resource_index/packages/myarm_c650
/home/amira/mycobot_ros2/install/myarm_c650/share/myarm_c650/package.xml
/home/amira/mycobot_ros2/install/myarm_c650/share/myarm_c650/launch/slider_control.launch.py
/home/amira/mycobot_ros2/install/myarm_c650/share/myarm_c650/launch/simple_gui.launch.py
/home/amira/mycobot_ros2/install/myarm_c650/share/myarm_c650/launch/mycobot_follow.launch.py
/home/amira/mycobot_ros2/install/myarm_c650/share/myarm_c650/launch/teleop_keyboard.launch.py
/home/amira/mycobot_ros2/install/myarm_c650/share/myarm_c650/launch/test.launch.py
/home/amira/mycobot_ros2/install/myarm_c650/share/myarm_c650/config/myarm_with_marker.rviz
/home/amira/mycobot_ros2/install/myarm_c650/share/myarm_c650/config/myarm_c650.rviz
/home/amira/mycobot_ros2/install/myarm_c650/lib/python3.12/site-packages/myarm_c650-0.0.0-py3.12.egg-info/PKG-INFO
/home/amira/mycobot_ros2/install/myarm_c650/lib/python3.12/site-packages/myarm_c650-0.0.0-py3.12.egg-info/dependency_links.txt
/home/amira/mycobot_ros2/install/myarm_c650/lib/python3.12/site-packages/myarm_c650-0.0.0-py3.12.egg-info/zip-safe
/home/amira/mycobot_ros2/install/myarm_c650/lib/python3.12/site-packages/myarm_c650-0.0.0-py3.12.egg-info/SOURCES.txt
/home/amira/mycobot_ros2/install/myarm_c650/lib/python3.12/site-packages/myarm_c650-0.0.0-py3.12.egg-info/top_level.txt
/home/amira/mycobot_ros2/install/myarm_c650/lib/python3.12/site-packages/myarm_c650-0.0.0-py3.12.egg-info/entry_points.txt
/home/amira/mycobot_ros2/install/myarm_c650/lib/python3.12/site-packages/myarm_c650-0.0.0-py3.12.egg-info/requires.txt
/home/amira/mycobot_ros2/install/myarm_c650/lib/myarm_c650/debug
/home/amira/mycobot_ros2/install/myarm_c650/lib/myarm_c650/follow_display
/home/amira/mycobot_ros2/install/myarm_c650/lib/myarm_c650/simple_gui
/home/amira/mycobot_ros2/install/myarm_c650/lib/myarm_c650/slider_control
/home/amira/mycobot_ros2/install/myarm_c650/lib/myarm_c650/teleop_keyboard
/home/amira/mycobot_ros2/install/myarm_c650/lib/myarm_c650/test
