/home/amira/mycobot_ros2/install/myarm_m750/lib/python3.12/site-packages/myarm_m750/slider_control.py
/home/amira/mycobot_ros2/install/myarm_m750/lib/python3.12/site-packages/myarm_m750/read_control.py
/home/amira/mycobot_ros2/install/myarm_m750/lib/python3.12/site-packages/myarm_m750/follow_display.py
/home/amira/mycobot_ros2/install/myarm_m750/lib/python3.12/site-packages/myarm_m750/combined_control.py
/home/amira/mycobot_ros2/install/myarm_m750/lib/python3.12/site-packages/myarm_m750/simple_gui.py
/home/amira/mycobot_ros2/install/myarm_m750/lib/python3.12/site-packages/myarm_m750/teleop_keyboard.py
/home/amira/mycobot_ros2/install/myarm_m750/lib/python3.12/site-packages/myarm_m750/__init__.py
/home/amira/mycobot_ros2/install/myarm_m750/lib/python3.12/site-packages/myarm_m750/__pycache__/slider_control.cpython-312.pyc
/home/amira/mycobot_ros2/install/myarm_m750/lib/python3.12/site-packages/myarm_m750/__pycache__/read_control.cpython-312.pyc
/home/amira/mycobot_ros2/install/myarm_m750/lib/python3.12/site-packages/myarm_m750/__pycache__/follow_display.cpython-312.pyc
/home/amira/mycobot_ros2/install/myarm_m750/lib/python3.12/site-packages/myarm_m750/__pycache__/combined_control.cpython-312.pyc
/home/amira/mycobot_ros2/install/myarm_m750/lib/python3.12/site-packages/myarm_m750/__pycache__/simple_gui.cpython-312.pyc
/home/amira/mycobot_ros2/install/myarm_m750/lib/python3.12/site-packages/myarm_m750/__pycache__/teleop_keyboard.cpython-312.pyc
/home/amira/mycobot_ros2/install/myarm_m750/lib/python3.12/site-packages/myarm_m750/__pycache__/__init__.cpython-312.pyc
/home/amira/mycobot_ros2/install/myarm_m750/share/ament_index/resource_index/packages/myarm_m750
/home/amira/mycobot_ros2/install/myarm_m750/share/myarm_m750/package.xml
/home/amira/mycobot_ros2/install/myarm_m750/share/myarm_m750/launch/slider_control.launch.py
/home/amira/mycobot_ros2/install/myarm_m750/share/myarm_m750/launch/combined_control.launch.py
/home/amira/mycobot_ros2/install/myarm_m750/share/myarm_m750/launch/simple_gui.launch.py
/home/amira/mycobot_ros2/install/myarm_m750/share/myarm_m750/launch/mycobot_follow.launch.py
/home/amira/mycobot_ros2/install/myarm_m750/share/myarm_m750/launch/debug.launch.py
/home/amira/mycobot_ros2/install/myarm_m750/share/myarm_m750/launch/teleop_keyboard.launch.py
/home/amira/mycobot_ros2/install/myarm_m750/share/myarm_m750/launch/test.launch.py
/home/amira/mycobot_ros2/install/myarm_m750/share/myarm_m750/config/myarm_m_with_myarm_c650.rviz
/home/amira/mycobot_ros2/install/myarm_m750/share/myarm_m750/config/myarm_m750_with_myarm_c650.rviz
/home/amira/mycobot_ros2/install/myarm_m750/share/myarm_m750/config/myarm_m750.rviz
/home/amira/mycobot_ros2/install/myarm_m750/share/myarm_m750/config/mycobot_with_marker.rviz
/home/amira/mycobot_ros2/install/myarm_m750/lib/python3.12/site-packages/myarm_m750-0.0.0-py3.12.egg-info/PKG-INFO
/home/amira/mycobot_ros2/install/myarm_m750/lib/python3.12/site-packages/myarm_m750-0.0.0-py3.12.egg-info/dependency_links.txt
/home/amira/mycobot_ros2/install/myarm_m750/lib/python3.12/site-packages/myarm_m750-0.0.0-py3.12.egg-info/zip-safe
/home/amira/mycobot_ros2/install/myarm_m750/lib/python3.12/site-packages/myarm_m750-0.0.0-py3.12.egg-info/SOURCES.txt
/home/amira/mycobot_ros2/install/myarm_m750/lib/python3.12/site-packages/myarm_m750-0.0.0-py3.12.egg-info/top_level.txt
/home/amira/mycobot_ros2/install/myarm_m750/lib/python3.12/site-packages/myarm_m750-0.0.0-py3.12.egg-info/entry_points.txt
/home/amira/mycobot_ros2/install/myarm_m750/lib/python3.12/site-packages/myarm_m750-0.0.0-py3.12.egg-info/requires.txt
/home/amira/mycobot_ros2/install/myarm_m750/lib/myarm_m750/combined_control
/home/amira/mycobot_ros2/install/myarm_m750/lib/myarm_m750/follow_display
/home/amira/mycobot_ros2/install/myarm_m750/lib/myarm_m750/read_control
/home/amira/mycobot_ros2/install/myarm_m750/lib/myarm_m750/simple_gui
/home/amira/mycobot_ros2/install/myarm_m750/lib/myarm_m750/slider_control
/home/amira/mycobot_ros2/install/myarm_m750/lib/myarm_m750/teleop_keyboard
