running egg_info
creating ../../../build/mypalletizer_260/mypalletizer_260.egg-info
writing ../../../build/mypalletizer_260/mypalletizer_260.egg-info/PKG-INFO
writing dependency_links to ../../../build/mypalletizer_260/mypalletizer_260.egg-info/dependency_links.txt
writing entry points to ../../../build/mypalletizer_260/mypalletizer_260.egg-info/entry_points.txt
writing requirements to ../../../build/mypalletizer_260/mypalletizer_260.egg-info/requires.txt
writing top-level names to ../../../build/mypalletizer_260/mypalletizer_260.egg-info/top_level.txt
writing manifest file '../../../build/mypalletizer_260/mypalletizer_260.egg-info/SOURCES.txt'
reading manifest file '../../../build/mypalletizer_260/mypalletizer_260.egg-info/SOURCES.txt'
adding license file 'LICENSE'
writing manifest file '../../../build/mypalletizer_260/mypalletizer_260.egg-info/SOURCES.txt'
running build
running build_py
creating /home/amira/mycobot_ros2/build/mypalletizer_260/build
creating /home/amira/mycobot_ros2/build/mypalletizer_260/build/lib
creating /home/amira/mycobot_ros2/build/mypalletizer_260/build/lib/mypalletizer_260
copying mypalletizer_260/slider_control.py -> /home/amira/mycobot_ros2/build/mypalletizer_260/build/lib/mypalletizer_260
copying mypalletizer_260/listen_real_of_topic.py -> /home/amira/mycobot_ros2/build/mypalletizer_260/build/lib/mypalletizer_260
copying mypalletizer_260/follow_display.py -> /home/amira/mycobot_ros2/build/mypalletizer_260/build/lib/mypalletizer_260
copying mypalletizer_260/listen_real.py -> /home/amira/mycobot_ros2/build/mypalletizer_260/build/lib/mypalletizer_260
copying mypalletizer_260/listen_real_service.py -> /home/amira/mycobot_ros2/build/mypalletizer_260/build/lib/mypalletizer_260
copying mypalletizer_260/slider_control_adaptive_gripper.py -> /home/amira/mycobot_ros2/build/mypalletizer_260/build/lib/mypalletizer_260
copying mypalletizer_260/simple_gui.py -> /home/amira/mycobot_ros2/build/mypalletizer_260/build/lib/mypalletizer_260
copying mypalletizer_260/teleop_keyboard.py -> /home/amira/mycobot_ros2/build/mypalletizer_260/build/lib/mypalletizer_260
copying mypalletizer_260/__init__.py -> /home/amira/mycobot_ros2/build/mypalletizer_260/build/lib/mypalletizer_260
running install
running install_lib
creating /home/amira/mycobot_ros2/install/mypalletizer_260/lib/python3.12/site-packages/mypalletizer_260
copying /home/amira/mycobot_ros2/build/mypalletizer_260/build/lib/mypalletizer_260/slider_control.py -> /home/amira/mycobot_ros2/install/mypalletizer_260/lib/python3.12/site-packages/mypalletizer_260
copying /home/amira/mycobot_ros2/build/mypalletizer_260/build/lib/mypalletizer_260/listen_real_of_topic.py -> /home/amira/mycobot_ros2/install/mypalletizer_260/lib/python3.12/site-packages/mypalletizer_260
copying /home/amira/mycobot_ros2/build/mypalletizer_260/build/lib/mypalletizer_260/follow_display.py -> /home/amira/mycobot_ros2/install/mypalletizer_260/lib/python3.12/site-packages/mypalletizer_260
copying /home/amira/mycobot_ros2/build/mypalletizer_260/build/lib/mypalletizer_260/listen_real.py -> /home/amira/mycobot_ros2/install/mypalletizer_260/lib/python3.12/site-packages/mypalletizer_260
copying /home/amira/mycobot_ros2/build/mypalletizer_260/build/lib/mypalletizer_260/listen_real_service.py -> /home/amira/mycobot_ros2/install/mypalletizer_260/lib/python3.12/site-packages/mypalletizer_260
copying /home/amira/mycobot_ros2/build/mypalletizer_260/build/lib/mypalletizer_260/slider_control_adaptive_gripper.py -> /home/amira/mycobot_ros2/install/mypalletizer_260/lib/python3.12/site-packages/mypalletizer_260
copying /home/amira/mycobot_ros2/build/mypalletizer_260/build/lib/mypalletizer_260/simple_gui.py -> /home/amira/mycobot_ros2/install/mypalletizer_260/lib/python3.12/site-packages/mypalletizer_260
copying /home/amira/mycobot_ros2/build/mypalletizer_260/build/lib/mypalletizer_260/teleop_keyboard.py -> /home/amira/mycobot_ros2/install/mypalletizer_260/lib/python3.12/site-packages/mypalletizer_260
copying /home/amira/mycobot_ros2/build/mypalletizer_260/build/lib/mypalletizer_260/__init__.py -> /home/amira/mycobot_ros2/install/mypalletizer_260/lib/python3.12/site-packages/mypalletizer_260
byte-compiling /home/amira/mycobot_ros2/install/mypalletizer_260/lib/python3.12/site-packages/mypalletizer_260/slider_control.py to slider_control.cpython-312.pyc
byte-compiling /home/amira/mycobot_ros2/install/mypalletizer_260/lib/python3.12/site-packages/mypalletizer_260/listen_real_of_topic.py to listen_real_of_topic.cpython-312.pyc
byte-compiling /home/amira/mycobot_ros2/install/mypalletizer_260/lib/python3.12/site-packages/mypalletizer_260/follow_display.py to follow_display.cpython-312.pyc
byte-compiling /home/amira/mycobot_ros2/install/mypalletizer_260/lib/python3.12/site-packages/mypalletizer_260/listen_real.py to listen_real.cpython-312.pyc
byte-compiling /home/amira/mycobot_ros2/install/mypalletizer_260/lib/python3.12/site-packages/mypalletizer_260/listen_real_service.py to listen_real_service.cpython-312.pyc
byte-compiling /home/amira/mycobot_ros2/install/mypalletizer_260/lib/python3.12/site-packages/mypalletizer_260/slider_control_adaptive_gripper.py to slider_control_adaptive_gripper.cpython-312.pyc
byte-compiling /home/amira/mycobot_ros2/install/mypalletizer_260/lib/python3.12/site-packages/mypalletizer_260/simple_gui.py to simple_gui.cpython-312.pyc
byte-compiling /home/amira/mycobot_ros2/install/mypalletizer_260/lib/python3.12/site-packages/mypalletizer_260/teleop_keyboard.py to teleop_keyboard.cpython-312.pyc
byte-compiling /home/amira/mycobot_ros2/install/mypalletizer_260/lib/python3.12/site-packages/mypalletizer_260/__init__.py to __init__.cpython-312.pyc
running install_data
creating /home/amira/mycobot_ros2/install/mypalletizer_260/share/ament_index
creating /home/amira/mycobot_ros2/install/mypalletizer_260/share/ament_index/resource_index
creating /home/amira/mycobot_ros2/install/mypalletizer_260/share/ament_index/resource_index/packages
copying resource/mypalletizer_260 -> /home/amira/mycobot_ros2/install/mypalletizer_260/share/ament_index/resource_index/packages
copying package.xml -> /home/amira/mycobot_ros2/install/mypalletizer_260/share/mypalletizer_260
creating /home/amira/mycobot_ros2/install/mypalletizer_260/share/mypalletizer_260/launch
copying launch/slider_control.launch.py -> /home/amira/mycobot_ros2/install/mypalletizer_260/share/mypalletizer_260/launch
copying launch/slider_control_adaptive_gripper.launch.py -> /home/amira/mycobot_ros2/install/mypalletizer_260/share/mypalletizer_260/launch
copying launch/simple_gui.launch.py -> /home/amira/mycobot_ros2/install/mypalletizer_260/share/mypalletizer_260/launch
copying launch/mycobot_follow.launch.py -> /home/amira/mycobot_ros2/install/mypalletizer_260/share/mypalletizer_260/launch
copying launch/test_gripper.launch.py -> /home/amira/mycobot_ros2/install/mypalletizer_260/share/mypalletizer_260/launch
copying launch/teleop_keyboard.launch.py -> /home/amira/mycobot_ros2/install/mypalletizer_260/share/mypalletizer_260/launch
copying launch/test.launch.py -> /home/amira/mycobot_ros2/install/mypalletizer_260/share/mypalletizer_260/launch
creating /home/amira/mycobot_ros2/install/mypalletizer_260/share/mypalletizer_260/config
copying config/mypalletizer.rviz -> /home/amira/mycobot_ros2/install/mypalletizer_260/share/mypalletizer_260/config
copying config/mycobot_with_marker.rviz -> /home/amira/mycobot_ros2/install/mypalletizer_260/share/mypalletizer_260/config
running install_egg_info
Copying ../../../build/mypalletizer_260/mypalletizer_260.egg-info to /home/amira/mycobot_ros2/install/mypalletizer_260/lib/python3.12/site-packages/mypalletizer_260-0.0.0-py3.12.egg-info
running install_scripts
Installing follow_display script to /home/amira/mycobot_ros2/install/mypalletizer_260/lib/mypalletizer_260
Installing listen_real script to /home/amira/mycobot_ros2/install/mypalletizer_260/lib/mypalletizer_260
Installing listen_real_of_topic script to /home/amira/mycobot_ros2/install/mypalletizer_260/lib/mypalletizer_260
Installing listen_real_service script to /home/amira/mycobot_ros2/install/mypalletizer_260/lib/mypalletizer_260
Installing simple_gui script to /home/amira/mycobot_ros2/install/mypalletizer_260/lib/mypalletizer_260
Installing slider_control script to /home/amira/mycobot_ros2/install/mypalletizer_260/lib/mypalletizer_260
Installing slider_control_adaptive_gripper script to /home/amira/mycobot_ros2/install/mypalletizer_260/lib/mypalletizer_260
Installing teleop_keyboard script to /home/amira/mycobot_ros2/install/mypalletizer_260/lib/mypalletizer_260
writing list of installed files to '/home/amira/mycobot_ros2/build/mypalletizer_260/install.log'
