[0.333s] Invoking command in '/home/amira/mycobot_ros2/build/mycobot_moveit_config': CMAKE_PREFIX_PATH=${CMAKE_PREFIX_PATH}:/opt/ros/jazzy DEBUGINFOD_URLS=https://debuginfod.ubuntu.com /usr/bin/cmake --build /home/amira/mycobot_ros2/build/mycobot_moveit_config -- -j3 -l3
[0.976s] Invoked command in '/home/amira/mycobot_ros2/build/mycobot_moveit_config' returned '0': CMAKE_PREFIX_PATH=${CMAKE_PREFIX_PATH}:/opt/ros/jazzy DEBUGINFOD_URLS=https://debuginfod.ubuntu.com /usr/bin/cmake --build /home/amira/mycobot_ros2/build/mycobot_moveit_config -- -j3 -l3
[0.992s] Invoking command in '/home/amira/mycobot_ros2/build/mycobot_moveit_config': CMAKE_PREFIX_PATH=${CMAKE_PREFIX_PATH}:/opt/ros/jazzy DEBUGINFOD_URLS=https://debuginfod.ubuntu.com /usr/bin/cmake --install /home/amira/mycobot_ros2/build/mycobot_moveit_config
[1.104s] -- Install configuration: ""
[1.107s] -- Installing: /home/amira/mycobot_ros2/install/mycobot_moveit_config/share/ament_index/resource_index/package_run_dependencies/mycobot_moveit_config
[1.108s] -- Installing: /home/amira/mycobot_ros2/install/mycobot_moveit_config/share/ament_index/resource_index/parent_prefix_path/mycobot_moveit_config
[1.110s] -- Installing: /home/amira/mycobot_ros2/install/mycobot_moveit_config/share/mycobot_moveit_config/environment/ament_prefix_path.sh
[1.112s] -- Installing: /home/amira/mycobot_ros2/install/mycobot_moveit_config/share/mycobot_moveit_config/environment/ament_prefix_path.dsv
[1.137s] -- Installing: /home/amira/mycobot_ros2/install/mycobot_moveit_config/share/mycobot_moveit_config/environment/path.sh
[1.140s] -- Installing: /home/amira/mycobot_ros2/install/mycobot_moveit_config/share/mycobot_moveit_config/environment/path.dsv
[1.140s] -- Installing: /home/amira/mycobot_ros2/install/mycobot_moveit_config/share/mycobot_moveit_config/local_setup.bash
[1.141s] -- Installing: /home/amira/mycobot_ros2/install/mycobot_moveit_config/share/mycobot_moveit_config/local_setup.sh
[1.141s] -- Installing: /home/amira/mycobot_ros2/install/mycobot_moveit_config/share/mycobot_moveit_config/local_setup.zsh
[1.143s] -- Installing: /home/amira/mycobot_ros2/install/mycobot_moveit_config/share/mycobot_moveit_config/local_setup.dsv
[1.144s] -- Installing: /home/amira/mycobot_ros2/install/mycobot_moveit_config/share/mycobot_moveit_config/package.dsv
[1.145s] -- Installing: /home/amira/mycobot_ros2/install/mycobot_moveit_config/share/ament_index/resource_index/packages/mycobot_moveit_config
[1.148s] -- Installing: /home/amira/mycobot_ros2/install/mycobot_moveit_config/share/mycobot_moveit_config/cmake/mycobot_moveit_configConfig.cmake
[1.148s] -- Installing: /home/amira/mycobot_ros2/install/mycobot_moveit_config/share/mycobot_moveit_config/cmake/mycobot_moveit_configConfig-version.cmake
[1.151s] -- Installing: /home/amira/mycobot_ros2/install/mycobot_moveit_config/share/mycobot_moveit_config/package.xml
[1.181s] Invoked command in '/home/amira/mycobot_ros2/build/mycobot_moveit_config' returned '0': CMAKE_PREFIX_PATH=${CMAKE_PREFIX_PATH}:/opt/ros/jazzy DEBUGINFOD_URLS=https://debuginfod.ubuntu.com /usr/bin/cmake --install /home/amira/mycobot_ros2/build/mycobot_moveit_config
