[0.152s] Invoking command in '/home/amira/mycobot_ros2/build/mycobot_280arduino_moveit2': AMENT_PREFIX_PATH=/home/amira/mycobot_ros2/install/mycobot_description:${AMENT_PREFIX_PATH} CMAKE_PREFIX_PATH=${CMAKE_PREFIX_PATH}:/opt/ros/jazzy DEBUGINFOD_URLS=https://debuginfod.ubuntu.com PYTHONPATH=/home/amira/mycobot_ros2/install/mycobot_description/lib/python3.12/site-packages:${PYTHONPATH} /usr/bin/cmake /home/amira/mycobot_ros2/src/mycobot_280/mycobot_280arduino_moveit2 -DCMAKE_INSTALL_PREFIX=/home/amira/mycobot_ros2/install/mycobot_280arduino_moveit2
[0.578s] -- The C compiler identification is GNU 13.3.0
[0.934s] -- The CXX compiler identification is GNU 13.3.0
[1.064s] -- Detecting C compiler ABI info
[1.682s] -- Detecting C compiler ABI info - done
[1.719s] -- Check for working C compiler: /usr/bin/cc - skipped
[1.727s] -- Detecting C compile features
[1.733s] -- Detecting C compile features - done
[1.814s] -- Detecting CXX compiler ABI info
[2.418s] -- Detecting CXX compiler ABI info - done
[2.449s] -- Check for working CXX compiler: /usr/bin/c++ - skipped
[2.451s] -- Detecting CXX compile features
[2.454s] -- Detecting CXX compile features - done
[2.476s] -- Found ament_cmake: 2.5.6 (/opt/ros/jazzy/share/ament_cmake/cmake)
[3.132s] -- Found Python3: /usr/bin/python3 (found version "3.12.3") found components: Interpreter 
[3.827s] -- Configuring done (3.6s)
[3.840s] -- Generating done (0.0s)
[3.850s] -- Build files have been written to: /home/amira/mycobot_ros2/build/mycobot_280arduino_moveit2
[3.879s] Invoked command in '/home/amira/mycobot_ros2/build/mycobot_280arduino_moveit2' returned '0': AMENT_PREFIX_PATH=/home/amira/mycobot_ros2/install/mycobot_description:${AMENT_PREFIX_PATH} CMAKE_PREFIX_PATH=${CMAKE_PREFIX_PATH}:/opt/ros/jazzy DEBUGINFOD_URLS=https://debuginfod.ubuntu.com PYTHONPATH=/home/amira/mycobot_ros2/install/mycobot_description/lib/python3.12/site-packages:${PYTHONPATH} /usr/bin/cmake /home/amira/mycobot_ros2/src/mycobot_280/mycobot_280arduino_moveit2 -DCMAKE_INSTALL_PREFIX=/home/amira/mycobot_ros2/install/mycobot_280arduino_moveit2
[3.886s] Invoking command in '/home/amira/mycobot_ros2/build/mycobot_280arduino_moveit2': AMENT_PREFIX_PATH=/home/amira/mycobot_ros2/install/mycobot_description:${AMENT_PREFIX_PATH} CMAKE_PREFIX_PATH=${CMAKE_PREFIX_PATH}:/opt/ros/jazzy DEBUGINFOD_URLS=https://debuginfod.ubuntu.com PYTHONPATH=/home/amira/mycobot_ros2/install/mycobot_description/lib/python3.12/site-packages:${PYTHONPATH} /usr/bin/cmake --build /home/amira/mycobot_ros2/build/mycobot_280arduino_moveit2 -- -j3 -l3
[4.070s] Invoked command in '/home/amira/mycobot_ros2/build/mycobot_280arduino_moveit2' returned '0': AMENT_PREFIX_PATH=/home/amira/mycobot_ros2/install/mycobot_description:${AMENT_PREFIX_PATH} CMAKE_PREFIX_PATH=${CMAKE_PREFIX_PATH}:/opt/ros/jazzy DEBUGINFOD_URLS=https://debuginfod.ubuntu.com PYTHONPATH=/home/amira/mycobot_ros2/install/mycobot_description/lib/python3.12/site-packages:${PYTHONPATH} /usr/bin/cmake --build /home/amira/mycobot_ros2/build/mycobot_280arduino_moveit2 -- -j3 -l3
[4.083s] Invoking command in '/home/amira/mycobot_ros2/build/mycobot_280arduino_moveit2': AMENT_PREFIX_PATH=/home/amira/mycobot_ros2/install/mycobot_description:${AMENT_PREFIX_PATH} CMAKE_PREFIX_PATH=${CMAKE_PREFIX_PATH}:/opt/ros/jazzy DEBUGINFOD_URLS=https://debuginfod.ubuntu.com PYTHONPATH=/home/amira/mycobot_ros2/install/mycobot_description/lib/python3.12/site-packages:${PYTHONPATH} /usr/bin/cmake --install /home/amira/mycobot_ros2/build/mycobot_280arduino_moveit2
[4.156s] -- Install configuration: ""
[4.157s] -- Installing: /home/amira/mycobot_ros2/install/mycobot_280arduino_moveit2/share/ament_index/resource_index/package_run_dependencies/mycobot_280arduino_moveit2
[4.158s] -- Installing: /home/amira/mycobot_ros2/install/mycobot_280arduino_moveit2/share/ament_index/resource_index/parent_prefix_path/mycobot_280arduino_moveit2
[4.159s] -- Installing: /home/amira/mycobot_ros2/install/mycobot_280arduino_moveit2/share/mycobot_280arduino_moveit2/environment/ament_prefix_path.sh
[4.162s] -- Installing: /home/amira/mycobot_ros2/install/mycobot_280arduino_moveit2/share/mycobot_280arduino_moveit2/environment/ament_prefix_path.dsv
[4.165s] -- Installing: /home/amira/mycobot_ros2/install/mycobot_280arduino_moveit2/share/mycobot_280arduino_moveit2/environment/path.sh
[4.167s] -- Installing: /home/amira/mycobot_ros2/install/mycobot_280arduino_moveit2/share/mycobot_280arduino_moveit2/environment/path.dsv
[4.168s] -- Installing: /home/amira/mycobot_ros2/install/mycobot_280arduino_moveit2/share/mycobot_280arduino_moveit2/local_setup.bash
[4.170s] -- Installing: /home/amira/mycobot_ros2/install/mycobot_280arduino_moveit2/share/mycobot_280arduino_moveit2/local_setup.sh
[4.170s] -- Installing: /home/amira/mycobot_ros2/install/mycobot_280arduino_moveit2/share/mycobot_280arduino_moveit2/local_setup.zsh
[4.175s] -- Installing: /home/amira/mycobot_ros2/install/mycobot_280arduino_moveit2/share/mycobot_280arduino_moveit2/local_setup.dsv
[4.181s] -- Installing: /home/amira/mycobot_ros2/install/mycobot_280arduino_moveit2/share/mycobot_280arduino_moveit2/package.dsv
[4.182s] -- Installing: /home/amira/mycobot_ros2/install/mycobot_280arduino_moveit2/share/ament_index/resource_index/packages/mycobot_280arduino_moveit2
[4.185s] -- Installing: /home/amira/mycobot_ros2/install/mycobot_280arduino_moveit2/share/mycobot_280arduino_moveit2/cmake/mycobot_280arduino_moveit2Config.cmake
[4.194s] -- Installing: /home/amira/mycobot_ros2/install/mycobot_280arduino_moveit2/share/mycobot_280arduino_moveit2/cmake/mycobot_280arduino_moveit2Config-version.cmake
[4.194s] -- Installing: /home/amira/mycobot_ros2/install/mycobot_280arduino_moveit2/share/mycobot_280arduino_moveit2/package.xml
[4.195s] -- Installing: /home/amira/mycobot_ros2/install/mycobot_280arduino_moveit2/share/mycobot_280arduino_moveit2/launch
[4.195s] -- Installing: /home/amira/mycobot_ros2/install/mycobot_280arduino_moveit2/share/mycobot_280arduino_moveit2/launch/moveit_rviz.launch.py
[4.196s] -- Installing: /home/amira/mycobot_ros2/install/mycobot_280arduino_moveit2/share/mycobot_280arduino_moveit2/launch/warehouse_db.launch.py
[4.197s] -- Installing: /home/amira/mycobot_ros2/install/mycobot_280arduino_moveit2/share/mycobot_280arduino_moveit2/launch/rsp.launch.py
[4.197s] -- Installing: /home/amira/mycobot_ros2/install/mycobot_280arduino_moveit2/share/mycobot_280arduino_moveit2/launch/setup_assistant.launch.py
[4.198s] -- Installing: /home/amira/mycobot_ros2/install/mycobot_280arduino_moveit2/share/mycobot_280arduino_moveit2/launch/spawn_controllers.launch.py
[4.198s] -- Installing: /home/amira/mycobot_ros2/install/mycobot_280arduino_moveit2/share/mycobot_280arduino_moveit2/launch/move_group.launch.py
[4.199s] -- Installing: /home/amira/mycobot_ros2/install/mycobot_280arduino_moveit2/share/mycobot_280arduino_moveit2/launch/demo.launch.py
[4.201s] -- Installing: /home/amira/mycobot_ros2/install/mycobot_280arduino_moveit2/share/mycobot_280arduino_moveit2/launch/static_virtual_joint_tfs.launch.py
[4.201s] -- Installing: /home/amira/mycobot_ros2/install/mycobot_280arduino_moveit2/share/mycobot_280arduino_moveit2/config
[4.201s] -- Installing: /home/amira/mycobot_ros2/install/mycobot_280arduino_moveit2/share/mycobot_280arduino_moveit2/config/firefighter.urdf.xacro
[4.202s] -- Installing: /home/amira/mycobot_ros2/install/mycobot_280arduino_moveit2/share/mycobot_280arduino_moveit2/config/firefighter.ros2_control.xacro
[4.206s] -- Installing: /home/amira/mycobot_ros2/install/mycobot_280arduino_moveit2/share/mycobot_280arduino_moveit2/config/initial_positions.yaml
[4.206s] -- Installing: /home/amira/mycobot_ros2/install/mycobot_280arduino_moveit2/share/mycobot_280arduino_moveit2/config/joint_limits.yaml
[4.206s] -- Installing: /home/amira/mycobot_ros2/install/mycobot_280arduino_moveit2/share/mycobot_280arduino_moveit2/config/kinematics.yaml
[4.207s] -- Installing: /home/amira/mycobot_ros2/install/mycobot_280arduino_moveit2/share/mycobot_280arduino_moveit2/config/moveit.rviz
[4.222s] -- Installing: /home/amira/mycobot_ros2/install/mycobot_280arduino_moveit2/share/mycobot_280arduino_moveit2/config/firefighter.srdf
[4.224s] -- Installing: /home/amira/mycobot_ros2/install/mycobot_280arduino_moveit2/share/mycobot_280arduino_moveit2/config/moveit_controllers.yaml
[4.224s] -- Installing: /home/amira/mycobot_ros2/install/mycobot_280arduino_moveit2/share/mycobot_280arduino_moveit2/config/ros2_controllers.yaml
[4.229s] -- Installing: /home/amira/mycobot_ros2/install/mycobot_280arduino_moveit2/share/mycobot_280arduino_moveit2/config/pilz_cartesian_limits.yaml
[4.231s] -- Installing: /home/amira/mycobot_ros2/install/mycobot_280arduino_moveit2/share/mycobot_280arduino_moveit2/.setup_assistant
[4.232s] Invoked command in '/home/amira/mycobot_ros2/build/mycobot_280arduino_moveit2' returned '0': AMENT_PREFIX_PATH=/home/amira/mycobot_ros2/install/mycobot_description:${AMENT_PREFIX_PATH} CMAKE_PREFIX_PATH=${CMAKE_PREFIX_PATH}:/opt/ros/jazzy DEBUGINFOD_URLS=https://debuginfod.ubuntu.com PYTHONPATH=/home/amira/mycobot_ros2/install/mycobot_description/lib/python3.12/site-packages:${PYTHONPATH} /usr/bin/cmake --install /home/amira/mycobot_ros2/build/mycobot_280arduino_moveit2
