[2.836s] Invoking command in '/home/amira/mycobot_ros2/src/mycobot_pro/mycobot_600': AMENT_PREFIX_PATH=/home/amira/mycobot_ros2/install/mycobot_description:${AMENT_PREFIX_PATH} DEBUGINFOD_URLS=https://debuginfod.ubuntu.com PYTHONPATH=/home/amira/mycobot_ros2/build/mycobot_600/prefix_override:/usr/lib/python3/dist-packages/colcon_core/task/python/colcon_distutils_commands:/home/amira/mycobot_ros2/install/mycobot_600/lib/python3.12/site-packages:/home/amira/mycobot_ros2/install/mycobot_description/lib/python3.12/site-packages:${PYTHONPATH} /usr/bin/python3 -W ignore:setup.py install is deprecated -W ignore:easy_install command is deprecated setup.py egg_info --egg-base ../../../build/mycobot_600 build --build-base /home/amira/mycobot_ros2/build/mycobot_600/build install --record /home/amira/mycobot_ros2/build/mycobot_600/install.log --single-version-externally-managed install_data
[4.153s] running egg_info
[4.161s] creating ../../../build/mycobot_600/mycobot_600.egg-info
[4.257s] writing ../../../build/mycobot_600/mycobot_600.egg-info/PKG-INFO
[4.257s] writing dependency_links to ../../../build/mycobot_600/mycobot_600.egg-info/dependency_links.txt
[4.257s] writing entry points to ../../../build/mycobot_600/mycobot_600.egg-info/entry_points.txt
[4.268s] writing requirements to ../../../build/mycobot_600/mycobot_600.egg-info/requires.txt
[4.268s] writing top-level names to ../../../build/mycobot_600/mycobot_600.egg-info/top_level.txt
[4.268s] writing manifest file '../../../build/mycobot_600/mycobot_600.egg-info/SOURCES.txt'
[4.448s] reading manifest file '../../../build/mycobot_600/mycobot_600.egg-info/SOURCES.txt'
[4.455s] adding license file 'LICENSE'
[4.457s] writing manifest file '../../../build/mycobot_600/mycobot_600.egg-info/SOURCES.txt'
[4.458s] running build
[4.465s] running build_py
[4.467s] creating /home/amira/mycobot_ros2/build/mycobot_600/build
[4.473s] creating /home/amira/mycobot_ros2/build/mycobot_600/build/lib
[4.479s] creating /home/amira/mycobot_ros2/build/mycobot_600/build/lib/mycobot_600
[4.479s] copying mycobot_600/slider_control.py -> /home/amira/mycobot_ros2/build/mycobot_600/build/lib/mycobot_600
[4.483s] copying mycobot_600/__init__.py -> /home/amira/mycobot_ros2/build/mycobot_600/build/lib/mycobot_600
[4.484s] running install
[4.558s] running install_lib
[4.649s] creating /home/amira/mycobot_ros2/install/mycobot_600/lib/python3.12/site-packages/mycobot_600
[4.654s] copying /home/amira/mycobot_ros2/build/mycobot_600/build/lib/mycobot_600/slider_control.py -> /home/amira/mycobot_ros2/install/mycobot_600/lib/python3.12/site-packages/mycobot_600
[4.654s] copying /home/amira/mycobot_ros2/build/mycobot_600/build/lib/mycobot_600/__init__.py -> /home/amira/mycobot_ros2/install/mycobot_600/lib/python3.12/site-packages/mycobot_600
[4.655s] byte-compiling /home/amira/mycobot_ros2/install/mycobot_600/lib/python3.12/site-packages/mycobot_600/slider_control.py to slider_control.cpython-312.pyc
[4.673s] byte-compiling /home/amira/mycobot_ros2/install/mycobot_600/lib/python3.12/site-packages/mycobot_600/__init__.py to __init__.cpython-312.pyc
[4.673s] running install_data
[4.673s] creating /home/amira/mycobot_ros2/install/mycobot_600/share/ament_index
[4.674s] creating /home/amira/mycobot_ros2/install/mycobot_600/share/ament_index/resource_index
[4.674s] creating /home/amira/mycobot_ros2/install/mycobot_600/share/ament_index/resource_index/packages
[4.674s] copying resource/mycobot_600 -> /home/amira/mycobot_ros2/install/mycobot_600/share/ament_index/resource_index/packages
[4.681s] copying package.xml -> /home/amira/mycobot_ros2/install/mycobot_600/share/mycobot_600
[4.696s] creating /home/amira/mycobot_ros2/install/mycobot_600/share/mycobot_600/launch
[4.696s] copying launch/slider_control.launch.py -> /home/amira/mycobot_ros2/install/mycobot_600/share/mycobot_600/launch
[4.699s] copying launch/test.launch.py -> /home/amira/mycobot_ros2/install/mycobot_600/share/mycobot_600/launch
[4.718s] creating /home/amira/mycobot_ros2/install/mycobot_600/share/mycobot_600/config
[4.724s] copying config/mycobot_600.rviz -> /home/amira/mycobot_ros2/install/mycobot_600/share/mycobot_600/config
[4.724s] running install_egg_info
[4.804s] Copying ../../../build/mycobot_600/mycobot_600.egg-info to /home/amira/mycobot_ros2/install/mycobot_600/lib/python3.12/site-packages/mycobot_600-0.0.0-py3.12.egg-info
[4.813s] running install_scripts
[5.176s] Installing slider_control script to /home/amira/mycobot_ros2/install/mycobot_600/lib/mycobot_600
[5.178s] writing list of installed files to '/home/amira/mycobot_ros2/build/mycobot_600/install.log'
[5.468s] Invoked command in '/home/amira/mycobot_ros2/src/mycobot_pro/mycobot_600' returned '0': AMENT_PREFIX_PATH=/home/amira/mycobot_ros2/install/mycobot_description:${AMENT_PREFIX_PATH} DEBUGINFOD_URLS=https://debuginfod.ubuntu.com PYTHONPATH=/home/amira/mycobot_ros2/build/mycobot_600/prefix_override:/usr/lib/python3/dist-packages/colcon_core/task/python/colcon_distutils_commands:/home/amira/mycobot_ros2/install/mycobot_600/lib/python3.12/site-packages:/home/amira/mycobot_ros2/install/mycobot_description/lib/python3.12/site-packages:${PYTHONPATH} /usr/bin/python3 -W ignore:setup.py install is deprecated -W ignore:easy_install command is deprecated setup.py egg_info --egg-base ../../../build/mycobot_600 build --build-base /home/amira/mycobot_ros2/build/mycobot_600/build install --record /home/amira/mycobot_ros2/build/mycobot_600/install.log --single-version-externally-managed install_data
