/home/amira/mycobot_ros2/install/mycobot_280_riscv/lib/python3.12/site-packages/mycobot_280_riscv/slider_control.py
/home/amira/mycobot_ros2/install/mycobot_280_riscv/lib/python3.12/site-packages/mycobot_280_riscv/camera_display.py
/home/amira/mycobot_ros2/install/mycobot_280_riscv/lib/python3.12/site-packages/mycobot_280_riscv/follow_display.py
/home/amira/mycobot_ros2/install/mycobot_280_riscv/lib/python3.12/site-packages/mycobot_280_riscv/opencv_camera.py
/home/amira/mycobot_ros2/install/mycobot_280_riscv/lib/python3.12/site-packages/mycobot_280_riscv/listen_real.py
/home/amira/mycobot_ros2/install/mycobot_280_riscv/lib/python3.12/site-packages/mycobot_280_riscv/listen_real_service.py
/home/amira/mycobot_ros2/install/mycobot_280_riscv/lib/python3.12/site-packages/mycobot_280_riscv/simple_gui.py
/home/amira/mycobot_ros2/install/mycobot_280_riscv/lib/python3.12/site-packages/mycobot_280_riscv/teleop_keyboard.py
/home/amira/mycobot_ros2/install/mycobot_280_riscv/lib/python3.12/site-packages/mycobot_280_riscv/__init__.py
/home/amira/mycobot_ros2/install/mycobot_280_riscv/lib/python3.12/site-packages/mycobot_280_riscv/__pycache__/slider_control.cpython-312.pyc
/home/amira/mycobot_ros2/install/mycobot_280_riscv/lib/python3.12/site-packages/mycobot_280_riscv/__pycache__/camera_display.cpython-312.pyc
/home/amira/mycobot_ros2/install/mycobot_280_riscv/lib/python3.12/site-packages/mycobot_280_riscv/__pycache__/follow_display.cpython-312.pyc
/home/amira/mycobot_ros2/install/mycobot_280_riscv/lib/python3.12/site-packages/mycobot_280_riscv/__pycache__/opencv_camera.cpython-312.pyc
/home/amira/mycobot_ros2/install/mycobot_280_riscv/lib/python3.12/site-packages/mycobot_280_riscv/__pycache__/listen_real.cpython-312.pyc
/home/amira/mycobot_ros2/install/mycobot_280_riscv/lib/python3.12/site-packages/mycobot_280_riscv/__pycache__/listen_real_service.cpython-312.pyc
/home/amira/mycobot_ros2/install/mycobot_280_riscv/lib/python3.12/site-packages/mycobot_280_riscv/__pycache__/simple_gui.cpython-312.pyc
/home/amira/mycobot_ros2/install/mycobot_280_riscv/lib/python3.12/site-packages/mycobot_280_riscv/__pycache__/teleop_keyboard.cpython-312.pyc
/home/amira/mycobot_ros2/install/mycobot_280_riscv/lib/python3.12/site-packages/mycobot_280_riscv/__pycache__/__init__.cpython-312.pyc
/home/amira/mycobot_ros2/install/mycobot_280_riscv/share/ament_index/resource_index/packages/mycobot_280_riscv
/home/amira/mycobot_ros2/install/mycobot_280_riscv/share/mycobot_280_riscv/package.xml
/home/amira/mycobot_ros2/install/mycobot_280_riscv/share/mycobot_280_riscv/launch/slider_control.launch.py
/home/amira/mycobot_ros2/install/mycobot_280_riscv/share/mycobot_280_riscv/launch/simple_gui.launch.py
/home/amira/mycobot_ros2/install/mycobot_280_riscv/share/mycobot_280_riscv/launch/mycobot_follow.launch.py
/home/amira/mycobot_ros2/install/mycobot_280_riscv/share/mycobot_280_riscv/launch/slider_control_pump.launch.py
/home/amira/mycobot_ros2/install/mycobot_280_riscv/share/mycobot_280_riscv/launch/test_camera_flange.launch.py
/home/amira/mycobot_ros2/install/mycobot_280_riscv/share/mycobot_280_riscv/launch/slider_control_camera_flange.launch.py
/home/amira/mycobot_ros2/install/mycobot_280_riscv/share/mycobot_280_riscv/launch/test_camera_flange_pump.launch.py
/home/amira/mycobot_ros2/install/mycobot_280_riscv/share/mycobot_280_riscv/launch/test_pump.launch.py
/home/amira/mycobot_ros2/install/mycobot_280_riscv/share/mycobot_280_riscv/launch/teleop_keyboard.launch.py
/home/amira/mycobot_ros2/install/mycobot_280_riscv/share/mycobot_280_riscv/launch/test.launch.py
/home/amira/mycobot_ros2/install/mycobot_280_riscv/share/mycobot_280_riscv/config/mycobot_280_riscv.rviz
/home/amira/mycobot_ros2/install/mycobot_280_riscv/lib/python3.12/site-packages/mycobot_280_riscv-0.0.0-py3.12.egg-info/PKG-INFO
/home/amira/mycobot_ros2/install/mycobot_280_riscv/lib/python3.12/site-packages/mycobot_280_riscv-0.0.0-py3.12.egg-info/dependency_links.txt
/home/amira/mycobot_ros2/install/mycobot_280_riscv/lib/python3.12/site-packages/mycobot_280_riscv-0.0.0-py3.12.egg-info/zip-safe
/home/amira/mycobot_ros2/install/mycobot_280_riscv/lib/python3.12/site-packages/mycobot_280_riscv-0.0.0-py3.12.egg-info/SOURCES.txt
/home/amira/mycobot_ros2/install/mycobot_280_riscv/lib/python3.12/site-packages/mycobot_280_riscv-0.0.0-py3.12.egg-info/top_level.txt
/home/amira/mycobot_ros2/install/mycobot_280_riscv/lib/python3.12/site-packages/mycobot_280_riscv-0.0.0-py3.12.egg-info/entry_points.txt
/home/amira/mycobot_ros2/install/mycobot_280_riscv/lib/python3.12/site-packages/mycobot_280_riscv-0.0.0-py3.12.egg-info/requires.txt
/home/amira/mycobot_ros2/install/mycobot_280_riscv/lib/mycobot_280_riscv/camera_display
/home/amira/mycobot_ros2/install/mycobot_280_riscv/lib/mycobot_280_riscv/follow_display
/home/amira/mycobot_ros2/install/mycobot_280_riscv/lib/mycobot_280_riscv/listen_real
/home/amira/mycobot_ros2/install/mycobot_280_riscv/lib/mycobot_280_riscv/listen_real_service
/home/amira/mycobot_ros2/install/mycobot_280_riscv/lib/mycobot_280_riscv/opencv_camera
/home/amira/mycobot_ros2/install/mycobot_280_riscv/lib/mycobot_280_riscv/simple_gui
/home/amira/mycobot_ros2/install/mycobot_280_riscv/lib/mycobot_280_riscv/slider_control
/home/amira/mycobot_ros2/install/mycobot_280_riscv/lib/mycobot_280_riscv/teleop_keyboard
