running egg_info
creating ../../../build/pro450_moveit2_control/pro450_moveit2_control.egg-info
writing ../../../build/pro450_moveit2_control/pro450_moveit2_control.egg-info/PKG-INFO
writing dependency_links to ../../../build/pro450_moveit2_control/pro450_moveit2_control.egg-info/dependency_links.txt
writing entry points to ../../../build/pro450_moveit2_control/pro450_moveit2_control.egg-info/entry_points.txt
writing requirements to ../../../build/pro450_moveit2_control/pro450_moveit2_control.egg-info/requires.txt
writing top-level names to ../../../build/pro450_moveit2_control/pro450_moveit2_control.egg-info/top_level.txt
writing manifest file '../../../build/pro450_moveit2_control/pro450_moveit2_control.egg-info/SOURCES.txt'
reading manifest file '../../../build/pro450_moveit2_control/pro450_moveit2_control.egg-info/SOURCES.txt'
adding license file 'LICENSE'
writing manifest file '../../../build/pro450_moveit2_control/pro450_moveit2_control.egg-info/SOURCES.txt'
running build
running build_py
creating /home/amira/mycobot_ros2/build/pro450_moveit2_control/build
creating /home/amira/mycobot_ros2/build/pro450_moveit2_control/build/lib
creating /home/amira/mycobot_ros2/build/pro450_moveit2_control/build/lib/pro450_moveit2_control
copying pro450_moveit2_control/sync_plan.py -> /home/amira/mycobot_ros2/build/pro450_moveit2_control/build/lib/pro450_moveit2_control
copying pro450_moveit2_control/test.py -> /home/amira/mycobot_ros2/build/pro450_moveit2_control/build/lib/pro450_moveit2_control
copying pro450_moveit2_control/__init__.py -> /home/amira/mycobot_ros2/build/pro450_moveit2_control/build/lib/pro450_moveit2_control
running install
running install_lib
creating /home/amira/mycobot_ros2/install/pro450_moveit2_control/lib/python3.12/site-packages/pro450_moveit2_control
copying /home/amira/mycobot_ros2/build/pro450_moveit2_control/build/lib/pro450_moveit2_control/sync_plan.py -> /home/amira/mycobot_ros2/install/pro450_moveit2_control/lib/python3.12/site-packages/pro450_moveit2_control
copying /home/amira/mycobot_ros2/build/pro450_moveit2_control/build/lib/pro450_moveit2_control/test.py -> /home/amira/mycobot_ros2/install/pro450_moveit2_control/lib/python3.12/site-packages/pro450_moveit2_control
copying /home/amira/mycobot_ros2/build/pro450_moveit2_control/build/lib/pro450_moveit2_control/__init__.py -> /home/amira/mycobot_ros2/install/pro450_moveit2_control/lib/python3.12/site-packages/pro450_moveit2_control
byte-compiling /home/amira/mycobot_ros2/install/pro450_moveit2_control/lib/python3.12/site-packages/pro450_moveit2_control/sync_plan.py to sync_plan.cpython-312.pyc
byte-compiling /home/amira/mycobot_ros2/install/pro450_moveit2_control/lib/python3.12/site-packages/pro450_moveit2_control/test.py to test.cpython-312.pyc
byte-compiling /home/amira/mycobot_ros2/install/pro450_moveit2_control/lib/python3.12/site-packages/pro450_moveit2_control/__init__.py to __init__.cpython-312.pyc
running install_data
creating /home/amira/mycobot_ros2/install/pro450_moveit2_control/share/ament_index
creating /home/amira/mycobot_ros2/install/pro450_moveit2_control/share/ament_index/resource_index
creating /home/amira/mycobot_ros2/install/pro450_moveit2_control/share/ament_index/resource_index/packages
copying resource/pro450_moveit2_control -> /home/amira/mycobot_ros2/install/pro450_moveit2_control/share/ament_index/resource_index/packages
copying package.xml -> /home/amira/mycobot_ros2/install/pro450_moveit2_control/share/pro450_moveit2_control
creating /home/amira/mycobot_ros2/install/pro450_moveit2_control/share/pro450_moveit2_control/launch
creating /home/amira/mycobot_ros2/install/pro450_moveit2_control/share/pro450_moveit2_control/config
running install_egg_info
Copying ../../../build/pro450_moveit2_control/pro450_moveit2_control.egg-info to /home/amira/mycobot_ros2/install/pro450_moveit2_control/lib/python3.12/site-packages/pro450_moveit2_control-0.0.0-py3.12.egg-info
running install_scripts
Installing sync_plan script to /home/amira/mycobot_ros2/install/pro450_moveit2_control/lib/pro450_moveit2_control
writing list of installed files to '/home/amira/mycobot_ros2/build/pro450_moveit2_control/install.log'
