[0.116s] Invoking command in '/home/amira/mycobot_ros2/build/mycobot_moveit_config': CMAKE_PREFIX_PATH=${CMAKE_PREFIX_PATH}:/opt/ros/jazzy DEBUGINFOD_URLS=https://debuginfod.ubuntu.com /usr/bin/cmake /home/amira/mycobot_ros2/mycobot_moveit_config -DCMAKE_INSTALL_PREFIX=/home/amira/mycobot_ros2/install/mycobot_moveit_config
[1.089s] -- The C compiler identification is GNU 13.3.0
[1.741s] -- The CXX compiler identification is GNU 13.3.0
[1.914s] -- Detecting C compiler ABI info
[2.744s] -- Detecting C compiler ABI info - done
[2.807s] -- Check for working C compiler: /usr/bin/cc - skipped
[2.807s] -- Detecting C compile features
[2.807s] -- Detecting C compile features - done
[2.898s] -- Detecting CXX compiler ABI info
[3.628s] -- Detecting CXX compiler ABI info - done
[3.682s] -- Check for working CXX compiler: /usr/bin/c++ - skipped
[3.684s] -- Detecting CXX compile features
[3.684s] -- Detecting CXX compile features - done
[3.916s] -- Found ament_cmake: 2.5.6 (/opt/ros/jazzy/share/ament_cmake/cmake)
[4.694s] -- Found Python3: /usr/bin/python3 (found version "3.12.3") found components: Interpreter 
[5.461s] -- Found ament_lint_auto: 0.17.5 (/opt/ros/jazzy/share/ament_lint_auto/cmake)
[6.095s] -- Added test 'lint_cmake' to check CMake code style
[6.109s] -- Added test 'xmllint' to check XML markup files
[6.121s] -- Configuring done (5.8s)
[6.140s] -- Generating done (0.0s)
[6.149s] -- Build files have been written to: /home/amira/mycobot_ros2/build/mycobot_moveit_config
