[0.339s] Invoking command in '/home/amira/mycobot_ros2/build/mycobot_bringup': CMAKE_PREFIX_PATH=${CMAKE_PREFIX_PATH}:/opt/ros/jazzy DEBUGINFOD_URLS=https://debuginfod.ubuntu.com /usr/bin/cmake --build /home/amira/mycobot_ros2/build/mycobot_bringup -- -j3 -l3
[0.856s] Invoked command in '/home/amira/mycobot_ros2/build/mycobot_bringup' returned '0': CMAKE_PREFIX_PATH=${CMAKE_PREFIX_PATH}:/opt/ros/jazzy DEBUGINFOD_URLS=https://debuginfod.ubuntu.com /usr/bin/cmake --build /home/amira/mycobot_ros2/build/mycobot_bringup -- -j3 -l3
[1.026s] Invoking command in '/home/amira/mycobot_ros2/build/mycobot_bringup': CMAKE_PREFIX_PATH=${CMAKE_PREFIX_PATH}:/opt/ros/jazzy DEBUGINFOD_URLS=https://debuginfod.ubuntu.com /usr/bin/cmake --install /home/amira/mycobot_ros2/build/mycobot_bringup
[1.151s] -- Install configuration: ""
[1.152s] -- Installing: /home/amira/mycobot_ros2/install/mycobot_bringup/share/ament_index/resource_index/package_run_dependencies/mycobot_bringup
[1.172s] -- Installing: /home/amira/mycobot_ros2/install/mycobot_bringup/share/ament_index/resource_index/parent_prefix_path/mycobot_bringup
[1.172s] -- Installing: /home/amira/mycobot_ros2/install/mycobot_bringup/share/mycobot_bringup/environment/ament_prefix_path.sh
[1.174s] -- Installing: /home/amira/mycobot_ros2/install/mycobot_bringup/share/mycobot_bringup/environment/ament_prefix_path.dsv
[1.178s] -- Installing: /home/amira/mycobot_ros2/install/mycobot_bringup/share/mycobot_bringup/environment/path.sh
[1.183s] -- Installing: /home/amira/mycobot_ros2/install/mycobot_bringup/share/mycobot_bringup/environment/path.dsv
[1.185s] -- Installing: /home/amira/mycobot_ros2/install/mycobot_bringup/share/mycobot_bringup/local_setup.bash
[1.232s] -- Installing: /home/amira/mycobot_ros2/install/mycobot_bringup/share/mycobot_bringup/local_setup.sh
[1.233s] -- Installing: /home/amira/mycobot_ros2/install/mycobot_bringup/share/mycobot_bringup/local_setup.zsh
[1.237s] -- Installing: /home/amira/mycobot_ros2/install/mycobot_bringup/share/mycobot_bringup/local_setup.dsv
[1.262s] -- Installing: /home/amira/mycobot_ros2/install/mycobot_bringup/share/mycobot_bringup/package.dsv
[1.263s] -- Installing: /home/amira/mycobot_ros2/install/mycobot_bringup/share/ament_index/resource_index/packages/mycobot_bringup
[1.264s] -- Installing: /home/amira/mycobot_ros2/install/mycobot_bringup/share/mycobot_bringup/cmake/mycobot_bringupConfig.cmake
[1.269s] -- Installing: /home/amira/mycobot_ros2/install/mycobot_bringup/share/mycobot_bringup/cmake/mycobot_bringupConfig-version.cmake
[1.283s] -- Installing: /home/amira/mycobot_ros2/install/mycobot_bringup/share/mycobot_bringup/package.xml
[1.470s] Invoked command in '/home/amira/mycobot_ros2/build/mycobot_bringup' returned '0': CMAKE_PREFIX_PATH=${CMAKE_PREFIX_PATH}:/opt/ros/jazzy DEBUGINFOD_URLS=https://debuginfod.ubuntu.com /usr/bin/cmake --install /home/amira/mycobot_ros2/build/mycobot_bringup
