running egg_info
creating ../../../build/mycobot_280_riscv/mycobot_280_riscv.egg-info
writing ../../../build/mycobot_280_riscv/mycobot_280_riscv.egg-info/PKG-INFO
writing dependency_links to ../../../build/mycobot_280_riscv/mycobot_280_riscv.egg-info/dependency_links.txt
writing entry points to ../../../build/mycobot_280_riscv/mycobot_280_riscv.egg-info/entry_points.txt
writing requirements to ../../../build/mycobot_280_riscv/mycobot_280_riscv.egg-info/requires.txt
writing top-level names to ../../../build/mycobot_280_riscv/mycobot_280_riscv.egg-info/top_level.txt
writing manifest file '../../../build/mycobot_280_riscv/mycobot_280_riscv.egg-info/SOURCES.txt'
reading manifest file '../../../build/mycobot_280_riscv/mycobot_280_riscv.egg-info/SOURCES.txt'
adding license file 'LICENSE'
writing manifest file '../../../build/mycobot_280_riscv/mycobot_280_riscv.egg-info/SOURCES.txt'
running build
running build_py
creating /home/amira/mycobot_ros2/build/mycobot_280_riscv/build
creating /home/amira/mycobot_ros2/build/mycobot_280_riscv/build/lib
creating /home/amira/mycobot_ros2/build/mycobot_280_riscv/build/lib/mycobot_280_riscv
copying mycobot_280_riscv/slider_control.py -> /home/amira/mycobot_ros2/build/mycobot_280_riscv/build/lib/mycobot_280_riscv
copying mycobot_280_riscv/camera_display.py -> /home/amira/mycobot_ros2/build/mycobot_280_riscv/build/lib/mycobot_280_riscv
copying mycobot_280_riscv/follow_display.py -> /home/amira/mycobot_ros2/build/mycobot_280_riscv/build/lib/mycobot_280_riscv
copying mycobot_280_riscv/opencv_camera.py -> /home/amira/mycobot_ros2/build/mycobot_280_riscv/build/lib/mycobot_280_riscv
copying mycobot_280_riscv/listen_real.py -> /home/amira/mycobot_ros2/build/mycobot_280_riscv/build/lib/mycobot_280_riscv
copying mycobot_280_riscv/listen_real_service.py -> /home/amira/mycobot_ros2/build/mycobot_280_riscv/build/lib/mycobot_280_riscv
copying mycobot_280_riscv/simple_gui.py -> /home/amira/mycobot_ros2/build/mycobot_280_riscv/build/lib/mycobot_280_riscv
copying mycobot_280_riscv/teleop_keyboard.py -> /home/amira/mycobot_ros2/build/mycobot_280_riscv/build/lib/mycobot_280_riscv
copying mycobot_280_riscv/__init__.py -> /home/amira/mycobot_ros2/build/mycobot_280_riscv/build/lib/mycobot_280_riscv
running install
running install_lib
creating /home/amira/mycobot_ros2/install/mycobot_280_riscv/lib/python3.12/site-packages/mycobot_280_riscv
copying /home/amira/mycobot_ros2/build/mycobot_280_riscv/build/lib/mycobot_280_riscv/slider_control.py -> /home/amira/mycobot_ros2/install/mycobot_280_riscv/lib/python3.12/site-packages/mycobot_280_riscv
copying /home/amira/mycobot_ros2/build/mycobot_280_riscv/build/lib/mycobot_280_riscv/camera_display.py -> /home/amira/mycobot_ros2/install/mycobot_280_riscv/lib/python3.12/site-packages/mycobot_280_riscv
copying /home/amira/mycobot_ros2/build/mycobot_280_riscv/build/lib/mycobot_280_riscv/follow_display.py -> /home/amira/mycobot_ros2/install/mycobot_280_riscv/lib/python3.12/site-packages/mycobot_280_riscv
copying /home/amira/mycobot_ros2/build/mycobot_280_riscv/build/lib/mycobot_280_riscv/opencv_camera.py -> /home/amira/mycobot_ros2/install/mycobot_280_riscv/lib/python3.12/site-packages/mycobot_280_riscv
copying /home/amira/mycobot_ros2/build/mycobot_280_riscv/build/lib/mycobot_280_riscv/listen_real.py -> /home/amira/mycobot_ros2/install/mycobot_280_riscv/lib/python3.12/site-packages/mycobot_280_riscv
copying /home/amira/mycobot_ros2/build/mycobot_280_riscv/build/lib/mycobot_280_riscv/listen_real_service.py -> /home/amira/mycobot_ros2/install/mycobot_280_riscv/lib/python3.12/site-packages/mycobot_280_riscv
copying /home/amira/mycobot_ros2/build/mycobot_280_riscv/build/lib/mycobot_280_riscv/simple_gui.py -> /home/amira/mycobot_ros2/install/mycobot_280_riscv/lib/python3.12/site-packages/mycobot_280_riscv
copying /home/amira/mycobot_ros2/build/mycobot_280_riscv/build/lib/mycobot_280_riscv/teleop_keyboard.py -> /home/amira/mycobot_ros2/install/mycobot_280_riscv/lib/python3.12/site-packages/mycobot_280_riscv
copying /home/amira/mycobot_ros2/build/mycobot_280_riscv/build/lib/mycobot_280_riscv/__init__.py -> /home/amira/mycobot_ros2/install/mycobot_280_riscv/lib/python3.12/site-packages/mycobot_280_riscv
byte-compiling /home/amira/mycobot_ros2/install/mycobot_280_riscv/lib/python3.12/site-packages/mycobot_280_riscv/slider_control.py to slider_control.cpython-312.pyc
byte-compiling /home/amira/mycobot_ros2/install/mycobot_280_riscv/lib/python3.12/site-packages/mycobot_280_riscv/camera_display.py to camera_display.cpython-312.pyc
byte-compiling /home/amira/mycobot_ros2/install/mycobot_280_riscv/lib/python3.12/site-packages/mycobot_280_riscv/follow_display.py to follow_display.cpython-312.pyc
byte-compiling /home/amira/mycobot_ros2/install/mycobot_280_riscv/lib/python3.12/site-packages/mycobot_280_riscv/opencv_camera.py to opencv_camera.cpython-312.pyc
byte-compiling /home/amira/mycobot_ros2/install/mycobot_280_riscv/lib/python3.12/site-packages/mycobot_280_riscv/listen_real.py to listen_real.cpython-312.pyc
byte-compiling /home/amira/mycobot_ros2/install/mycobot_280_riscv/lib/python3.12/site-packages/mycobot_280_riscv/listen_real_service.py to listen_real_service.cpython-312.pyc
byte-compiling /home/amira/mycobot_ros2/install/mycobot_280_riscv/lib/python3.12/site-packages/mycobot_280_riscv/simple_gui.py to simple_gui.cpython-312.pyc
byte-compiling /home/amira/mycobot_ros2/install/mycobot_280_riscv/lib/python3.12/site-packages/mycobot_280_riscv/teleop_keyboard.py to teleop_keyboard.cpython-312.pyc
byte-compiling /home/amira/mycobot_ros2/install/mycobot_280_riscv/lib/python3.12/site-packages/mycobot_280_riscv/__init__.py to __init__.cpython-312.pyc
running install_data
creating /home/amira/mycobot_ros2/install/mycobot_280_riscv/share/ament_index
creating /home/amira/mycobot_ros2/install/mycobot_280_riscv/share/ament_index/resource_index
creating /home/amira/mycobot_ros2/install/mycobot_280_riscv/share/ament_index/resource_index/packages
copying resource/mycobot_280_riscv -> /home/amira/mycobot_ros2/install/mycobot_280_riscv/share/ament_index/resource_index/packages
copying package.xml -> /home/amira/mycobot_ros2/install/mycobot_280_riscv/share/mycobot_280_riscv
creating /home/amira/mycobot_ros2/install/mycobot_280_riscv/share/mycobot_280_riscv/launch
copying launch/slider_control.launch.py -> /home/amira/mycobot_ros2/install/mycobot_280_riscv/share/mycobot_280_riscv/launch
copying launch/simple_gui.launch.py -> /home/amira/mycobot_ros2/install/mycobot_280_riscv/share/mycobot_280_riscv/launch
copying launch/mycobot_follow.launch.py -> /home/amira/mycobot_ros2/install/mycobot_280_riscv/share/mycobot_280_riscv/launch
copying launch/slider_control_pump.launch.py -> /home/amira/mycobot_ros2/install/mycobot_280_riscv/share/mycobot_280_riscv/launch
copying launch/test_camera_flange.launch.py -> /home/amira/mycobot_ros2/install/mycobot_280_riscv/share/mycobot_280_riscv/launch
copying launch/slider_control_camera_flange.launch.py -> /home/amira/mycobot_ros2/install/mycobot_280_riscv/share/mycobot_280_riscv/launch
copying launch/test_camera_flange_pump.launch.py -> /home/amira/mycobot_ros2/install/mycobot_280_riscv/share/mycobot_280_riscv/launch
copying launch/test_pump.launch.py -> /home/amira/mycobot_ros2/install/mycobot_280_riscv/share/mycobot_280_riscv/launch
copying launch/teleop_keyboard.launch.py -> /home/amira/mycobot_ros2/install/mycobot_280_riscv/share/mycobot_280_riscv/launch
copying launch/test.launch.py -> /home/amira/mycobot_ros2/install/mycobot_280_riscv/share/mycobot_280_riscv/launch
creating /home/amira/mycobot_ros2/install/mycobot_280_riscv/share/mycobot_280_riscv/config
copying config/mycobot_280_riscv.rviz -> /home/amira/mycobot_ros2/install/mycobot_280_riscv/share/mycobot_280_riscv/config
running install_egg_info
Copying ../../../build/mycobot_280_riscv/mycobot_280_riscv.egg-info to /home/amira/mycobot_ros2/install/mycobot_280_riscv/lib/python3.12/site-packages/mycobot_280_riscv-0.0.0-py3.12.egg-info
running install_scripts
Installing camera_display script to /home/amira/mycobot_ros2/install/mycobot_280_riscv/lib/mycobot_280_riscv
Installing follow_display script to /home/amira/mycobot_ros2/install/mycobot_280_riscv/lib/mycobot_280_riscv
Installing listen_real script to /home/amira/mycobot_ros2/install/mycobot_280_riscv/lib/mycobot_280_riscv
Installing listen_real_service script to /home/amira/mycobot_ros2/install/mycobot_280_riscv/lib/mycobot_280_riscv
Installing opencv_camera script to /home/amira/mycobot_ros2/install/mycobot_280_riscv/lib/mycobot_280_riscv
Installing simple_gui script to /home/amira/mycobot_ros2/install/mycobot_280_riscv/lib/mycobot_280_riscv
Installing slider_control script to /home/amira/mycobot_ros2/install/mycobot_280_riscv/lib/mycobot_280_riscv
Installing teleop_keyboard script to /home/amira/mycobot_ros2/install/mycobot_280_riscv/lib/mycobot_280_riscv
writing list of installed files to '/home/amira/mycobot_ros2/build/mycobot_280_riscv/install.log'
