[3.386s] Invoking command in '/home/amira/mycobot_ros2/src/mycobot_280/mycobot_280_riscv': AMENT_PREFIX_PATH=/home/amira/mycobot_ros2/install/mycobot_description:${AMENT_PREFIX_PATH} DEBUGINFOD_URLS=https://debuginfod.ubuntu.com PYTHONPATH=/home/amira/mycobot_ros2/build/mycobot_280_riscv/prefix_override:/usr/lib/python3/dist-packages/colcon_core/task/python/colcon_distutils_commands:/home/amira/mycobot_ros2/install/mycobot_280_riscv/lib/python3.12/site-packages:/home/amira/mycobot_ros2/install/mycobot_description/lib/python3.12/site-packages:${PYTHONPATH} /usr/bin/python3 -W ignore:setup.py install is deprecated -W ignore:easy_install command is deprecated setup.py egg_info --egg-base ../../../build/mycobot_280_riscv build --build-base /home/amira/mycobot_ros2/build/mycobot_280_riscv/build install --record /home/amira/mycobot_ros2/build/mycobot_280_riscv/install.log --single-version-externally-managed install_data
[4.306s] running egg_info
[4.306s] creating ../../../build/mycobot_280_riscv/mycobot_280_riscv.egg-info
[4.358s] writing ../../../build/mycobot_280_riscv/mycobot_280_riscv.egg-info/PKG-INFO
[4.360s] writing dependency_links to ../../../build/mycobot_280_riscv/mycobot_280_riscv.egg-info/dependency_links.txt
[4.361s] writing entry points to ../../../build/mycobot_280_riscv/mycobot_280_riscv.egg-info/entry_points.txt
[4.362s] writing requirements to ../../../build/mycobot_280_riscv/mycobot_280_riscv.egg-info/requires.txt
[4.362s] writing top-level names to ../../../build/mycobot_280_riscv/mycobot_280_riscv.egg-info/top_level.txt
[4.363s] writing manifest file '../../../build/mycobot_280_riscv/mycobot_280_riscv.egg-info/SOURCES.txt'
[4.639s] reading manifest file '../../../build/mycobot_280_riscv/mycobot_280_riscv.egg-info/SOURCES.txt'
[4.639s] adding license file 'LICENSE'
[4.644s] writing manifest file '../../../build/mycobot_280_riscv/mycobot_280_riscv.egg-info/SOURCES.txt'
[4.653s] running build
[4.658s] running build_py
[4.660s] creating /home/amira/mycobot_ros2/build/mycobot_280_riscv/build
[4.662s] creating /home/amira/mycobot_ros2/build/mycobot_280_riscv/build/lib
[4.667s] creating /home/amira/mycobot_ros2/build/mycobot_280_riscv/build/lib/mycobot_280_riscv
[4.686s] copying mycobot_280_riscv/slider_control.py -> /home/amira/mycobot_ros2/build/mycobot_280_riscv/build/lib/mycobot_280_riscv
[4.687s] copying mycobot_280_riscv/camera_display.py -> /home/amira/mycobot_ros2/build/mycobot_280_riscv/build/lib/mycobot_280_riscv
[4.687s] copying mycobot_280_riscv/follow_display.py -> /home/amira/mycobot_ros2/build/mycobot_280_riscv/build/lib/mycobot_280_riscv
[4.687s] copying mycobot_280_riscv/opencv_camera.py -> /home/amira/mycobot_ros2/build/mycobot_280_riscv/build/lib/mycobot_280_riscv
[4.687s] copying mycobot_280_riscv/listen_real.py -> /home/amira/mycobot_ros2/build/mycobot_280_riscv/build/lib/mycobot_280_riscv
[4.687s] copying mycobot_280_riscv/listen_real_service.py -> /home/amira/mycobot_ros2/build/mycobot_280_riscv/build/lib/mycobot_280_riscv
[4.688s] copying mycobot_280_riscv/simple_gui.py -> /home/amira/mycobot_ros2/build/mycobot_280_riscv/build/lib/mycobot_280_riscv
[4.688s] copying mycobot_280_riscv/teleop_keyboard.py -> /home/amira/mycobot_ros2/build/mycobot_280_riscv/build/lib/mycobot_280_riscv
[4.688s] copying mycobot_280_riscv/__init__.py -> /home/amira/mycobot_ros2/build/mycobot_280_riscv/build/lib/mycobot_280_riscv
[4.688s] running install
[4.715s] running install_lib
[4.806s] creating /home/amira/mycobot_ros2/install/mycobot_280_riscv/lib/python3.12/site-packages/mycobot_280_riscv
[4.812s] copying /home/amira/mycobot_ros2/build/mycobot_280_riscv/build/lib/mycobot_280_riscv/slider_control.py -> /home/amira/mycobot_ros2/install/mycobot_280_riscv/lib/python3.12/site-packages/mycobot_280_riscv
[4.812s] copying /home/amira/mycobot_ros2/build/mycobot_280_riscv/build/lib/mycobot_280_riscv/camera_display.py -> /home/amira/mycobot_ros2/install/mycobot_280_riscv/lib/python3.12/site-packages/mycobot_280_riscv
[4.813s] copying /home/amira/mycobot_ros2/build/mycobot_280_riscv/build/lib/mycobot_280_riscv/follow_display.py -> /home/amira/mycobot_ros2/install/mycobot_280_riscv/lib/python3.12/site-packages/mycobot_280_riscv
[4.814s] copying /home/amira/mycobot_ros2/build/mycobot_280_riscv/build/lib/mycobot_280_riscv/opencv_camera.py -> /home/amira/mycobot_ros2/install/mycobot_280_riscv/lib/python3.12/site-packages/mycobot_280_riscv
[4.814s] copying /home/amira/mycobot_ros2/build/mycobot_280_riscv/build/lib/mycobot_280_riscv/listen_real.py -> /home/amira/mycobot_ros2/install/mycobot_280_riscv/lib/python3.12/site-packages/mycobot_280_riscv
[4.835s] copying /home/amira/mycobot_ros2/build/mycobot_280_riscv/build/lib/mycobot_280_riscv/listen_real_service.py -> /home/amira/mycobot_ros2/install/mycobot_280_riscv/lib/python3.12/site-packages/mycobot_280_riscv
[4.835s] copying /home/amira/mycobot_ros2/build/mycobot_280_riscv/build/lib/mycobot_280_riscv/simple_gui.py -> /home/amira/mycobot_ros2/install/mycobot_280_riscv/lib/python3.12/site-packages/mycobot_280_riscv
[4.835s] copying /home/amira/mycobot_ros2/build/mycobot_280_riscv/build/lib/mycobot_280_riscv/teleop_keyboard.py -> /home/amira/mycobot_ros2/install/mycobot_280_riscv/lib/python3.12/site-packages/mycobot_280_riscv
[4.835s] copying /home/amira/mycobot_ros2/build/mycobot_280_riscv/build/lib/mycobot_280_riscv/__init__.py -> /home/amira/mycobot_ros2/install/mycobot_280_riscv/lib/python3.12/site-packages/mycobot_280_riscv
[4.835s] byte-compiling /home/amira/mycobot_ros2/install/mycobot_280_riscv/lib/python3.12/site-packages/mycobot_280_riscv/slider_control.py to slider_control.cpython-312.pyc
[4.836s] byte-compiling /home/amira/mycobot_ros2/install/mycobot_280_riscv/lib/python3.12/site-packages/mycobot_280_riscv/camera_display.py to camera_display.cpython-312.pyc
[4.836s] byte-compiling /home/amira/mycobot_ros2/install/mycobot_280_riscv/lib/python3.12/site-packages/mycobot_280_riscv/follow_display.py to follow_display.cpython-312.pyc
[4.836s] byte-compiling /home/amira/mycobot_ros2/install/mycobot_280_riscv/lib/python3.12/site-packages/mycobot_280_riscv/opencv_camera.py to opencv_camera.cpython-312.pyc
[4.836s] byte-compiling /home/amira/mycobot_ros2/install/mycobot_280_riscv/lib/python3.12/site-packages/mycobot_280_riscv/listen_real.py to listen_real.cpython-312.pyc
[4.836s] byte-compiling /home/amira/mycobot_ros2/install/mycobot_280_riscv/lib/python3.12/site-packages/mycobot_280_riscv/listen_real_service.py to listen_real_service.cpython-312.pyc
[4.836s] byte-compiling /home/amira/mycobot_ros2/install/mycobot_280_riscv/lib/python3.12/site-packages/mycobot_280_riscv/simple_gui.py to simple_gui.cpython-312.pyc
[4.836s] byte-compiling /home/amira/mycobot_ros2/install/mycobot_280_riscv/lib/python3.12/site-packages/mycobot_280_riscv/teleop_keyboard.py to teleop_keyboard.cpython-312.pyc
[4.851s] byte-compiling /home/amira/mycobot_ros2/install/mycobot_280_riscv/lib/python3.12/site-packages/mycobot_280_riscv/__init__.py to __init__.cpython-312.pyc
[4.851s] running install_data
[4.851s] creating /home/amira/mycobot_ros2/install/mycobot_280_riscv/share/ament_index
[4.853s] creating /home/amira/mycobot_ros2/install/mycobot_280_riscv/share/ament_index/resource_index
[4.858s] creating /home/amira/mycobot_ros2/install/mycobot_280_riscv/share/ament_index/resource_index/packages
[4.858s] copying resource/mycobot_280_riscv -> /home/amira/mycobot_ros2/install/mycobot_280_riscv/share/ament_index/resource_index/packages
[4.861s] copying package.xml -> /home/amira/mycobot_ros2/install/mycobot_280_riscv/share/mycobot_280_riscv
[4.866s] creating /home/amira/mycobot_ros2/install/mycobot_280_riscv/share/mycobot_280_riscv/launch
[4.866s] copying launch/slider_control.launch.py -> /home/amira/mycobot_ros2/install/mycobot_280_riscv/share/mycobot_280_riscv/launch
[4.866s] copying launch/simple_gui.launch.py -> /home/amira/mycobot_ros2/install/mycobot_280_riscv/share/mycobot_280_riscv/launch
[4.869s] copying launch/mycobot_follow.launch.py -> /home/amira/mycobot_ros2/install/mycobot_280_riscv/share/mycobot_280_riscv/launch
[4.870s] copying launch/slider_control_pump.launch.py -> /home/amira/mycobot_ros2/install/mycobot_280_riscv/share/mycobot_280_riscv/launch
[4.871s] copying launch/test_camera_flange.launch.py -> /home/amira/mycobot_ros2/install/mycobot_280_riscv/share/mycobot_280_riscv/launch
[4.874s] copying launch/slider_control_camera_flange.launch.py -> /home/amira/mycobot_ros2/install/mycobot_280_riscv/share/mycobot_280_riscv/launch
[4.891s] copying launch/test_camera_flange_pump.launch.py -> /home/amira/mycobot_ros2/install/mycobot_280_riscv/share/mycobot_280_riscv/launch
[4.892s] copying launch/test_pump.launch.py -> /home/amira/mycobot_ros2/install/mycobot_280_riscv/share/mycobot_280_riscv/launch
[4.902s] copying launch/teleop_keyboard.launch.py -> /home/amira/mycobot_ros2/install/mycobot_280_riscv/share/mycobot_280_riscv/launch
[4.907s] copying launch/test.launch.py -> /home/amira/mycobot_ros2/install/mycobot_280_riscv/share/mycobot_280_riscv/launch
[4.912s] creating /home/amira/mycobot_ros2/install/mycobot_280_riscv/share/mycobot_280_riscv/config
[4.918s] copying config/mycobot_280_riscv.rviz -> /home/amira/mycobot_ros2/install/mycobot_280_riscv/share/mycobot_280_riscv/config
[4.919s] running install_egg_info
[5.001s] Copying ../../../build/mycobot_280_riscv/mycobot_280_riscv.egg-info to /home/amira/mycobot_ros2/install/mycobot_280_riscv/lib/python3.12/site-packages/mycobot_280_riscv-0.0.0-py3.12.egg-info
[5.003s] running install_scripts
[5.492s] Installing camera_display script to /home/amira/mycobot_ros2/install/mycobot_280_riscv/lib/mycobot_280_riscv
[5.495s] Installing follow_display script to /home/amira/mycobot_ros2/install/mycobot_280_riscv/lib/mycobot_280_riscv
[5.495s] Installing listen_real script to /home/amira/mycobot_ros2/install/mycobot_280_riscv/lib/mycobot_280_riscv
[5.495s] Installing listen_real_service script to /home/amira/mycobot_ros2/install/mycobot_280_riscv/lib/mycobot_280_riscv
[5.495s] Installing opencv_camera script to /home/amira/mycobot_ros2/install/mycobot_280_riscv/lib/mycobot_280_riscv
[5.495s] Installing simple_gui script to /home/amira/mycobot_ros2/install/mycobot_280_riscv/lib/mycobot_280_riscv
[5.496s] Installing slider_control script to /home/amira/mycobot_ros2/install/mycobot_280_riscv/lib/mycobot_280_riscv
[5.496s] Installing teleop_keyboard script to /home/amira/mycobot_ros2/install/mycobot_280_riscv/lib/mycobot_280_riscv
[5.497s] writing list of installed files to '/home/amira/mycobot_ros2/build/mycobot_280_riscv/install.log'
[5.821s] Invoked command in '/home/amira/mycobot_ros2/src/mycobot_280/mycobot_280_riscv' returned '0': AMENT_PREFIX_PATH=/home/amira/mycobot_ros2/install/mycobot_description:${AMENT_PREFIX_PATH} DEBUGINFOD_URLS=https://debuginfod.ubuntu.com PYTHONPATH=/home/amira/mycobot_ros2/build/mycobot_280_riscv/prefix_override:/usr/lib/python3/dist-packages/colcon_core/task/python/colcon_distutils_commands:/home/amira/mycobot_ros2/install/mycobot_280_riscv/lib/python3.12/site-packages:/home/amira/mycobot_ros2/install/mycobot_description/lib/python3.12/site-packages:${PYTHONPATH} /usr/bin/python3 -W ignore:setup.py install is deprecated -W ignore:easy_install command is deprecated setup.py egg_info --egg-base ../../../build/mycobot_280_riscv build --build-base /home/amira/mycobot_ros2/build/mycobot_280_riscv/build install --record /home/amira/mycobot_ros2/build/mycobot_280_riscv/install.log --single-version-externally-managed install_data
