running egg_info
creating ../../../build/mycobot_280_x3pi/mycobot_280_x3pi.egg-info
writing ../../../build/mycobot_280_x3pi/mycobot_280_x3pi.egg-info/PKG-INFO
writing dependency_links to ../../../build/mycobot_280_x3pi/mycobot_280_x3pi.egg-info/dependency_links.txt
writing entry points to ../../../build/mycobot_280_x3pi/mycobot_280_x3pi.egg-info/entry_points.txt
writing requirements to ../../../build/mycobot_280_x3pi/mycobot_280_x3pi.egg-info/requires.txt
writing top-level names to ../../../build/mycobot_280_x3pi/mycobot_280_x3pi.egg-info/top_level.txt
writing manifest file '../../../build/mycobot_280_x3pi/mycobot_280_x3pi.egg-info/SOURCES.txt'
reading manifest file '../../../build/mycobot_280_x3pi/mycobot_280_x3pi.egg-info/SOURCES.txt'
adding license file 'LICENSE'
writing manifest file '../../../build/mycobot_280_x3pi/mycobot_280_x3pi.egg-info/SOURCES.txt'
running build
running build_py
creating /home/amira/mycobot_ros2/build/mycobot_280_x3pi/build
creating /home/amira/mycobot_ros2/build/mycobot_280_x3pi/build/lib
creating /home/amira/mycobot_ros2/build/mycobot_280_x3pi/build/lib/mycobot_280_x3pi
copying mycobot_280_x3pi/slider_control.py -> /home/amira/mycobot_ros2/build/mycobot_280_x3pi/build/lib/mycobot_280_x3pi
copying mycobot_280_x3pi/listen_real_of_topic.py -> /home/amira/mycobot_ros2/build/mycobot_280_x3pi/build/lib/mycobot_280_x3pi
copying mycobot_280_x3pi/camera_display.py -> /home/amira/mycobot_ros2/build/mycobot_280_x3pi/build/lib/mycobot_280_x3pi
copying mycobot_280_x3pi/follow_display.py -> /home/amira/mycobot_ros2/build/mycobot_280_x3pi/build/lib/mycobot_280_x3pi
copying mycobot_280_x3pi/opencv_camera.py -> /home/amira/mycobot_ros2/build/mycobot_280_x3pi/build/lib/mycobot_280_x3pi
copying mycobot_280_x3pi/listen_real.py -> /home/amira/mycobot_ros2/build/mycobot_280_x3pi/build/lib/mycobot_280_x3pi
copying mycobot_280_x3pi/simple_gui.py -> /home/amira/mycobot_ros2/build/mycobot_280_x3pi/build/lib/mycobot_280_x3pi
copying mycobot_280_x3pi/teleop_keyboard.py -> /home/amira/mycobot_ros2/build/mycobot_280_x3pi/build/lib/mycobot_280_x3pi
copying mycobot_280_x3pi/__init__.py -> /home/amira/mycobot_ros2/build/mycobot_280_x3pi/build/lib/mycobot_280_x3pi
running install
running install_lib
creating /home/amira/mycobot_ros2/install/mycobot_280_x3pi/lib/python3.12/site-packages/mycobot_280_x3pi
copying /home/amira/mycobot_ros2/build/mycobot_280_x3pi/build/lib/mycobot_280_x3pi/slider_control.py -> /home/amira/mycobot_ros2/install/mycobot_280_x3pi/lib/python3.12/site-packages/mycobot_280_x3pi
copying /home/amira/mycobot_ros2/build/mycobot_280_x3pi/build/lib/mycobot_280_x3pi/listen_real_of_topic.py -> /home/amira/mycobot_ros2/install/mycobot_280_x3pi/lib/python3.12/site-packages/mycobot_280_x3pi
copying /home/amira/mycobot_ros2/build/mycobot_280_x3pi/build/lib/mycobot_280_x3pi/camera_display.py -> /home/amira/mycobot_ros2/install/mycobot_280_x3pi/lib/python3.12/site-packages/mycobot_280_x3pi
copying /home/amira/mycobot_ros2/build/mycobot_280_x3pi/build/lib/mycobot_280_x3pi/follow_display.py -> /home/amira/mycobot_ros2/install/mycobot_280_x3pi/lib/python3.12/site-packages/mycobot_280_x3pi
copying /home/amira/mycobot_ros2/build/mycobot_280_x3pi/build/lib/mycobot_280_x3pi/opencv_camera.py -> /home/amira/mycobot_ros2/install/mycobot_280_x3pi/lib/python3.12/site-packages/mycobot_280_x3pi
copying /home/amira/mycobot_ros2/build/mycobot_280_x3pi/build/lib/mycobot_280_x3pi/listen_real.py -> /home/amira/mycobot_ros2/install/mycobot_280_x3pi/lib/python3.12/site-packages/mycobot_280_x3pi
copying /home/amira/mycobot_ros2/build/mycobot_280_x3pi/build/lib/mycobot_280_x3pi/simple_gui.py -> /home/amira/mycobot_ros2/install/mycobot_280_x3pi/lib/python3.12/site-packages/mycobot_280_x3pi
copying /home/amira/mycobot_ros2/build/mycobot_280_x3pi/build/lib/mycobot_280_x3pi/teleop_keyboard.py -> /home/amira/mycobot_ros2/install/mycobot_280_x3pi/lib/python3.12/site-packages/mycobot_280_x3pi
copying /home/amira/mycobot_ros2/build/mycobot_280_x3pi/build/lib/mycobot_280_x3pi/__init__.py -> /home/amira/mycobot_ros2/install/mycobot_280_x3pi/lib/python3.12/site-packages/mycobot_280_x3pi
byte-compiling /home/amira/mycobot_ros2/install/mycobot_280_x3pi/lib/python3.12/site-packages/mycobot_280_x3pi/slider_control.py to slider_control.cpython-312.pyc
byte-compiling /home/amira/mycobot_ros2/install/mycobot_280_x3pi/lib/python3.12/site-packages/mycobot_280_x3pi/listen_real_of_topic.py to listen_real_of_topic.cpython-312.pyc
byte-compiling /home/amira/mycobot_ros2/install/mycobot_280_x3pi/lib/python3.12/site-packages/mycobot_280_x3pi/camera_display.py to camera_display.cpython-312.pyc
byte-compiling /home/amira/mycobot_ros2/install/mycobot_280_x3pi/lib/python3.12/site-packages/mycobot_280_x3pi/follow_display.py to follow_display.cpython-312.pyc
byte-compiling /home/amira/mycobot_ros2/install/mycobot_280_x3pi/lib/python3.12/site-packages/mycobot_280_x3pi/opencv_camera.py to opencv_camera.cpython-312.pyc
byte-compiling /home/amira/mycobot_ros2/install/mycobot_280_x3pi/lib/python3.12/site-packages/mycobot_280_x3pi/listen_real.py to listen_real.cpython-312.pyc
byte-compiling /home/amira/mycobot_ros2/install/mycobot_280_x3pi/lib/python3.12/site-packages/mycobot_280_x3pi/simple_gui.py to simple_gui.cpython-312.pyc
byte-compiling /home/amira/mycobot_ros2/install/mycobot_280_x3pi/lib/python3.12/site-packages/mycobot_280_x3pi/teleop_keyboard.py to teleop_keyboard.cpython-312.pyc
byte-compiling /home/amira/mycobot_ros2/install/mycobot_280_x3pi/lib/python3.12/site-packages/mycobot_280_x3pi/__init__.py to __init__.cpython-312.pyc
running install_data
creating /home/amira/mycobot_ros2/install/mycobot_280_x3pi/share/ament_index
creating /home/amira/mycobot_ros2/install/mycobot_280_x3pi/share/ament_index/resource_index
creating /home/amira/mycobot_ros2/install/mycobot_280_x3pi/share/ament_index/resource_index/packages
copying resource/mycobot_280_x3pi -> /home/amira/mycobot_ros2/install/mycobot_280_x3pi/share/ament_index/resource_index/packages
copying package.xml -> /home/amira/mycobot_ros2/install/mycobot_280_x3pi/share/mycobot_280_x3pi
creating /home/amira/mycobot_ros2/install/mycobot_280_x3pi/share/mycobot_280_x3pi/launch
copying launch/slider_control.launch.py -> /home/amira/mycobot_ros2/install/mycobot_280_x3pi/share/mycobot_280_x3pi/launch
copying launch/simple_gui.launch.py -> /home/amira/mycobot_ros2/install/mycobot_280_x3pi/share/mycobot_280_x3pi/launch
copying launch/mycobot_follow.launch.py -> /home/amira/mycobot_ros2/install/mycobot_280_x3pi/share/mycobot_280_x3pi/launch
copying launch/teleop_keyboard.launch.py -> /home/amira/mycobot_ros2/install/mycobot_280_x3pi/share/mycobot_280_x3pi/launch
copying launch/test.launch.py -> /home/amira/mycobot_ros2/install/mycobot_280_x3pi/share/mycobot_280_x3pi/launch
creating /home/amira/mycobot_ros2/install/mycobot_280_x3pi/share/mycobot_280_x3pi/config
copying config/mycobot_with_marker.rviz -> /home/amira/mycobot_ros2/install/mycobot_280_x3pi/share/mycobot_280_x3pi/config
copying config/mycobot_x3pi.rviz -> /home/amira/mycobot_ros2/install/mycobot_280_x3pi/share/mycobot_280_x3pi/config
running install_egg_info
Copying ../../../build/mycobot_280_x3pi/mycobot_280_x3pi.egg-info to /home/amira/mycobot_ros2/install/mycobot_280_x3pi/lib/python3.12/site-packages/mycobot_280_x3pi-0.0.0-py3.12.egg-info
running install_scripts
Installing camera_display script to /home/amira/mycobot_ros2/install/mycobot_280_x3pi/lib/mycobot_280_x3pi
Installing follow_display script to /home/amira/mycobot_ros2/install/mycobot_280_x3pi/lib/mycobot_280_x3pi
Installing listen_real script to /home/amira/mycobot_ros2/install/mycobot_280_x3pi/lib/mycobot_280_x3pi
Installing listen_real_of_topic script to /home/amira/mycobot_ros2/install/mycobot_280_x3pi/lib/mycobot_280_x3pi
Installing opencv_camera script to /home/amira/mycobot_ros2/install/mycobot_280_x3pi/lib/mycobot_280_x3pi
Installing simple_gui script to /home/amira/mycobot_ros2/install/mycobot_280_x3pi/lib/mycobot_280_x3pi
Installing slider_control script to /home/amira/mycobot_ros2/install/mycobot_280_x3pi/lib/mycobot_280_x3pi
Installing teleop_keyboard script to /home/amira/mycobot_ros2/install/mycobot_280_x3pi/lib/mycobot_280_x3pi
writing list of installed files to '/home/amira/mycobot_ros2/build/mycobot_280_x3pi/install.log'
