[4.758s] Invoking command in '/home/amira/mycobot_ros2/src/mycobot_280/mycobot_280_x3pi': AMENT_PREFIX_PATH=/home/amira/mycobot_ros2/install/mycobot_description:${AMENT_PREFIX_PATH} DEBUGINFOD_URLS=https://debuginfod.ubuntu.com PYTHONPATH=/home/amira/mycobot_ros2/build/mycobot_280_x3pi/prefix_override:/usr/lib/python3/dist-packages/colcon_core/task/python/colcon_distutils_commands:/home/amira/mycobot_ros2/install/mycobot_280_x3pi/lib/python3.12/site-packages:/home/amira/mycobot_ros2/install/mycobot_description/lib/python3.12/site-packages:${PYTHONPATH} /usr/bin/python3 -W ignore:setup.py install is deprecated -W ignore:easy_install command is deprecated setup.py egg_info --egg-base ../../../build/mycobot_280_x3pi build --build-base /home/amira/mycobot_ros2/build/mycobot_280_x3pi/build install --record /home/amira/mycobot_ros2/build/mycobot_280_x3pi/install.log --single-version-externally-managed install_data
[6.349s] running egg_info
[6.352s] creating ../../../build/mycobot_280_x3pi/mycobot_280_x3pi.egg-info
[6.510s] writing ../../../build/mycobot_280_x3pi/mycobot_280_x3pi.egg-info/PKG-INFO
[6.510s] writing dependency_links to ../../../build/mycobot_280_x3pi/mycobot_280_x3pi.egg-info/dependency_links.txt
[6.510s] writing entry points to ../../../build/mycobot_280_x3pi/mycobot_280_x3pi.egg-info/entry_points.txt
[6.510s] writing requirements to ../../../build/mycobot_280_x3pi/mycobot_280_x3pi.egg-info/requires.txt
[6.510s] writing top-level names to ../../../build/mycobot_280_x3pi/mycobot_280_x3pi.egg-info/top_level.txt
[6.510s] writing manifest file '../../../build/mycobot_280_x3pi/mycobot_280_x3pi.egg-info/SOURCES.txt'
[6.715s] reading manifest file '../../../build/mycobot_280_x3pi/mycobot_280_x3pi.egg-info/SOURCES.txt'
[6.716s] adding license file 'LICENSE'
[6.719s] writing manifest file '../../../build/mycobot_280_x3pi/mycobot_280_x3pi.egg-info/SOURCES.txt'
[6.721s] running build
[6.722s] running build_py
[6.723s] creating /home/amira/mycobot_ros2/build/mycobot_280_x3pi/build
[6.724s] creating /home/amira/mycobot_ros2/build/mycobot_280_x3pi/build/lib
[6.724s] creating /home/amira/mycobot_ros2/build/mycobot_280_x3pi/build/lib/mycobot_280_x3pi
[6.724s] copying mycobot_280_x3pi/slider_control.py -> /home/amira/mycobot_ros2/build/mycobot_280_x3pi/build/lib/mycobot_280_x3pi
[6.729s] copying mycobot_280_x3pi/listen_real_of_topic.py -> /home/amira/mycobot_ros2/build/mycobot_280_x3pi/build/lib/mycobot_280_x3pi
[6.738s] copying mycobot_280_x3pi/camera_display.py -> /home/amira/mycobot_ros2/build/mycobot_280_x3pi/build/lib/mycobot_280_x3pi
[6.742s] copying mycobot_280_x3pi/follow_display.py -> /home/amira/mycobot_ros2/build/mycobot_280_x3pi/build/lib/mycobot_280_x3pi
[6.745s] copying mycobot_280_x3pi/opencv_camera.py -> /home/amira/mycobot_ros2/build/mycobot_280_x3pi/build/lib/mycobot_280_x3pi
[6.748s] copying mycobot_280_x3pi/listen_real.py -> /home/amira/mycobot_ros2/build/mycobot_280_x3pi/build/lib/mycobot_280_x3pi
[6.751s] copying mycobot_280_x3pi/simple_gui.py -> /home/amira/mycobot_ros2/build/mycobot_280_x3pi/build/lib/mycobot_280_x3pi
[6.755s] copying mycobot_280_x3pi/teleop_keyboard.py -> /home/amira/mycobot_ros2/build/mycobot_280_x3pi/build/lib/mycobot_280_x3pi
[6.758s] copying mycobot_280_x3pi/__init__.py -> /home/amira/mycobot_ros2/build/mycobot_280_x3pi/build/lib/mycobot_280_x3pi
[6.759s] running install
[6.778s] running install_lib
[6.955s] creating /home/amira/mycobot_ros2/install/mycobot_280_x3pi/lib/python3.12/site-packages/mycobot_280_x3pi
[6.965s] copying /home/amira/mycobot_ros2/build/mycobot_280_x3pi/build/lib/mycobot_280_x3pi/slider_control.py -> /home/amira/mycobot_ros2/install/mycobot_280_x3pi/lib/python3.12/site-packages/mycobot_280_x3pi
[6.980s] copying /home/amira/mycobot_ros2/build/mycobot_280_x3pi/build/lib/mycobot_280_x3pi/listen_real_of_topic.py -> /home/amira/mycobot_ros2/install/mycobot_280_x3pi/lib/python3.12/site-packages/mycobot_280_x3pi
[6.980s] copying /home/amira/mycobot_ros2/build/mycobot_280_x3pi/build/lib/mycobot_280_x3pi/camera_display.py -> /home/amira/mycobot_ros2/install/mycobot_280_x3pi/lib/python3.12/site-packages/mycobot_280_x3pi
[6.981s] copying /home/amira/mycobot_ros2/build/mycobot_280_x3pi/build/lib/mycobot_280_x3pi/follow_display.py -> /home/amira/mycobot_ros2/install/mycobot_280_x3pi/lib/python3.12/site-packages/mycobot_280_x3pi
[6.981s] copying /home/amira/mycobot_ros2/build/mycobot_280_x3pi/build/lib/mycobot_280_x3pi/opencv_camera.py -> /home/amira/mycobot_ros2/install/mycobot_280_x3pi/lib/python3.12/site-packages/mycobot_280_x3pi
[6.981s] copying /home/amira/mycobot_ros2/build/mycobot_280_x3pi/build/lib/mycobot_280_x3pi/listen_real.py -> /home/amira/mycobot_ros2/install/mycobot_280_x3pi/lib/python3.12/site-packages/mycobot_280_x3pi
[6.981s] copying /home/amira/mycobot_ros2/build/mycobot_280_x3pi/build/lib/mycobot_280_x3pi/simple_gui.py -> /home/amira/mycobot_ros2/install/mycobot_280_x3pi/lib/python3.12/site-packages/mycobot_280_x3pi
[6.981s] copying /home/amira/mycobot_ros2/build/mycobot_280_x3pi/build/lib/mycobot_280_x3pi/teleop_keyboard.py -> /home/amira/mycobot_ros2/install/mycobot_280_x3pi/lib/python3.12/site-packages/mycobot_280_x3pi
[6.982s] copying /home/amira/mycobot_ros2/build/mycobot_280_x3pi/build/lib/mycobot_280_x3pi/__init__.py -> /home/amira/mycobot_ros2/install/mycobot_280_x3pi/lib/python3.12/site-packages/mycobot_280_x3pi
[6.982s] byte-compiling /home/amira/mycobot_ros2/install/mycobot_280_x3pi/lib/python3.12/site-packages/mycobot_280_x3pi/slider_control.py to slider_control.cpython-312.pyc
[6.982s] byte-compiling /home/amira/mycobot_ros2/install/mycobot_280_x3pi/lib/python3.12/site-packages/mycobot_280_x3pi/listen_real_of_topic.py to listen_real_of_topic.cpython-312.pyc
[6.984s] byte-compiling /home/amira/mycobot_ros2/install/mycobot_280_x3pi/lib/python3.12/site-packages/mycobot_280_x3pi/camera_display.py to camera_display.cpython-312.pyc
[6.985s] byte-compiling /home/amira/mycobot_ros2/install/mycobot_280_x3pi/lib/python3.12/site-packages/mycobot_280_x3pi/follow_display.py to follow_display.cpython-312.pyc
[6.985s] byte-compiling /home/amira/mycobot_ros2/install/mycobot_280_x3pi/lib/python3.12/site-packages/mycobot_280_x3pi/opencv_camera.py to opencv_camera.cpython-312.pyc
[6.985s] byte-compiling /home/amira/mycobot_ros2/install/mycobot_280_x3pi/lib/python3.12/site-packages/mycobot_280_x3pi/listen_real.py to listen_real.cpython-312.pyc
[6.986s] byte-compiling /home/amira/mycobot_ros2/install/mycobot_280_x3pi/lib/python3.12/site-packages/mycobot_280_x3pi/simple_gui.py to simple_gui.cpython-312.pyc
[6.998s] byte-compiling /home/amira/mycobot_ros2/install/mycobot_280_x3pi/lib/python3.12/site-packages/mycobot_280_x3pi/teleop_keyboard.py to teleop_keyboard.cpython-312.pyc
[7.003s] byte-compiling /home/amira/mycobot_ros2/install/mycobot_280_x3pi/lib/python3.12/site-packages/mycobot_280_x3pi/__init__.py to __init__.cpython-312.pyc
[7.005s] running install_data
[7.007s] creating /home/amira/mycobot_ros2/install/mycobot_280_x3pi/share/ament_index
[7.008s] creating /home/amira/mycobot_ros2/install/mycobot_280_x3pi/share/ament_index/resource_index
[7.009s] creating /home/amira/mycobot_ros2/install/mycobot_280_x3pi/share/ament_index/resource_index/packages
[7.012s] copying resource/mycobot_280_x3pi -> /home/amira/mycobot_ros2/install/mycobot_280_x3pi/share/ament_index/resource_index/packages
[7.012s] copying package.xml -> /home/amira/mycobot_ros2/install/mycobot_280_x3pi/share/mycobot_280_x3pi
[7.166s] creating /home/amira/mycobot_ros2/install/mycobot_280_x3pi/share/mycobot_280_x3pi/launch
[7.167s] copying launch/slider_control.launch.py -> /home/amira/mycobot_ros2/install/mycobot_280_x3pi/share/mycobot_280_x3pi/launch
[7.167s] copying launch/simple_gui.launch.py -> /home/amira/mycobot_ros2/install/mycobot_280_x3pi/share/mycobot_280_x3pi/launch
[7.167s] copying launch/mycobot_follow.launch.py -> /home/amira/mycobot_ros2/install/mycobot_280_x3pi/share/mycobot_280_x3pi/launch
[7.167s] copying launch/teleop_keyboard.launch.py -> /home/amira/mycobot_ros2/install/mycobot_280_x3pi/share/mycobot_280_x3pi/launch
[7.167s] copying launch/test.launch.py -> /home/amira/mycobot_ros2/install/mycobot_280_x3pi/share/mycobot_280_x3pi/launch
[7.167s] creating /home/amira/mycobot_ros2/install/mycobot_280_x3pi/share/mycobot_280_x3pi/config
[7.167s] copying config/mycobot_with_marker.rviz -> /home/amira/mycobot_ros2/install/mycobot_280_x3pi/share/mycobot_280_x3pi/config
[7.167s] copying config/mycobot_x3pi.rviz -> /home/amira/mycobot_ros2/install/mycobot_280_x3pi/share/mycobot_280_x3pi/config
[7.167s] running install_egg_info
[7.167s] Copying ../../../build/mycobot_280_x3pi/mycobot_280_x3pi.egg-info to /home/amira/mycobot_ros2/install/mycobot_280_x3pi/lib/python3.12/site-packages/mycobot_280_x3pi-0.0.0-py3.12.egg-info
[7.168s] running install_scripts
[7.748s] Installing camera_display script to /home/amira/mycobot_ros2/install/mycobot_280_x3pi/lib/mycobot_280_x3pi
[7.751s] Installing follow_display script to /home/amira/mycobot_ros2/install/mycobot_280_x3pi/lib/mycobot_280_x3pi
[7.751s] Installing listen_real script to /home/amira/mycobot_ros2/install/mycobot_280_x3pi/lib/mycobot_280_x3pi
[7.752s] Installing listen_real_of_topic script to /home/amira/mycobot_ros2/install/mycobot_280_x3pi/lib/mycobot_280_x3pi
[7.753s] Installing opencv_camera script to /home/amira/mycobot_ros2/install/mycobot_280_x3pi/lib/mycobot_280_x3pi
[7.754s] Installing simple_gui script to /home/amira/mycobot_ros2/install/mycobot_280_x3pi/lib/mycobot_280_x3pi
[7.755s] Installing slider_control script to /home/amira/mycobot_ros2/install/mycobot_280_x3pi/lib/mycobot_280_x3pi
[7.756s] Installing teleop_keyboard script to /home/amira/mycobot_ros2/install/mycobot_280_x3pi/lib/mycobot_280_x3pi
[7.757s] writing list of installed files to '/home/amira/mycobot_ros2/build/mycobot_280_x3pi/install.log'
[8.073s] Invoked command in '/home/amira/mycobot_ros2/src/mycobot_280/mycobot_280_x3pi' returned '0': AMENT_PREFIX_PATH=/home/amira/mycobot_ros2/install/mycobot_description:${AMENT_PREFIX_PATH} DEBUGINFOD_URLS=https://debuginfod.ubuntu.com PYTHONPATH=/home/amira/mycobot_ros2/build/mycobot_280_x3pi/prefix_override:/usr/lib/python3/dist-packages/colcon_core/task/python/colcon_distutils_commands:/home/amira/mycobot_ros2/install/mycobot_280_x3pi/lib/python3.12/site-packages:/home/amira/mycobot_ros2/install/mycobot_description/lib/python3.12/site-packages:${PYTHONPATH} /usr/bin/python3 -W ignore:setup.py install is deprecated -W ignore:easy_install command is deprecated setup.py egg_info --egg-base ../../../build/mycobot_280_x3pi build --build-base /home/amira/mycobot_ros2/build/mycobot_280_x3pi/build install --record /home/amira/mycobot_ros2/build/mycobot_280_x3pi/install.log --single-version-externally-managed install_data
