running egg_info
creating ../../../build/mycobot_280pi/mycobot_280pi.egg-info
writing ../../../build/mycobot_280pi/mycobot_280pi.egg-info/PKG-INFO
writing dependency_links to ../../../build/mycobot_280pi/mycobot_280pi.egg-info/dependency_links.txt
writing entry points to ../../../build/mycobot_280pi/mycobot_280pi.egg-info/entry_points.txt
writing requirements to ../../../build/mycobot_280pi/mycobot_280pi.egg-info/requires.txt
writing top-level names to ../../../build/mycobot_280pi/mycobot_280pi.egg-info/top_level.txt
writing manifest file '../../../build/mycobot_280pi/mycobot_280pi.egg-info/SOURCES.txt'
reading manifest file '../../../build/mycobot_280pi/mycobot_280pi.egg-info/SOURCES.txt'
adding license file 'LICENSE'
writing manifest file '../../../build/mycobot_280pi/mycobot_280pi.egg-info/SOURCES.txt'
running build
running build_py
creating /home/amira/mycobot_ros2/build/mycobot_280pi/build
creating /home/amira/mycobot_ros2/build/mycobot_280pi/build/lib
creating /home/amira/mycobot_ros2/build/mycobot_280pi/build/lib/mycobot_280pi
copying mycobot_280pi/slider_control.py -> /home/amira/mycobot_ros2/build/mycobot_280pi/build/lib/mycobot_280pi
copying mycobot_280pi/listen_real_of_topic.py -> /home/amira/mycobot_ros2/build/mycobot_280pi/build/lib/mycobot_280pi
copying mycobot_280pi/camera_display.py -> /home/amira/mycobot_ros2/build/mycobot_280pi/build/lib/mycobot_280pi
copying mycobot_280pi/follow_display.py -> /home/amira/mycobot_ros2/build/mycobot_280pi/build/lib/mycobot_280pi
copying mycobot_280pi/opencv_camera.py -> /home/amira/mycobot_ros2/build/mycobot_280pi/build/lib/mycobot_280pi
copying mycobot_280pi/listen_real.py -> /home/amira/mycobot_ros2/build/mycobot_280pi/build/lib/mycobot_280pi
copying mycobot_280pi/listen_real_service.py -> /home/amira/mycobot_ros2/build/mycobot_280pi/build/lib/mycobot_280pi
copying mycobot_280pi/slider_control_adaptive_gripper.py -> /home/amira/mycobot_ros2/build/mycobot_280pi/build/lib/mycobot_280pi
copying mycobot_280pi/simple_gui.py -> /home/amira/mycobot_ros2/build/mycobot_280pi/build/lib/mycobot_280pi
copying mycobot_280pi/teleop_keyboard.py -> /home/amira/mycobot_ros2/build/mycobot_280pi/build/lib/mycobot_280pi
copying mycobot_280pi/__init__.py -> /home/amira/mycobot_ros2/build/mycobot_280pi/build/lib/mycobot_280pi
running install
running install_lib
creating /home/amira/mycobot_ros2/install/mycobot_280pi/lib/python3.12/site-packages/mycobot_280pi
copying /home/amira/mycobot_ros2/build/mycobot_280pi/build/lib/mycobot_280pi/slider_control.py -> /home/amira/mycobot_ros2/install/mycobot_280pi/lib/python3.12/site-packages/mycobot_280pi
copying /home/amira/mycobot_ros2/build/mycobot_280pi/build/lib/mycobot_280pi/listen_real_of_topic.py -> /home/amira/mycobot_ros2/install/mycobot_280pi/lib/python3.12/site-packages/mycobot_280pi
copying /home/amira/mycobot_ros2/build/mycobot_280pi/build/lib/mycobot_280pi/camera_display.py -> /home/amira/mycobot_ros2/install/mycobot_280pi/lib/python3.12/site-packages/mycobot_280pi
copying /home/amira/mycobot_ros2/build/mycobot_280pi/build/lib/mycobot_280pi/follow_display.py -> /home/amira/mycobot_ros2/install/mycobot_280pi/lib/python3.12/site-packages/mycobot_280pi
copying /home/amira/mycobot_ros2/build/mycobot_280pi/build/lib/mycobot_280pi/opencv_camera.py -> /home/amira/mycobot_ros2/install/mycobot_280pi/lib/python3.12/site-packages/mycobot_280pi
copying /home/amira/mycobot_ros2/build/mycobot_280pi/build/lib/mycobot_280pi/listen_real.py -> /home/amira/mycobot_ros2/install/mycobot_280pi/lib/python3.12/site-packages/mycobot_280pi
copying /home/amira/mycobot_ros2/build/mycobot_280pi/build/lib/mycobot_280pi/listen_real_service.py -> /home/amira/mycobot_ros2/install/mycobot_280pi/lib/python3.12/site-packages/mycobot_280pi
copying /home/amira/mycobot_ros2/build/mycobot_280pi/build/lib/mycobot_280pi/slider_control_adaptive_gripper.py -> /home/amira/mycobot_ros2/install/mycobot_280pi/lib/python3.12/site-packages/mycobot_280pi
copying /home/amira/mycobot_ros2/build/mycobot_280pi/build/lib/mycobot_280pi/simple_gui.py -> /home/amira/mycobot_ros2/install/mycobot_280pi/lib/python3.12/site-packages/mycobot_280pi
copying /home/amira/mycobot_ros2/build/mycobot_280pi/build/lib/mycobot_280pi/teleop_keyboard.py -> /home/amira/mycobot_ros2/install/mycobot_280pi/lib/python3.12/site-packages/mycobot_280pi
copying /home/amira/mycobot_ros2/build/mycobot_280pi/build/lib/mycobot_280pi/__init__.py -> /home/amira/mycobot_ros2/install/mycobot_280pi/lib/python3.12/site-packages/mycobot_280pi
byte-compiling /home/amira/mycobot_ros2/install/mycobot_280pi/lib/python3.12/site-packages/mycobot_280pi/slider_control.py to slider_control.cpython-312.pyc
byte-compiling /home/amira/mycobot_ros2/install/mycobot_280pi/lib/python3.12/site-packages/mycobot_280pi/listen_real_of_topic.py to listen_real_of_topic.cpython-312.pyc
byte-compiling /home/amira/mycobot_ros2/install/mycobot_280pi/lib/python3.12/site-packages/mycobot_280pi/camera_display.py to camera_display.cpython-312.pyc
byte-compiling /home/amira/mycobot_ros2/install/mycobot_280pi/lib/python3.12/site-packages/mycobot_280pi/follow_display.py to follow_display.cpython-312.pyc
byte-compiling /home/amira/mycobot_ros2/install/mycobot_280pi/lib/python3.12/site-packages/mycobot_280pi/opencv_camera.py to opencv_camera.cpython-312.pyc
byte-compiling /home/amira/mycobot_ros2/install/mycobot_280pi/lib/python3.12/site-packages/mycobot_280pi/listen_real.py to listen_real.cpython-312.pyc
byte-compiling /home/amira/mycobot_ros2/install/mycobot_280pi/lib/python3.12/site-packages/mycobot_280pi/listen_real_service.py to listen_real_service.cpython-312.pyc
byte-compiling /home/amira/mycobot_ros2/install/mycobot_280pi/lib/python3.12/site-packages/mycobot_280pi/slider_control_adaptive_gripper.py to slider_control_adaptive_gripper.cpython-312.pyc
byte-compiling /home/amira/mycobot_ros2/install/mycobot_280pi/lib/python3.12/site-packages/mycobot_280pi/simple_gui.py to simple_gui.cpython-312.pyc
byte-compiling /home/amira/mycobot_ros2/install/mycobot_280pi/lib/python3.12/site-packages/mycobot_280pi/teleop_keyboard.py to teleop_keyboard.cpython-312.pyc
byte-compiling /home/amira/mycobot_ros2/install/mycobot_280pi/lib/python3.12/site-packages/mycobot_280pi/__init__.py to __init__.cpython-312.pyc
running install_data
creating /home/amira/mycobot_ros2/install/mycobot_280pi/share/ament_index
creating /home/amira/mycobot_ros2/install/mycobot_280pi/share/ament_index/resource_index
creating /home/amira/mycobot_ros2/install/mycobot_280pi/share/ament_index/resource_index/packages
copying resource/mycobot_280pi -> /home/amira/mycobot_ros2/install/mycobot_280pi/share/ament_index/resource_index/packages
copying package.xml -> /home/amira/mycobot_ros2/install/mycobot_280pi/share/mycobot_280pi
creating /home/amira/mycobot_ros2/install/mycobot_280pi/share/mycobot_280pi/launch
copying launch/slider_control.launch.py -> /home/amira/mycobot_ros2/install/mycobot_280pi/share/mycobot_280pi/launch
copying launch/slider_control_adaptive_gripper.launch.py -> /home/amira/mycobot_ros2/install/mycobot_280pi/share/mycobot_280pi/launch
copying launch/simple_gui.launch.py -> /home/amira/mycobot_ros2/install/mycobot_280pi/share/mycobot_280pi/launch
copying launch/mycobot_follow.launch.py -> /home/amira/mycobot_ros2/install/mycobot_280pi/share/mycobot_280pi/launch
copying launch/slider_control_pump.launch.py -> /home/amira/mycobot_ros2/install/mycobot_280pi/share/mycobot_280pi/launch
copying launch/test_camera_flange.launch.py -> /home/amira/mycobot_ros2/install/mycobot_280pi/share/mycobot_280pi/launch
copying launch/slider_control_camera_flange.launch.py -> /home/amira/mycobot_ros2/install/mycobot_280pi/share/mycobot_280pi/launch
copying launch/test_gripper.launch.py -> /home/amira/mycobot_ros2/install/mycobot_280pi/share/mycobot_280pi/launch
copying launch/test_camera_flange_pump.launch.py -> /home/amira/mycobot_ros2/install/mycobot_280pi/share/mycobot_280pi/launch
copying launch/test_pump.launch.py -> /home/amira/mycobot_ros2/install/mycobot_280pi/share/mycobot_280pi/launch
copying launch/teleop_keyboard.launch.py -> /home/amira/mycobot_ros2/install/mycobot_280pi/share/mycobot_280pi/launch
copying launch/test.launch.py -> /home/amira/mycobot_ros2/install/mycobot_280pi/share/mycobot_280pi/launch
creating /home/amira/mycobot_ros2/install/mycobot_280pi/share/mycobot_280pi/config
copying config/mycobot_pi.rviz -> /home/amira/mycobot_ros2/install/mycobot_280pi/share/mycobot_280pi/config
copying config/mycobot_with_marker.rviz -> /home/amira/mycobot_ros2/install/mycobot_280pi/share/mycobot_280pi/config
running install_egg_info
Copying ../../../build/mycobot_280pi/mycobot_280pi.egg-info to /home/amira/mycobot_ros2/install/mycobot_280pi/lib/python3.12/site-packages/mycobot_280pi-0.0.0-py3.12.egg-info
running install_scripts
Installing camera_display script to /home/amira/mycobot_ros2/install/mycobot_280pi/lib/mycobot_280pi
Installing follow_display script to /home/amira/mycobot_ros2/install/mycobot_280pi/lib/mycobot_280pi
Installing listen_real script to /home/amira/mycobot_ros2/install/mycobot_280pi/lib/mycobot_280pi
Installing listen_real_of_topic script to /home/amira/mycobot_ros2/install/mycobot_280pi/lib/mycobot_280pi
Installing listen_real_service script to /home/amira/mycobot_ros2/install/mycobot_280pi/lib/mycobot_280pi
Installing opencv_camera script to /home/amira/mycobot_ros2/install/mycobot_280pi/lib/mycobot_280pi
Installing simple_gui script to /home/amira/mycobot_ros2/install/mycobot_280pi/lib/mycobot_280pi
Installing slider_control script to /home/amira/mycobot_ros2/install/mycobot_280pi/lib/mycobot_280pi
Installing slider_control_adaptive_gripper script to /home/amira/mycobot_ros2/install/mycobot_280pi/lib/mycobot_280pi
Installing teleop_keyboard script to /home/amira/mycobot_ros2/install/mycobot_280pi/lib/mycobot_280pi
writing list of installed files to '/home/amira/mycobot_ros2/build/mycobot_280pi/install.log'
