[2.536s] Invoking command in '/home/amira/mycobot_ros2/src/mycobot_320/mycobot_320_riscv': AMENT_PREFIX_PATH=/home/amira/mycobot_ros2/install/mycobot_description:${AMENT_PREFIX_PATH} DEBUGINFOD_URLS=https://debuginfod.ubuntu.com PYTHONPATH=/home/amira/mycobot_ros2/build/mycobot_320_riscv/prefix_override:/usr/lib/python3/dist-packages/colcon_core/task/python/colcon_distutils_commands:/home/amira/mycobot_ros2/install/mycobot_320_riscv/lib/python3.12/site-packages:/home/amira/mycobot_ros2/install/mycobot_description/lib/python3.12/site-packages:${PYTHONPATH} /usr/bin/python3 -W ignore:setup.py install is deprecated -W ignore:easy_install command is deprecated setup.py egg_info --egg-base ../../../build/mycobot_320_riscv build --build-base /home/amira/mycobot_ros2/build/mycobot_320_riscv/build install --record /home/amira/mycobot_ros2/build/mycobot_320_riscv/install.log --single-version-externally-managed install_data
[3.791s] running egg_info
[3.809s] creating ../../../build/mycobot_320_riscv/mycobot_320_riscv.egg-info
[3.957s] writing ../../../build/mycobot_320_riscv/mycobot_320_riscv.egg-info/PKG-INFO
[3.966s] writing dependency_links to ../../../build/mycobot_320_riscv/mycobot_320_riscv.egg-info/dependency_links.txt
[3.966s] writing entry points to ../../../build/mycobot_320_riscv/mycobot_320_riscv.egg-info/entry_points.txt
[3.966s] writing requirements to ../../../build/mycobot_320_riscv/mycobot_320_riscv.egg-info/requires.txt
[3.966s] writing top-level names to ../../../build/mycobot_320_riscv/mycobot_320_riscv.egg-info/top_level.txt
[3.967s] writing manifest file '../../../build/mycobot_320_riscv/mycobot_320_riscv.egg-info/SOURCES.txt'
[4.173s] reading manifest file '../../../build/mycobot_320_riscv/mycobot_320_riscv.egg-info/SOURCES.txt'
[4.173s] adding license file 'LICENSE'
[4.177s] writing manifest file '../../../build/mycobot_320_riscv/mycobot_320_riscv.egg-info/SOURCES.txt'
[4.180s] running build
[4.181s] running build_py
[4.181s] creating /home/amira/mycobot_ros2/build/mycobot_320_riscv/build
[4.181s] creating /home/amira/mycobot_ros2/build/mycobot_320_riscv/build/lib
[4.181s] creating /home/amira/mycobot_ros2/build/mycobot_320_riscv/build/lib/mycobot_320_riscv
[4.185s] copying mycobot_320_riscv/slider_control.py -> /home/amira/mycobot_ros2/build/mycobot_320_riscv/build/lib/mycobot_320_riscv
[4.186s] copying mycobot_320_riscv/listen_real_of_topic.py -> /home/amira/mycobot_ros2/build/mycobot_320_riscv/build/lib/mycobot_320_riscv
[4.207s] copying mycobot_320_riscv/follow_display.py -> /home/amira/mycobot_ros2/build/mycobot_320_riscv/build/lib/mycobot_320_riscv
[4.207s] copying mycobot_320_riscv/listen_real.py -> /home/amira/mycobot_ros2/build/mycobot_320_riscv/build/lib/mycobot_320_riscv
[4.207s] copying mycobot_320_riscv/simple_gui.py -> /home/amira/mycobot_ros2/build/mycobot_320_riscv/build/lib/mycobot_320_riscv
[4.208s] copying mycobot_320_riscv/teleop_keyboard.py -> /home/amira/mycobot_ros2/build/mycobot_320_riscv/build/lib/mycobot_320_riscv
[4.208s] copying mycobot_320_riscv/__init__.py -> /home/amira/mycobot_ros2/build/mycobot_320_riscv/build/lib/mycobot_320_riscv
[4.208s] running install
[4.247s] running install_lib
[4.335s] creating /home/amira/mycobot_ros2/install/mycobot_320_riscv/lib/python3.12/site-packages/mycobot_320_riscv
[4.338s] copying /home/amira/mycobot_ros2/build/mycobot_320_riscv/build/lib/mycobot_320_riscv/slider_control.py -> /home/amira/mycobot_ros2/install/mycobot_320_riscv/lib/python3.12/site-packages/mycobot_320_riscv
[4.349s] copying /home/amira/mycobot_ros2/build/mycobot_320_riscv/build/lib/mycobot_320_riscv/listen_real_of_topic.py -> /home/amira/mycobot_ros2/install/mycobot_320_riscv/lib/python3.12/site-packages/mycobot_320_riscv
[4.351s] copying /home/amira/mycobot_ros2/build/mycobot_320_riscv/build/lib/mycobot_320_riscv/follow_display.py -> /home/amira/mycobot_ros2/install/mycobot_320_riscv/lib/python3.12/site-packages/mycobot_320_riscv
[4.351s] copying /home/amira/mycobot_ros2/build/mycobot_320_riscv/build/lib/mycobot_320_riscv/listen_real.py -> /home/amira/mycobot_ros2/install/mycobot_320_riscv/lib/python3.12/site-packages/mycobot_320_riscv
[4.356s] copying /home/amira/mycobot_ros2/build/mycobot_320_riscv/build/lib/mycobot_320_riscv/simple_gui.py -> /home/amira/mycobot_ros2/install/mycobot_320_riscv/lib/python3.12/site-packages/mycobot_320_riscv
[4.359s] copying /home/amira/mycobot_ros2/build/mycobot_320_riscv/build/lib/mycobot_320_riscv/teleop_keyboard.py -> /home/amira/mycobot_ros2/install/mycobot_320_riscv/lib/python3.12/site-packages/mycobot_320_riscv
[4.359s] copying /home/amira/mycobot_ros2/build/mycobot_320_riscv/build/lib/mycobot_320_riscv/__init__.py -> /home/amira/mycobot_ros2/install/mycobot_320_riscv/lib/python3.12/site-packages/mycobot_320_riscv
[4.359s] byte-compiling /home/amira/mycobot_ros2/install/mycobot_320_riscv/lib/python3.12/site-packages/mycobot_320_riscv/slider_control.py to slider_control.cpython-312.pyc
[4.365s] byte-compiling /home/amira/mycobot_ros2/install/mycobot_320_riscv/lib/python3.12/site-packages/mycobot_320_riscv/listen_real_of_topic.py to listen_real_of_topic.cpython-312.pyc
[4.375s] byte-compiling /home/amira/mycobot_ros2/install/mycobot_320_riscv/lib/python3.12/site-packages/mycobot_320_riscv/follow_display.py to follow_display.cpython-312.pyc
[4.376s] byte-compiling /home/amira/mycobot_ros2/install/mycobot_320_riscv/lib/python3.12/site-packages/mycobot_320_riscv/listen_real.py to listen_real.cpython-312.pyc
[4.397s] byte-compiling /home/amira/mycobot_ros2/install/mycobot_320_riscv/lib/python3.12/site-packages/mycobot_320_riscv/simple_gui.py to simple_gui.cpython-312.pyc
[4.453s] byte-compiling /home/amira/mycobot_ros2/install/mycobot_320_riscv/lib/python3.12/site-packages/mycobot_320_riscv/teleop_keyboard.py to teleop_keyboard.cpython-312.pyc
[4.480s] byte-compiling /home/amira/mycobot_ros2/install/mycobot_320_riscv/lib/python3.12/site-packages/mycobot_320_riscv/__init__.py to __init__.cpython-312.pyc
[4.484s] running install_data
[4.485s] creating /home/amira/mycobot_ros2/install/mycobot_320_riscv/share/ament_index
[4.488s] creating /home/amira/mycobot_ros2/install/mycobot_320_riscv/share/ament_index/resource_index
[4.489s] creating /home/amira/mycobot_ros2/install/mycobot_320_riscv/share/ament_index/resource_index/packages
[4.489s] copying resource/mycobot_320_riscv -> /home/amira/mycobot_ros2/install/mycobot_320_riscv/share/ament_index/resource_index/packages
[4.490s] copying package.xml -> /home/amira/mycobot_ros2/install/mycobot_320_riscv/share/mycobot_320_riscv
[4.496s] creating /home/amira/mycobot_ros2/install/mycobot_320_riscv/share/mycobot_320_riscv/launch
[4.496s] copying launch/slider_control.launch.py -> /home/amira/mycobot_ros2/install/mycobot_320_riscv/share/mycobot_320_riscv/launch
[4.505s] copying launch/simple_gui.launch.py -> /home/amira/mycobot_ros2/install/mycobot_320_riscv/share/mycobot_320_riscv/launch
[4.505s] copying launch/mycobot_follow.launch.py -> /home/amira/mycobot_ros2/install/mycobot_320_riscv/share/mycobot_320_riscv/launch
[4.532s] copying launch/teleop_keyboard.launch.py -> /home/amira/mycobot_ros2/install/mycobot_320_riscv/share/mycobot_320_riscv/launch
[4.533s] copying launch/test.launch.py -> /home/amira/mycobot_ros2/install/mycobot_320_riscv/share/mycobot_320_riscv/launch
[4.535s] creating /home/amira/mycobot_ros2/install/mycobot_320_riscv/share/mycobot_320_riscv/config
[4.536s] copying config/mycobot_320_riscv.rviz -> /home/amira/mycobot_ros2/install/mycobot_320_riscv/share/mycobot_320_riscv/config
[4.536s] running install_egg_info
[4.690s] Copying ../../../build/mycobot_320_riscv/mycobot_320_riscv.egg-info to /home/amira/mycobot_ros2/install/mycobot_320_riscv/lib/python3.12/site-packages/mycobot_320_riscv-0.0.0-py3.12.egg-info
[4.695s] running install_scripts
[5.306s] Installing follow_display script to /home/amira/mycobot_ros2/install/mycobot_320_riscv/lib/mycobot_320_riscv
[5.317s] Installing listen_real script to /home/amira/mycobot_ros2/install/mycobot_320_riscv/lib/mycobot_320_riscv
[5.319s] Installing listen_real_of_topic script to /home/amira/mycobot_ros2/install/mycobot_320_riscv/lib/mycobot_320_riscv
[5.320s] Installing simple_gui script to /home/amira/mycobot_ros2/install/mycobot_320_riscv/lib/mycobot_320_riscv
[5.320s] Installing slider_control script to /home/amira/mycobot_ros2/install/mycobot_320_riscv/lib/mycobot_320_riscv
[5.320s] Installing teleop_keyboard script to /home/amira/mycobot_ros2/install/mycobot_320_riscv/lib/mycobot_320_riscv
[5.321s] writing list of installed files to '/home/amira/mycobot_ros2/build/mycobot_320_riscv/install.log'
[5.651s] Invoked command in '/home/amira/mycobot_ros2/src/mycobot_320/mycobot_320_riscv' returned '0': AMENT_PREFIX_PATH=/home/amira/mycobot_ros2/install/mycobot_description:${AMENT_PREFIX_PATH} DEBUGINFOD_URLS=https://debuginfod.ubuntu.com PYTHONPATH=/home/amira/mycobot_ros2/build/mycobot_320_riscv/prefix_override:/usr/lib/python3/dist-packages/colcon_core/task/python/colcon_distutils_commands:/home/amira/mycobot_ros2/install/mycobot_320_riscv/lib/python3.12/site-packages:/home/amira/mycobot_ros2/install/mycobot_description/lib/python3.12/site-packages:${PYTHONPATH} /usr/bin/python3 -W ignore:setup.py install is deprecated -W ignore:easy_install command is deprecated setup.py egg_info --egg-base ../../../build/mycobot_320_riscv build --build-base /home/amira/mycobot_ros2/build/mycobot_320_riscv/build install --record /home/amira/mycobot_ros2/build/mycobot_320_riscv/install.log --single-version-externally-managed install_data
