/home/amira/mycobot_ros2/install/mypalletizer_260/lib/python3.12/site-packages/mypalletizer_260/slider_control.py
/home/amira/mycobot_ros2/install/mypalletizer_260/lib/python3.12/site-packages/mypalletizer_260/listen_real_of_topic.py
/home/amira/mycobot_ros2/install/mypalletizer_260/lib/python3.12/site-packages/mypalletizer_260/follow_display.py
/home/amira/mycobot_ros2/install/mypalletizer_260/lib/python3.12/site-packages/mypalletizer_260/listen_real.py
/home/amira/mycobot_ros2/install/mypalletizer_260/lib/python3.12/site-packages/mypalletizer_260/listen_real_service.py
/home/amira/mycobot_ros2/install/mypalletizer_260/lib/python3.12/site-packages/mypalletizer_260/slider_control_adaptive_gripper.py
/home/amira/mycobot_ros2/install/mypalletizer_260/lib/python3.12/site-packages/mypalletizer_260/simple_gui.py
/home/amira/mycobot_ros2/install/mypalletizer_260/lib/python3.12/site-packages/mypalletizer_260/teleop_keyboard.py
/home/amira/mycobot_ros2/install/mypalletizer_260/lib/python3.12/site-packages/mypalletizer_260/__init__.py
/home/amira/mycobot_ros2/install/mypalletizer_260/lib/python3.12/site-packages/mypalletizer_260/__pycache__/slider_control.cpython-312.pyc
/home/amira/mycobot_ros2/install/mypalletizer_260/lib/python3.12/site-packages/mypalletizer_260/__pycache__/listen_real_of_topic.cpython-312.pyc
/home/amira/mycobot_ros2/install/mypalletizer_260/lib/python3.12/site-packages/mypalletizer_260/__pycache__/follow_display.cpython-312.pyc
/home/amira/mycobot_ros2/install/mypalletizer_260/lib/python3.12/site-packages/mypalletizer_260/__pycache__/listen_real.cpython-312.pyc
/home/amira/mycobot_ros2/install/mypalletizer_260/lib/python3.12/site-packages/mypalletizer_260/__pycache__/listen_real_service.cpython-312.pyc
/home/amira/mycobot_ros2/install/mypalletizer_260/lib/python3.12/site-packages/mypalletizer_260/__pycache__/slider_control_adaptive_gripper.cpython-312.pyc
/home/amira/mycobot_ros2/install/mypalletizer_260/lib/python3.12/site-packages/mypalletizer_260/__pycache__/simple_gui.cpython-312.pyc
/home/amira/mycobot_ros2/install/mypalletizer_260/lib/python3.12/site-packages/mypalletizer_260/__pycache__/teleop_keyboard.cpython-312.pyc
/home/amira/mycobot_ros2/install/mypalletizer_260/lib/python3.12/site-packages/mypalletizer_260/__pycache__/__init__.cpython-312.pyc
/home/amira/mycobot_ros2/install/mypalletizer_260/share/ament_index/resource_index/packages/mypalletizer_260
/home/amira/mycobot_ros2/install/mypalletizer_260/share/mypalletizer_260/package.xml
/home/amira/mycobot_ros2/install/mypalletizer_260/share/mypalletizer_260/launch/slider_control.launch.py
/home/amira/mycobot_ros2/install/mypalletizer_260/share/mypalletizer_260/launch/slider_control_adaptive_gripper.launch.py
/home/amira/mycobot_ros2/install/mypalletizer_260/share/mypalletizer_260/launch/simple_gui.launch.py
/home/amira/mycobot_ros2/install/mypalletizer_260/share/mypalletizer_260/launch/mycobot_follow.launch.py
/home/amira/mycobot_ros2/install/mypalletizer_260/share/mypalletizer_260/launch/test_gripper.launch.py
/home/amira/mycobot_ros2/install/mypalletizer_260/share/mypalletizer_260/launch/teleop_keyboard.launch.py
/home/amira/mycobot_ros2/install/mypalletizer_260/share/mypalletizer_260/launch/test.launch.py
/home/amira/mycobot_ros2/install/mypalletizer_260/share/mypalletizer_260/config/mypalletizer.rviz
/home/amira/mycobot_ros2/install/mypalletizer_260/share/mypalletizer_260/config/mycobot_with_marker.rviz
/home/amira/mycobot_ros2/install/mypalletizer_260/lib/python3.12/site-packages/mypalletizer_260-0.0.0-py3.12.egg-info/PKG-INFO
/home/amira/mycobot_ros2/install/mypalletizer_260/lib/python3.12/site-packages/mypalletizer_260-0.0.0-py3.12.egg-info/dependency_links.txt
/home/amira/mycobot_ros2/install/mypalletizer_260/lib/python3.12/site-packages/mypalletizer_260-0.0.0-py3.12.egg-info/zip-safe
/home/amira/mycobot_ros2/install/mypalletizer_260/lib/python3.12/site-packages/mypalletizer_260-0.0.0-py3.12.egg-info/SOURCES.txt
/home/amira/mycobot_ros2/install/mypalletizer_260/lib/python3.12/site-packages/mypalletizer_260-0.0.0-py3.12.egg-info/top_level.txt
/home/amira/mycobot_ros2/install/mypalletizer_260/lib/python3.12/site-packages/mypalletizer_260-0.0.0-py3.12.egg-info/entry_points.txt
/home/amira/mycobot_ros2/install/mypalletizer_260/lib/python3.12/site-packages/mypalletizer_260-0.0.0-py3.12.egg-info/requires.txt
/home/amira/mycobot_ros2/install/mypalletizer_260/lib/mypalletizer_260/follow_display
/home/amira/mycobot_ros2/install/mypalletizer_260/lib/mypalletizer_260/listen_real
/home/amira/mycobot_ros2/install/mypalletizer_260/lib/mypalletizer_260/listen_real_of_topic
/home/amira/mycobot_ros2/install/mypalletizer_260/lib/mypalletizer_260/listen_real_service
/home/amira/mycobot_ros2/install/mypalletizer_260/lib/mypalletizer_260/simple_gui
/home/amira/mycobot_ros2/install/mypalletizer_260/lib/mypalletizer_260/slider_control
/home/amira/mycobot_ros2/install/mypalletizer_260/lib/mypalletizer_260/slider_control_adaptive_gripper
/home/amira/mycobot_ros2/install/mypalletizer_260/lib/mypalletizer_260/teleop_keyboard
