[2.998s] Invoking command in '/home/amira/mycobot_ros2/src/mycobot_280/mycobot_280': AMENT_PREFIX_PATH=/home/amira/mycobot_ros2/install/mycobot_description:${AMENT_PREFIX_PATH} DEBUGINFOD_URLS=https://debuginfod.ubuntu.com PYTHONPATH=/home/amira/mycobot_ros2/build/mycobot_280/prefix_override:/usr/lib/python3/dist-packages/colcon_core/task/python/colcon_distutils_commands:/home/amira/mycobot_ros2/install/mycobot_280/lib/python3.12/site-packages:/home/amira/mycobot_ros2/install/mycobot_description/lib/python3.12/site-packages:${PYTHONPATH} /usr/bin/python3 -W ignore:setup.py install is deprecated -W ignore:easy_install command is deprecated setup.py egg_info --egg-base ../../../build/mycobot_280 build --build-base /home/amira/mycobot_ros2/build/mycobot_280/build install --record /home/amira/mycobot_ros2/build/mycobot_280/install.log --single-version-externally-managed install_data
[4.482s] running egg_info
[4.492s] creating ../../../build/mycobot_280/mycobot_280.egg-info
[4.590s] writing ../../../build/mycobot_280/mycobot_280.egg-info/PKG-INFO
[4.596s] writing dependency_links to ../../../build/mycobot_280/mycobot_280.egg-info/dependency_links.txt
[4.597s] writing entry points to ../../../build/mycobot_280/mycobot_280.egg-info/entry_points.txt
[4.599s] writing requirements to ../../../build/mycobot_280/mycobot_280.egg-info/requires.txt
[4.608s] writing top-level names to ../../../build/mycobot_280/mycobot_280.egg-info/top_level.txt
[4.608s] writing manifest file '../../../build/mycobot_280/mycobot_280.egg-info/SOURCES.txt'
[4.804s] reading manifest file '../../../build/mycobot_280/mycobot_280.egg-info/SOURCES.txt'
[4.811s] adding license file 'LICENSE'
[4.832s] writing manifest file '../../../build/mycobot_280/mycobot_280.egg-info/SOURCES.txt'
[4.835s] running build
[4.837s] running build_py
[4.841s] creating /home/amira/mycobot_ros2/build/mycobot_280/build
[4.845s] creating /home/amira/mycobot_ros2/build/mycobot_280/build/lib
[4.847s] creating /home/amira/mycobot_ros2/build/mycobot_280/build/lib/mycobot_280
[4.848s] copying mycobot_280/slider_control.py -> /home/amira/mycobot_ros2/build/mycobot_280/build/lib/mycobot_280
[4.848s] copying mycobot_280/listen_real_of_topic.py -> /home/amira/mycobot_ros2/build/mycobot_280/build/lib/mycobot_280
[4.848s] copying mycobot_280/camera_display.py -> /home/amira/mycobot_ros2/build/mycobot_280/build/lib/mycobot_280
[4.848s] copying mycobot_280/follow_display.py -> /home/amira/mycobot_ros2/build/mycobot_280/build/lib/mycobot_280
[4.849s] copying mycobot_280/opencv_camera.py -> /home/amira/mycobot_ros2/build/mycobot_280/build/lib/mycobot_280
[4.849s] copying mycobot_280/listen_real.py -> /home/amira/mycobot_ros2/build/mycobot_280/build/lib/mycobot_280
[4.851s] copying mycobot_280/listen_real_service.py -> /home/amira/mycobot_ros2/build/mycobot_280/build/lib/mycobot_280
[4.855s] copying mycobot_280/slider_control_adaptive_gripper.py -> /home/amira/mycobot_ros2/build/mycobot_280/build/lib/mycobot_280
[4.856s] copying mycobot_280/simple_gui.py -> /home/amira/mycobot_ros2/build/mycobot_280/build/lib/mycobot_280
[4.860s] copying mycobot_280/teleop_keyboard.py -> /home/amira/mycobot_ros2/build/mycobot_280/build/lib/mycobot_280
[4.867s] copying mycobot_280/__init__.py -> /home/amira/mycobot_ros2/build/mycobot_280/build/lib/mycobot_280
[4.868s] running install
[4.897s] running install_lib
[4.963s] creating /home/amira/mycobot_ros2/install/mycobot_280/lib/python3.12/site-packages/mycobot_280
[4.963s] copying /home/amira/mycobot_ros2/build/mycobot_280/build/lib/mycobot_280/slider_control.py -> /home/amira/mycobot_ros2/install/mycobot_280/lib/python3.12/site-packages/mycobot_280
[4.965s] copying /home/amira/mycobot_ros2/build/mycobot_280/build/lib/mycobot_280/listen_real_of_topic.py -> /home/amira/mycobot_ros2/install/mycobot_280/lib/python3.12/site-packages/mycobot_280
[4.972s] copying /home/amira/mycobot_ros2/build/mycobot_280/build/lib/mycobot_280/camera_display.py -> /home/amira/mycobot_ros2/install/mycobot_280/lib/python3.12/site-packages/mycobot_280
[4.972s] copying /home/amira/mycobot_ros2/build/mycobot_280/build/lib/mycobot_280/follow_display.py -> /home/amira/mycobot_ros2/install/mycobot_280/lib/python3.12/site-packages/mycobot_280
[4.972s] copying /home/amira/mycobot_ros2/build/mycobot_280/build/lib/mycobot_280/opencv_camera.py -> /home/amira/mycobot_ros2/install/mycobot_280/lib/python3.12/site-packages/mycobot_280
[4.973s] copying /home/amira/mycobot_ros2/build/mycobot_280/build/lib/mycobot_280/listen_real.py -> /home/amira/mycobot_ros2/install/mycobot_280/lib/python3.12/site-packages/mycobot_280
[4.973s] copying /home/amira/mycobot_ros2/build/mycobot_280/build/lib/mycobot_280/listen_real_service.py -> /home/amira/mycobot_ros2/install/mycobot_280/lib/python3.12/site-packages/mycobot_280
[4.973s] copying /home/amira/mycobot_ros2/build/mycobot_280/build/lib/mycobot_280/slider_control_adaptive_gripper.py -> /home/amira/mycobot_ros2/install/mycobot_280/lib/python3.12/site-packages/mycobot_280
[4.973s] copying /home/amira/mycobot_ros2/build/mycobot_280/build/lib/mycobot_280/simple_gui.py -> /home/amira/mycobot_ros2/install/mycobot_280/lib/python3.12/site-packages/mycobot_280
[4.973s] copying /home/amira/mycobot_ros2/build/mycobot_280/build/lib/mycobot_280/teleop_keyboard.py -> /home/amira/mycobot_ros2/install/mycobot_280/lib/python3.12/site-packages/mycobot_280
[4.975s] copying /home/amira/mycobot_ros2/build/mycobot_280/build/lib/mycobot_280/__init__.py -> /home/amira/mycobot_ros2/install/mycobot_280/lib/python3.12/site-packages/mycobot_280
[4.975s] byte-compiling /home/amira/mycobot_ros2/install/mycobot_280/lib/python3.12/site-packages/mycobot_280/slider_control.py to slider_control.cpython-312.pyc
[4.978s] byte-compiling /home/amira/mycobot_ros2/install/mycobot_280/lib/python3.12/site-packages/mycobot_280/listen_real_of_topic.py to listen_real_of_topic.cpython-312.pyc
[4.979s] byte-compiling /home/amira/mycobot_ros2/install/mycobot_280/lib/python3.12/site-packages/mycobot_280/camera_display.py to camera_display.cpython-312.pyc
[4.979s] byte-compiling /home/amira/mycobot_ros2/install/mycobot_280/lib/python3.12/site-packages/mycobot_280/follow_display.py to follow_display.cpython-312.pyc
[4.990s] byte-compiling /home/amira/mycobot_ros2/install/mycobot_280/lib/python3.12/site-packages/mycobot_280/opencv_camera.py to opencv_camera.cpython-312.pyc
[4.991s] byte-compiling /home/amira/mycobot_ros2/install/mycobot_280/lib/python3.12/site-packages/mycobot_280/listen_real.py to listen_real.cpython-312.pyc
[5.019s] byte-compiling /home/amira/mycobot_ros2/install/mycobot_280/lib/python3.12/site-packages/mycobot_280/listen_real_service.py to listen_real_service.cpython-312.pyc
[5.036s] byte-compiling /home/amira/mycobot_ros2/install/mycobot_280/lib/python3.12/site-packages/mycobot_280/slider_control_adaptive_gripper.py to slider_control_adaptive_gripper.cpython-312.pyc
[5.037s] byte-compiling /home/amira/mycobot_ros2/install/mycobot_280/lib/python3.12/site-packages/mycobot_280/simple_gui.py to simple_gui.cpython-312.pyc
[5.037s] byte-compiling /home/amira/mycobot_ros2/install/mycobot_280/lib/python3.12/site-packages/mycobot_280/teleop_keyboard.py to teleop_keyboard.cpython-312.pyc
[5.037s] byte-compiling /home/amira/mycobot_ros2/install/mycobot_280/lib/python3.12/site-packages/mycobot_280/__init__.py to __init__.cpython-312.pyc
[5.037s] running install_data
[5.037s] creating /home/amira/mycobot_ros2/install/mycobot_280/share/ament_index
[5.037s] creating /home/amira/mycobot_ros2/install/mycobot_280/share/ament_index/resource_index
[5.041s] creating /home/amira/mycobot_ros2/install/mycobot_280/share/ament_index/resource_index/packages
[5.043s] copying resource/mycobot_280 -> /home/amira/mycobot_ros2/install/mycobot_280/share/ament_index/resource_index/packages
[5.043s] copying package.xml -> /home/amira/mycobot_ros2/install/mycobot_280/share/mycobot_280
[5.043s] creating /home/amira/mycobot_ros2/install/mycobot_280/share/mycobot_280/launch
[5.044s] copying launch/slider_control.launch.py -> /home/amira/mycobot_ros2/install/mycobot_280/share/mycobot_280/launch
[5.044s] copying launch/slider_control_adaptive_gripper.launch.py -> /home/amira/mycobot_ros2/install/mycobot_280/share/mycobot_280/launch
[5.044s] copying launch/simple_gui.launch.py -> /home/amira/mycobot_ros2/install/mycobot_280/share/mycobot_280/launch
[5.044s] copying launch/mycobot_follow.launch.py -> /home/amira/mycobot_ros2/install/mycobot_280/share/mycobot_280/launch
[5.044s] copying launch/slider_control_pump.launch.py -> /home/amira/mycobot_ros2/install/mycobot_280/share/mycobot_280/launch
[5.045s] copying launch/test_camera_flange.launch.py -> /home/amira/mycobot_ros2/install/mycobot_280/share/mycobot_280/launch
[5.045s] copying launch/slider_control_camera_flange.launch.py -> /home/amira/mycobot_ros2/install/mycobot_280/share/mycobot_280/launch
[5.047s] copying launch/test_gripper.launch.py -> /home/amira/mycobot_ros2/install/mycobot_280/share/mycobot_280/launch
[5.057s] copying launch/test_camera_flange_pump.launch.py -> /home/amira/mycobot_ros2/install/mycobot_280/share/mycobot_280/launch
[5.060s] copying launch/test_pump.launch.py -> /home/amira/mycobot_ros2/install/mycobot_280/share/mycobot_280/launch
[5.064s] copying launch/teleop_keyboard.launch.py -> /home/amira/mycobot_ros2/install/mycobot_280/share/mycobot_280/launch
[5.067s] copying launch/simple_gui_pump.launch.py -> /home/amira/mycobot_ros2/install/mycobot_280/share/mycobot_280/launch
[5.070s] copying launch/test.launch.py -> /home/amira/mycobot_ros2/install/mycobot_280/share/mycobot_280/launch
[5.075s] creating /home/amira/mycobot_ros2/install/mycobot_280/share/mycobot_280/config
[5.076s] copying config/mycobot.rviz -> /home/amira/mycobot_ros2/install/mycobot_280/share/mycobot_280/config
[5.084s] copying config/mycobot_with_marker.rviz -> /home/amira/mycobot_ros2/install/mycobot_280/share/mycobot_280/config
[5.084s] running install_egg_info
[5.172s] Copying ../../../build/mycobot_280/mycobot_280.egg-info to /home/amira/mycobot_ros2/install/mycobot_280/lib/python3.12/site-packages/mycobot_280-0.0.0-py3.12.egg-info
[5.215s] running install_scripts
[5.582s] Installing camera_display script to /home/amira/mycobot_ros2/install/mycobot_280/lib/mycobot_280
[5.602s] Installing follow_display script to /home/amira/mycobot_ros2/install/mycobot_280/lib/mycobot_280
[5.602s] Installing listen_real script to /home/amira/mycobot_ros2/install/mycobot_280/lib/mycobot_280
[5.603s] Installing listen_real_of_topic script to /home/amira/mycobot_ros2/install/mycobot_280/lib/mycobot_280
[5.603s] Installing listen_real_service script to /home/amira/mycobot_ros2/install/mycobot_280/lib/mycobot_280
[5.603s] Installing opencv_camera script to /home/amira/mycobot_ros2/install/mycobot_280/lib/mycobot_280
[5.603s] Installing simple_gui script to /home/amira/mycobot_ros2/install/mycobot_280/lib/mycobot_280
[5.603s] Installing slider_control script to /home/amira/mycobot_ros2/install/mycobot_280/lib/mycobot_280
[5.605s] Installing slider_control_adaptive_gripper script to /home/amira/mycobot_ros2/install/mycobot_280/lib/mycobot_280
[5.605s] Installing teleop_keyboard script to /home/amira/mycobot_ros2/install/mycobot_280/lib/mycobot_280
[5.606s] writing list of installed files to '/home/amira/mycobot_ros2/build/mycobot_280/install.log'
[5.722s] Invoked command in '/home/amira/mycobot_ros2/src/mycobot_280/mycobot_280' returned '0': AMENT_PREFIX_PATH=/home/amira/mycobot_ros2/install/mycobot_description:${AMENT_PREFIX_PATH} DEBUGINFOD_URLS=https://debuginfod.ubuntu.com PYTHONPATH=/home/amira/mycobot_ros2/build/mycobot_280/prefix_override:/usr/lib/python3/dist-packages/colcon_core/task/python/colcon_distutils_commands:/home/amira/mycobot_ros2/install/mycobot_280/lib/python3.12/site-packages:/home/amira/mycobot_ros2/install/mycobot_description/lib/python3.12/site-packages:${PYTHONPATH} /usr/bin/python3 -W ignore:setup.py install is deprecated -W ignore:easy_install command is deprecated setup.py egg_info --egg-base ../../../build/mycobot_280 build --build-base /home/amira/mycobot_ros2/build/mycobot_280/build install --record /home/amira/mycobot_ros2/build/mycobot_280/install.log --single-version-externally-managed install_data
