-- Found ament_cmake: 2.5.6 (/opt/ros/jazzy/share/ament_cmake/cmake)
-- Found controller_manager: 4.44.0 (/opt/ros/jazzy/share/controller_manager/cmake)
-- Found rosidl_generator_c: 4.6.7 (/opt/ros/jazzy/share/rosidl_generator_c/cmake)
-- Found rosidl_generator_cpp: 4.6.7 (/opt/ros/jazzy/share/rosidl_generator_cpp/cmake)
-- Using all available rosidl_typesupport_c: rosidl_typesupport_fastrtps_c;rosidl_typesupport_introspection_c
-- Using all available rosidl_typesupport_cpp: rosidl_typesupport_fastrtps_cpp;rosidl_typesupport_introspection_cpp
-- Found rmw_implementation_cmake: 7.3.3 (/opt/ros/jazzy/share/rmw_implementation_cmake/cmake)
-- Found rmw_fastrtps_cpp: 8.4.3 (/opt/ros/jazzy/share/rmw_fastrtps_cpp/cmake)
-- Found OpenSSL: /usr/lib/x86_64-linux-gnu/libcrypto.so (found version "3.0.13")  
-- Found FastRTPS: /opt/ros/jazzy/include (Required is at least version "2.13") 
-- Using RMW implementation 'rmw_fastrtps_cpp' as default
-- Found gripper_controllers: 4.39.0 (/opt/ros/jazzy/share/gripper_controllers/cmake)
-- Found eigen3_cmake_module: 0.3.0 (/opt/ros/jazzy/share/eigen3_cmake_module/cmake)
-- Found Eigen3: TRUE (found version "3.4.0") 
-- Ensuring Eigen3 include directory is part of orocos-kdl CMake target
-- Found ros2_control: 4.44.0 (/opt/ros/jazzy/share/ros2_control/cmake)
-- Found ros2_controllers: 4.39.0 (/opt/ros/jazzy/share/ros2_controllers/cmake)
-- Found xacro: 2.1.1 (/opt/ros/jazzy/share/xacro/cmake)
-- Found ament_lint_auto: 0.17.5 (/opt/ros/jazzy/share/ament_lint_auto/cmake)
-- Added test 'lint_cmake' to check CMake code style
-- Added test 'xmllint' to check XML markup files
-- Configuring done (15.9s)
-- Generating done (0.0s)
-- Build files have been written to: /home/amira/mycobot_ros2/build/mycobot_gazebo
-- Install configuration: ""
-- Installing: /home/amira/mycobot_ros2/install/mycobot_gazebo/share/ament_index/resource_index/package_run_dependencies/mycobot_gazebo
-- Installing: /home/amira/mycobot_ros2/install/mycobot_gazebo/share/ament_index/resource_index/parent_prefix_path/mycobot_gazebo
-- Installing: /home/amira/mycobot_ros2/install/mycobot_gazebo/share/mycobot_gazebo/environment/ament_prefix_path.sh
-- Installing: /home/amira/mycobot_ros2/install/mycobot_gazebo/share/mycobot_gazebo/environment/ament_prefix_path.dsv
-- Installing: /home/amira/mycobot_ros2/install/mycobot_gazebo/share/mycobot_gazebo/environment/path.sh
-- Installing: /home/amira/mycobot_ros2/install/mycobot_gazebo/share/mycobot_gazebo/environment/path.dsv
-- Installing: /home/amira/mycobot_ros2/install/mycobot_gazebo/share/mycobot_gazebo/local_setup.bash
-- Installing: /home/amira/mycobot_ros2/install/mycobot_gazebo/share/mycobot_gazebo/local_setup.sh
-- Installing: /home/amira/mycobot_ros2/install/mycobot_gazebo/share/mycobot_gazebo/local_setup.zsh
-- Installing: /home/amira/mycobot_ros2/install/mycobot_gazebo/share/mycobot_gazebo/local_setup.dsv
-- Installing: /home/amira/mycobot_ros2/install/mycobot_gazebo/share/mycobot_gazebo/package.dsv
-- Installing: /home/amira/mycobot_ros2/install/mycobot_gazebo/share/ament_index/resource_index/packages/mycobot_gazebo
-- Installing: /home/amira/mycobot_ros2/install/mycobot_gazebo/share/mycobot_gazebo/cmake/mycobot_gazeboConfig.cmake
-- Installing: /home/amira/mycobot_ros2/install/mycobot_gazebo/share/mycobot_gazebo/cmake/mycobot_gazeboConfig-version.cmake
-- Installing: /home/amira/mycobot_ros2/install/mycobot_gazebo/share/mycobot_gazebo/package.xml
