[0.067s] Invoking command in '/home/amira/mycobot_ros2/build/mycobot_gazebo': CMAKE_PREFIX_PATH=${CMAKE_PREFIX_PATH}:/opt/ros/jazzy DEBUGINFOD_URLS=https://debuginfod.ubuntu.com /usr/bin/cmake /home/amira/mycobot_ros2/mycobot_gazebo -DCMAKE_INSTALL_PREFIX=/home/amira/mycobot_ros2/install/mycobot_gazebo
[0.425s] -- Found ament_cmake: 2.5.6 (/opt/ros/jazzy/share/ament_cmake/cmake)
[2.572s] -- Found controller_manager: 4.44.0 (/opt/ros/jazzy/share/controller_manager/cmake)
[3.405s] -- Found rosidl_generator_c: 4.6.7 (/opt/ros/jazzy/share/rosidl_generator_c/cmake)
[3.593s] -- Found rosidl_generator_cpp: 4.6.7 (/opt/ros/jazzy/share/rosidl_generator_cpp/cmake)
[3.960s] -- Using all available rosidl_typesupport_c: rosidl_typesupport_fastrtps_c;rosidl_typesupport_introspection_c
[4.236s] -- Using all available rosidl_typesupport_cpp: rosidl_typesupport_fastrtps_cpp;rosidl_typesupport_introspection_cpp
[5.525s] -- Found rmw_implementation_cmake: 7.3.3 (/opt/ros/jazzy/share/rmw_implementation_cmake/cmake)
[5.557s] -- Found rmw_fastrtps_cpp: 8.4.3 (/opt/ros/jazzy/share/rmw_fastrtps_cpp/cmake)
[6.908s] -- Found OpenSSL: /usr/lib/x86_64-linux-gnu/libcrypto.so (found version "3.0.13")  
[7.123s] -- Found FastRTPS: /opt/ros/jazzy/include (Required is at least version "2.13") 
[7.331s] -- Using RMW implementation 'rmw_fastrtps_cpp' as default
[14.139s] -- Found gripper_controllers: 4.39.0 (/opt/ros/jazzy/share/gripper_controllers/cmake)
[14.468s] -- Found eigen3_cmake_module: 0.3.0 (/opt/ros/jazzy/share/eigen3_cmake_module/cmake)
[14.480s] -- Found Eigen3: TRUE (found version "3.4.0") 
[14.480s] -- Ensuring Eigen3 include directory is part of orocos-kdl CMake target
[15.526s] -- Found ros2_control: 4.44.0 (/opt/ros/jazzy/share/ros2_control/cmake)
[15.540s] -- Found ros2_controllers: 4.39.0 (/opt/ros/jazzy/share/ros2_controllers/cmake)
[15.581s] -- Found xacro: 2.1.1 (/opt/ros/jazzy/share/xacro/cmake)
[15.594s] -- Found ament_lint_auto: 0.17.5 (/opt/ros/jazzy/share/ament_lint_auto/cmake)
[16.227s] -- Added test 'lint_cmake' to check CMake code style
[16.234s] -- Added test 'xmllint' to check XML markup files
[16.245s] -- Configuring done (15.9s)
[16.290s] -- Generating done (0.0s)
[16.323s] -- Build files have been written to: /home/amira/mycobot_ros2/build/mycobot_gazebo
[16.357s] Invoked command in '/home/amira/mycobot_ros2/build/mycobot_gazebo' returned '0': CMAKE_PREFIX_PATH=${CMAKE_PREFIX_PATH}:/opt/ros/jazzy DEBUGINFOD_URLS=https://debuginfod.ubuntu.com /usr/bin/cmake /home/amira/mycobot_ros2/mycobot_gazebo -DCMAKE_INSTALL_PREFIX=/home/amira/mycobot_ros2/install/mycobot_gazebo
[16.358s] Invoking command in '/home/amira/mycobot_ros2/build/mycobot_gazebo': CMAKE_PREFIX_PATH=${CMAKE_PREFIX_PATH}:/opt/ros/jazzy DEBUGINFOD_URLS=https://debuginfod.ubuntu.com /usr/bin/cmake --build /home/amira/mycobot_ros2/build/mycobot_gazebo -- -j3 -l3
[16.648s] Invoked command in '/home/amira/mycobot_ros2/build/mycobot_gazebo' returned '0': CMAKE_PREFIX_PATH=${CMAKE_PREFIX_PATH}:/opt/ros/jazzy DEBUGINFOD_URLS=https://debuginfod.ubuntu.com /usr/bin/cmake --build /home/amira/mycobot_ros2/build/mycobot_gazebo -- -j3 -l3
[16.669s] Invoking command in '/home/amira/mycobot_ros2/build/mycobot_gazebo': CMAKE_PREFIX_PATH=${CMAKE_PREFIX_PATH}:/opt/ros/jazzy DEBUGINFOD_URLS=https://debuginfod.ubuntu.com /usr/bin/cmake --install /home/amira/mycobot_ros2/build/mycobot_gazebo
[16.709s] -- Install configuration: ""
[16.711s] -- Installing: /home/amira/mycobot_ros2/install/mycobot_gazebo/share/ament_index/resource_index/package_run_dependencies/mycobot_gazebo
[16.711s] -- Installing: /home/amira/mycobot_ros2/install/mycobot_gazebo/share/ament_index/resource_index/parent_prefix_path/mycobot_gazebo
[16.718s] -- Installing: /home/amira/mycobot_ros2/install/mycobot_gazebo/share/mycobot_gazebo/environment/ament_prefix_path.sh
[16.718s] -- Installing: /home/amira/mycobot_ros2/install/mycobot_gazebo/share/mycobot_gazebo/environment/ament_prefix_path.dsv
[16.718s] -- Installing: /home/amira/mycobot_ros2/install/mycobot_gazebo/share/mycobot_gazebo/environment/path.sh
[16.719s] -- Installing: /home/amira/mycobot_ros2/install/mycobot_gazebo/share/mycobot_gazebo/environment/path.dsv
[16.719s] -- Installing: /home/amira/mycobot_ros2/install/mycobot_gazebo/share/mycobot_gazebo/local_setup.bash
[16.719s] -- Installing: /home/amira/mycobot_ros2/install/mycobot_gazebo/share/mycobot_gazebo/local_setup.sh
[16.728s] -- Installing: /home/amira/mycobot_ros2/install/mycobot_gazebo/share/mycobot_gazebo/local_setup.zsh
[16.728s] -- Installing: /home/amira/mycobot_ros2/install/mycobot_gazebo/share/mycobot_gazebo/local_setup.dsv
[16.729s] -- Installing: /home/amira/mycobot_ros2/install/mycobot_gazebo/share/mycobot_gazebo/package.dsv
[16.729s] -- Installing: /home/amira/mycobot_ros2/install/mycobot_gazebo/share/ament_index/resource_index/packages/mycobot_gazebo
[16.729s] -- Installing: /home/amira/mycobot_ros2/install/mycobot_gazebo/share/mycobot_gazebo/cmake/mycobot_gazeboConfig.cmake
[16.729s] -- Installing: /home/amira/mycobot_ros2/install/mycobot_gazebo/share/mycobot_gazebo/cmake/mycobot_gazeboConfig-version.cmake
[16.729s] -- Installing: /home/amira/mycobot_ros2/install/mycobot_gazebo/share/mycobot_gazebo/package.xml
[16.778s] Invoked command in '/home/amira/mycobot_ros2/build/mycobot_gazebo' returned '0': CMAKE_PREFIX_PATH=${CMAKE_PREFIX_PATH}:/opt/ros/jazzy DEBUGINFOD_URLS=https://debuginfod.ubuntu.com /usr/bin/cmake --install /home/amira/mycobot_ros2/build/mycobot_gazebo
