[0.107s] Invoking command in '/home/amira/mycobot_ros2/build/mycobot_280rdkx5_moveit2': AMENT_PREFIX_PATH=/home/amira/mycobot_ros2/install/mycobot_description:${AMENT_PREFIX_PATH} CMAKE_PREFIX_PATH=${CMAKE_PREFIX_PATH}:/opt/ros/jazzy DEBUGINFOD_URLS=https://debuginfod.ubuntu.com PYTHONPATH=/home/amira/mycobot_ros2/install/mycobot_description/lib/python3.12/site-packages:${PYTHONPATH} /usr/bin/cmake /home/amira/mycobot_ros2/src/mycobot_280/mycobot_280rdkx5_moveit2 -DCMAKE_INSTALL_PREFIX=/home/amira/mycobot_ros2/install/mycobot_280rdkx5_moveit2
[0.435s] -- The C compiler identification is GNU 13.3.0
[0.750s] -- The CXX compiler identification is GNU 13.3.0
[0.856s] -- Detecting C compiler ABI info
[1.089s] -- Detecting C compiler ABI info - done
[1.121s] -- Check for working C compiler: /usr/bin/cc - skipped
[1.123s] -- Detecting C compile features
[1.132s] -- Detecting C compile features - done
[1.158s] -- Detecting CXX compiler ABI info
[1.780s] -- Detecting CXX compiler ABI info - done
[1.868s] -- Check for working CXX compiler: /usr/bin/c++ - skipped
[1.871s] -- Detecting CXX compile features
[1.875s] -- Detecting CXX compile features - done
[1.921s] -- Found ament_cmake: 2.5.6 (/opt/ros/jazzy/share/ament_cmake/cmake)
[2.459s] -- Found Python3: /usr/bin/python3 (found version "3.12.3") found components: Interpreter 
[3.304s] -- Configuring done (3.2s)
[3.322s] -- Generating done (0.0s)
[3.330s] -- Build files have been written to: /home/amira/mycobot_ros2/build/mycobot_280rdkx5_moveit2
[3.717s] Invoked command in '/home/amira/mycobot_ros2/build/mycobot_280rdkx5_moveit2' returned '0': AMENT_PREFIX_PATH=/home/amira/mycobot_ros2/install/mycobot_description:${AMENT_PREFIX_PATH} CMAKE_PREFIX_PATH=${CMAKE_PREFIX_PATH}:/opt/ros/jazzy DEBUGINFOD_URLS=https://debuginfod.ubuntu.com PYTHONPATH=/home/amira/mycobot_ros2/install/mycobot_description/lib/python3.12/site-packages:${PYTHONPATH} /usr/bin/cmake /home/amira/mycobot_ros2/src/mycobot_280/mycobot_280rdkx5_moveit2 -DCMAKE_INSTALL_PREFIX=/home/amira/mycobot_ros2/install/mycobot_280rdkx5_moveit2
[3.722s] Invoking command in '/home/amira/mycobot_ros2/build/mycobot_280rdkx5_moveit2': AMENT_PREFIX_PATH=/home/amira/mycobot_ros2/install/mycobot_description:${AMENT_PREFIX_PATH} CMAKE_PREFIX_PATH=${CMAKE_PREFIX_PATH}:/opt/ros/jazzy DEBUGINFOD_URLS=https://debuginfod.ubuntu.com PYTHONPATH=/home/amira/mycobot_ros2/install/mycobot_description/lib/python3.12/site-packages:${PYTHONPATH} /usr/bin/cmake --build /home/amira/mycobot_ros2/build/mycobot_280rdkx5_moveit2 -- -j3 -l3
[3.901s] Invoked command in '/home/amira/mycobot_ros2/build/mycobot_280rdkx5_moveit2' returned '0': AMENT_PREFIX_PATH=/home/amira/mycobot_ros2/install/mycobot_description:${AMENT_PREFIX_PATH} CMAKE_PREFIX_PATH=${CMAKE_PREFIX_PATH}:/opt/ros/jazzy DEBUGINFOD_URLS=https://debuginfod.ubuntu.com PYTHONPATH=/home/amira/mycobot_ros2/install/mycobot_description/lib/python3.12/site-packages:${PYTHONPATH} /usr/bin/cmake --build /home/amira/mycobot_ros2/build/mycobot_280rdkx5_moveit2 -- -j3 -l3
[3.942s] Invoking command in '/home/amira/mycobot_ros2/build/mycobot_280rdkx5_moveit2': AMENT_PREFIX_PATH=/home/amira/mycobot_ros2/install/mycobot_description:${AMENT_PREFIX_PATH} CMAKE_PREFIX_PATH=${CMAKE_PREFIX_PATH}:/opt/ros/jazzy DEBUGINFOD_URLS=https://debuginfod.ubuntu.com PYTHONPATH=/home/amira/mycobot_ros2/install/mycobot_description/lib/python3.12/site-packages:${PYTHONPATH} /usr/bin/cmake --install /home/amira/mycobot_ros2/build/mycobot_280rdkx5_moveit2
[3.943s] -- Install configuration: ""
[3.944s] -- Installing: /home/amira/mycobot_ros2/install/mycobot_280rdkx5_moveit2/share/ament_index/resource_index/package_run_dependencies/mycobot_280rdkx5_moveit2
[3.945s] -- Installing: /home/amira/mycobot_ros2/install/mycobot_280rdkx5_moveit2/share/ament_index/resource_index/parent_prefix_path/mycobot_280rdkx5_moveit2
[3.946s] -- Installing: /home/amira/mycobot_ros2/install/mycobot_280rdkx5_moveit2/share/mycobot_280rdkx5_moveit2/environment/ament_prefix_path.sh
[3.946s] -- Installing: /home/amira/mycobot_ros2/install/mycobot_280rdkx5_moveit2/share/mycobot_280rdkx5_moveit2/environment/ament_prefix_path.dsv
[3.947s] -- Installing: /home/amira/mycobot_ros2/install/mycobot_280rdkx5_moveit2/share/mycobot_280rdkx5_moveit2/environment/path.sh
[3.947s] -- Installing: /home/amira/mycobot_ros2/install/mycobot_280rdkx5_moveit2/share/mycobot_280rdkx5_moveit2/environment/path.dsv
[3.948s] -- Installing: /home/amira/mycobot_ros2/install/mycobot_280rdkx5_moveit2/share/mycobot_280rdkx5_moveit2/local_setup.bash
[3.948s] -- Installing: /home/amira/mycobot_ros2/install/mycobot_280rdkx5_moveit2/share/mycobot_280rdkx5_moveit2/local_setup.sh
[3.949s] -- Installing: /home/amira/mycobot_ros2/install/mycobot_280rdkx5_moveit2/share/mycobot_280rdkx5_moveit2/local_setup.zsh
[3.949s] -- Installing: /home/amira/mycobot_ros2/install/mycobot_280rdkx5_moveit2/share/mycobot_280rdkx5_moveit2/local_setup.dsv
[3.950s] -- Installing: /home/amira/mycobot_ros2/install/mycobot_280rdkx5_moveit2/share/mycobot_280rdkx5_moveit2/package.dsv
[3.954s] -- Installing: /home/amira/mycobot_ros2/install/mycobot_280rdkx5_moveit2/share/ament_index/resource_index/packages/mycobot_280rdkx5_moveit2
[3.954s] -- Installing: /home/amira/mycobot_ros2/install/mycobot_280rdkx5_moveit2/share/mycobot_280rdkx5_moveit2/cmake/mycobot_280rdkx5_moveit2Config.cmake
[3.955s] -- Installing: /home/amira/mycobot_ros2/install/mycobot_280rdkx5_moveit2/share/mycobot_280rdkx5_moveit2/cmake/mycobot_280rdkx5_moveit2Config-version.cmake
[3.956s] -- Installing: /home/amira/mycobot_ros2/install/mycobot_280rdkx5_moveit2/share/mycobot_280rdkx5_moveit2/package.xml
[3.957s] -- Installing: /home/amira/mycobot_ros2/install/mycobot_280rdkx5_moveit2/share/mycobot_280rdkx5_moveit2/launch
[3.957s] -- Installing: /home/amira/mycobot_ros2/install/mycobot_280rdkx5_moveit2/share/mycobot_280rdkx5_moveit2/launch/moveit_rviz.launch.py
[3.960s] -- Installing: /home/amira/mycobot_ros2/install/mycobot_280rdkx5_moveit2/share/mycobot_280rdkx5_moveit2/launch/warehouse_db.launch.py
[3.961s] -- Installing: /home/amira/mycobot_ros2/install/mycobot_280rdkx5_moveit2/share/mycobot_280rdkx5_moveit2/launch/rsp.launch.py
[3.964s] -- Installing: /home/amira/mycobot_ros2/install/mycobot_280rdkx5_moveit2/share/mycobot_280rdkx5_moveit2/launch/setup_assistant.launch.py
[3.965s] -- Installing: /home/amira/mycobot_ros2/install/mycobot_280rdkx5_moveit2/share/mycobot_280rdkx5_moveit2/launch/spawn_controllers.launch.py
[3.967s] -- Installing: /home/amira/mycobot_ros2/install/mycobot_280rdkx5_moveit2/share/mycobot_280rdkx5_moveit2/launch/move_group.launch.py
[3.970s] -- Installing: /home/amira/mycobot_ros2/install/mycobot_280rdkx5_moveit2/share/mycobot_280rdkx5_moveit2/launch/demo.launch.py
[3.971s] -- Installing: /home/amira/mycobot_ros2/install/mycobot_280rdkx5_moveit2/share/mycobot_280rdkx5_moveit2/launch/static_virtual_joint_tfs.launch.py
[3.973s] -- Installing: /home/amira/mycobot_ros2/install/mycobot_280rdkx5_moveit2/share/mycobot_280rdkx5_moveit2/config
[3.976s] -- Installing: /home/amira/mycobot_ros2/install/mycobot_280rdkx5_moveit2/share/mycobot_280rdkx5_moveit2/config/firefighter.urdf.xacro
[3.978s] -- Installing: /home/amira/mycobot_ros2/install/mycobot_280rdkx5_moveit2/share/mycobot_280rdkx5_moveit2/config/firefighter.ros2_control.xacro
[3.980s] -- Installing: /home/amira/mycobot_ros2/install/mycobot_280rdkx5_moveit2/share/mycobot_280rdkx5_moveit2/config/initial_positions.yaml
[3.982s] -- Installing: /home/amira/mycobot_ros2/install/mycobot_280rdkx5_moveit2/share/mycobot_280rdkx5_moveit2/config/joint_limits.yaml
[3.983s] -- Installing: /home/amira/mycobot_ros2/install/mycobot_280rdkx5_moveit2/share/mycobot_280rdkx5_moveit2/config/kinematics.yaml
[3.985s] -- Installing: /home/amira/mycobot_ros2/install/mycobot_280rdkx5_moveit2/share/mycobot_280rdkx5_moveit2/config/moveit.rviz
[3.987s] -- Installing: /home/amira/mycobot_ros2/install/mycobot_280rdkx5_moveit2/share/mycobot_280rdkx5_moveit2/config/firefighter.srdf
[3.988s] -- Installing: /home/amira/mycobot_ros2/install/mycobot_280rdkx5_moveit2/share/mycobot_280rdkx5_moveit2/config/sensors_3d.yaml
[3.991s] -- Installing: /home/amira/mycobot_ros2/install/mycobot_280rdkx5_moveit2/share/mycobot_280rdkx5_moveit2/config/moveit_controllers.yaml
[3.992s] -- Installing: /home/amira/mycobot_ros2/install/mycobot_280rdkx5_moveit2/share/mycobot_280rdkx5_moveit2/config/ros2_controllers.yaml
[3.995s] -- Installing: /home/amira/mycobot_ros2/install/mycobot_280rdkx5_moveit2/share/mycobot_280rdkx5_moveit2/config/pilz_cartesian_limits.yaml
[3.998s] -- Installing: /home/amira/mycobot_ros2/install/mycobot_280rdkx5_moveit2/share/mycobot_280rdkx5_moveit2/.setup_assistant
[4.027s] Invoked command in '/home/amira/mycobot_ros2/build/mycobot_280rdkx5_moveit2' returned '0': AMENT_PREFIX_PATH=/home/amira/mycobot_ros2/install/mycobot_description:${AMENT_PREFIX_PATH} CMAKE_PREFIX_PATH=${CMAKE_PREFIX_PATH}:/opt/ros/jazzy DEBUGINFOD_URLS=https://debuginfod.ubuntu.com PYTHONPATH=/home/amira/mycobot_ros2/install/mycobot_description/lib/python3.12/site-packages:${PYTHONPATH} /usr/bin/cmake --install /home/amira/mycobot_ros2/build/mycobot_280rdkx5_moveit2
