-- The C compiler identification is GNU 13.3.0
-- The CXX compiler identification is GNU 13.3.0
-- Detecting C compiler ABI info
-- Detecting C compiler ABI info - done
-- Check for working C compiler: /usr/bin/cc - skipped
-- Detecting C compile features
-- Detecting C compile features - done
-- Detecting CXX compiler ABI info
-- Detecting CXX compiler ABI info - done
-- Check for working CXX compiler: /usr/bin/c++ - skipped
-- Detecting CXX compile features
-- Detecting CXX compile features - done
-- Found ament_cmake: 2.5.6 (/opt/ros/jazzy/share/ament_cmake/cmake)
-- Found Python3: /usr/bin/python3 (found version "3.12.3") found components: Interpreter 
-- Found rosidl_default_generators: 1.6.0 (/opt/ros/jazzy/share/rosidl_default_generators/cmake)
-- Using all available rosidl_typesupport_c: rosidl_typesupport_fastrtps_c;rosidl_typesupport_introspection_c
-- Using all available rosidl_typesupport_cpp: rosidl_typesupport_fastrtps_cpp;rosidl_typesupport_introspection_cpp
-- Found rosidl_adapter: 4.6.7 (/opt/ros/jazzy/share/rosidl_adapter/cmake)
-- Found rclpy: 7.1.11 (/opt/ros/jazzy/share/rclpy/cmake)
-- Found std_msgs: 5.3.7 (/opt/ros/jazzy/share/std_msgs/cmake)
-- Found ament_cmake_ros: 0.12.0 (/opt/ros/jazzy/share/ament_cmake_ros/cmake)
-- Using all available rosidl_typesupport_c: rosidl_typesupport_fastrtps_c;rosidl_typesupport_introspection_c
-- Using all available rosidl_typesupport_cpp: rosidl_typesupport_fastrtps_cpp;rosidl_typesupport_introspection_cpp
-- Found python_cmake_module: 0.11.1 (/opt/ros/jazzy/share/python_cmake_module/cmake)
-- Found PythonExtra: /usr/bin/python3  
-- Found Python3: /usr/bin/python3 (found version "3.12.3") found components: Interpreter Development NumPy Development.Module Development.Embed 
-- Found Python3: /usr/bin/python3 (found version "3.12.3") found components: Interpreter 
-- Found ament_lint_auto: 0.17.5 (/opt/ros/jazzy/share/ament_lint_auto/cmake)
-- Added test 'copyright' to check source files copyright and LICENSE
-- Added test 'lint_cmake' to check CMake code style
-- Added test 'xmllint' to check XML markup files
-- Configuring done (42.8s)
-- Generating done (0.8s)
-- Build files have been written to: /home/amira/mycobot_ros2/build/mycobot_interfaces
[  0%] [34m[1mGenerating Rust code for ROS interfaces[0m
[  0%] Built target mycobot_interfaces__rs
[  0%] Built target ament_cmake_python_copy_mycobot_interfaces
[  1%] [34m[1mGenerating type hashes for ROS interfaces[0m
[  1%] Built target mycobot_interfaces__rosidl_generator_type_description
running egg_info
creating mycobot_interfaces.egg-info
writing mycobot_interfaces.egg-info/PKG-INFO
writing dependency_links to mycobot_interfaces.egg-info/dependency_links.txt
writing top-level names to mycobot_interfaces.egg-info/top_level.txt
writing manifest file 'mycobot_interfaces.egg-info/SOURCES.txt'
reading manifest file 'mycobot_interfaces.egg-info/SOURCES.txt'
writing manifest file 'mycobot_interfaces.egg-info/SOURCES.txt'
[  1%] Built target ament_cmake_python_build_mycobot_interfaces_egg
[  1%] [34m[1mGenerating C++ code for ROS interfaces[0m
[  1%] Built target mycobot_interfaces__cpp
[  2%] [34m[1mGenerating C code for ROS interfaces[0m
[  2%] [32mBuilding C object CMakeFiles/mycobot_interfaces__rosidl_generator_c.dir/rosidl_generator_c/mycobot_interfaces/msg/detail/mycobot_angles__description.c.o[0m
[  3%] [32mBuilding C object CMakeFiles/mycobot_interfaces__rosidl_generator_c.dir/rosidl_generator_c/mycobot_interfaces/msg/detail/mycobot_angles__type_support.c.o[0m
[  3%] [32mBuilding C object CMakeFiles/mycobot_interfaces__rosidl_generator_c.dir/rosidl_generator_c/mycobot_interfaces/msg/detail/mycobot_coords__description.c.o[0m
[  4%] [32mBuilding C object CMakeFiles/mycobot_interfaces__rosidl_generator_c.dir/rosidl_generator_c/mycobot_interfaces/msg/detail/mycobot_coords__functions.c.o[0m
[  5%] [32mBuilding C object CMakeFiles/mycobot_interfaces__rosidl_generator_c.dir/rosidl_generator_c/mycobot_interfaces/msg/detail/mycobot_coords__type_support.c.o[0m
[  5%] [32mBuilding C object CMakeFiles/mycobot_interfaces__rosidl_generator_c.dir/rosidl_generator_c/mycobot_interfaces/msg/detail/mycobot_set_angles__description.c.o[0m
[  6%] [32mBuilding C object CMakeFiles/mycobot_interfaces__rosidl_generator_c.dir/rosidl_generator_c/mycobot_interfaces/msg/detail/mycobot_set_angles__functions.c.o[0m
[  7%] [32mBuilding C object CMakeFiles/mycobot_interfaces__rosidl_generator_c.dir/rosidl_generator_c/mycobot_interfaces/msg/detail/mycobot_set_angles__type_support.c.o[0m
[  7%] [32mBuilding C object CMakeFiles/mycobot_interfaces__rosidl_generator_c.dir/rosidl_generator_c/mycobot_interfaces/msg/detail/mycobot_set_coords__description.c.o[0m
[  8%] [32mBuilding C object CMakeFiles/mycobot_interfaces__rosidl_generator_c.dir/rosidl_generator_c/mycobot_interfaces/msg/detail/mycobot_set_coords__functions.c.o[0m
[  9%] [32mBuilding C object CMakeFiles/mycobot_interfaces__rosidl_generator_c.dir/rosidl_generator_c/mycobot_interfaces/msg/detail/mycobot_set_coords__type_support.c.o[0m
[ 10%] [32mBuilding C object CMakeFiles/mycobot_interfaces__rosidl_generator_c.dir/rosidl_generator_c/mycobot_interfaces/msg/detail/mycobot_gripper_status__description.c.o[0m
[ 10%] [32mBuilding C object CMakeFiles/mycobot_interfaces__rosidl_generator_c.dir/rosidl_generator_c/mycobot_interfaces/msg/detail/mycobot_gripper_status__functions.c.o[0m
[ 11%] [32mBuilding C object CMakeFiles/mycobot_interfaces__rosidl_generator_c.dir/rosidl_generator_c/mycobot_interfaces/msg/detail/mycobot_gripper_status__type_support.c.o[0m
[ 12%] [32mBuilding C object CMakeFiles/mycobot_interfaces__rosidl_generator_c.dir/rosidl_generator_c/mycobot_interfaces/msg/detail/mycobot_pump_status__description.c.o[0m
[ 12%] [32mBuilding C object CMakeFiles/mycobot_interfaces__rosidl_generator_c.dir/rosidl_generator_c/mycobot_interfaces/msg/detail/mycobot_pump_status__functions.c.o[0m
[ 13%] [32mBuilding C object CMakeFiles/mycobot_interfaces__rosidl_generator_c.dir/rosidl_generator_c/mycobot_interfaces/msg/detail/mycobot_pump_status__type_support.c.o[0m
[ 14%] [32mBuilding C object CMakeFiles/mycobot_interfaces__rosidl_generator_c.dir/rosidl_generator_c/mycobot_interfaces/srv/detail/get_angles__description.c.o[0m
[ 14%] [32mBuilding C object CMakeFiles/mycobot_interfaces__rosidl_generator_c.dir/rosidl_generator_c/mycobot_interfaces/srv/detail/get_angles__functions.c.o[0m
[ 15%] [32mBuilding C object CMakeFiles/mycobot_interfaces__rosidl_generator_c.dir/rosidl_generator_c/mycobot_interfaces/srv/detail/get_angles__type_support.c.o[0m
[ 16%] [32mBuilding C object CMakeFiles/mycobot_interfaces__rosidl_generator_c.dir/rosidl_generator_c/mycobot_interfaces/srv/detail/set_angles__description.c.o[0m
[ 16%] [32mBuilding C object CMakeFiles/mycobot_interfaces__rosidl_generator_c.dir/rosidl_generator_c/mycobot_interfaces/srv/detail/set_angles__functions.c.o[0m
[ 17%] [32mBuilding C object CMakeFiles/mycobot_interfaces__rosidl_generator_c.dir/rosidl_generator_c/mycobot_interfaces/srv/detail/set_angles__type_support.c.o[0m
[ 18%] [32mBuilding C object CMakeFiles/mycobot_interfaces__rosidl_generator_c.dir/rosidl_generator_c/mycobot_interfaces/srv/detail/get_coords__description.c.o[0m
[ 19%] [32mBuilding C object CMakeFiles/mycobot_interfaces__rosidl_generator_c.dir/rosidl_generator_c/mycobot_interfaces/srv/detail/get_coords__functions.c.o[0m
[ 19%] [32mBuilding C object CMakeFiles/mycobot_interfaces__rosidl_generator_c.dir/rosidl_generator_c/mycobot_interfaces/srv/detail/get_coords__type_support.c.o[0m
[ 20%] [32mBuilding C object CMakeFiles/mycobot_interfaces__rosidl_generator_c.dir/rosidl_generator_c/mycobot_interfaces/srv/detail/set_coords__description.c.o[0m
[ 21%] [32mBuilding C object CMakeFiles/mycobot_interfaces__rosidl_generator_c.dir/rosidl_generator_c/mycobot_interfaces/srv/detail/set_coords__functions.c.o[0m
[ 21%] [32mBuilding C object CMakeFiles/mycobot_interfaces__rosidl_generator_c.dir/rosidl_generator_c/mycobot_interfaces/srv/detail/set_coords__type_support.c.o[0m
[ 22%] [32mBuilding C object CMakeFiles/mycobot_interfaces__rosidl_generator_c.dir/rosidl_generator_c/mycobot_interfaces/srv/detail/gripper_status__description.c.o[0m
[ 23%] [32mBuilding C object CMakeFiles/mycobot_interfaces__rosidl_generator_c.dir/rosidl_generator_c/mycobot_interfaces/srv/detail/gripper_status__functions.c.o[0m
[ 23%] [32mBuilding C object CMakeFiles/mycobot_interfaces__rosidl_generator_c.dir/rosidl_generator_c/mycobot_interfaces/srv/detail/gripper_status__type_support.c.o[0m
[ 24%] [32mBuilding C object CMakeFiles/mycobot_interfaces__rosidl_generator_c.dir/rosidl_generator_c/mycobot_interfaces/srv/detail/pump_status__description.c.o[0m
[ 25%] [32mBuilding C object CMakeFiles/mycobot_interfaces__rosidl_generator_c.dir/rosidl_generator_c/mycobot_interfaces/srv/detail/pump_status__functions.c.o[0m
[ 25%] [32mBuilding C object CMakeFiles/mycobot_interfaces__rosidl_generator_c.dir/rosidl_generator_c/mycobot_interfaces/srv/detail/pump_status__type_support.c.o[0m
[ 26%] [32mBuilding C object CMakeFiles/mycobot_interfaces__rosidl_generator_c.dir/rosidl_generator_c/mycobot_interfaces/msg/detail/mycobot_angles__functions.c.o[0m
[ 27%] [32m[1mLinking C shared library libmycobot_interfaces__rosidl_generator_c.so[0m
[ 27%] Built target mycobot_interfaces__rosidl_generator_c
[ 28%] [34m[1mGenerating C type support for eProsima Fast-RTPS[0m
[ 28%] [32mBuilding CXX object CMakeFiles/mycobot_interfaces__rosidl_typesupport_fastrtps_c.dir/rosidl_typesupport_fastrtps_c/mycobot_interfaces/msg/detail/mycobot_angles__type_support_c.cpp.o[0m
[ 29%] [32mBuilding CXX object CMakeFiles/mycobot_interfaces__rosidl_typesupport_fastrtps_c.dir/rosidl_typesupport_fastrtps_c/mycobot_interfaces/msg/detail/mycobot_coords__type_support_c.cpp.o[0m
[ 30%] [32mBuilding CXX object CMakeFiles/mycobot_interfaces__rosidl_typesupport_fastrtps_c.dir/rosidl_typesupport_fastrtps_c/mycobot_interfaces/msg/detail/mycobot_set_angles__type_support_c.cpp.o[0m
[ 31%] [32mBuilding CXX object CMakeFiles/mycobot_interfaces__rosidl_typesupport_fastrtps_c.dir/rosidl_typesupport_fastrtps_c/mycobot_interfaces/msg/detail/mycobot_set_coords__type_support_c.cpp.o[0m
[ 31%] [32mBuilding CXX object CMakeFiles/mycobot_interfaces__rosidl_typesupport_fastrtps_c.dir/rosidl_typesupport_fastrtps_c/mycobot_interfaces/msg/detail/mycobot_gripper_status__type_support_c.cpp.o[0m
[ 32%] [32mBuilding CXX object CMakeFiles/mycobot_interfaces__rosidl_typesupport_fastrtps_c.dir/rosidl_typesupport_fastrtps_c/mycobot_interfaces/msg/detail/mycobot_pump_status__type_support_c.cpp.o[0m
[ 33%] [32mBuilding CXX object CMakeFiles/mycobot_interfaces__rosidl_typesupport_fastrtps_c.dir/rosidl_typesupport_fastrtps_c/mycobot_interfaces/srv/detail/get_angles__type_support_c.cpp.o[0m
[ 33%] [32mBuilding CXX object CMakeFiles/mycobot_interfaces__rosidl_typesupport_fastrtps_c.dir/rosidl_typesupport_fastrtps_c/mycobot_interfaces/srv/detail/set_angles__type_support_c.cpp.o[0m
[ 34%] [32mBuilding CXX object CMakeFiles/mycobot_interfaces__rosidl_typesupport_fastrtps_c.dir/rosidl_typesupport_fastrtps_c/mycobot_interfaces/srv/detail/get_coords__type_support_c.cpp.o[0m
[ 35%] [32mBuilding CXX object CMakeFiles/mycobot_interfaces__rosidl_typesupport_fastrtps_c.dir/rosidl_typesupport_fastrtps_c/mycobot_interfaces/srv/detail/set_coords__type_support_c.cpp.o[0m
[ 35%] [32mBuilding CXX object CMakeFiles/mycobot_interfaces__rosidl_typesupport_fastrtps_c.dir/rosidl_typesupport_fastrtps_c/mycobot_interfaces/srv/detail/gripper_status__type_support_c.cpp.o[0m
[ 36%] [32mBuilding CXX object CMakeFiles/mycobot_interfaces__rosidl_typesupport_fastrtps_c.dir/rosidl_typesupport_fastrtps_c/mycobot_interfaces/srv/detail/pump_status__type_support_c.cpp.o[0m
[ 37%] [32m[1mLinking CXX shared library libmycobot_interfaces__rosidl_typesupport_fastrtps_c.so[0m
[ 37%] Built target mycobot_interfaces__rosidl_typesupport_fastrtps_c
[ 37%] [34m[1mGenerating C type support dispatch for ROS interfaces[0m
[ 38%] [32mBuilding CXX object CMakeFiles/mycobot_interfaces__rosidl_typesupport_c.dir/rosidl_typesupport_c/mycobot_interfaces/msg/mycobot_angles__type_support.cpp.o[0m
[ 39%] [32mBuilding CXX object CMakeFiles/mycobot_interfaces__rosidl_typesupport_c.dir/rosidl_typesupport_c/mycobot_interfaces/msg/mycobot_coords__type_support.cpp.o[0m
[ 40%] [32mBuilding CXX object CMakeFiles/mycobot_interfaces__rosidl_typesupport_c.dir/rosidl_typesupport_c/mycobot_interfaces/msg/mycobot_set_angles__type_support.cpp.o[0m
[ 40%] [32mBuilding CXX object CMakeFiles/mycobot_interfaces__rosidl_typesupport_c.dir/rosidl_typesupport_c/mycobot_interfaces/msg/mycobot_set_coords__type_support.cpp.o[0m
[ 41%] [32mBuilding CXX object CMakeFiles/mycobot_interfaces__rosidl_typesupport_c.dir/rosidl_typesupport_c/mycobot_interfaces/msg/mycobot_gripper_status__type_support.cpp.o[0m
[ 42%] [32mBuilding CXX object CMakeFiles/mycobot_interfaces__rosidl_typesupport_c.dir/rosidl_typesupport_c/mycobot_interfaces/msg/mycobot_pump_status__type_support.cpp.o[0m
[ 42%] [32mBuilding CXX object CMakeFiles/mycobot_interfaces__rosidl_typesupport_c.dir/rosidl_typesupport_c/mycobot_interfaces/srv/get_angles__type_support.cpp.o[0m
[ 43%] [32mBuilding CXX object CMakeFiles/mycobot_interfaces__rosidl_typesupport_c.dir/rosidl_typesupport_c/mycobot_interfaces/srv/set_angles__type_support.cpp.o[0m
[ 44%] [32mBuilding CXX object CMakeFiles/mycobot_interfaces__rosidl_typesupport_c.dir/rosidl_typesupport_c/mycobot_interfaces/srv/get_coords__type_support.cpp.o[0m
[ 44%] [32mBuilding CXX object CMakeFiles/mycobot_interfaces__rosidl_typesupport_c.dir/rosidl_typesupport_c/mycobot_interfaces/srv/set_coords__type_support.cpp.o[0m
[ 45%] [32mBuilding CXX object CMakeFiles/mycobot_interfaces__rosidl_typesupport_c.dir/rosidl_typesupport_c/mycobot_interfaces/srv/gripper_status__type_support.cpp.o[0m
[ 46%] [32mBuilding CXX object CMakeFiles/mycobot_interfaces__rosidl_typesupport_c.dir/rosidl_typesupport_c/mycobot_interfaces/srv/pump_status__type_support.cpp.o[0m
[ 46%] [32m[1mLinking CXX shared library libmycobot_interfaces__rosidl_typesupport_c.so[0m
[ 46%] Built target mycobot_interfaces__rosidl_typesupport_c
[ 46%] [34m[1mGenerating C++ type support for eProsima Fast-RTPS[0m
[ 47%] [32mBuilding CXX object CMakeFiles/mycobot_interfaces__rosidl_typesupport_fastrtps_cpp.dir/rosidl_typesupport_fastrtps_cpp/mycobot_interfaces/msg/detail/dds_fastrtps/mycobot_angles__type_support.cpp.o[0m
[ 48%] [32mBuilding CXX object CMakeFiles/mycobot_interfaces__rosidl_typesupport_fastrtps_cpp.dir/rosidl_typesupport_fastrtps_cpp/mycobot_interfaces/msg/detail/dds_fastrtps/mycobot_coords__type_support.cpp.o[0m
[ 48%] [32mBuilding CXX object CMakeFiles/mycobot_interfaces__rosidl_typesupport_fastrtps_cpp.dir/rosidl_typesupport_fastrtps_cpp/mycobot_interfaces/msg/detail/dds_fastrtps/mycobot_set_angles__type_support.cpp.o[0m
[ 49%] [32mBuilding CXX object CMakeFiles/mycobot_interfaces__rosidl_typesupport_fastrtps_cpp.dir/rosidl_typesupport_fastrtps_cpp/mycobot_interfaces/msg/detail/dds_fastrtps/mycobot_set_coords__type_support.cpp.o[0m
[ 50%] [32mBuilding CXX object CMakeFiles/mycobot_interfaces__rosidl_typesupport_fastrtps_cpp.dir/rosidl_typesupport_fastrtps_cpp/mycobot_interfaces/msg/detail/dds_fastrtps/mycobot_gripper_status__type_support.cpp.o[0m
[ 51%] [32mBuilding CXX object CMakeFiles/mycobot_interfaces__rosidl_typesupport_fastrtps_cpp.dir/rosidl_typesupport_fastrtps_cpp/mycobot_interfaces/msg/detail/dds_fastrtps/mycobot_pump_status__type_support.cpp.o[0m
[ 51%] [32mBuilding CXX object CMakeFiles/mycobot_interfaces__rosidl_typesupport_fastrtps_cpp.dir/rosidl_typesupport_fastrtps_cpp/mycobot_interfaces/srv/detail/dds_fastrtps/get_angles__type_support.cpp.o[0m
[ 52%] [32mBuilding CXX object CMakeFiles/mycobot_interfaces__rosidl_typesupport_fastrtps_cpp.dir/rosidl_typesupport_fastrtps_cpp/mycobot_interfaces/srv/detail/dds_fastrtps/set_angles__type_support.cpp.o[0m
[ 53%] [32mBuilding CXX object CMakeFiles/mycobot_interfaces__rosidl_typesupport_fastrtps_cpp.dir/rosidl_typesupport_fastrtps_cpp/mycobot_interfaces/srv/detail/dds_fastrtps/get_coords__type_support.cpp.o[0m
[ 53%] [32mBuilding CXX object CMakeFiles/mycobot_interfaces__rosidl_typesupport_fastrtps_cpp.dir/rosidl_typesupport_fastrtps_cpp/mycobot_interfaces/srv/detail/dds_fastrtps/set_coords__type_support.cpp.o[0m
[ 54%] [32mBuilding CXX object CMakeFiles/mycobot_interfaces__rosidl_typesupport_fastrtps_cpp.dir/rosidl_typesupport_fastrtps_cpp/mycobot_interfaces/srv/detail/dds_fastrtps/gripper_status__type_support.cpp.o[0m
[ 55%] [32mBuilding CXX object CMakeFiles/mycobot_interfaces__rosidl_typesupport_fastrtps_cpp.dir/rosidl_typesupport_fastrtps_cpp/mycobot_interfaces/srv/detail/dds_fastrtps/pump_status__type_support.cpp.o[0m
[ 55%] [32m[1mLinking CXX shared library libmycobot_interfaces__rosidl_typesupport_fastrtps_cpp.so[0m
[ 55%] Built target mycobot_interfaces__rosidl_typesupport_fastrtps_cpp
[ 56%] [34m[1mGenerating C++ introspection for ROS interfaces[0m
[ 56%] [32mBuilding CXX object CMakeFiles/mycobot_interfaces__rosidl_typesupport_introspection_cpp.dir/rosidl_typesupport_introspection_cpp/mycobot_interfaces/msg/detail/mycobot_angles__type_support.cpp.o[0m
[ 57%] [32mBuilding CXX object CMakeFiles/mycobot_interfaces__rosidl_typesupport_introspection_cpp.dir/rosidl_typesupport_introspection_cpp/mycobot_interfaces/msg/detail/mycobot_coords__type_support.cpp.o[0m
[ 58%] [32mBuilding CXX object CMakeFiles/mycobot_interfaces__rosidl_typesupport_introspection_cpp.dir/rosidl_typesupport_introspection_cpp/mycobot_interfaces/msg/detail/mycobot_set_angles__type_support.cpp.o[0m
[ 58%] [32mBuilding CXX object CMakeFiles/mycobot_interfaces__rosidl_typesupport_introspection_cpp.dir/rosidl_typesupport_introspection_cpp/mycobot_interfaces/msg/detail/mycobot_set_coords__type_support.cpp.o[0m
[ 59%] [32mBuilding CXX object CMakeFiles/mycobot_interfaces__rosidl_typesupport_introspection_cpp.dir/rosidl_typesupport_introspection_cpp/mycobot_interfaces/msg/detail/mycobot_gripper_status__type_support.cpp.o[0m
[ 60%] [32mBuilding CXX object CMakeFiles/mycobot_interfaces__rosidl_typesupport_introspection_cpp.dir/rosidl_typesupport_introspection_cpp/mycobot_interfaces/msg/detail/mycobot_pump_status__type_support.cpp.o[0m
[ 61%] [32mBuilding CXX object CMakeFiles/mycobot_interfaces__rosidl_typesupport_introspection_cpp.dir/rosidl_typesupport_introspection_cpp/mycobot_interfaces/srv/detail/get_angles__type_support.cpp.o[0m
[ 61%] [32mBuilding CXX object CMakeFiles/mycobot_interfaces__rosidl_typesupport_introspection_cpp.dir/rosidl_typesupport_introspection_cpp/mycobot_interfaces/srv/detail/set_angles__type_support.cpp.o[0m
[ 62%] [32mBuilding CXX object CMakeFiles/mycobot_interfaces__rosidl_typesupport_introspection_cpp.dir/rosidl_typesupport_introspection_cpp/mycobot_interfaces/srv/detail/get_coords__type_support.cpp.o[0m
[ 63%] [32mBuilding CXX object CMakeFiles/mycobot_interfaces__rosidl_typesupport_introspection_cpp.dir/rosidl_typesupport_introspection_cpp/mycobot_interfaces/srv/detail/set_coords__type_support.cpp.o[0m
[ 63%] [32mBuilding CXX object CMakeFiles/mycobot_interfaces__rosidl_typesupport_introspection_cpp.dir/rosidl_typesupport_introspection_cpp/mycobot_interfaces/srv/detail/gripper_status__type_support.cpp.o[0m
[ 64%] [32mBuilding CXX object CMakeFiles/mycobot_interfaces__rosidl_typesupport_introspection_cpp.dir/rosidl_typesupport_introspection_cpp/mycobot_interfaces/srv/detail/pump_status__type_support.cpp.o[0m
[ 65%] [32m[1mLinking CXX shared library libmycobot_interfaces__rosidl_typesupport_introspection_cpp.so[0m
[ 65%] Built target mycobot_interfaces__rosidl_typesupport_introspection_cpp
[ 66%] [34m[1mGenerating C++ type support dispatch for ROS interfaces[0m
[ 67%] [32mBuilding CXX object CMakeFiles/mycobot_interfaces__rosidl_typesupport_cpp.dir/rosidl_typesupport_cpp/mycobot_interfaces/msg/mycobot_angles__type_support.cpp.o[0m
[ 67%] [32mBuilding CXX object CMakeFiles/mycobot_interfaces__rosidl_typesupport_cpp.dir/rosidl_typesupport_cpp/mycobot_interfaces/msg/mycobot_coords__type_support.cpp.o[0m
[ 68%] [32mBuilding CXX object CMakeFiles/mycobot_interfaces__rosidl_typesupport_cpp.dir/rosidl_typesupport_cpp/mycobot_interfaces/msg/mycobot_set_angles__type_support.cpp.o[0m
[ 69%] [32mBuilding CXX object CMakeFiles/mycobot_interfaces__rosidl_typesupport_cpp.dir/rosidl_typesupport_cpp/mycobot_interfaces/msg/mycobot_set_coords__type_support.cpp.o[0m
[ 70%] [32mBuilding CXX object CMakeFiles/mycobot_interfaces__rosidl_typesupport_cpp.dir/rosidl_typesupport_cpp/mycobot_interfaces/msg/mycobot_gripper_status__type_support.cpp.o[0m
[ 70%] [32mBuilding CXX object CMakeFiles/mycobot_interfaces__rosidl_typesupport_cpp.dir/rosidl_typesupport_cpp/mycobot_interfaces/msg/mycobot_pump_status__type_support.cpp.o[0m
[ 71%] [32mBuilding CXX object CMakeFiles/mycobot_interfaces__rosidl_typesupport_cpp.dir/rosidl_typesupport_cpp/mycobot_interfaces/srv/get_angles__type_support.cpp.o[0m
[ 72%] [32mBuilding CXX object CMakeFiles/mycobot_interfaces__rosidl_typesupport_cpp.dir/rosidl_typesupport_cpp/mycobot_interfaces/srv/set_angles__type_support.cpp.o[0m
[ 72%] [32mBuilding CXX object CMakeFiles/mycobot_interfaces__rosidl_typesupport_cpp.dir/rosidl_typesupport_cpp/mycobot_interfaces/srv/get_coords__type_support.cpp.o[0m
[ 73%] [32mBuilding CXX object CMakeFiles/mycobot_interfaces__rosidl_typesupport_cpp.dir/rosidl_typesupport_cpp/mycobot_interfaces/srv/set_coords__type_support.cpp.o[0m
[ 74%] [32mBuilding CXX object CMakeFiles/mycobot_interfaces__rosidl_typesupport_cpp.dir/rosidl_typesupport_cpp/mycobot_interfaces/srv/gripper_status__type_support.cpp.o[0m
[ 74%] [32mBuilding CXX object CMakeFiles/mycobot_interfaces__rosidl_typesupport_cpp.dir/rosidl_typesupport_cpp/mycobot_interfaces/srv/pump_status__type_support.cpp.o[0m
[ 75%] [32m[1mLinking CXX shared library libmycobot_interfaces__rosidl_typesupport_cpp.so[0m
[ 75%] Built target mycobot_interfaces__rosidl_typesupport_cpp
[ 76%] [34m[1mGenerating C introspection for ROS interfaces[0m
[ 77%] [32mBuilding C object CMakeFiles/mycobot_interfaces__rosidl_typesupport_introspection_c.dir/rosidl_typesupport_introspection_c/mycobot_interfaces/msg/detail/mycobot_angles__type_support.c.o[0m
[ 78%] [32mBuilding C object CMakeFiles/mycobot_interfaces__rosidl_typesupport_introspection_c.dir/rosidl_typesupport_introspection_c/mycobot_interfaces/msg/detail/mycobot_set_angles__type_support.c.o[0m
[ 79%] [32mBuilding C object CMakeFiles/mycobot_interfaces__rosidl_typesupport_introspection_c.dir/rosidl_typesupport_introspection_c/mycobot_interfaces/msg/detail/mycobot_set_coords__type_support.c.o[0m
[ 80%] [32mBuilding C object CMakeFiles/mycobot_interfaces__rosidl_typesupport_introspection_c.dir/rosidl_typesupport_introspection_c/mycobot_interfaces/msg/detail/mycobot_gripper_status__type_support.c.o[0m
[ 80%] [32mBuilding C object CMakeFiles/mycobot_interfaces__rosidl_typesupport_introspection_c.dir/rosidl_typesupport_introspection_c/mycobot_interfaces/msg/detail/mycobot_pump_status__type_support.c.o[0m
[ 81%] [32mBuilding C object CMakeFiles/mycobot_interfaces__rosidl_typesupport_introspection_c.dir/rosidl_typesupport_introspection_c/mycobot_interfaces/srv/detail/get_angles__type_support.c.o[0m
[ 82%] [32mBuilding C object CMakeFiles/mycobot_interfaces__rosidl_typesupport_introspection_c.dir/rosidl_typesupport_introspection_c/mycobot_interfaces/srv/detail/set_angles__type_support.c.o[0m
[ 82%] [32mBuilding C object CMakeFiles/mycobot_interfaces__rosidl_typesupport_introspection_c.dir/rosidl_typesupport_introspection_c/mycobot_interfaces/srv/detail/get_coords__type_support.c.o[0m
[ 83%] [32mBuilding C object CMakeFiles/mycobot_interfaces__rosidl_typesupport_introspection_c.dir/rosidl_typesupport_introspection_c/mycobot_interfaces/srv/detail/set_coords__type_support.c.o[0m
[ 84%] [32mBuilding C object CMakeFiles/mycobot_interfaces__rosidl_typesupport_introspection_c.dir/rosidl_typesupport_introspection_c/mycobot_interfaces/srv/detail/gripper_status__type_support.c.o[0m
[ 84%] [32mBuilding C object CMakeFiles/mycobot_interfaces__rosidl_typesupport_introspection_c.dir/rosidl_typesupport_introspection_c/mycobot_interfaces/srv/detail/pump_status__type_support.c.o[0m
[ 84%] [32mBuilding C object CMakeFiles/mycobot_interfaces__rosidl_typesupport_introspection_c.dir/rosidl_typesupport_introspection_c/mycobot_interfaces/msg/detail/mycobot_coords__type_support.c.o[0m
[ 85%] [32m[1mLinking C shared library libmycobot_interfaces__rosidl_typesupport_introspection_c.so[0m
[ 85%] Built target mycobot_interfaces__rosidl_typesupport_introspection_c
[ 85%] Built target mycobot_interfaces
[ 86%] [34m[1mGenerating Python code for ROS interfaces[0m
[ 86%] Built target mycobot_interfaces__py
[ 87%] [32mBuilding C object CMakeFiles/mycobot_interfaces__rosidl_generator_py.dir/rosidl_generator_py/mycobot_interfaces/msg/_mycobot_angles_s.c.o[0m
[ 88%] [32mBuilding C object CMakeFiles/mycobot_interfaces__rosidl_generator_py.dir/rosidl_generator_py/mycobot_interfaces/msg/_mycobot_set_angles_s.c.o[0m
[ 89%] [32mBuilding C object CMakeFiles/mycobot_interfaces__rosidl_generator_py.dir/rosidl_generator_py/mycobot_interfaces/msg/_mycobot_set_coords_s.c.o[0m
[ 90%] [32mBuilding C object CMakeFiles/mycobot_interfaces__rosidl_generator_py.dir/rosidl_generator_py/mycobot_interfaces/msg/_mycobot_gripper_status_s.c.o[0m
[ 90%] [32mBuilding C object CMakeFiles/mycobot_interfaces__rosidl_generator_py.dir/rosidl_generator_py/mycobot_interfaces/msg/_mycobot_pump_status_s.c.o[0m
[ 91%] [32mBuilding C object CMakeFiles/mycobot_interfaces__rosidl_generator_py.dir/rosidl_generator_py/mycobot_interfaces/srv/_get_angles_s.c.o[0m
[ 92%] [32mBuilding C object CMakeFiles/mycobot_interfaces__rosidl_generator_py.dir/rosidl_generator_py/mycobot_interfaces/srv/_set_angles_s.c.o[0m
[ 92%] [32mBuilding C object CMakeFiles/mycobot_interfaces__rosidl_generator_py.dir/rosidl_generator_py/mycobot_interfaces/srv/_get_coords_s.c.o[0m
[ 93%] [32mBuilding C object CMakeFiles/mycobot_interfaces__rosidl_generator_py.dir/rosidl_generator_py/mycobot_interfaces/srv/_set_coords_s.c.o[0m
[ 94%] [32mBuilding C object CMakeFiles/mycobot_interfaces__rosidl_generator_py.dir/rosidl_generator_py/mycobot_interfaces/srv/_gripper_status_s.c.o[0m
[ 94%] [32mBuilding C object CMakeFiles/mycobot_interfaces__rosidl_generator_py.dir/rosidl_generator_py/mycobot_interfaces/srv/_pump_status_s.c.o[0m
[ 94%] [32mBuilding C object CMakeFiles/mycobot_interfaces__rosidl_generator_py.dir/rosidl_generator_py/mycobot_interfaces/msg/_mycobot_coords_s.c.o[0m
[ 95%] [32m[1mLinking C shared library libmycobot_interfaces__rosidl_generator_py.so[0m
[ 95%] Built target mycobot_interfaces__rosidl_generator_py
[ 95%] [32mBuilding C object CMakeFiles/mycobot_interfaces_s__rosidl_typesupport_fastrtps_c.dir/rosidl_generator_py/mycobot_interfaces/_mycobot_interfaces_s.ep.rosidl_typesupport_fastrtps_c.c.o[0m
[ 96%] [32m[1mLinking C shared module rosidl_generator_py/mycobot_interfaces/mycobot_interfaces_s__rosidl_typesupport_fastrtps_c.so[0m
[ 96%] Built target mycobot_interfaces_s__rosidl_typesupport_fastrtps_c
[ 97%] [32mBuilding C object CMakeFiles/mycobot_interfaces_s__rosidl_typesupport_c.dir/rosidl_generator_py/mycobot_interfaces/_mycobot_interfaces_s.ep.rosidl_typesupport_c.c.o[0m
[ 98%] [32m[1mLinking C shared module rosidl_generator_py/mycobot_interfaces/mycobot_interfaces_s__rosidl_typesupport_c.so[0m
[ 98%] Built target mycobot_interfaces_s__rosidl_typesupport_c
[ 99%] [32mBuilding C object CMakeFiles/mycobot_interfaces_s__rosidl_typesupport_introspection_c.dir/rosidl_generator_py/mycobot_interfaces/_mycobot_interfaces_s.ep.rosidl_typesupport_introspection_c.c.o[0m
[100%] [32m[1mLinking C shared module rosidl_generator_py/mycobot_interfaces/mycobot_interfaces_s__rosidl_typesupport_introspection_c.so[0m
[100%] Built target mycobot_interfaces_s__rosidl_typesupport_introspection_c
-- Install configuration: ""
-- Installing: /home/amira/mycobot_ros2/install/mycobot_interfaces/share/ament_index/resource_index/rosidl_interfaces/mycobot_interfaces
-- Installing: /home/amira/mycobot_ros2/install/mycobot_interfaces/share/mycobot_interfaces/msg/MycobotAngles.json
-- Installing: /home/amira/mycobot_ros2/install/mycobot_interfaces/share/mycobot_interfaces/msg/MycobotCoords.json
-- Installing: /home/amira/mycobot_ros2/install/mycobot_interfaces/share/mycobot_interfaces/msg/MycobotSetAngles.json
-- Installing: /home/amira/mycobot_ros2/install/mycobot_interfaces/share/mycobot_interfaces/msg/MycobotSetCoords.json
-- Installing: /home/amira/mycobot_ros2/install/mycobot_interfaces/share/mycobot_interfaces/msg/MycobotGripperStatus.json
-- Installing: /home/amira/mycobot_ros2/install/mycobot_interfaces/share/mycobot_interfaces/msg/MycobotPumpStatus.json
-- Installing: /home/amira/mycobot_ros2/install/mycobot_interfaces/share/mycobot_interfaces/srv/GetAngles.json
-- Installing: /home/amira/mycobot_ros2/install/mycobot_interfaces/share/mycobot_interfaces/srv/SetAngles.json
-- Installing: /home/amira/mycobot_ros2/install/mycobot_interfaces/share/mycobot_interfaces/srv/GetCoords.json
-- Installing: /home/amira/mycobot_ros2/install/mycobot_interfaces/share/mycobot_interfaces/srv/SetCoords.json
-- Installing: /home/amira/mycobot_ros2/install/mycobot_interfaces/share/mycobot_interfaces/srv/GripperStatus.json
-- Installing: /home/amira/mycobot_ros2/install/mycobot_interfaces/share/mycobot_interfaces/srv/PumpStatus.json
-- Installing: /home/amira/mycobot_ros2/install/mycobot_interfaces/include/mycobot_interfaces/mycobot_interfaces
-- Installing: /home/amira/mycobot_ros2/install/mycobot_interfaces/include/mycobot_interfaces/mycobot_interfaces/msg
-- Installing: /home/amira/mycobot_ros2/install/mycobot_interfaces/include/mycobot_interfaces/mycobot_interfaces/msg/mycobot_set_angles.h
-- Installing: /home/amira/mycobot_ros2/install/mycobot_interfaces/include/mycobot_interfaces/mycobot_interfaces/msg/detail
-- Installing: /home/amira/mycobot_ros2/install/mycobot_interfaces/include/mycobot_interfaces/mycobot_interfaces/msg/detail/mycobot_pump_status__functions.c
-- Installing: /home/amira/mycobot_ros2/install/mycobot_interfaces/include/mycobot_interfaces/mycobot_interfaces/msg/detail/mycobot_set_angles__description.c
-- Installing: /home/amira/mycobot_ros2/install/mycobot_interfaces/include/mycobot_interfaces/mycobot_interfaces/msg/detail/mycobot_gripper_status__type_support.h
-- Installing: /home/amira/mycobot_ros2/install/mycobot_interfaces/include/mycobot_interfaces/mycobot_interfaces/msg/detail/mycobot_pump_status__struct.h
-- Installing: /home/amira/mycobot_ros2/install/mycobot_interfaces/include/mycobot_interfaces/mycobot_interfaces/msg/detail/mycobot_pump_status__description.c
-- Installing: /home/amira/mycobot_ros2/install/mycobot_interfaces/include/mycobot_interfaces/mycobot_interfaces/msg/detail/mycobot_coords__functions.h
-- Installing: /home/amira/mycobot_ros2/install/mycobot_interfaces/include/mycobot_interfaces/mycobot_interfaces/msg/detail/mycobot_set_angles__struct.h
-- Installing: /home/amira/mycobot_ros2/install/mycobot_interfaces/include/mycobot_interfaces/mycobot_interfaces/msg/detail/mycobot_gripper_status__functions.h
-- Installing: /home/amira/mycobot_ros2/install/mycobot_interfaces/include/mycobot_interfaces/mycobot_interfaces/msg/detail/mycobot_coords__functions.c
-- Installing: /home/amira/mycobot_ros2/install/mycobot_interfaces/include/mycobot_interfaces/mycobot_interfaces/msg/detail/mycobot_angles__struct.h
-- Installing: /home/amira/mycobot_ros2/install/mycobot_interfaces/include/mycobot_interfaces/mycobot_interfaces/msg/detail/mycobot_angles__functions.c
-- Installing: /home/amira/mycobot_ros2/install/mycobot_interfaces/include/mycobot_interfaces/mycobot_interfaces/msg/detail/mycobot_gripper_status__description.c
-- Installing: /home/amira/mycobot_ros2/install/mycobot_interfaces/include/mycobot_interfaces/mycobot_interfaces/msg/detail/mycobot_coords__type_support.h
-- Installing: /home/amira/mycobot_ros2/install/mycobot_interfaces/include/mycobot_interfaces/mycobot_interfaces/msg/detail/mycobot_pump_status__type_support.c
-- Installing: /home/amira/mycobot_ros2/install/mycobot_interfaces/include/mycobot_interfaces/mycobot_interfaces/msg/detail/mycobot_pump_status__type_support.h
-- Installing: /home/amira/mycobot_ros2/install/mycobot_interfaces/include/mycobot_interfaces/mycobot_interfaces/msg/detail/mycobot_set_coords__struct.h
-- Installing: /home/amira/mycobot_ros2/install/mycobot_interfaces/include/mycobot_interfaces/mycobot_interfaces/msg/detail/mycobot_angles__type_support.h
-- Installing: /home/amira/mycobot_ros2/install/mycobot_interfaces/include/mycobot_interfaces/mycobot_interfaces/msg/detail/mycobot_angles__type_support.c
-- Installing: /home/amira/mycobot_ros2/install/mycobot_interfaces/include/mycobot_interfaces/mycobot_interfaces/msg/detail/mycobot_set_angles__functions.h
-- Installing: /home/amira/mycobot_ros2/install/mycobot_interfaces/include/mycobot_interfaces/mycobot_interfaces/msg/detail/mycobot_gripper_status__struct.h
-- Installing: /home/amira/mycobot_ros2/install/mycobot_interfaces/include/mycobot_interfaces/mycobot_interfaces/msg/detail/mycobot_coords__description.c
-- Installing: /home/amira/mycobot_ros2/install/mycobot_interfaces/include/mycobot_interfaces/mycobot_interfaces/msg/detail/mycobot_angles__description.c
-- Installing: /home/amira/mycobot_ros2/install/mycobot_interfaces/include/mycobot_interfaces/mycobot_interfaces/msg/detail/mycobot_set_coords__type_support.h
-- Installing: /home/amira/mycobot_ros2/install/mycobot_interfaces/include/mycobot_interfaces/mycobot_interfaces/msg/detail/mycobot_set_angles__type_support.c
-- Installing: /home/amira/mycobot_ros2/install/mycobot_interfaces/include/mycobot_interfaces/mycobot_interfaces/msg/detail/mycobot_set_coords__functions.h
-- Installing: /home/amira/mycobot_ros2/install/mycobot_interfaces/include/mycobot_interfaces/mycobot_interfaces/msg/detail/mycobot_set_angles__functions.c
-- Installing: /home/amira/mycobot_ros2/install/mycobot_interfaces/include/mycobot_interfaces/mycobot_interfaces/msg/detail/mycobot_gripper_status__type_support.c
-- Installing: /home/amira/mycobot_ros2/install/mycobot_interfaces/include/mycobot_interfaces/mycobot_interfaces/msg/detail/mycobot_angles__functions.h
-- Installing: /home/amira/mycobot_ros2/install/mycobot_interfaces/include/mycobot_interfaces/mycobot_interfaces/msg/detail/mycobot_set_angles__type_support.h
-- Installing: /home/amira/mycobot_ros2/install/mycobot_interfaces/include/mycobot_interfaces/mycobot_interfaces/msg/detail/mycobot_set_coords__description.c
-- Installing: /home/amira/mycobot_ros2/install/mycobot_interfaces/include/mycobot_interfaces/mycobot_interfaces/msg/detail/mycobot_coords__type_support.c
-- Installing: /home/amira/mycobot_ros2/install/mycobot_interfaces/include/mycobot_interfaces/mycobot_interfaces/msg/detail/mycobot_set_coords__type_support.c
-- Installing: /home/amira/mycobot_ros2/install/mycobot_interfaces/include/mycobot_interfaces/mycobot_interfaces/msg/detail/mycobot_pump_status__functions.h
-- Installing: /home/amira/mycobot_ros2/install/mycobot_interfaces/include/mycobot_interfaces/mycobot_interfaces/msg/detail/mycobot_coords__struct.h
-- Installing: /home/amira/mycobot_ros2/install/mycobot_interfaces/include/mycobot_interfaces/mycobot_interfaces/msg/detail/mycobot_gripper_status__functions.c
-- Installing: /home/amira/mycobot_ros2/install/mycobot_interfaces/include/mycobot_interfaces/mycobot_interfaces/msg/detail/mycobot_set_coords__functions.c
-- Installing: /home/amira/mycobot_ros2/install/mycobot_interfaces/include/mycobot_interfaces/mycobot_interfaces/msg/mycobot_set_coords.h
-- Installing: /home/amira/mycobot_ros2/install/mycobot_interfaces/include/mycobot_interfaces/mycobot_interfaces/msg/mycobot_gripper_status.h
-- Installing: /home/amira/mycobot_ros2/install/mycobot_interfaces/include/mycobot_interfaces/mycobot_interfaces/msg/mycobot_pump_status.h
-- Installing: /home/amira/mycobot_ros2/install/mycobot_interfaces/include/mycobot_interfaces/mycobot_interfaces/msg/rosidl_generator_c__visibility_control.h
-- Installing: /home/amira/mycobot_ros2/install/mycobot_interfaces/include/mycobot_interfaces/mycobot_interfaces/msg/mycobot_coords.h
-- Installing: /home/amira/mycobot_ros2/install/mycobot_interfaces/include/mycobot_interfaces/mycobot_interfaces/msg/mycobot_angles.h
-- Installing: /home/amira/mycobot_ros2/install/mycobot_interfaces/include/mycobot_interfaces/mycobot_interfaces/srv
-- Installing: /home/amira/mycobot_ros2/install/mycobot_interfaces/include/mycobot_interfaces/mycobot_interfaces/srv/detail
-- Installing: /home/amira/mycobot_ros2/install/mycobot_interfaces/include/mycobot_interfaces/mycobot_interfaces/srv/detail/set_angles__type_support.h
-- Installing: /home/amira/mycobot_ros2/install/mycobot_interfaces/include/mycobot_interfaces/mycobot_interfaces/srv/detail/set_angles__description.c
-- Installing: /home/amira/mycobot_ros2/install/mycobot_interfaces/include/mycobot_interfaces/mycobot_interfaces/srv/detail/get_coords__struct.h
-- Installing: /home/amira/mycobot_ros2/install/mycobot_interfaces/include/mycobot_interfaces/mycobot_interfaces/srv/detail/set_coords__type_support.c
-- Installing: /home/amira/mycobot_ros2/install/mycobot_interfaces/include/mycobot_interfaces/mycobot_interfaces/srv/detail/set_coords__functions.c
-- Installing: /home/amira/mycobot_ros2/install/mycobot_interfaces/include/mycobot_interfaces/mycobot_interfaces/srv/detail/get_angles__functions.h
-- Installing: /home/amira/mycobot_ros2/install/mycobot_interfaces/include/mycobot_interfaces/mycobot_interfaces/srv/detail/pump_status__functions.h
-- Installing: /home/amira/mycobot_ros2/install/mycobot_interfaces/include/mycobot_interfaces/mycobot_interfaces/srv/detail/pump_status__struct.h
-- Installing: /home/amira/mycobot_ros2/install/mycobot_interfaces/include/mycobot_interfaces/mycobot_interfaces/srv/detail/gripper_status__type_support.c
-- Installing: /home/amira/mycobot_ros2/install/mycobot_interfaces/include/mycobot_interfaces/mycobot_interfaces/srv/detail/set_coords__functions.h
-- Installing: /home/amira/mycobot_ros2/install/mycobot_interfaces/include/mycobot_interfaces/mycobot_interfaces/srv/detail/get_coords__functions.h
-- Installing: /home/amira/mycobot_ros2/install/mycobot_interfaces/include/mycobot_interfaces/mycobot_interfaces/srv/detail/get_coords__description.c
-- Installing: /home/amira/mycobot_ros2/install/mycobot_interfaces/include/mycobot_interfaces/mycobot_interfaces/srv/detail/get_angles__description.c
-- Installing: /home/amira/mycobot_ros2/install/mycobot_interfaces/include/mycobot_interfaces/mycobot_interfaces/srv/detail/set_angles__functions.h
-- Installing: /home/amira/mycobot_ros2/install/mycobot_interfaces/include/mycobot_interfaces/mycobot_interfaces/srv/detail/set_coords__description.c
-- Installing: /home/amira/mycobot_ros2/install/mycobot_interfaces/include/mycobot_interfaces/mycobot_interfaces/srv/detail/pump_status__functions.c
-- Installing: /home/amira/mycobot_ros2/install/mycobot_interfaces/include/mycobot_interfaces/mycobot_interfaces/srv/detail/set_angles__struct.h
-- Installing: /home/amira/mycobot_ros2/install/mycobot_interfaces/include/mycobot_interfaces/mycobot_interfaces/srv/detail/get_coords__functions.c
-- Installing: /home/amira/mycobot_ros2/install/mycobot_interfaces/include/mycobot_interfaces/mycobot_interfaces/srv/detail/pump_status__type_support.c
-- Installing: /home/amira/mycobot_ros2/install/mycobot_interfaces/include/mycobot_interfaces/mycobot_interfaces/srv/detail/gripper_status__functions.h
-- Installing: /home/amira/mycobot_ros2/install/mycobot_interfaces/include/mycobot_interfaces/mycobot_interfaces/srv/detail/get_angles__type_support.h
-- Installing: /home/amira/mycobot_ros2/install/mycobot_interfaces/include/mycobot_interfaces/mycobot_interfaces/srv/detail/gripper_status__description.c
-- Installing: /home/amira/mycobot_ros2/install/mycobot_interfaces/include/mycobot_interfaces/mycobot_interfaces/srv/detail/gripper_status__type_support.h
-- Installing: /home/amira/mycobot_ros2/install/mycobot_interfaces/include/mycobot_interfaces/mycobot_interfaces/srv/detail/pump_status__description.c
-- Installing: /home/amira/mycobot_ros2/install/mycobot_interfaces/include/mycobot_interfaces/mycobot_interfaces/srv/detail/get_coords__type_support.h
-- Installing: /home/amira/mycobot_ros2/install/mycobot_interfaces/include/mycobot_interfaces/mycobot_interfaces/srv/detail/pump_status__type_support.h
-- Installing: /home/amira/mycobot_ros2/install/mycobot_interfaces/include/mycobot_interfaces/mycobot_interfaces/srv/detail/get_coords__type_support.c
-- Installing: /home/amira/mycobot_ros2/install/mycobot_interfaces/include/mycobot_interfaces/mycobot_interfaces/srv/detail/get_angles__type_support.c
-- Installing: /home/amira/mycobot_ros2/install/mycobot_interfaces/include/mycobot_interfaces/mycobot_interfaces/srv/detail/set_coords__type_support.h
-- Installing: /home/amira/mycobot_ros2/install/mycobot_interfaces/include/mycobot_interfaces/mycobot_interfaces/srv/detail/get_angles__struct.h
-- Installing: /home/amira/mycobot_ros2/install/mycobot_interfaces/include/mycobot_interfaces/mycobot_interfaces/srv/detail/set_angles__functions.c
-- Installing: /home/amira/mycobot_ros2/install/mycobot_interfaces/include/mycobot_interfaces/mycobot_interfaces/srv/detail/gripper_status__functions.c
-- Installing: /home/amira/mycobot_ros2/install/mycobot_interfaces/include/mycobot_interfaces/mycobot_interfaces/srv/detail/get_angles__functions.c
-- Installing: /home/amira/mycobot_ros2/install/mycobot_interfaces/include/mycobot_interfaces/mycobot_interfaces/srv/detail/gripper_status__struct.h
-- Installing: /home/amira/mycobot_ros2/install/mycobot_interfaces/include/mycobot_interfaces/mycobot_interfaces/srv/detail/set_coords__struct.h
-- Installing: /home/amira/mycobot_ros2/install/mycobot_interfaces/include/mycobot_interfaces/mycobot_interfaces/srv/detail/set_angles__type_support.c
-- Installing: /home/amira/mycobot_ros2/install/mycobot_interfaces/include/mycobot_interfaces/mycobot_interfaces/srv/set_coords.h
-- Installing: /home/amira/mycobot_ros2/install/mycobot_interfaces/include/mycobot_interfaces/mycobot_interfaces/srv/pump_status.h
-- Installing: /home/amira/mycobot_ros2/install/mycobot_interfaces/include/mycobot_interfaces/mycobot_interfaces/srv/gripper_status.h
-- Installing: /home/amira/mycobot_ros2/install/mycobot_interfaces/include/mycobot_interfaces/mycobot_interfaces/srv/get_angles.h
-- Installing: /home/amira/mycobot_ros2/install/mycobot_interfaces/include/mycobot_interfaces/mycobot_interfaces/srv/set_angles.h
-- Installing: /home/amira/mycobot_ros2/install/mycobot_interfaces/include/mycobot_interfaces/mycobot_interfaces/srv/get_coords.h
-- Installing: /home/amira/mycobot_ros2/install/mycobot_interfaces/share/mycobot_interfaces/environment/library_path.sh
-- Installing: /home/amira/mycobot_ros2/install/mycobot_interfaces/share/mycobot_interfaces/environment/library_path.dsv
-- Installing: /home/amira/mycobot_ros2/install/mycobot_interfaces/lib/libmycobot_interfaces__rosidl_generator_c.so
-- Set non-toolchain portion of runtime path of "/home/amira/mycobot_ros2/install/mycobot_interfaces/lib/libmycobot_interfaces__rosidl_generator_c.so" to ""
-- Up-to-date: /home/amira/mycobot_ros2/install/mycobot_interfaces/include/mycobot_interfaces/mycobot_interfaces
-- Up-to-date: /home/amira/mycobot_ros2/install/mycobot_interfaces/include/mycobot_interfaces/mycobot_interfaces/msg
-- Up-to-date: /home/amira/mycobot_ros2/install/mycobot_interfaces/include/mycobot_interfaces/mycobot_interfaces/msg/detail
-- Installing: /home/amira/mycobot_ros2/install/mycobot_interfaces/include/mycobot_interfaces/mycobot_interfaces/msg/detail/mycobot_pump_status__rosidl_typesupport_fastrtps_c.h
-- Installing: /home/amira/mycobot_ros2/install/mycobot_interfaces/include/mycobot_interfaces/mycobot_interfaces/msg/detail/mycobot_gripper_status__rosidl_typesupport_fastrtps_c.h
-- Installing: /home/amira/mycobot_ros2/install/mycobot_interfaces/include/mycobot_interfaces/mycobot_interfaces/msg/detail/mycobot_coords__rosidl_typesupport_fastrtps_c.h
-- Installing: /home/amira/mycobot_ros2/install/mycobot_interfaces/include/mycobot_interfaces/mycobot_interfaces/msg/detail/mycobot_set_coords__rosidl_typesupport_fastrtps_c.h
-- Installing: /home/amira/mycobot_ros2/install/mycobot_interfaces/include/mycobot_interfaces/mycobot_interfaces/msg/detail/mycobot_set_angles__rosidl_typesupport_fastrtps_c.h
-- Installing: /home/amira/mycobot_ros2/install/mycobot_interfaces/include/mycobot_interfaces/mycobot_interfaces/msg/detail/mycobot_angles__rosidl_typesupport_fastrtps_c.h
-- Installing: /home/amira/mycobot_ros2/install/mycobot_interfaces/include/mycobot_interfaces/mycobot_interfaces/msg/rosidl_typesupport_fastrtps_c__visibility_control.h
-- Up-to-date: /home/amira/mycobot_ros2/install/mycobot_interfaces/include/mycobot_interfaces/mycobot_interfaces/srv
-- Up-to-date: /home/amira/mycobot_ros2/install/mycobot_interfaces/include/mycobot_interfaces/mycobot_interfaces/srv/detail
-- Installing: /home/amira/mycobot_ros2/install/mycobot_interfaces/include/mycobot_interfaces/mycobot_interfaces/srv/detail/get_coords__rosidl_typesupport_fastrtps_c.h
-- Installing: /home/amira/mycobot_ros2/install/mycobot_interfaces/include/mycobot_interfaces/mycobot_interfaces/srv/detail/gripper_status__rosidl_typesupport_fastrtps_c.h
-- Installing: /home/amira/mycobot_ros2/install/mycobot_interfaces/include/mycobot_interfaces/mycobot_interfaces/srv/detail/set_angles__rosidl_typesupport_fastrtps_c.h
-- Installing: /home/amira/mycobot_ros2/install/mycobot_interfaces/include/mycobot_interfaces/mycobot_interfaces/srv/detail/get_angles__rosidl_typesupport_fastrtps_c.h
-- Installing: /home/amira/mycobot_ros2/install/mycobot_interfaces/include/mycobot_interfaces/mycobot_interfaces/srv/detail/pump_status__rosidl_typesupport_fastrtps_c.h
-- Installing: /home/amira/mycobot_ros2/install/mycobot_interfaces/include/mycobot_interfaces/mycobot_interfaces/srv/detail/set_coords__rosidl_typesupport_fastrtps_c.h
-- Installing: /home/amira/mycobot_ros2/install/mycobot_interfaces/lib/libmycobot_interfaces__rosidl_typesupport_fastrtps_c.so
-- Set non-toolchain portion of runtime path of "/home/amira/mycobot_ros2/install/mycobot_interfaces/lib/libmycobot_interfaces__rosidl_typesupport_fastrtps_c.so" to ""
-- Up-to-date: /home/amira/mycobot_ros2/install/mycobot_interfaces/include/mycobot_interfaces/mycobot_interfaces
-- Up-to-date: /home/amira/mycobot_ros2/install/mycobot_interfaces/include/mycobot_interfaces/mycobot_interfaces/msg
-- Up-to-date: /home/amira/mycobot_ros2/install/mycobot_interfaces/include/mycobot_interfaces/mycobot_interfaces/msg/detail
-- Installing: /home/amira/mycobot_ros2/install/mycobot_interfaces/include/mycobot_interfaces/mycobot_interfaces/msg/detail/mycobot_angles__rosidl_typesupport_introspection_c.h
-- Installing: /home/amira/mycobot_ros2/install/mycobot_interfaces/include/mycobot_interfaces/mycobot_interfaces/msg/detail/mycobot_pump_status__type_support.c
-- Installing: /home/amira/mycobot_ros2/install/mycobot_interfaces/include/mycobot_interfaces/mycobot_interfaces/msg/detail/mycobot_set_coords__rosidl_typesupport_introspection_c.h
-- Installing: /home/amira/mycobot_ros2/install/mycobot_interfaces/include/mycobot_interfaces/mycobot_interfaces/msg/detail/mycobot_pump_status__rosidl_typesupport_introspection_c.h
-- Installing: /home/amira/mycobot_ros2/install/mycobot_interfaces/include/mycobot_interfaces/mycobot_interfaces/msg/detail/mycobot_coords__rosidl_typesupport_introspection_c.h
-- Installing: /home/amira/mycobot_ros2/install/mycobot_interfaces/include/mycobot_interfaces/mycobot_interfaces/msg/detail/mycobot_angles__type_support.c
-- Installing: /home/amira/mycobot_ros2/install/mycobot_interfaces/include/mycobot_interfaces/mycobot_interfaces/msg/detail/mycobot_gripper_status__rosidl_typesupport_introspection_c.h
-- Installing: /home/amira/mycobot_ros2/install/mycobot_interfaces/include/mycobot_interfaces/mycobot_interfaces/msg/detail/mycobot_set_angles__rosidl_typesupport_introspection_c.h
-- Installing: /home/amira/mycobot_ros2/install/mycobot_interfaces/include/mycobot_interfaces/mycobot_interfaces/msg/detail/mycobot_set_angles__type_support.c
-- Installing: /home/amira/mycobot_ros2/install/mycobot_interfaces/include/mycobot_interfaces/mycobot_interfaces/msg/detail/mycobot_gripper_status__type_support.c
-- Installing: /home/amira/mycobot_ros2/install/mycobot_interfaces/include/mycobot_interfaces/mycobot_interfaces/msg/detail/mycobot_coords__type_support.c
-- Installing: /home/amira/mycobot_ros2/install/mycobot_interfaces/include/mycobot_interfaces/mycobot_interfaces/msg/detail/mycobot_set_coords__type_support.c
-- Installing: /home/amira/mycobot_ros2/install/mycobot_interfaces/include/mycobot_interfaces/mycobot_interfaces/msg/rosidl_typesupport_introspection_c__visibility_control.h
-- Up-to-date: /home/amira/mycobot_ros2/install/mycobot_interfaces/include/mycobot_interfaces/mycobot_interfaces/srv
-- Up-to-date: /home/amira/mycobot_ros2/install/mycobot_interfaces/include/mycobot_interfaces/mycobot_interfaces/srv/detail
-- Installing: /home/amira/mycobot_ros2/install/mycobot_interfaces/include/mycobot_interfaces/mycobot_interfaces/srv/detail/set_coords__type_support.c
-- Installing: /home/amira/mycobot_ros2/install/mycobot_interfaces/include/mycobot_interfaces/mycobot_interfaces/srv/detail/gripper_status__type_support.c
-- Installing: /home/amira/mycobot_ros2/install/mycobot_interfaces/include/mycobot_interfaces/mycobot_interfaces/srv/detail/pump_status__rosidl_typesupport_introspection_c.h
-- Installing: /home/amira/mycobot_ros2/install/mycobot_interfaces/include/mycobot_interfaces/mycobot_interfaces/srv/detail/gripper_status__rosidl_typesupport_introspection_c.h
-- Installing: /home/amira/mycobot_ros2/install/mycobot_interfaces/include/mycobot_interfaces/mycobot_interfaces/srv/detail/pump_status__type_support.c
-- Installing: /home/amira/mycobot_ros2/install/mycobot_interfaces/include/mycobot_interfaces/mycobot_interfaces/srv/detail/get_angles__rosidl_typesupport_introspection_c.h
-- Installing: /home/amira/mycobot_ros2/install/mycobot_interfaces/include/mycobot_interfaces/mycobot_interfaces/srv/detail/get_coords__type_support.c
-- Installing: /home/amira/mycobot_ros2/install/mycobot_interfaces/include/mycobot_interfaces/mycobot_interfaces/srv/detail/get_angles__type_support.c
-- Installing: /home/amira/mycobot_ros2/install/mycobot_interfaces/include/mycobot_interfaces/mycobot_interfaces/srv/detail/set_angles__rosidl_typesupport_introspection_c.h
-- Installing: /home/amira/mycobot_ros2/install/mycobot_interfaces/include/mycobot_interfaces/mycobot_interfaces/srv/detail/get_coords__rosidl_typesupport_introspection_c.h
-- Installing: /home/amira/mycobot_ros2/install/mycobot_interfaces/include/mycobot_interfaces/mycobot_interfaces/srv/detail/set_coords__rosidl_typesupport_introspection_c.h
-- Installing: /home/amira/mycobot_ros2/install/mycobot_interfaces/include/mycobot_interfaces/mycobot_interfaces/srv/detail/set_angles__type_support.c
-- Installing: /home/amira/mycobot_ros2/install/mycobot_interfaces/lib/libmycobot_interfaces__rosidl_typesupport_introspection_c.so
-- Set non-toolchain portion of runtime path of "/home/amira/mycobot_ros2/install/mycobot_interfaces/lib/libmycobot_interfaces__rosidl_typesupport_introspection_c.so" to ""
-- Installing: /home/amira/mycobot_ros2/install/mycobot_interfaces/lib/libmycobot_interfaces__rosidl_typesupport_c.so
-- Set non-toolchain portion of runtime path of "/home/amira/mycobot_ros2/install/mycobot_interfaces/lib/libmycobot_interfaces__rosidl_typesupport_c.so" to ""
-- Up-to-date: /home/amira/mycobot_ros2/install/mycobot_interfaces/include/mycobot_interfaces/mycobot_interfaces
-- Up-to-date: /home/amira/mycobot_ros2/install/mycobot_interfaces/include/mycobot_interfaces/mycobot_interfaces/msg
-- Installing: /home/amira/mycobot_ros2/install/mycobot_interfaces/include/mycobot_interfaces/mycobot_interfaces/msg/mycobot_angles.hpp
-- Installing: /home/amira/mycobot_ros2/install/mycobot_interfaces/include/mycobot_interfaces/mycobot_interfaces/msg/mycobot_set_angles.hpp
-- Installing: /home/amira/mycobot_ros2/install/mycobot_interfaces/include/mycobot_interfaces/mycobot_interfaces/msg/rosidl_generator_cpp__visibility_control.hpp
-- Up-to-date: /home/amira/mycobot_ros2/install/mycobot_interfaces/include/mycobot_interfaces/mycobot_interfaces/msg/detail
-- Installing: /home/amira/mycobot_ros2/install/mycobot_interfaces/include/mycobot_interfaces/mycobot_interfaces/msg/detail/mycobot_gripper_status__traits.hpp
-- Installing: /home/amira/mycobot_ros2/install/mycobot_interfaces/include/mycobot_interfaces/mycobot_interfaces/msg/detail/mycobot_coords__traits.hpp
-- Installing: /home/amira/mycobot_ros2/install/mycobot_interfaces/include/mycobot_interfaces/mycobot_interfaces/msg/detail/mycobot_pump_status__traits.hpp
-- Installing: /home/amira/mycobot_ros2/install/mycobot_interfaces/include/mycobot_interfaces/mycobot_interfaces/msg/detail/mycobot_set_coords__traits.hpp
-- Installing: /home/amira/mycobot_ros2/install/mycobot_interfaces/include/mycobot_interfaces/mycobot_interfaces/msg/detail/mycobot_pump_status__type_support.hpp
-- Installing: /home/amira/mycobot_ros2/install/mycobot_interfaces/include/mycobot_interfaces/mycobot_interfaces/msg/detail/mycobot_set_coords__struct.hpp
-- Installing: /home/amira/mycobot_ros2/install/mycobot_interfaces/include/mycobot_interfaces/mycobot_interfaces/msg/detail/mycobot_angles__type_support.hpp
-- Installing: /home/amira/mycobot_ros2/install/mycobot_interfaces/include/mycobot_interfaces/mycobot_interfaces/msg/detail/mycobot_set_angles__struct.hpp
-- Installing: /home/amira/mycobot_ros2/install/mycobot_interfaces/include/mycobot_interfaces/mycobot_interfaces/msg/detail/mycobot_angles__builder.hpp
-- Installing: /home/amira/mycobot_ros2/install/mycobot_interfaces/include/mycobot_interfaces/mycobot_interfaces/msg/detail/mycobot_pump_status__struct.hpp
-- Installing: /home/amira/mycobot_ros2/install/mycobot_interfaces/include/mycobot_interfaces/mycobot_interfaces/msg/detail/mycobot_gripper_status__builder.hpp
-- Installing: /home/amira/mycobot_ros2/install/mycobot_interfaces/include/mycobot_interfaces/mycobot_interfaces/msg/detail/mycobot_coords__builder.hpp
-- Installing: /home/amira/mycobot_ros2/install/mycobot_interfaces/include/mycobot_interfaces/mycobot_interfaces/msg/detail/mycobot_set_coords__type_support.hpp
-- Installing: /home/amira/mycobot_ros2/install/mycobot_interfaces/include/mycobot_interfaces/mycobot_interfaces/msg/detail/mycobot_coords__type_support.hpp
-- Installing: /home/amira/mycobot_ros2/install/mycobot_interfaces/include/mycobot_interfaces/mycobot_interfaces/msg/detail/mycobot_set_angles__builder.hpp
-- Installing: /home/amira/mycobot_ros2/install/mycobot_interfaces/include/mycobot_interfaces/mycobot_interfaces/msg/detail/mycobot_angles__traits.hpp
-- Installing: /home/amira/mycobot_ros2/install/mycobot_interfaces/include/mycobot_interfaces/mycobot_interfaces/msg/detail/mycobot_set_angles__type_support.hpp
-- Installing: /home/amira/mycobot_ros2/install/mycobot_interfaces/include/mycobot_interfaces/mycobot_interfaces/msg/detail/mycobot_set_coords__builder.hpp
-- Installing: /home/amira/mycobot_ros2/install/mycobot_interfaces/include/mycobot_interfaces/mycobot_interfaces/msg/detail/mycobot_pump_status__builder.hpp
-- Installing: /home/amira/mycobot_ros2/install/mycobot_interfaces/include/mycobot_interfaces/mycobot_interfaces/msg/detail/mycobot_gripper_status__type_support.hpp
-- Installing: /home/amira/mycobot_ros2/install/mycobot_interfaces/include/mycobot_interfaces/mycobot_interfaces/msg/detail/mycobot_set_angles__traits.hpp
-- Installing: /home/amira/mycobot_ros2/install/mycobot_interfaces/include/mycobot_interfaces/mycobot_interfaces/msg/detail/mycobot_angles__struct.hpp
-- Installing: /home/amira/mycobot_ros2/install/mycobot_interfaces/include/mycobot_interfaces/mycobot_interfaces/msg/detail/mycobot_gripper_status__struct.hpp
-- Installing: /home/amira/mycobot_ros2/install/mycobot_interfaces/include/mycobot_interfaces/mycobot_interfaces/msg/detail/mycobot_coords__struct.hpp
-- Installing: /home/amira/mycobot_ros2/install/mycobot_interfaces/include/mycobot_interfaces/mycobot_interfaces/msg/mycobot_gripper_status.hpp
-- Installing: /home/amira/mycobot_ros2/install/mycobot_interfaces/include/mycobot_interfaces/mycobot_interfaces/msg/mycobot_coords.hpp
-- Installing: /home/amira/mycobot_ros2/install/mycobot_interfaces/include/mycobot_interfaces/mycobot_interfaces/msg/mycobot_set_coords.hpp
-- Installing: /home/amira/mycobot_ros2/install/mycobot_interfaces/include/mycobot_interfaces/mycobot_interfaces/msg/mycobot_pump_status.hpp
-- Up-to-date: /home/amira/mycobot_ros2/install/mycobot_interfaces/include/mycobot_interfaces/mycobot_interfaces/srv
-- Up-to-date: /home/amira/mycobot_ros2/install/mycobot_interfaces/include/mycobot_interfaces/mycobot_interfaces/srv/detail
-- Installing: /home/amira/mycobot_ros2/install/mycobot_interfaces/include/mycobot_interfaces/mycobot_interfaces/srv/detail/set_coords__builder.hpp
-- Installing: /home/amira/mycobot_ros2/install/mycobot_interfaces/include/mycobot_interfaces/mycobot_interfaces/srv/detail/get_coords__builder.hpp
-- Installing: /home/amira/mycobot_ros2/install/mycobot_interfaces/include/mycobot_interfaces/mycobot_interfaces/srv/detail/gripper_status__builder.hpp
-- Installing: /home/amira/mycobot_ros2/install/mycobot_interfaces/include/mycobot_interfaces/mycobot_interfaces/srv/detail/get_angles__traits.hpp
-- Installing: /home/amira/mycobot_ros2/install/mycobot_interfaces/include/mycobot_interfaces/mycobot_interfaces/srv/detail/set_angles__type_support.hpp
-- Installing: /home/amira/mycobot_ros2/install/mycobot_interfaces/include/mycobot_interfaces/mycobot_interfaces/srv/detail/pump_status__traits.hpp
-- Installing: /home/amira/mycobot_ros2/install/mycobot_interfaces/include/mycobot_interfaces/mycobot_interfaces/srv/detail/pump_status__struct.hpp
-- Installing: /home/amira/mycobot_ros2/install/mycobot_interfaces/include/mycobot_interfaces/mycobot_interfaces/srv/detail/gripper_status__type_support.hpp
-- Installing: /home/amira/mycobot_ros2/install/mycobot_interfaces/include/mycobot_interfaces/mycobot_interfaces/srv/detail/pump_status__type_support.hpp
-- Installing: /home/amira/mycobot_ros2/install/mycobot_interfaces/include/mycobot_interfaces/mycobot_interfaces/srv/detail/set_angles__struct.hpp
-- Installing: /home/amira/mycobot_ros2/install/mycobot_interfaces/include/mycobot_interfaces/mycobot_interfaces/srv/detail/get_coords__traits.hpp
-- Installing: /home/amira/mycobot_ros2/install/mycobot_interfaces/include/mycobot_interfaces/mycobot_interfaces/srv/detail/set_angles__traits.hpp
-- Installing: /home/amira/mycobot_ros2/install/mycobot_interfaces/include/mycobot_interfaces/mycobot_interfaces/srv/detail/set_coords__struct.hpp
-- Installing: /home/amira/mycobot_ros2/install/mycobot_interfaces/include/mycobot_interfaces/mycobot_interfaces/srv/detail/get_coords__struct.hpp
-- Installing: /home/amira/mycobot_ros2/install/mycobot_interfaces/include/mycobot_interfaces/mycobot_interfaces/srv/detail/get_angles__type_support.hpp
-- Installing: /home/amira/mycobot_ros2/install/mycobot_interfaces/include/mycobot_interfaces/mycobot_interfaces/srv/detail/gripper_status__struct.hpp
-- Installing: /home/amira/mycobot_ros2/install/mycobot_interfaces/include/mycobot_interfaces/mycobot_interfaces/srv/detail/get_angles__struct.hpp
-- Installing: /home/amira/mycobot_ros2/install/mycobot_interfaces/include/mycobot_interfaces/mycobot_interfaces/srv/detail/set_coords__traits.hpp
-- Installing: /home/amira/mycobot_ros2/install/mycobot_interfaces/include/mycobot_interfaces/mycobot_interfaces/srv/detail/gripper_status__traits.hpp
-- Installing: /home/amira/mycobot_ros2/install/mycobot_interfaces/include/mycobot_interfaces/mycobot_interfaces/srv/detail/pump_status__builder.hpp
-- Installing: /home/amira/mycobot_ros2/install/mycobot_interfaces/include/mycobot_interfaces/mycobot_interfaces/srv/detail/get_coords__type_support.hpp
-- Installing: /home/amira/mycobot_ros2/install/mycobot_interfaces/include/mycobot_interfaces/mycobot_interfaces/srv/detail/set_coords__type_support.hpp
-- Installing: /home/amira/mycobot_ros2/install/mycobot_interfaces/include/mycobot_interfaces/mycobot_interfaces/srv/detail/get_angles__builder.hpp
-- Installing: /home/amira/mycobot_ros2/install/mycobot_interfaces/include/mycobot_interfaces/mycobot_interfaces/srv/detail/set_angles__builder.hpp
-- Installing: /home/amira/mycobot_ros2/install/mycobot_interfaces/include/mycobot_interfaces/mycobot_interfaces/srv/gripper_status.hpp
-- Installing: /home/amira/mycobot_ros2/install/mycobot_interfaces/include/mycobot_interfaces/mycobot_interfaces/srv/set_coords.hpp
-- Installing: /home/amira/mycobot_ros2/install/mycobot_interfaces/include/mycobot_interfaces/mycobot_interfaces/srv/set_angles.hpp
-- Installing: /home/amira/mycobot_ros2/install/mycobot_interfaces/include/mycobot_interfaces/mycobot_interfaces/srv/pump_status.hpp
-- Installing: /home/amira/mycobot_ros2/install/mycobot_interfaces/include/mycobot_interfaces/mycobot_interfaces/srv/get_coords.hpp
-- Installing: /home/amira/mycobot_ros2/install/mycobot_interfaces/include/mycobot_interfaces/mycobot_interfaces/srv/get_angles.hpp
-- Up-to-date: /home/amira/mycobot_ros2/install/mycobot_interfaces/include/mycobot_interfaces/mycobot_interfaces
-- Up-to-date: /home/amira/mycobot_ros2/install/mycobot_interfaces/include/mycobot_interfaces/mycobot_interfaces/msg
-- Up-to-date: /home/amira/mycobot_ros2/install/mycobot_interfaces/include/mycobot_interfaces/mycobot_interfaces/msg/detail
-- Installing: /home/amira/mycobot_ros2/install/mycobot_interfaces/include/mycobot_interfaces/mycobot_interfaces/msg/detail/mycobot_pump_status__rosidl_typesupport_fastrtps_cpp.hpp
-- Installing: /home/amira/mycobot_ros2/install/mycobot_interfaces/include/mycobot_interfaces/mycobot_interfaces/msg/detail/mycobot_set_coords__rosidl_typesupport_fastrtps_cpp.hpp
-- Installing: /home/amira/mycobot_ros2/install/mycobot_interfaces/include/mycobot_interfaces/mycobot_interfaces/msg/detail/mycobot_coords__rosidl_typesupport_fastrtps_cpp.hpp
-- Installing: /home/amira/mycobot_ros2/install/mycobot_interfaces/include/mycobot_interfaces/mycobot_interfaces/msg/detail/mycobot_gripper_status__rosidl_typesupport_fastrtps_cpp.hpp
-- Installing: /home/amira/mycobot_ros2/install/mycobot_interfaces/include/mycobot_interfaces/mycobot_interfaces/msg/detail/mycobot_angles__rosidl_typesupport_fastrtps_cpp.hpp
-- Installing: /home/amira/mycobot_ros2/install/mycobot_interfaces/include/mycobot_interfaces/mycobot_interfaces/msg/detail/mycobot_set_angles__rosidl_typesupport_fastrtps_cpp.hpp
-- Installing: /home/amira/mycobot_ros2/install/mycobot_interfaces/include/mycobot_interfaces/mycobot_interfaces/msg/detail/dds_fastrtps
-- Installing: /home/amira/mycobot_ros2/install/mycobot_interfaces/include/mycobot_interfaces/mycobot_interfaces/msg/rosidl_typesupport_fastrtps_cpp__visibility_control.h
-- Up-to-date: /home/amira/mycobot_ros2/install/mycobot_interfaces/include/mycobot_interfaces/mycobot_interfaces/srv
-- Up-to-date: /home/amira/mycobot_ros2/install/mycobot_interfaces/include/mycobot_interfaces/mycobot_interfaces/srv/detail
-- Installing: /home/amira/mycobot_ros2/install/mycobot_interfaces/include/mycobot_interfaces/mycobot_interfaces/srv/detail/set_coords__rosidl_typesupport_fastrtps_cpp.hpp
-- Installing: /home/amira/mycobot_ros2/install/mycobot_interfaces/include/mycobot_interfaces/mycobot_interfaces/srv/detail/get_coords__rosidl_typesupport_fastrtps_cpp.hpp
-- Installing: /home/amira/mycobot_ros2/install/mycobot_interfaces/include/mycobot_interfaces/mycobot_interfaces/srv/detail/set_angles__rosidl_typesupport_fastrtps_cpp.hpp
-- Installing: /home/amira/mycobot_ros2/install/mycobot_interfaces/include/mycobot_interfaces/mycobot_interfaces/srv/detail/pump_status__rosidl_typesupport_fastrtps_cpp.hpp
-- Installing: /home/amira/mycobot_ros2/install/mycobot_interfaces/include/mycobot_interfaces/mycobot_interfaces/srv/detail/get_angles__rosidl_typesupport_fastrtps_cpp.hpp
-- Installing: /home/amira/mycobot_ros2/install/mycobot_interfaces/include/mycobot_interfaces/mycobot_interfaces/srv/detail/dds_fastrtps
-- Installing: /home/amira/mycobot_ros2/install/mycobot_interfaces/include/mycobot_interfaces/mycobot_interfaces/srv/detail/gripper_status__rosidl_typesupport_fastrtps_cpp.hpp
-- Installing: /home/amira/mycobot_ros2/install/mycobot_interfaces/lib/libmycobot_interfaces__rosidl_typesupport_fastrtps_cpp.so
-- Set non-toolchain portion of runtime path of "/home/amira/mycobot_ros2/install/mycobot_interfaces/lib/libmycobot_interfaces__rosidl_typesupport_fastrtps_cpp.so" to ""
-- Up-to-date: /home/amira/mycobot_ros2/install/mycobot_interfaces/include/mycobot_interfaces/mycobot_interfaces
-- Up-to-date: /home/amira/mycobot_ros2/install/mycobot_interfaces/include/mycobot_interfaces/mycobot_interfaces/msg
-- Up-to-date: /home/amira/mycobot_ros2/install/mycobot_interfaces/include/mycobot_interfaces/mycobot_interfaces/msg/detail
-- Installing: /home/amira/mycobot_ros2/install/mycobot_interfaces/include/mycobot_interfaces/mycobot_interfaces/msg/detail/mycobot_angles__type_support.cpp
-- Installing: /home/amira/mycobot_ros2/install/mycobot_interfaces/include/mycobot_interfaces/mycobot_interfaces/msg/detail/mycobot_coords__type_support.cpp
-- Installing: /home/amira/mycobot_ros2/install/mycobot_interfaces/include/mycobot_interfaces/mycobot_interfaces/msg/detail/mycobot_set_coords__rosidl_typesupport_introspection_cpp.hpp
-- Installing: /home/amira/mycobot_ros2/install/mycobot_interfaces/include/mycobot_interfaces/mycobot_interfaces/msg/detail/mycobot_gripper_status__type_support.cpp
-- Installing: /home/amira/mycobot_ros2/install/mycobot_interfaces/include/mycobot_interfaces/mycobot_interfaces/msg/detail/mycobot_set_coords__type_support.cpp
-- Installing: /home/amira/mycobot_ros2/install/mycobot_interfaces/include/mycobot_interfaces/mycobot_interfaces/msg/detail/mycobot_angles__rosidl_typesupport_introspection_cpp.hpp
-- Installing: /home/amira/mycobot_ros2/install/mycobot_interfaces/include/mycobot_interfaces/mycobot_interfaces/msg/detail/mycobot_set_angles__type_support.cpp
-- Installing: /home/amira/mycobot_ros2/install/mycobot_interfaces/include/mycobot_interfaces/mycobot_interfaces/msg/detail/mycobot_coords__rosidl_typesupport_introspection_cpp.hpp
-- Installing: /home/amira/mycobot_ros2/install/mycobot_interfaces/include/mycobot_interfaces/mycobot_interfaces/msg/detail/mycobot_pump_status__type_support.cpp
-- Installing: /home/amira/mycobot_ros2/install/mycobot_interfaces/include/mycobot_interfaces/mycobot_interfaces/msg/detail/mycobot_pump_status__rosidl_typesupport_introspection_cpp.hpp
-- Installing: /home/amira/mycobot_ros2/install/mycobot_interfaces/include/mycobot_interfaces/mycobot_interfaces/msg/detail/mycobot_set_angles__rosidl_typesupport_introspection_cpp.hpp
-- Installing: /home/amira/mycobot_ros2/install/mycobot_interfaces/include/mycobot_interfaces/mycobot_interfaces/msg/detail/mycobot_gripper_status__rosidl_typesupport_introspection_cpp.hpp
-- Up-to-date: /home/amira/mycobot_ros2/install/mycobot_interfaces/include/mycobot_interfaces/mycobot_interfaces/srv
-- Up-to-date: /home/amira/mycobot_ros2/install/mycobot_interfaces/include/mycobot_interfaces/mycobot_interfaces/srv/detail
-- Installing: /home/amira/mycobot_ros2/install/mycobot_interfaces/include/mycobot_interfaces/mycobot_interfaces/srv/detail/get_coords__rosidl_typesupport_introspection_cpp.hpp
-- Installing: /home/amira/mycobot_ros2/install/mycobot_interfaces/include/mycobot_interfaces/mycobot_interfaces/srv/detail/set_angles__type_support.cpp
-- Installing: /home/amira/mycobot_ros2/install/mycobot_interfaces/include/mycobot_interfaces/mycobot_interfaces/srv/detail/get_angles__rosidl_typesupport_introspection_cpp.hpp
-- Installing: /home/amira/mycobot_ros2/install/mycobot_interfaces/include/mycobot_interfaces/mycobot_interfaces/srv/detail/set_coords__rosidl_typesupport_introspection_cpp.hpp
-- Installing: /home/amira/mycobot_ros2/install/mycobot_interfaces/include/mycobot_interfaces/mycobot_interfaces/srv/detail/gripper_status__rosidl_typesupport_introspection_cpp.hpp
-- Installing: /home/amira/mycobot_ros2/install/mycobot_interfaces/include/mycobot_interfaces/mycobot_interfaces/srv/detail/get_coords__type_support.cpp
-- Installing: /home/amira/mycobot_ros2/install/mycobot_interfaces/include/mycobot_interfaces/mycobot_interfaces/srv/detail/set_coords__type_support.cpp
-- Installing: /home/amira/mycobot_ros2/install/mycobot_interfaces/include/mycobot_interfaces/mycobot_interfaces/srv/detail/set_angles__rosidl_typesupport_introspection_cpp.hpp
-- Installing: /home/amira/mycobot_ros2/install/mycobot_interfaces/include/mycobot_interfaces/mycobot_interfaces/srv/detail/pump_status__type_support.cpp
-- Installing: /home/amira/mycobot_ros2/install/mycobot_interfaces/include/mycobot_interfaces/mycobot_interfaces/srv/detail/pump_status__rosidl_typesupport_introspection_cpp.hpp
-- Installing: /home/amira/mycobot_ros2/install/mycobot_interfaces/include/mycobot_interfaces/mycobot_interfaces/srv/detail/gripper_status__type_support.cpp
-- Installing: /home/amira/mycobot_ros2/install/mycobot_interfaces/include/mycobot_interfaces/mycobot_interfaces/srv/detail/get_angles__type_support.cpp
-- Installing: /home/amira/mycobot_ros2/install/mycobot_interfaces/lib/libmycobot_interfaces__rosidl_typesupport_introspection_cpp.so
-- Set non-toolchain portion of runtime path of "/home/amira/mycobot_ros2/install/mycobot_interfaces/lib/libmycobot_interfaces__rosidl_typesupport_introspection_cpp.so" to ""
-- Installing: /home/amira/mycobot_ros2/install/mycobot_interfaces/lib/libmycobot_interfaces__rosidl_typesupport_cpp.so
-- Set non-toolchain portion of runtime path of "/home/amira/mycobot_ros2/install/mycobot_interfaces/lib/libmycobot_interfaces__rosidl_typesupport_cpp.so" to ""
-- Installing: /home/amira/mycobot_ros2/install/mycobot_interfaces/share/mycobot_interfaces/environment/pythonpath.sh
-- Installing: /home/amira/mycobot_ros2/install/mycobot_interfaces/share/mycobot_interfaces/environment/pythonpath.dsv
-- Installing: /home/amira/mycobot_ros2/install/mycobot_interfaces/lib/python3.12/site-packages/mycobot_interfaces-0.0.0-py3.12.egg-info
-- Installing: /home/amira/mycobot_ros2/install/mycobot_interfaces/lib/python3.12/site-packages/mycobot_interfaces-0.0.0-py3.12.egg-info/PKG-INFO
-- Installing: /home/amira/mycobot_ros2/install/mycobot_interfaces/lib/python3.12/site-packages/mycobot_interfaces-0.0.0-py3.12.egg-info/dependency_links.txt
-- Installing: /home/amira/mycobot_ros2/install/mycobot_interfaces/lib/python3.12/site-packages/mycobot_interfaces-0.0.0-py3.12.egg-info/SOURCES.txt
-- Installing: /home/amira/mycobot_ros2/install/mycobot_interfaces/lib/python3.12/site-packages/mycobot_interfaces-0.0.0-py3.12.egg-info/top_level.txt
-- Installing: /home/amira/mycobot_ros2/install/mycobot_interfaces/lib/python3.12/site-packages/mycobot_interfaces
-- Installing: /home/amira/mycobot_ros2/install/mycobot_interfaces/lib/python3.12/site-packages/mycobot_interfaces/mycobot_interfaces_s__rosidl_typesupport_c.so
-- Installing: /home/amira/mycobot_ros2/install/mycobot_interfaces/lib/python3.12/site-packages/mycobot_interfaces/mycobot_interfaces_s__rosidl_typesupport_introspection_c.so
-- Installing: /home/amira/mycobot_ros2/install/mycobot_interfaces/lib/python3.12/site-packages/mycobot_interfaces/_mycobot_interfaces_s.ep.rosidl_typesupport_introspection_c.c
-- Installing: /home/amira/mycobot_ros2/install/mycobot_interfaces/lib/python3.12/site-packages/mycobot_interfaces/_mycobot_interfaces_s.ep.rosidl_typesupport_fastrtps_c.c
-- Installing: /home/amira/mycobot_ros2/install/mycobot_interfaces/lib/python3.12/site-packages/mycobot_interfaces/msg
-- Installing: /home/amira/mycobot_ros2/install/mycobot_interfaces/lib/python3.12/site-packages/mycobot_interfaces/msg/_mycobot_coords_s.c
-- Installing: /home/amira/mycobot_ros2/install/mycobot_interfaces/lib/python3.12/site-packages/mycobot_interfaces/msg/_mycobot_set_angles_s.c
-- Installing: /home/amira/mycobot_ros2/install/mycobot_interfaces/lib/python3.12/site-packages/mycobot_interfaces/msg/_mycobot_pump_status_s.c
-- Installing: /home/amira/mycobot_ros2/install/mycobot_interfaces/lib/python3.12/site-packages/mycobot_interfaces/msg/_mycobot_angles_s.c
-- Installing: /home/amira/mycobot_ros2/install/mycobot_interfaces/lib/python3.12/site-packages/mycobot_interfaces/msg/_mycobot_coords.py
-- Installing: /home/amira/mycobot_ros2/install/mycobot_interfaces/lib/python3.12/site-packages/mycobot_interfaces/msg/_mycobot_pump_status.py
-- Installing: /home/amira/mycobot_ros2/install/mycobot_interfaces/lib/python3.12/site-packages/mycobot_interfaces/msg/_mycobot_set_angles.py
-- Installing: /home/amira/mycobot_ros2/install/mycobot_interfaces/lib/python3.12/site-packages/mycobot_interfaces/msg/_mycobot_set_coords.py
-- Installing: /home/amira/mycobot_ros2/install/mycobot_interfaces/lib/python3.12/site-packages/mycobot_interfaces/msg/_mycobot_angles.py
-- Installing: /home/amira/mycobot_ros2/install/mycobot_interfaces/lib/python3.12/site-packages/mycobot_interfaces/msg/_mycobot_gripper_status_s.c
-- Installing: /home/amira/mycobot_ros2/install/mycobot_interfaces/lib/python3.12/site-packages/mycobot_interfaces/msg/_mycobot_set_coords_s.c
-- Installing: /home/amira/mycobot_ros2/install/mycobot_interfaces/lib/python3.12/site-packages/mycobot_interfaces/msg/__init__.py
-- Installing: /home/amira/mycobot_ros2/install/mycobot_interfaces/lib/python3.12/site-packages/mycobot_interfaces/msg/_mycobot_gripper_status.py
-- Installing: /home/amira/mycobot_ros2/install/mycobot_interfaces/lib/python3.12/site-packages/mycobot_interfaces/mycobot_interfaces_s__rosidl_typesupport_fastrtps_c.so
-- Installing: /home/amira/mycobot_ros2/install/mycobot_interfaces/lib/python3.12/site-packages/mycobot_interfaces/srv
-- Installing: /home/amira/mycobot_ros2/install/mycobot_interfaces/lib/python3.12/site-packages/mycobot_interfaces/srv/_gripper_status.py
-- Installing: /home/amira/mycobot_ros2/install/mycobot_interfaces/lib/python3.12/site-packages/mycobot_interfaces/srv/_set_angles_s.c
-- Installing: /home/amira/mycobot_ros2/install/mycobot_interfaces/lib/python3.12/site-packages/mycobot_interfaces/srv/_get_angles.py
-- Installing: /home/amira/mycobot_ros2/install/mycobot_interfaces/lib/python3.12/site-packages/mycobot_interfaces/srv/_get_coords_s.c
-- Installing: /home/amira/mycobot_ros2/install/mycobot_interfaces/lib/python3.12/site-packages/mycobot_interfaces/srv/_set_coords.py
-- Installing: /home/amira/mycobot_ros2/install/mycobot_interfaces/lib/python3.12/site-packages/mycobot_interfaces/srv/_get_angles_s.c
-- Installing: /home/amira/mycobot_ros2/install/mycobot_interfaces/lib/python3.12/site-packages/mycobot_interfaces/srv/_set_angles.py
-- Installing: /home/amira/mycobot_ros2/install/mycobot_interfaces/lib/python3.12/site-packages/mycobot_interfaces/srv/_gripper_status_s.c
-- Installing: /home/amira/mycobot_ros2/install/mycobot_interfaces/lib/python3.12/site-packages/mycobot_interfaces/srv/_pump_status.py
-- Installing: /home/amira/mycobot_ros2/install/mycobot_interfaces/lib/python3.12/site-packages/mycobot_interfaces/srv/_set_coords_s.c
-- Installing: /home/amira/mycobot_ros2/install/mycobot_interfaces/lib/python3.12/site-packages/mycobot_interfaces/srv/_pump_status_s.c
-- Installing: /home/amira/mycobot_ros2/install/mycobot_interfaces/lib/python3.12/site-packages/mycobot_interfaces/srv/__init__.py
-- Installing: /home/amira/mycobot_ros2/install/mycobot_interfaces/lib/python3.12/site-packages/mycobot_interfaces/srv/_get_coords.py
-- Installing: /home/amira/mycobot_ros2/install/mycobot_interfaces/lib/python3.12/site-packages/mycobot_interfaces/_mycobot_interfaces_s.ep.rosidl_typesupport_c.c
-- Installing: /home/amira/mycobot_ros2/install/mycobot_interfaces/lib/python3.12/site-packages/mycobot_interfaces/__init__.py
Listing '/home/amira/mycobot_ros2/install/mycobot_interfaces/lib/python3.12/site-packages/mycobot_interfaces'...
Compiling '/home/amira/mycobot_ros2/install/mycobot_interfaces/lib/python3.12/site-packages/mycobot_interfaces/__init__.py'...
Listing '/home/amira/mycobot_ros2/install/mycobot_interfaces/lib/python3.12/site-packages/mycobot_interfaces/msg'...
Compiling '/home/amira/mycobot_ros2/install/mycobot_interfaces/lib/python3.12/site-packages/mycobot_interfaces/msg/__init__.py'...
Compiling '/home/amira/mycobot_ros2/install/mycobot_interfaces/lib/python3.12/site-packages/mycobot_interfaces/msg/_mycobot_angles.py'...
Compiling '/home/amira/mycobot_ros2/install/mycobot_interfaces/lib/python3.12/site-packages/mycobot_interfaces/msg/_mycobot_coords.py'...
Compiling '/home/amira/mycobot_ros2/install/mycobot_interfaces/lib/python3.12/site-packages/mycobot_interfaces/msg/_mycobot_gripper_status.py'...
Compiling '/home/amira/mycobot_ros2/install/mycobot_interfaces/lib/python3.12/site-packages/mycobot_interfaces/msg/_mycobot_pump_status.py'...
Compiling '/home/amira/mycobot_ros2/install/mycobot_interfaces/lib/python3.12/site-packages/mycobot_interfaces/msg/_mycobot_set_angles.py'...
Compiling '/home/amira/mycobot_ros2/install/mycobot_interfaces/lib/python3.12/site-packages/mycobot_interfaces/msg/_mycobot_set_coords.py'...
Listing '/home/amira/mycobot_ros2/install/mycobot_interfaces/lib/python3.12/site-packages/mycobot_interfaces/srv'...
Compiling '/home/amira/mycobot_ros2/install/mycobot_interfaces/lib/python3.12/site-packages/mycobot_interfaces/srv/__init__.py'...
Compiling '/home/amira/mycobot_ros2/install/mycobot_interfaces/lib/python3.12/site-packages/mycobot_interfaces/srv/_get_angles.py'...
Compiling '/home/amira/mycobot_ros2/install/mycobot_interfaces/lib/python3.12/site-packages/mycobot_interfaces/srv/_get_coords.py'...
Compiling '/home/amira/mycobot_ros2/install/mycobot_interfaces/lib/python3.12/site-packages/mycobot_interfaces/srv/_gripper_status.py'...
Compiling '/home/amira/mycobot_ros2/install/mycobot_interfaces/lib/python3.12/site-packages/mycobot_interfaces/srv/_pump_status.py'...
Compiling '/home/amira/mycobot_ros2/install/mycobot_interfaces/lib/python3.12/site-packages/mycobot_interfaces/srv/_set_angles.py'...
Compiling '/home/amira/mycobot_ros2/install/mycobot_interfaces/lib/python3.12/site-packages/mycobot_interfaces/srv/_set_coords.py'...
-- Installing: /home/amira/mycobot_ros2/install/mycobot_interfaces/lib/python3.12/site-packages/mycobot_interfaces/mycobot_interfaces_s__rosidl_typesupport_fastrtps_c.so
-- Set non-toolchain portion of runtime path of "/home/amira/mycobot_ros2/install/mycobot_interfaces/lib/python3.12/site-packages/mycobot_interfaces/mycobot_interfaces_s__rosidl_typesupport_fastrtps_c.so" to ""
-- Installing: /home/amira/mycobot_ros2/install/mycobot_interfaces/lib/python3.12/site-packages/mycobot_interfaces/mycobot_interfaces_s__rosidl_typesupport_introspection_c.so
-- Set non-toolchain portion of runtime path of "/home/amira/mycobot_ros2/install/mycobot_interfaces/lib/python3.12/site-packages/mycobot_interfaces/mycobot_interfaces_s__rosidl_typesupport_introspection_c.so" to ""
-- Installing: /home/amira/mycobot_ros2/install/mycobot_interfaces/lib/python3.12/site-packages/mycobot_interfaces/mycobot_interfaces_s__rosidl_typesupport_c.so
-- Set non-toolchain portion of runtime path of "/home/amira/mycobot_ros2/install/mycobot_interfaces/lib/python3.12/site-packages/mycobot_interfaces/mycobot_interfaces_s__rosidl_typesupport_c.so" to ""
-- Installing: /home/amira/mycobot_ros2/install/mycobot_interfaces/lib/libmycobot_interfaces__rosidl_generator_py.so
-- Set non-toolchain portion of runtime path of "/home/amira/mycobot_ros2/install/mycobot_interfaces/lib/libmycobot_interfaces__rosidl_generator_py.so" to ""
-- Installing: /home/amira/mycobot_ros2/install/mycobot_interfaces/share/ament_index/resource_index/rust_packages/mycobot_interfaces
-- Installing: /home/amira/mycobot_ros2/install/mycobot_interfaces/share/mycobot_interfaces/rust
-- Installing: /home/amira/mycobot_ros2/install/mycobot_interfaces/share/mycobot_interfaces/rust/Cargo.toml
-- Installing: /home/amira/mycobot_ros2/install/mycobot_interfaces/share/mycobot_interfaces/rust/src
-- Installing: /home/amira/mycobot_ros2/install/mycobot_interfaces/share/mycobot_interfaces/rust/src/msg.rs
-- Installing: /home/amira/mycobot_ros2/install/mycobot_interfaces/share/mycobot_interfaces/rust/src/lib.rs
-- Installing: /home/amira/mycobot_ros2/install/mycobot_interfaces/share/mycobot_interfaces/rust/src/msg
-- Installing: /home/amira/mycobot_ros2/install/mycobot_interfaces/share/mycobot_interfaces/rust/src/msg/rmw.rs
-- Installing: /home/amira/mycobot_ros2/install/mycobot_interfaces/share/mycobot_interfaces/rust/src/srv
-- Installing: /home/amira/mycobot_ros2/install/mycobot_interfaces/share/mycobot_interfaces/rust/src/srv/rmw.rs
-- Installing: /home/amira/mycobot_ros2/install/mycobot_interfaces/share/mycobot_interfaces/rust/src/srv.rs
-- Installing: /home/amira/mycobot_ros2/install/mycobot_interfaces/share/mycobot_interfaces/rust/build.rs
-- Installing: /home/amira/mycobot_ros2/install/mycobot_interfaces/share/mycobot_interfaces/msg/MycobotAngles.idl
-- Installing: /home/amira/mycobot_ros2/install/mycobot_interfaces/share/mycobot_interfaces/msg/MycobotCoords.idl
-- Installing: /home/amira/mycobot_ros2/install/mycobot_interfaces/share/mycobot_interfaces/msg/MycobotSetAngles.idl
-- Installing: /home/amira/mycobot_ros2/install/mycobot_interfaces/share/mycobot_interfaces/msg/MycobotSetCoords.idl
-- Installing: /home/amira/mycobot_ros2/install/mycobot_interfaces/share/mycobot_interfaces/msg/MycobotGripperStatus.idl
-- Installing: /home/amira/mycobot_ros2/install/mycobot_interfaces/share/mycobot_interfaces/msg/MycobotPumpStatus.idl
-- Installing: /home/amira/mycobot_ros2/install/mycobot_interfaces/share/mycobot_interfaces/srv/GetAngles.idl
-- Installing: /home/amira/mycobot_ros2/install/mycobot_interfaces/share/mycobot_interfaces/srv/SetAngles.idl
-- Installing: /home/amira/mycobot_ros2/install/mycobot_interfaces/share/mycobot_interfaces/srv/GetCoords.idl
-- Installing: /home/amira/mycobot_ros2/install/mycobot_interfaces/share/mycobot_interfaces/srv/SetCoords.idl
-- Installing: /home/amira/mycobot_ros2/install/mycobot_interfaces/share/mycobot_interfaces/srv/GripperStatus.idl
-- Installing: /home/amira/mycobot_ros2/install/mycobot_interfaces/share/mycobot_interfaces/srv/PumpStatus.idl
-- Installing: /home/amira/mycobot_ros2/install/mycobot_interfaces/share/mycobot_interfaces/msg/MycobotAngles.msg
-- Installing: /home/amira/mycobot_ros2/install/mycobot_interfaces/share/mycobot_interfaces/msg/MycobotCoords.msg
-- Installing: /home/amira/mycobot_ros2/install/mycobot_interfaces/share/mycobot_interfaces/msg/MycobotSetAngles.msg
-- Installing: /home/amira/mycobot_ros2/install/mycobot_interfaces/share/mycobot_interfaces/msg/MycobotSetCoords.msg
-- Installing: /home/amira/mycobot_ros2/install/mycobot_interfaces/share/mycobot_interfaces/msg/MycobotGripperStatus.msg
-- Installing: /home/amira/mycobot_ros2/install/mycobot_interfaces/share/mycobot_interfaces/msg/MycobotPumpStatus.msg
-- Installing: /home/amira/mycobot_ros2/install/mycobot_interfaces/share/mycobot_interfaces/srv/GetAngles.srv
-- Installing: /home/amira/mycobot_ros2/install/mycobot_interfaces/share/mycobot_interfaces/srv/SetAngles.srv
-- Installing: /home/amira/mycobot_ros2/install/mycobot_interfaces/share/mycobot_interfaces/srv/GetCoords.srv
-- Installing: /home/amira/mycobot_ros2/install/mycobot_interfaces/share/mycobot_interfaces/srv/SetCoords.srv
-- Installing: /home/amira/mycobot_ros2/install/mycobot_interfaces/share/mycobot_interfaces/srv/GripperStatus.srv
-- Installing: /home/amira/mycobot_ros2/install/mycobot_interfaces/share/mycobot_interfaces/srv/PumpStatus.srv
-- Installing: /home/amira/mycobot_ros2/install/mycobot_interfaces/share/ament_index/resource_index/package_run_dependencies/mycobot_interfaces
-- Installing: /home/amira/mycobot_ros2/install/mycobot_interfaces/share/ament_index/resource_index/parent_prefix_path/mycobot_interfaces
-- Installing: /home/amira/mycobot_ros2/install/mycobot_interfaces/share/mycobot_interfaces/environment/ament_prefix_path.sh
-- Installing: /home/amira/mycobot_ros2/install/mycobot_interfaces/share/mycobot_interfaces/environment/ament_prefix_path.dsv
-- Installing: /home/amira/mycobot_ros2/install/mycobot_interfaces/share/mycobot_interfaces/environment/path.sh
-- Installing: /home/amira/mycobot_ros2/install/mycobot_interfaces/share/mycobot_interfaces/environment/path.dsv
-- Installing: /home/amira/mycobot_ros2/install/mycobot_interfaces/share/mycobot_interfaces/local_setup.bash
-- Installing: /home/amira/mycobot_ros2/install/mycobot_interfaces/share/mycobot_interfaces/local_setup.sh
-- Installing: /home/amira/mycobot_ros2/install/mycobot_interfaces/share/mycobot_interfaces/local_setup.zsh
-- Installing: /home/amira/mycobot_ros2/install/mycobot_interfaces/share/mycobot_interfaces/local_setup.dsv
-- Installing: /home/amira/mycobot_ros2/install/mycobot_interfaces/share/mycobot_interfaces/package.dsv
-- Installing: /home/amira/mycobot_ros2/install/mycobot_interfaces/share/ament_index/resource_index/packages/mycobot_interfaces
-- Installing: /home/amira/mycobot_ros2/install/mycobot_interfaces/share/mycobot_interfaces/cmake/export_mycobot_interfaces__rosidl_generator_cExport.cmake
-- Installing: /home/amira/mycobot_ros2/install/mycobot_interfaces/share/mycobot_interfaces/cmake/export_mycobot_interfaces__rosidl_generator_cExport-noconfig.cmake
-- Installing: /home/amira/mycobot_ros2/install/mycobot_interfaces/share/mycobot_interfaces/cmake/export_mycobot_interfaces__rosidl_typesupport_fastrtps_cExport.cmake
-- Installing: /home/amira/mycobot_ros2/install/mycobot_interfaces/share/mycobot_interfaces/cmake/export_mycobot_interfaces__rosidl_typesupport_fastrtps_cExport-noconfig.cmake
-- Installing: /home/amira/mycobot_ros2/install/mycobot_interfaces/share/mycobot_interfaces/cmake/mycobot_interfaces__rosidl_typesupport_introspection_cExport.cmake
-- Installing: /home/amira/mycobot_ros2/install/mycobot_interfaces/share/mycobot_interfaces/cmake/mycobot_interfaces__rosidl_typesupport_introspection_cExport-noconfig.cmake
-- Installing: /home/amira/mycobot_ros2/install/mycobot_interfaces/share/mycobot_interfaces/cmake/mycobot_interfaces__rosidl_typesupport_cExport.cmake
-- Installing: /home/amira/mycobot_ros2/install/mycobot_interfaces/share/mycobot_interfaces/cmake/mycobot_interfaces__rosidl_typesupport_cExport-noconfig.cmake
-- Installing: /home/amira/mycobot_ros2/install/mycobot_interfaces/share/mycobot_interfaces/cmake/export_mycobot_interfaces__rosidl_generator_cppExport.cmake
-- Installing: /home/amira/mycobot_ros2/install/mycobot_interfaces/share/mycobot_interfaces/cmake/export_mycobot_interfaces__rosidl_typesupport_fastrtps_cppExport.cmake
-- Installing: /home/amira/mycobot_ros2/install/mycobot_interfaces/share/mycobot_interfaces/cmake/export_mycobot_interfaces__rosidl_typesupport_fastrtps_cppExport-noconfig.cmake
-- Installing: /home/amira/mycobot_ros2/install/mycobot_interfaces/share/mycobot_interfaces/cmake/mycobot_interfaces__rosidl_typesupport_introspection_cppExport.cmake
-- Installing: /home/amira/mycobot_ros2/install/mycobot_interfaces/share/mycobot_interfaces/cmake/mycobot_interfaces__rosidl_typesupport_introspection_cppExport-noconfig.cmake
-- Installing: /home/amira/mycobot_ros2/install/mycobot_interfaces/share/mycobot_interfaces/cmake/mycobot_interfaces__rosidl_typesupport_cppExport.cmake
-- Installing: /home/amira/mycobot_ros2/install/mycobot_interfaces/share/mycobot_interfaces/cmake/mycobot_interfaces__rosidl_typesupport_cppExport-noconfig.cmake
-- Installing: /home/amira/mycobot_ros2/install/mycobot_interfaces/share/mycobot_interfaces/cmake/export_mycobot_interfaces__rosidl_generator_pyExport.cmake
-- Installing: /home/amira/mycobot_ros2/install/mycobot_interfaces/share/mycobot_interfaces/cmake/export_mycobot_interfaces__rosidl_generator_pyExport-noconfig.cmake
-- Installing: /home/amira/mycobot_ros2/install/mycobot_interfaces/share/mycobot_interfaces/cmake/rosidl_cmake-extras.cmake
-- Installing: /home/amira/mycobot_ros2/install/mycobot_interfaces/share/mycobot_interfaces/cmake/ament_cmake_export_dependencies-extras.cmake
-- Installing: /home/amira/mycobot_ros2/install/mycobot_interfaces/share/mycobot_interfaces/cmake/ament_cmake_export_include_directories-extras.cmake
-- Installing: /home/amira/mycobot_ros2/install/mycobot_interfaces/share/mycobot_interfaces/cmake/ament_cmake_export_libraries-extras.cmake
-- Installing: /home/amira/mycobot_ros2/install/mycobot_interfaces/share/mycobot_interfaces/cmake/ament_cmake_export_targets-extras.cmake
-- Installing: /home/amira/mycobot_ros2/install/mycobot_interfaces/share/mycobot_interfaces/cmake/rosidl_cmake_export_typesupport_targets-extras.cmake
-- Installing: /home/amira/mycobot_ros2/install/mycobot_interfaces/share/mycobot_interfaces/cmake/rosidl_cmake_export_typesupport_libraries-extras.cmake
-- Installing: /home/amira/mycobot_ros2/install/mycobot_interfaces/share/mycobot_interfaces/cmake/mycobot_interfacesConfig.cmake
-- Installing: /home/amira/mycobot_ros2/install/mycobot_interfaces/share/mycobot_interfaces/cmake/mycobot_interfacesConfig-version.cmake
-- Installing: /home/amira/mycobot_ros2/install/mycobot_interfaces/share/mycobot_interfaces/package.xml
